[0.050s] Invoking command in '/home/hasan-fashtouk/ur_ws/src/build/robotiq_controllers': CMAKE_PREFIX_PATH=${CMAKE_PREFIX_PATH}:/opt/ros/jazzy DEBUGINFOD_URLS=https://debuginfod.ubuntu.com /usr/bin/cmake --build /home/hasan-fashtouk/ur_ws/src/build/robotiq_controllers -- -j4 -l4
[0.247s] [100%] Built target robotiq_controllers
[0.259s] Invoked command in '/home/hasan-fashtouk/ur_ws/src/build/robotiq_controllers' returned '0': CMAKE_PREFIX_PATH=${CMAKE_PREFIX_PATH}:/opt/ros/jazzy DEBUGINFOD_URLS=https://debuginfod.ubuntu.com /usr/bin/cmake --build /home/hasan-fashtouk/ur_ws/src/build/robotiq_controllers -- -j4 -l4
[0.262s] Invoking command in '/home/hasan-fashtouk/ur_ws/src/build/robotiq_controllers': CMAKE_PREFIX_PATH=${CMAKE_PREFIX_PATH}:/opt/ros/jazzy DEBUGINFOD_URLS=https://debuginfod.ubuntu.com /usr/bin/cmake --install /home/hasan-fashtouk/ur_ws/src/build/robotiq_controllers
[0.285s] -- Install configuration: ""
[0.285s] -- Up-to-date: /home/hasan-fashtouk/ur_ws/src/install/robotiq_controllers/share/robotiq_controllers/controller_plugins.xml
[0.360s] -- Up-to-date: /home/hasan-fashtouk/ur_ws/src/install/robotiq_controllers/lib/librobotiq_controllers.so
[0.361s] -- Up-to-date: /home/hasan-fashtouk/ur_ws/src/install/robotiq_controllers/include
[0.361s] -- Up-to-date: /home/hasan-fashtouk/ur_ws/src/install/robotiq_controllers/include/robotiq_controllers
[0.361s] -- Up-to-date: /home/hasan-fashtouk/ur_ws/src/install/robotiq_controllers/include/robotiq_controllers/robotiq_activation_controller.hpp
[0.361s] -- Up-to-date: /home/hasan-fashtouk/ur_ws/src/install/robotiq_controllers/share/robotiq_controllers/environment/library_path.sh
[0.362s] -- Up-to-date: /home/hasan-fashtouk/ur_ws/src/install/robotiq_controllers/share/robotiq_controllers/environment/library_path.dsv
[0.362s] -- Up-to-date: /home/hasan-fashtouk/ur_ws/src/install/robotiq_controllers/share/ament_index/resource_index/package_run_dependencies/robotiq_controllers
[0.362s] -- Up-to-date: /home/hasan-fashtouk/ur_ws/src/install/robotiq_controllers/share/ament_index/resource_index/parent_prefix_path/robotiq_controllers
[0.362s] -- Up-to-date: /home/hasan-fashtouk/ur_ws/src/install/robotiq_controllers/share/robotiq_controllers/environment/ament_prefix_path.sh
[0.363s] -- Up-to-date: /home/hasan-fashtouk/ur_ws/src/install/robotiq_controllers/share/robotiq_controllers/environment/ament_prefix_path.dsv
[0.363s] -- Up-to-date: /home/hasan-fashtouk/ur_ws/src/install/robotiq_controllers/share/robotiq_controllers/environment/path.sh
[0.363s] -- Up-to-date: /home/hasan-fashtouk/ur_ws/src/install/robotiq_controllers/share/robotiq_controllers/environment/path.dsv
[0.363s] -- Up-to-date: /home/hasan-fashtouk/ur_ws/src/install/robotiq_controllers/share/robotiq_controllers/local_setup.bash
[0.364s] -- Up-to-date: /home/hasan-fashtouk/ur_ws/src/install/robotiq_controllers/share/robotiq_controllers/local_setup.sh
[0.364s] -- Up-to-date: /home/hasan-fashtouk/ur_ws/src/install/robotiq_controllers/share/robotiq_controllers/local_setup.zsh
[0.364s] -- Up-to-date: /home/hasan-fashtouk/ur_ws/src/install/robotiq_controllers/share/robotiq_controllers/local_setup.dsv
[0.373s] -- Installing: /home/hasan-fashtouk/ur_ws/src/install/robotiq_controllers/share/robotiq_controllers/package.dsv
[0.373s] -- Up-to-date: /home/hasan-fashtouk/ur_ws/src/install/robotiq_controllers/share/ament_index/resource_index/packages/robotiq_controllers
[0.373s] -- Up-to-date: /home/hasan-fashtouk/ur_ws/src/install/robotiq_controllers/share/ament_index/resource_index/controller_interface__pluginlib__plugin/robotiq_controllers
[0.373s] -- Up-to-date: /home/hasan-fashtouk/ur_ws/src/install/robotiq_controllers/share/robotiq_controllers/cmake/export_robotiq_controllersExport.cmake
[0.373s] -- Up-to-date: /home/hasan-fashtouk/ur_ws/src/install/robotiq_controllers/share/robotiq_controllers/cmake/export_robotiq_controllersExport-noconfig.cmake
[0.373s] -- Up-to-date: /home/hasan-fashtouk/ur_ws/src/install/robotiq_controllers/share/robotiq_controllers/cmake/ament_cmake_export_include_directories-extras.cmake
[0.373s] -- Up-to-date: /home/hasan-fashtouk/ur_ws/src/install/robotiq_controllers/share/robotiq_controllers/cmake/ament_cmake_export_libraries-extras.cmake
[0.374s] -- Up-to-date: /home/hasan-fashtouk/ur_ws/src/install/robotiq_controllers/share/robotiq_controllers/cmake/ament_cmake_export_targets-extras.cmake
[0.375s] -- Up-to-date: /home/hasan-fashtouk/ur_ws/src/install/robotiq_controllers/share/robotiq_controllers/cmake/ament_cmake_export_dependencies-extras.cmake
[0.375s] -- Up-to-date: /home/hasan-fashtouk/ur_ws/src/install/robotiq_controllers/share/robotiq_controllers/cmake/robotiq_controllersConfig.cmake
[0.375s] -- Up-to-date: /home/hasan-fashtouk/ur_ws/src/install/robotiq_controllers/share/robotiq_controllers/cmake/robotiq_controllersConfig-version.cmake
[0.375s] -- Up-to-date: /home/hasan-fashtouk/ur_ws/src/install/robotiq_controllers/share/robotiq_controllers/package.xml
[0.400s] Invoked command in '/home/hasan-fashtouk/ur_ws/src/build/robotiq_controllers' returned '0': CMAKE_PREFIX_PATH=${CMAKE_PREFIX_PATH}:/opt/ros/jazzy DEBUGINFOD_URLS=https://debuginfod.ubuntu.com /usr/bin/cmake --install /home/hasan-fashtouk/ur_ws/src/build/robotiq_controllers
