[0.035s] Invoking command in '/home/hasan-fashtouk/ur_ws/src/build/robotiq_controllers': CMAKE_PREFIX_PATH=${CMAKE_PREFIX_PATH}:/opt/ros/jazzy DEBUGINFOD_URLS=https://debuginfod.ubuntu.com /usr/bin/cmake --build /home/hasan-fashtouk/ur_ws/src/build/robotiq_controllers -- -j4 -l4
[0.415s] [100%] Built target robotiq_controllers
[0.417s] Invoked command in '/home/hasan-fashtouk/ur_ws/src/build/robotiq_controllers' returned '0': CMAKE_PREFIX_PATH=${CMAKE_PREFIX_PATH}:/opt/ros/jazzy DEBUGINFOD_URLS=https://debuginfod.ubuntu.com /usr/bin/cmake --build /home/hasan-fashtouk/ur_ws/src/build/robotiq_controllers -- -j4 -l4
[0.419s] Invoking command in '/home/hasan-fashtouk/ur_ws/src/build/robotiq_controllers': CMAKE_PREFIX_PATH=${CMAKE_PREFIX_PATH}:/opt/ros/jazzy DEBUGINFOD_URLS=https://debuginfod.ubuntu.com /usr/bin/cmake --install /home/hasan-fashtouk/ur_ws/src/build/robotiq_controllers
[0.424s] -- Install configuration: ""
[0.424s] -- Up-to-date: /home/hasan-fashtouk/ur_ws/src/install/robotiq_controllers/share/robotiq_controllers/controller_plugins.xml
[0.425s] -- Up-to-date: /home/hasan-fashtouk/ur_ws/src/install/robotiq_controllers/lib/librobotiq_controllers.so
[0.425s] -- Up-to-date: /home/hasan-fashtouk/ur_ws/src/install/robotiq_controllers/include
[0.426s] -- Up-to-date: /home/hasan-fashtouk/ur_ws/src/install/robotiq_controllers/include/robotiq_controllers
[0.426s] -- Up-to-date: /home/hasan-fashtouk/ur_ws/src/install/robotiq_controllers/include/robotiq_controllers/robotiq_activation_controller.hpp
[0.426s] -- Up-to-date: /home/hasan-fashtouk/ur_ws/src/install/robotiq_controllers/share/robotiq_controllers/environment/library_path.sh
[0.427s] -- Up-to-date: /home/hasan-fashtouk/ur_ws/src/install/robotiq_controllers/share/robotiq_controllers/environment/library_path.dsv
[0.427s] -- Up-to-date: /home/hasan-fashtouk/ur_ws/src/install/robotiq_controllers/share/ament_index/resource_index/package_run_dependencies/robotiq_controllers
[0.427s] -- Up-to-date: /home/hasan-fashtouk/ur_ws/src/install/robotiq_controllers/share/ament_index/resource_index/parent_prefix_path/robotiq_controllers
[0.427s] -- Up-to-date: /home/hasan-fashtouk/ur_ws/src/install/robotiq_controllers/share/robotiq_controllers/environment/ament_prefix_path.sh
[0.428s] -- Up-to-date: /home/hasan-fashtouk/ur_ws/src/install/robotiq_controllers/share/robotiq_controllers/environment/ament_prefix_path.dsv
[0.428s] -- Up-to-date: /home/hasan-fashtouk/ur_ws/src/install/robotiq_controllers/share/robotiq_controllers/environment/path.sh
[0.431s] -- Up-to-date: /home/hasan-fashtouk/ur_ws/src/install/robotiq_controllers/share/robotiq_controllers/environment/path.dsv
[0.432s] -- Up-to-date: /home/hasan-fashtouk/ur_ws/src/install/robotiq_controllers/share/robotiq_controllers/local_setup.bash
[0.432s] -- Up-to-date: /home/hasan-fashtouk/ur_ws/src/install/robotiq_controllers/share/robotiq_controllers/local_setup.sh
[0.432s] -- Up-to-date: /home/hasan-fashtouk/ur_ws/src/install/robotiq_controllers/share/robotiq_controllers/local_setup.zsh
[0.434s] -- Up-to-date: /home/hasan-fashtouk/ur_ws/src/install/robotiq_controllers/share/robotiq_controllers/local_setup.dsv
[0.435s] -- Installing: /home/hasan-fashtouk/ur_ws/src/install/robotiq_controllers/share/robotiq_controllers/package.dsv
[0.437s] -- Up-to-date: /home/hasan-fashtouk/ur_ws/src/install/robotiq_controllers/share/ament_index/resource_index/packages/robotiq_controllers
[0.437s] -- Up-to-date: /home/hasan-fashtouk/ur_ws/src/install/robotiq_controllers/share/ament_index/resource_index/controller_interface__pluginlib__plugin/robotiq_controllers
[0.437s] -- Up-to-date: /home/hasan-fashtouk/ur_ws/src/install/robotiq_controllers/share/robotiq_controllers/cmake/export_robotiq_controllersExport.cmake
[0.438s] -- Up-to-date: /home/hasan-fashtouk/ur_ws/src/install/robotiq_controllers/share/robotiq_controllers/cmake/export_robotiq_controllersExport-noconfig.cmake
[0.438s] -- Up-to-date: /home/hasan-fashtouk/ur_ws/src/install/robotiq_controllers/share/robotiq_controllers/cmake/ament_cmake_export_include_directories-extras.cmake
[0.439s] -- Up-to-date: /home/hasan-fashtouk/ur_ws/src/install/robotiq_controllers/share/robotiq_controllers/cmake/ament_cmake_export_libraries-extras.cmake
[0.440s] -- Up-to-date: /home/hasan-fashtouk/ur_ws/src/install/robotiq_controllers/share/robotiq_controllers/cmake/ament_cmake_export_targets-extras.cmake
[0.440s] -- Up-to-date: /home/hasan-fashtouk/ur_ws/src/install/robotiq_controllers/share/robotiq_controllers/cmake/ament_cmake_export_dependencies-extras.cmake
[0.440s] -- Up-to-date: /home/hasan-fashtouk/ur_ws/src/install/robotiq_controllers/share/robotiq_controllers/cmake/robotiq_controllersConfig.cmake
[0.440s] -- Up-to-date: /home/hasan-fashtouk/ur_ws/src/install/robotiq_controllers/share/robotiq_controllers/cmake/robotiq_controllersConfig-version.cmake
[0.440s] -- Up-to-date: /home/hasan-fashtouk/ur_ws/src/install/robotiq_controllers/share/robotiq_controllers/package.xml
[0.448s] Invoked command in '/home/hasan-fashtouk/ur_ws/src/build/robotiq_controllers' returned '0': CMAKE_PREFIX_PATH=${CMAKE_PREFIX_PATH}:/opt/ros/jazzy DEBUGINFOD_URLS=https://debuginfod.ubuntu.com /usr/bin/cmake --install /home/hasan-fashtouk/ur_ws/src/build/robotiq_controllers
