[0.017s] Invoking command in '/home/hasan-fashtouk/ur_ws/src/build/ur_moveit_config': AMENT_PREFIX_PATH=/home/hasan-fashtouk/ur_ws/src/install/ur5e_description:/home/hasan-fashtouk/ur_ws/src/install/ur_description:${AMENT_PREFIX_PATH} CMAKE_PREFIX_PATH=/home/hasan-fashtouk/ur_ws/src/install/ur5e_description:/home/hasan-fashtouk/ur_ws/src/install/ur_description:/opt/ros/jazzy/opt/gz_sim_vendor:/opt/ros/jazzy/opt/gz_sensors_vendor:/opt/ros/jazzy/opt/gz_physics_vendor:/opt/ros/jazzy/opt/sdformat_vendor:/opt/ros/jazzy/opt/gz_gui_vendor:/opt/ros/jazzy/opt/gz_transport_vendor:/opt/ros/jazzy/opt/gz_rendering_vendor:/opt/ros/jazzy/opt/gz_plugin_vendor:/opt/ros/jazzy/opt/gz_fuel_tools_vendor:/opt/ros/jazzy/opt/gz_msgs_vendor:/opt/ros/jazzy/opt/gz_common_vendor:/opt/ros/jazzy/opt/gz_math_vendor:/opt/ros/jazzy/opt/gz_utils_vendor:/opt/ros/jazzy/opt/gz_tools_vendor:/opt/ros/jazzy/opt/gz_ogre_next_vendor:/opt/ros/jazzy/opt/gz_dartsim_vendor:/opt/ros/jazzy/opt/gz_cmake_vendor:/opt/ros/jazzy DEBUGINFOD_URLS=https://debuginfod.ubuntu.com /usr/bin/cmake /home/hasan-fashtouk/ur_ws/src/ur_moveit_config -DCMAKE_INSTALL_PREFIX=/home/hasan-fashtouk/ur_ws/src/install/ur_moveit_config
[0.114s] -- The C compiler identification is GNU 13.3.0
[0.212s] -- The CXX compiler identification is GNU 13.3.0
[0.234s] -- Detecting C compiler ABI info
[0.376s] -- Detecting C compiler ABI info - done
[0.392s] -- Check for working C compiler: /usr/bin/cc - skipped
[0.392s] -- Detecting C compile features
[0.393s] -- Detecting C compile features - done
[0.407s] -- Detecting CXX compiler ABI info
[0.556s] -- Detecting CXX compiler ABI info - done
[0.575s] -- Check for working CXX compiler: /usr/bin/c++ - skipped
[0.575s] -- Detecting CXX compile features
[0.576s] -- Detecting CXX compile features - done
[0.584s] -- Found ament_cmake: 2.5.4 (/opt/ros/jazzy/share/ament_cmake/cmake)
[0.828s] -- Found Python3: /usr/bin/python3 (found version "3.12.3") found components: Interpreter 
[1.156s] -- Configuring done (1.1s)
[1.162s] -- Generating done (0.0s)
[1.166s] -- Build files have been written to: /home/hasan-fashtouk/ur_ws/src/build/ur_moveit_config
[1.175s] Invoked command in '/home/hasan-fashtouk/ur_ws/src/build/ur_moveit_config' returned '0': AMENT_PREFIX_PATH=/home/hasan-fashtouk/ur_ws/src/install/ur5e_description:/home/hasan-fashtouk/ur_ws/src/install/ur_description:${AMENT_PREFIX_PATH} CMAKE_PREFIX_PATH=/home/hasan-fashtouk/ur_ws/src/install/ur5e_description:/home/hasan-fashtouk/ur_ws/src/install/ur_description:/opt/ros/jazzy/opt/gz_sim_vendor:/opt/ros/jazzy/opt/gz_sensors_vendor:/opt/ros/jazzy/opt/gz_physics_vendor:/opt/ros/jazzy/opt/sdformat_vendor:/opt/ros/jazzy/opt/gz_gui_vendor:/opt/ros/jazzy/opt/gz_transport_vendor:/opt/ros/jazzy/opt/gz_rendering_vendor:/opt/ros/jazzy/opt/gz_plugin_vendor:/opt/ros/jazzy/opt/gz_fuel_tools_vendor:/opt/ros/jazzy/opt/gz_msgs_vendor:/opt/ros/jazzy/opt/gz_common_vendor:/opt/ros/jazzy/opt/gz_math_vendor:/opt/ros/jazzy/opt/gz_utils_vendor:/opt/ros/jazzy/opt/gz_tools_vendor:/opt/ros/jazzy/opt/gz_ogre_next_vendor:/opt/ros/jazzy/opt/gz_dartsim_vendor:/opt/ros/jazzy/opt/gz_cmake_vendor:/opt/ros/jazzy DEBUGINFOD_URLS=https://debuginfod.ubuntu.com /usr/bin/cmake /home/hasan-fashtouk/ur_ws/src/ur_moveit_config -DCMAKE_INSTALL_PREFIX=/home/hasan-fashtouk/ur_ws/src/install/ur_moveit_config
[1.176s] Invoking command in '/home/hasan-fashtouk/ur_ws/src/build/ur_moveit_config': AMENT_PREFIX_PATH=/home/hasan-fashtouk/ur_ws/src/install/ur5e_description:/home/hasan-fashtouk/ur_ws/src/install/ur_description:${AMENT_PREFIX_PATH} CMAKE_PREFIX_PATH=/home/hasan-fashtouk/ur_ws/src/install/ur5e_description:/home/hasan-fashtouk/ur_ws/src/install/ur_description:/opt/ros/jazzy/opt/gz_sim_vendor:/opt/ros/jazzy/opt/gz_sensors_vendor:/opt/ros/jazzy/opt/gz_physics_vendor:/opt/ros/jazzy/opt/sdformat_vendor:/opt/ros/jazzy/opt/gz_gui_vendor:/opt/ros/jazzy/opt/gz_transport_vendor:/opt/ros/jazzy/opt/gz_rendering_vendor:/opt/ros/jazzy/opt/gz_plugin_vendor:/opt/ros/jazzy/opt/gz_fuel_tools_vendor:/opt/ros/jazzy/opt/gz_msgs_vendor:/opt/ros/jazzy/opt/gz_common_vendor:/opt/ros/jazzy/opt/gz_math_vendor:/opt/ros/jazzy/opt/gz_utils_vendor:/opt/ros/jazzy/opt/gz_tools_vendor:/opt/ros/jazzy/opt/gz_ogre_next_vendor:/opt/ros/jazzy/opt/gz_dartsim_vendor:/opt/ros/jazzy/opt/gz_cmake_vendor:/opt/ros/jazzy DEBUGINFOD_URLS=https://debuginfod.ubuntu.com /usr/bin/cmake --build /home/hasan-fashtouk/ur_ws/src/build/ur_moveit_config -- -j4 -l4
[1.229s] Invoked command in '/home/hasan-fashtouk/ur_ws/src/build/ur_moveit_config' returned '0': AMENT_PREFIX_PATH=/home/hasan-fashtouk/ur_ws/src/install/ur5e_description:/home/hasan-fashtouk/ur_ws/src/install/ur_description:${AMENT_PREFIX_PATH} CMAKE_PREFIX_PATH=/home/hasan-fashtouk/ur_ws/src/install/ur5e_description:/home/hasan-fashtouk/ur_ws/src/install/ur_description:/opt/ros/jazzy/opt/gz_sim_vendor:/opt/ros/jazzy/opt/gz_sensors_vendor:/opt/ros/jazzy/opt/gz_physics_vendor:/opt/ros/jazzy/opt/sdformat_vendor:/opt/ros/jazzy/opt/gz_gui_vendor:/opt/ros/jazzy/opt/gz_transport_vendor:/opt/ros/jazzy/opt/gz_rendering_vendor:/opt/ros/jazzy/opt/gz_plugin_vendor:/opt/ros/jazzy/opt/gz_fuel_tools_vendor:/opt/ros/jazzy/opt/gz_msgs_vendor:/opt/ros/jazzy/opt/gz_common_vendor:/opt/ros/jazzy/opt/gz_math_vendor:/opt/ros/jazzy/opt/gz_utils_vendor:/opt/ros/jazzy/opt/gz_tools_vendor:/opt/ros/jazzy/opt/gz_ogre_next_vendor:/opt/ros/jazzy/opt/gz_dartsim_vendor:/opt/ros/jazzy/opt/gz_cmake_vendor:/opt/ros/jazzy DEBUGINFOD_URLS=https://debuginfod.ubuntu.com /usr/bin/cmake --build /home/hasan-fashtouk/ur_ws/src/build/ur_moveit_config -- -j4 -l4
[1.231s] Invoking command in '/home/hasan-fashtouk/ur_ws/src/build/ur_moveit_config': AMENT_PREFIX_PATH=/home/hasan-fashtouk/ur_ws/src/install/ur5e_description:/home/hasan-fashtouk/ur_ws/src/install/ur_description:${AMENT_PREFIX_PATH} CMAKE_PREFIX_PATH=/home/hasan-fashtouk/ur_ws/src/install/ur5e_description:/home/hasan-fashtouk/ur_ws/src/install/ur_description:/opt/ros/jazzy/opt/gz_sim_vendor:/opt/ros/jazzy/opt/gz_sensors_vendor:/opt/ros/jazzy/opt/gz_physics_vendor:/opt/ros/jazzy/opt/sdformat_vendor:/opt/ros/jazzy/opt/gz_gui_vendor:/opt/ros/jazzy/opt/gz_transport_vendor:/opt/ros/jazzy/opt/gz_rendering_vendor:/opt/ros/jazzy/opt/gz_plugin_vendor:/opt/ros/jazzy/opt/gz_fuel_tools_vendor:/opt/ros/jazzy/opt/gz_msgs_vendor:/opt/ros/jazzy/opt/gz_common_vendor:/opt/ros/jazzy/opt/gz_math_vendor:/opt/ros/jazzy/opt/gz_utils_vendor:/opt/ros/jazzy/opt/gz_tools_vendor:/opt/ros/jazzy/opt/gz_ogre_next_vendor:/opt/ros/jazzy/opt/gz_dartsim_vendor:/opt/ros/jazzy/opt/gz_cmake_vendor:/opt/ros/jazzy DEBUGINFOD_URLS=https://debuginfod.ubuntu.com /usr/bin/cmake --install /home/hasan-fashtouk/ur_ws/src/build/ur_moveit_config
[1.241s] -- Install configuration: ""
[1.242s] -- Installing: /home/hasan-fashtouk/ur_ws/src/install/ur_moveit_config/share/ament_index/resource_index/package_run_dependencies/ur_moveit_config
[1.243s] -- Installing: /home/hasan-fashtouk/ur_ws/src/install/ur_moveit_config/share/ament_index/resource_index/parent_prefix_path/ur_moveit_config
[1.243s] -- Installing: /home/hasan-fashtouk/ur_ws/src/install/ur_moveit_config/share/ur_moveit_config/environment/ament_prefix_path.sh
[1.244s] -- Installing: /home/hasan-fashtouk/ur_ws/src/install/ur_moveit_config/share/ur_moveit_config/environment/ament_prefix_path.dsv
[1.244s] -- Installing: /home/hasan-fashtouk/ur_ws/src/install/ur_moveit_config/share/ur_moveit_config/environment/path.sh
[1.244s] -- Installing: /home/hasan-fashtouk/ur_ws/src/install/ur_moveit_config/share/ur_moveit_config/environment/path.dsv
[1.244s] -- Installing: /home/hasan-fashtouk/ur_ws/src/install/ur_moveit_config/share/ur_moveit_config/local_setup.bash
[1.245s] -- Installing: /home/hasan-fashtouk/ur_ws/src/install/ur_moveit_config/share/ur_moveit_config/local_setup.sh
[1.245s] -- Installing: /home/hasan-fashtouk/ur_ws/src/install/ur_moveit_config/share/ur_moveit_config/local_setup.zsh
[1.245s] -- Installing: /home/hasan-fashtouk/ur_ws/src/install/ur_moveit_config/share/ur_moveit_config/local_setup.dsv
[1.245s] -- Installing: /home/hasan-fashtouk/ur_ws/src/install/ur_moveit_config/share/ur_moveit_config/package.dsv
[1.246s] -- Installing: /home/hasan-fashtouk/ur_ws/src/install/ur_moveit_config/share/ament_index/resource_index/packages/ur_moveit_config
[1.246s] -- Installing: /home/hasan-fashtouk/ur_ws/src/install/ur_moveit_config/share/ur_moveit_config/cmake/ur_moveit_configConfig.cmake
[1.246s] -- Installing: /home/hasan-fashtouk/ur_ws/src/install/ur_moveit_config/share/ur_moveit_config/cmake/ur_moveit_configConfig-version.cmake
[1.246s] -- Installing: /home/hasan-fashtouk/ur_ws/src/install/ur_moveit_config/share/ur_moveit_config/package.xml
[1.246s] -- Installing: /home/hasan-fashtouk/ur_ws/src/install/ur_moveit_config/share/ur_moveit_config/launch
[1.248s] -- Installing: /home/hasan-fashtouk/ur_ws/src/install/ur_moveit_config/share/ur_moveit_config/launch/ur_moveit.launch.py
[1.248s] -- Installing: /home/hasan-fashtouk/ur_ws/src/install/ur_moveit_config/share/ur_moveit_config/launch/static_virtual_joint_tfs.launch.py
[1.248s] -- Installing: /home/hasan-fashtouk/ur_ws/src/install/ur_moveit_config/share/ur_moveit_config/launch/spawn_controllers.launch.py
[1.248s] -- Installing: /home/hasan-fashtouk/ur_ws/src/install/ur_moveit_config/share/ur_moveit_config/launch/move_group.launch.py
[1.249s] -- Installing: /home/hasan-fashtouk/ur_ws/src/install/ur_moveit_config/share/ur_moveit_config/launch/demo.launch.py
[1.249s] -- Installing: /home/hasan-fashtouk/ur_ws/src/install/ur_moveit_config/share/ur_moveit_config/launch/warehouse_db.launch.py
[1.249s] -- Installing: /home/hasan-fashtouk/ur_ws/src/install/ur_moveit_config/share/ur_moveit_config/launch/moveit_rviz.launch.py
[1.249s] -- Installing: /home/hasan-fashtouk/ur_ws/src/install/ur_moveit_config/share/ur_moveit_config/launch/setup_assistant.launch.py
[1.249s] -- Installing: /home/hasan-fashtouk/ur_ws/src/install/ur_moveit_config/share/ur_moveit_config/launch/rsp.launch.py
[1.250s] -- Installing: /home/hasan-fashtouk/ur_ws/src/install/ur_moveit_config/share/ur_moveit_config/config
[1.250s] -- Installing: /home/hasan-fashtouk/ur_ws/src/install/ur_moveit_config/share/ur_moveit_config/config/joint_limits.yaml
[1.250s] -- Installing: /home/hasan-fashtouk/ur_ws/src/install/ur_moveit_config/share/ur_moveit_config/config/ur.ros2_control.xacro
[1.250s] -- Installing: /home/hasan-fashtouk/ur_ws/src/install/ur_moveit_config/share/ur_moveit_config/config/initial_positions.yaml
[1.250s] -- Installing: /home/hasan-fashtouk/ur_ws/src/install/ur_moveit_config/share/ur_moveit_config/config/ros2_controllers.yaml
[1.251s] -- Installing: /home/hasan-fashtouk/ur_ws/src/install/ur_moveit_config/share/ur_moveit_config/config/kinematics.yaml
[1.251s] -- Installing: /home/hasan-fashtouk/ur_ws/src/install/ur_moveit_config/share/ur_moveit_config/config/moveit.rviz
[1.251s] -- Installing: /home/hasan-fashtouk/ur_ws/src/install/ur_moveit_config/share/ur_moveit_config/config/pilz_cartesian_limits.yaml
[1.251s] -- Installing: /home/hasan-fashtouk/ur_ws/src/install/ur_moveit_config/share/ur_moveit_config/config/moveit_controllers.yaml
[1.251s] -- Installing: /home/hasan-fashtouk/ur_ws/src/install/ur_moveit_config/share/ur_moveit_config/config/ur.srdf
[1.251s] -- Installing: /home/hasan-fashtouk/ur_ws/src/install/ur_moveit_config/share/ur_moveit_config/config/ur.urdf.xacro
[1.252s] -- Installing: /home/hasan-fashtouk/ur_ws/src/install/ur_moveit_config/share/ur_moveit_config/config/sensors_3d.yaml
[1.252s] -- Installing: /home/hasan-fashtouk/ur_ws/src/install/ur_moveit_config/share/ur_moveit_config/.setup_assistant
[1.253s] Invoked command in '/home/hasan-fashtouk/ur_ws/src/build/ur_moveit_config' returned '0': AMENT_PREFIX_PATH=/home/hasan-fashtouk/ur_ws/src/install/ur5e_description:/home/hasan-fashtouk/ur_ws/src/install/ur_description:${AMENT_PREFIX_PATH} CMAKE_PREFIX_PATH=/home/hasan-fashtouk/ur_ws/src/install/ur5e_description:/home/hasan-fashtouk/ur_ws/src/install/ur_description:/opt/ros/jazzy/opt/gz_sim_vendor:/opt/ros/jazzy/opt/gz_sensors_vendor:/opt/ros/jazzy/opt/gz_physics_vendor:/opt/ros/jazzy/opt/sdformat_vendor:/opt/ros/jazzy/opt/gz_gui_vendor:/opt/ros/jazzy/opt/gz_transport_vendor:/opt/ros/jazzy/opt/gz_rendering_vendor:/opt/ros/jazzy/opt/gz_plugin_vendor:/opt/ros/jazzy/opt/gz_fuel_tools_vendor:/opt/ros/jazzy/opt/gz_msgs_vendor:/opt/ros/jazzy/opt/gz_common_vendor:/opt/ros/jazzy/opt/gz_math_vendor:/opt/ros/jazzy/opt/gz_utils_vendor:/opt/ros/jazzy/opt/gz_tools_vendor:/opt/ros/jazzy/opt/gz_ogre_next_vendor:/opt/ros/jazzy/opt/gz_dartsim_vendor:/opt/ros/jazzy/opt/gz_cmake_vendor:/opt/ros/jazzy DEBUGINFOD_URLS=https://debuginfod.ubuntu.com /usr/bin/cmake --install /home/hasan-fashtouk/ur_ws/src/build/ur_moveit_config
