[0.031s] Invoking command in '/home/hasan-fashtouk/ur_ws/src/build/robotiq_description': CMAKE_PREFIX_PATH=${CMAKE_PREFIX_PATH}:/opt/ros/jazzy DEBUGINFOD_URLS=https://debuginfod.ubuntu.com /usr/bin/cmake --build /home/hasan-fashtouk/ur_ws/src/build/robotiq_description -- -j4 -l4
[0.095s] Invoked command in '/home/hasan-fashtouk/ur_ws/src/build/robotiq_description' returned '0': CMAKE_PREFIX_PATH=${CMAKE_PREFIX_PATH}:/opt/ros/jazzy DEBUGINFOD_URLS=https://debuginfod.ubuntu.com /usr/bin/cmake --build /home/hasan-fashtouk/ur_ws/src/build/robotiq_description -- -j4 -l4
[0.110s] Invoking command in '/home/hasan-fashtouk/ur_ws/src/build/robotiq_description': CMAKE_PREFIX_PATH=${CMAKE_PREFIX_PATH}:/opt/ros/jazzy DEBUGINFOD_URLS=https://debuginfod.ubuntu.com /usr/bin/cmake --install /home/hasan-fashtouk/ur_ws/src/build/robotiq_description
[0.125s] -- Install configuration: ""
[0.126s] -- Up-to-date: /home/hasan-fashtouk/ur_ws/src/install/robotiq_description/share/robotiq_description/config
[0.126s] -- Up-to-date: /home/hasan-fashtouk/ur_ws/src/install/robotiq_description/share/robotiq_description/config/robotiq_controllers.yaml
[0.126s] -- Up-to-date: /home/hasan-fashtouk/ur_ws/src/install/robotiq_description/share/robotiq_description/launch
[0.126s] -- Up-to-date: /home/hasan-fashtouk/ur_ws/src/install/robotiq_description/share/robotiq_description/launch/view_gripper.launch.py
[0.127s] -- Up-to-date: /home/hasan-fashtouk/ur_ws/src/install/robotiq_description/share/robotiq_description/launch/robotiq_control.launch.py
[0.131s] -- Up-to-date: /home/hasan-fashtouk/ur_ws/src/install/robotiq_description/share/robotiq_description/meshes
[0.132s] -- Up-to-date: /home/hasan-fashtouk/ur_ws/src/install/robotiq_description/share/robotiq_description/meshes/collision
[0.132s] -- Up-to-date: /home/hasan-fashtouk/ur_ws/src/install/robotiq_description/share/robotiq_description/meshes/collision/2f_140
[0.132s] -- Up-to-date: /home/hasan-fashtouk/ur_ws/src/install/robotiq_description/share/robotiq_description/meshes/collision/2f_140/robotiq_2f_140_base_link.stl
[0.132s] -- Up-to-date: /home/hasan-fashtouk/ur_ws/src/install/robotiq_description/share/robotiq_description/meshes/collision/2f_140/robotiq_2f_140_inner_knuckle.stl
[0.133s] -- Up-to-date: /home/hasan-fashtouk/ur_ws/src/install/robotiq_description/share/robotiq_description/meshes/collision/2f_140/robotiq_2f_140_coupling.stl
[0.133s] -- Up-to-date: /home/hasan-fashtouk/ur_ws/src/install/robotiq_description/share/robotiq_description/meshes/collision/2f_140/robotiq_2f_140_outer_finger.stl
[0.133s] -- Up-to-date: /home/hasan-fashtouk/ur_ws/src/install/robotiq_description/share/robotiq_description/meshes/collision/2f_140/robotiq_2f_140_inner_finger.stl
[0.134s] -- Up-to-date: /home/hasan-fashtouk/ur_ws/src/install/robotiq_description/share/robotiq_description/meshes/collision/2f_140/robotiq_2f_140_outer_knuckle.stl
[0.135s] -- Up-to-date: /home/hasan-fashtouk/ur_ws/src/install/robotiq_description/share/robotiq_description/meshes/collision/2f_85
[0.139s] -- Up-to-date: /home/hasan-fashtouk/ur_ws/src/install/robotiq_description/share/robotiq_description/meshes/collision/2f_85/left_finger_tip.stl
[0.141s] -- Up-to-date: /home/hasan-fashtouk/ur_ws/src/install/robotiq_description/share/robotiq_description/meshes/collision/2f_85/right_inner_knuckle.stl
[0.142s] -- Up-to-date: /home/hasan-fashtouk/ur_ws/src/install/robotiq_description/share/robotiq_description/meshes/collision/2f_85/left_knuckle.stl
[0.145s] -- Up-to-date: /home/hasan-fashtouk/ur_ws/src/install/robotiq_description/share/robotiq_description/meshes/collision/2f_85/left_inner_knuckle.stl
[0.146s] -- Up-to-date: /home/hasan-fashtouk/ur_ws/src/install/robotiq_description/share/robotiq_description/meshes/collision/2f_85/left_finger.stl
[0.147s] -- Up-to-date: /home/hasan-fashtouk/ur_ws/src/install/robotiq_description/share/robotiq_description/meshes/collision/2f_85/robotiq_base.stl
[0.149s] -- Up-to-date: /home/hasan-fashtouk/ur_ws/src/install/robotiq_description/share/robotiq_description/meshes/collision/2f_85/right_finger.stl
[0.149s] -- Up-to-date: /home/hasan-fashtouk/ur_ws/src/install/robotiq_description/share/robotiq_description/meshes/collision/2f_85/right_finger_tip.stl
[0.150s] -- Up-to-date: /home/hasan-fashtouk/ur_ws/src/install/robotiq_description/share/robotiq_description/meshes/collision/2f_85/right_knuckle.stl
[0.151s] -- Up-to-date: /home/hasan-fashtouk/ur_ws/src/install/robotiq_description/share/robotiq_description/meshes/collision/2f_85/ur_to_robotiq_adapter.stl
[0.152s] -- Up-to-date: /home/hasan-fashtouk/ur_ws/src/install/robotiq_description/share/robotiq_description/meshes/visual
[0.152s] -- Up-to-date: /home/hasan-fashtouk/ur_ws/src/install/robotiq_description/share/robotiq_description/meshes/visual/2f_140
[0.153s] -- Up-to-date: /home/hasan-fashtouk/ur_ws/src/install/robotiq_description/share/robotiq_description/meshes/visual/2f_140/robotiq_2f_140_base_link.stl
[0.153s] -- Up-to-date: /home/hasan-fashtouk/ur_ws/src/install/robotiq_description/share/robotiq_description/meshes/visual/2f_140/robotiq_2f_140_inner_knuckle.stl
[0.155s] -- Up-to-date: /home/hasan-fashtouk/ur_ws/src/install/robotiq_description/share/robotiq_description/meshes/visual/2f_140/robotiq_2f_140_coupling.stl
[0.170s] -- Up-to-date: /home/hasan-fashtouk/ur_ws/src/install/robotiq_description/share/robotiq_description/meshes/visual/2f_140/robotiq_2f_140_outer_finger.stl
[0.171s] -- Up-to-date: /home/hasan-fashtouk/ur_ws/src/install/robotiq_description/share/robotiq_description/meshes/visual/2f_140/robotiq_2f_140_inner_finger.stl
[0.172s] -- Up-to-date: /home/hasan-fashtouk/ur_ws/src/install/robotiq_description/share/robotiq_description/meshes/visual/2f_140/robotiq_2f_140_outer_knuckle.stl
[0.172s] -- Up-to-date: /home/hasan-fashtouk/ur_ws/src/install/robotiq_description/share/robotiq_description/meshes/visual/2f_85
[0.173s] -- Up-to-date: /home/hasan-fashtouk/ur_ws/src/install/robotiq_description/share/robotiq_description/meshes/visual/2f_85/right_inner_knuckle.dae
[0.174s] -- Up-to-date: /home/hasan-fashtouk/ur_ws/src/install/robotiq_description/share/robotiq_description/meshes/visual/2f_85/left_finger.dae
[0.174s] -- Up-to-date: /home/hasan-fashtouk/ur_ws/src/install/robotiq_description/share/robotiq_description/meshes/visual/2f_85/left_finger_tip.dae
[0.176s] -- Up-to-date: /home/hasan-fashtouk/ur_ws/src/install/robotiq_description/share/robotiq_description/meshes/visual/2f_85/right_knuckle.dae
[0.177s] -- Up-to-date: /home/hasan-fashtouk/ur_ws/src/install/robotiq_description/share/robotiq_description/meshes/visual/2f_85/right_finger.dae
[0.178s] -- Up-to-date: /home/hasan-fashtouk/ur_ws/src/install/robotiq_description/share/robotiq_description/meshes/visual/2f_85/robotiq_base.dae
[0.178s] -- Up-to-date: /home/hasan-fashtouk/ur_ws/src/install/robotiq_description/share/robotiq_description/meshes/visual/2f_85/right_finger_tip.dae
[0.193s] -- Up-to-date: /home/hasan-fashtouk/ur_ws/src/install/robotiq_description/share/robotiq_description/meshes/visual/2f_85/ur_to_robotiq_adapter.dae
[0.193s] -- Up-to-date: /home/hasan-fashtouk/ur_ws/src/install/robotiq_description/share/robotiq_description/meshes/visual/2f_85/left_knuckle.dae
[0.193s] -- Up-to-date: /home/hasan-fashtouk/ur_ws/src/install/robotiq_description/share/robotiq_description/meshes/visual/2f_85/left_inner_knuckle.dae
[0.194s] -- Up-to-date: /home/hasan-fashtouk/ur_ws/src/install/robotiq_description/share/robotiq_description/rviz
[0.194s] -- Up-to-date: /home/hasan-fashtouk/ur_ws/src/install/robotiq_description/share/robotiq_description/rviz/view_urdf.rviz
[0.194s] -- Up-to-date: /home/hasan-fashtouk/ur_ws/src/install/robotiq_description/share/robotiq_description/urdf
[0.194s] -- Up-to-date: /home/hasan-fashtouk/ur_ws/src/install/robotiq_description/share/robotiq_description/urdf/robotiq_2f_140_gripper.urdf.xacro
[0.195s] -- Up-to-date: /home/hasan-fashtouk/ur_ws/src/install/robotiq_description/share/robotiq_description/urdf/2f_140.ros2_control.xacro
[0.195s] -- Up-to-date: /home/hasan-fashtouk/ur_ws/src/install/robotiq_description/share/robotiq_description/urdf/robotiq_2f_85_gripper.urdf.xacro
[0.196s] -- Up-to-date: /home/hasan-fashtouk/ur_ws/src/install/robotiq_description/share/robotiq_description/urdf/2f_85.ros2_control.xacro
[0.197s] -- Up-to-date: /home/hasan-fashtouk/ur_ws/src/install/robotiq_description/share/robotiq_description/urdf/ur_to_robotiq_adapter.urdf.xacro
[0.197s] -- Up-to-date: /home/hasan-fashtouk/ur_ws/src/install/robotiq_description/share/robotiq_description/urdf/robotiq_2f_85_macro.urdf.xacro
[0.197s] -- Up-to-date: /home/hasan-fashtouk/ur_ws/src/install/robotiq_description/share/robotiq_description/urdf/robotiq_2f_140_macro.urdf.xacro
[0.198s] -- Up-to-date: /home/hasan-fashtouk/ur_ws/src/install/robotiq_description/share/robotiq_description/urdf/robotiq_2f_140.xacro
[0.198s] -- Up-to-date: /home/hasan-fashtouk/ur_ws/src/install/robotiq_description/share/ament_index/resource_index/package_run_dependencies/robotiq_description
[0.199s] -- Up-to-date: /home/hasan-fashtouk/ur_ws/src/install/robotiq_description/share/ament_index/resource_index/parent_prefix_path/robotiq_description
[0.201s] -- Up-to-date: /home/hasan-fashtouk/ur_ws/src/install/robotiq_description/share/robotiq_description/environment/ament_prefix_path.sh
[0.201s] -- Up-to-date: /home/hasan-fashtouk/ur_ws/src/install/robotiq_description/share/robotiq_description/environment/ament_prefix_path.dsv
[0.202s] -- Up-to-date: /home/hasan-fashtouk/ur_ws/src/install/robotiq_description/share/robotiq_description/environment/path.sh
[0.203s] -- Up-to-date: /home/hasan-fashtouk/ur_ws/src/install/robotiq_description/share/robotiq_description/environment/path.dsv
[0.203s] -- Up-to-date: /home/hasan-fashtouk/ur_ws/src/install/robotiq_description/share/robotiq_description/local_setup.bash
[0.204s] -- Up-to-date: /home/hasan-fashtouk/ur_ws/src/install/robotiq_description/share/robotiq_description/local_setup.sh
[0.204s] -- Up-to-date: /home/hasan-fashtouk/ur_ws/src/install/robotiq_description/share/robotiq_description/local_setup.zsh
[0.205s] -- Up-to-date: /home/hasan-fashtouk/ur_ws/src/install/robotiq_description/share/robotiq_description/local_setup.dsv
[0.205s] -- Installing: /home/hasan-fashtouk/ur_ws/src/install/robotiq_description/share/robotiq_description/package.dsv
[0.206s] -- Up-to-date: /home/hasan-fashtouk/ur_ws/src/install/robotiq_description/share/ament_index/resource_index/packages/robotiq_description
[0.206s] -- Up-to-date: /home/hasan-fashtouk/ur_ws/src/install/robotiq_description/share/robotiq_description/cmake/robotiq_descriptionConfig.cmake
[0.207s] -- Up-to-date: /home/hasan-fashtouk/ur_ws/src/install/robotiq_description/share/robotiq_description/cmake/robotiq_descriptionConfig-version.cmake
[0.207s] -- Up-to-date: /home/hasan-fashtouk/ur_ws/src/install/robotiq_description/share/robotiq_description/package.xml
[0.213s] Invoked command in '/home/hasan-fashtouk/ur_ws/src/build/robotiq_description' returned '0': CMAKE_PREFIX_PATH=${CMAKE_PREFIX_PATH}:/opt/ros/jazzy DEBUGINFOD_URLS=https://debuginfod.ubuntu.com /usr/bin/cmake --install /home/hasan-fashtouk/ur_ws/src/build/robotiq_description
