[0.137s] Invoking command in '/home/hasan-fashtouk/ur_ws/src/build/ur_description': CMAKE_PREFIX_PATH=${CMAKE_PREFIX_PATH}:/opt/ros/jazzy DEBUGINFOD_URLS=https://debuginfod.ubuntu.com /usr/bin/cmake --build /home/hasan-fashtouk/ur_ws/src/build/ur_description -- -j4 -l4
[1.182s] Invoked command in '/home/hasan-fashtouk/ur_ws/src/build/ur_description' returned '0': CMAKE_PREFIX_PATH=${CMAKE_PREFIX_PATH}:/opt/ros/jazzy DEBUGINFOD_URLS=https://debuginfod.ubuntu.com /usr/bin/cmake --build /home/hasan-fashtouk/ur_ws/src/build/ur_description -- -j4 -l4
[1.220s] Invoking command in '/home/hasan-fashtouk/ur_ws/src/build/ur_description': CMAKE_PREFIX_PATH=${CMAKE_PREFIX_PATH}:/opt/ros/jazzy DEBUGINFOD_URLS=https://debuginfod.ubuntu.com /usr/bin/cmake --install /home/hasan-fashtouk/ur_ws/src/build/ur_description
[1.245s] -- Install configuration: ""
[1.265s] -- Up-to-date: /home/hasan-fashtouk/ur_ws/src/install/ur_description/share/ur_description/config
[1.265s] -- Up-to-date: /home/hasan-fashtouk/ur_ws/src/install/ur_description/share/ur_description/config/initial_positions.yaml
[1.266s] -- Up-to-date: /home/hasan-fashtouk/ur_ws/src/install/ur_description/share/ur_description/config/ur3e
[1.266s] -- Up-to-date: /home/hasan-fashtouk/ur_ws/src/install/ur_description/share/ur_description/config/ur3e/joint_limits.yaml
[1.266s] -- Up-to-date: /home/hasan-fashtouk/ur_ws/src/install/ur_description/share/ur_description/config/ur3e/visual_parameters.yaml
[1.266s] -- Up-to-date: /home/hasan-fashtouk/ur_ws/src/install/ur_description/share/ur_description/config/ur3e/default_kinematics.yaml
[1.267s] -- Up-to-date: /home/hasan-fashtouk/ur_ws/src/install/ur_description/share/ur_description/config/ur3e/physical_parameters.yaml
[1.267s] -- Up-to-date: /home/hasan-fashtouk/ur_ws/src/install/ur_description/share/ur_description/config/ur18
[1.268s] -- Up-to-date: /home/hasan-fashtouk/ur_ws/src/install/ur_description/share/ur_description/config/ur18/joint_limits.yaml
[1.268s] -- Up-to-date: /home/hasan-fashtouk/ur_ws/src/install/ur_description/share/ur_description/config/ur18/visual_parameters.yaml
[1.269s] -- Up-to-date: /home/hasan-fashtouk/ur_ws/src/install/ur_description/share/ur_description/config/ur18/default_kinematics.yaml
[1.270s] -- Up-to-date: /home/hasan-fashtouk/ur_ws/src/install/ur_description/share/ur_description/config/ur18/physical_parameters.yaml
[1.271s] -- Up-to-date: /home/hasan-fashtouk/ur_ws/src/install/ur_description/share/ur_description/config/ur16e
[1.272s] -- Up-to-date: /home/hasan-fashtouk/ur_ws/src/install/ur_description/share/ur_description/config/ur16e/joint_limits.yaml
[1.272s] -- Up-to-date: /home/hasan-fashtouk/ur_ws/src/install/ur_description/share/ur_description/config/ur16e/visual_parameters.yaml
[1.272s] -- Up-to-date: /home/hasan-fashtouk/ur_ws/src/install/ur_description/share/ur_description/config/ur16e/default_kinematics.yaml
[1.272s] -- Up-to-date: /home/hasan-fashtouk/ur_ws/src/install/ur_description/share/ur_description/config/ur16e/physical_parameters.yaml
[1.273s] -- Up-to-date: /home/hasan-fashtouk/ur_ws/src/install/ur_description/share/ur_description/config/ur12e
[1.273s] -- Up-to-date: /home/hasan-fashtouk/ur_ws/src/install/ur_description/share/ur_description/config/ur12e/joint_limits.yaml
[1.279s] -- Up-to-date: /home/hasan-fashtouk/ur_ws/src/install/ur_description/share/ur_description/config/ur12e/visual_parameters.yaml
[1.280s] -- Up-to-date: /home/hasan-fashtouk/ur_ws/src/install/ur_description/share/ur_description/config/ur12e/default_kinematics.yaml
[1.280s] -- Up-to-date: /home/hasan-fashtouk/ur_ws/src/install/ur_description/share/ur_description/config/ur12e/physical_parameters.yaml
[1.280s] -- Up-to-date: /home/hasan-fashtouk/ur_ws/src/install/ur_description/share/ur_description/config/ur7e
[1.280s] -- Up-to-date: /home/hasan-fashtouk/ur_ws/src/install/ur_description/share/ur_description/config/ur7e/joint_limits.yaml
[1.281s] -- Up-to-date: /home/hasan-fashtouk/ur_ws/src/install/ur_description/share/ur_description/config/ur7e/visual_parameters.yaml
[1.281s] -- Up-to-date: /home/hasan-fashtouk/ur_ws/src/install/ur_description/share/ur_description/config/ur7e/default_kinematics.yaml
[1.281s] -- Up-to-date: /home/hasan-fashtouk/ur_ws/src/install/ur_description/share/ur_description/config/ur7e/physical_parameters.yaml
[1.281s] -- Up-to-date: /home/hasan-fashtouk/ur_ws/src/install/ur_description/share/ur_description/config/ur15
[1.281s] -- Up-to-date: /home/hasan-fashtouk/ur_ws/src/install/ur_description/share/ur_description/config/ur15/joint_limits.yaml
[1.282s] -- Up-to-date: /home/hasan-fashtouk/ur_ws/src/install/ur_description/share/ur_description/config/ur15/visual_parameters.yaml
[1.282s] -- Up-to-date: /home/hasan-fashtouk/ur_ws/src/install/ur_description/share/ur_description/config/ur15/default_kinematics.yaml
[1.282s] -- Up-to-date: /home/hasan-fashtouk/ur_ws/src/install/ur_description/share/ur_description/config/ur15/physical_parameters.yaml
[1.282s] -- Up-to-date: /home/hasan-fashtouk/ur_ws/src/install/ur_description/share/ur_description/config/ur20
[1.282s] -- Up-to-date: /home/hasan-fashtouk/ur_ws/src/install/ur_description/share/ur_description/config/ur20/joint_limits.yaml
[1.282s] -- Up-to-date: /home/hasan-fashtouk/ur_ws/src/install/ur_description/share/ur_description/config/ur20/visual_parameters.yaml
[1.283s] -- Up-to-date: /home/hasan-fashtouk/ur_ws/src/install/ur_description/share/ur_description/config/ur20/default_kinematics.yaml
[1.283s] -- Up-to-date: /home/hasan-fashtouk/ur_ws/src/install/ur_description/share/ur_description/config/ur20/physical_parameters.yaml
[1.283s] -- Up-to-date: /home/hasan-fashtouk/ur_ws/src/install/ur_description/share/ur_description/config/ur10e
[1.283s] -- Up-to-date: /home/hasan-fashtouk/ur_ws/src/install/ur_description/share/ur_description/config/ur10e/joint_limits.yaml
[1.283s] -- Up-to-date: /home/hasan-fashtouk/ur_ws/src/install/ur_description/share/ur_description/config/ur10e/visual_parameters.yaml
[1.283s] -- Up-to-date: /home/hasan-fashtouk/ur_ws/src/install/ur_description/share/ur_description/config/ur10e/default_kinematics.yaml
[1.284s] -- Up-to-date: /home/hasan-fashtouk/ur_ws/src/install/ur_description/share/ur_description/config/ur10e/physical_parameters.yaml
[1.284s] -- Up-to-date: /home/hasan-fashtouk/ur_ws/src/install/ur_description/share/ur_description/config/ur8long
[1.284s] -- Up-to-date: /home/hasan-fashtouk/ur_ws/src/install/ur_description/share/ur_description/config/ur8long/joint_limits.yaml
[1.284s] -- Up-to-date: /home/hasan-fashtouk/ur_ws/src/install/ur_description/share/ur_description/config/ur8long/visual_parameters.yaml
[1.284s] -- Up-to-date: /home/hasan-fashtouk/ur_ws/src/install/ur_description/share/ur_description/config/ur8long/default_kinematics.yaml
[1.285s] -- Up-to-date: /home/hasan-fashtouk/ur_ws/src/install/ur_description/share/ur_description/config/ur8long/physical_parameters.yaml
[1.285s] -- Up-to-date: /home/hasan-fashtouk/ur_ws/src/install/ur_description/share/ur_description/config/ur5e
[1.285s] -- Up-to-date: /home/hasan-fashtouk/ur_ws/src/install/ur_description/share/ur_description/config/ur5e/joint_limits.yaml
[1.285s] -- Up-to-date: /home/hasan-fashtouk/ur_ws/src/install/ur_description/share/ur_description/config/ur5e/visual_parameters.yaml
[1.285s] -- Up-to-date: /home/hasan-fashtouk/ur_ws/src/install/ur_description/share/ur_description/config/ur5e/default_kinematics.yaml
[1.286s] -- Up-to-date: /home/hasan-fashtouk/ur_ws/src/install/ur_description/share/ur_description/config/ur5e/physical_parameters.yaml
[1.286s] -- Up-to-date: /home/hasan-fashtouk/ur_ws/src/install/ur_description/share/ur_description/config/ur30
[1.294s] -- Up-to-date: /home/hasan-fashtouk/ur_ws/src/install/ur_description/share/ur_description/config/ur30/joint_limits.yaml
[1.294s] -- Up-to-date: /home/hasan-fashtouk/ur_ws/src/install/ur_description/share/ur_description/config/ur30/visual_parameters.yaml
[1.295s] -- Up-to-date: /home/hasan-fashtouk/ur_ws/src/install/ur_description/share/ur_description/config/ur30/default_kinematics.yaml
[1.295s] -- Up-to-date: /home/hasan-fashtouk/ur_ws/src/install/ur_description/share/ur_description/config/ur30/physical_parameters.yaml
[1.295s] -- Up-to-date: /home/hasan-fashtouk/ur_ws/src/install/ur_description/share/ur_description/config/ur3
[1.295s] -- Up-to-date: /home/hasan-fashtouk/ur_ws/src/install/ur_description/share/ur_description/config/ur3/joint_limits.yaml
[1.295s] -- Up-to-date: /home/hasan-fashtouk/ur_ws/src/install/ur_description/share/ur_description/config/ur3/visual_parameters.yaml
[1.296s] -- Up-to-date: /home/hasan-fashtouk/ur_ws/src/install/ur_description/share/ur_description/config/ur3/default_kinematics.yaml
[1.296s] -- Up-to-date: /home/hasan-fashtouk/ur_ws/src/install/ur_description/share/ur_description/config/ur3/physical_parameters.yaml
[1.296s] -- Up-to-date: /home/hasan-fashtouk/ur_ws/src/install/ur_description/share/ur_description/config/ur5
[1.296s] -- Up-to-date: /home/hasan-fashtouk/ur_ws/src/install/ur_description/share/ur_description/config/ur5/joint_limits.yaml
[1.297s] -- Up-to-date: /home/hasan-fashtouk/ur_ws/src/install/ur_description/share/ur_description/config/ur5/visual_parameters.yaml
[1.297s] -- Up-to-date: /home/hasan-fashtouk/ur_ws/src/install/ur_description/share/ur_description/config/ur5/default_kinematics.yaml
[1.297s] -- Up-to-date: /home/hasan-fashtouk/ur_ws/src/install/ur_description/share/ur_description/config/ur5/physical_parameters.yaml
[1.297s] -- Up-to-date: /home/hasan-fashtouk/ur_ws/src/install/ur_description/share/ur_description/config/ur10
[1.297s] -- Up-to-date: /home/hasan-fashtouk/ur_ws/src/install/ur_description/share/ur_description/config/ur10/joint_limits.yaml
[1.297s] -- Up-to-date: /home/hasan-fashtouk/ur_ws/src/install/ur_description/share/ur_description/config/ur10/visual_parameters.yaml
[1.298s] -- Up-to-date: /home/hasan-fashtouk/ur_ws/src/install/ur_description/share/ur_description/config/ur10/default_kinematics.yaml
[1.298s] -- Up-to-date: /home/hasan-fashtouk/ur_ws/src/install/ur_description/share/ur_description/config/ur10/physical_parameters.yaml
[1.298s] -- Up-to-date: /home/hasan-fashtouk/ur_ws/src/install/ur_description/share/ur_description/launch
[1.298s] -- Up-to-date: /home/hasan-fashtouk/ur_ws/src/install/ur_description/share/ur_description/launch/view_ur.launch.py
[1.298s] -- Up-to-date: /home/hasan-fashtouk/ur_ws/src/install/ur_description/share/ur_description/meshes
[1.298s] -- Up-to-date: /home/hasan-fashtouk/ur_ws/src/install/ur_description/share/ur_description/meshes/ur3e
[1.299s] -- Up-to-date: /home/hasan-fashtouk/ur_ws/src/install/ur_description/share/ur_description/meshes/ur3e/collision
[1.299s] -- Up-to-date: /home/hasan-fashtouk/ur_ws/src/install/ur_description/share/ur_description/meshes/ur3e/collision/wrist1.stl
[1.299s] -- Up-to-date: /home/hasan-fashtouk/ur_ws/src/install/ur_description/share/ur_description/meshes/ur3e/collision/base.stl
[1.299s] -- Up-to-date: /home/hasan-fashtouk/ur_ws/src/install/ur_description/share/ur_description/meshes/ur3e/collision/forearm.stl
[1.299s] -- Up-to-date: /home/hasan-fashtouk/ur_ws/src/install/ur_description/share/ur_description/meshes/ur3e/collision/wrist2.stl
[1.300s] -- Up-to-date: /home/hasan-fashtouk/ur_ws/src/install/ur_description/share/ur_description/meshes/ur3e/collision/shoulder.stl
[1.300s] -- Up-to-date: /home/hasan-fashtouk/ur_ws/src/install/ur_description/share/ur_description/meshes/ur3e/collision/wrist3.stl
[1.300s] -- Up-to-date: /home/hasan-fashtouk/ur_ws/src/install/ur_description/share/ur_description/meshes/ur3e/collision/upperarm.stl
[1.300s] -- Up-to-date: /home/hasan-fashtouk/ur_ws/src/install/ur_description/share/ur_description/meshes/ur3e/visual
[1.300s] -- Up-to-date: /home/hasan-fashtouk/ur_ws/src/install/ur_description/share/ur_description/meshes/ur3e/visual/shoulder.dae
[1.300s] -- Up-to-date: /home/hasan-fashtouk/ur_ws/src/install/ur_description/share/ur_description/meshes/ur3e/visual/wrist1.dae
[1.301s] -- Up-to-date: /home/hasan-fashtouk/ur_ws/src/install/ur_description/share/ur_description/meshes/ur3e/visual/wrist3.dae
[1.301s] -- Up-to-date: /home/hasan-fashtouk/ur_ws/src/install/ur_description/share/ur_description/meshes/ur3e/visual/wrist2.dae
[1.301s] -- Up-to-date: /home/hasan-fashtouk/ur_ws/src/install/ur_description/share/ur_description/meshes/ur3e/visual/base.dae
[1.301s] -- Up-to-date: /home/hasan-fashtouk/ur_ws/src/install/ur_description/share/ur_description/meshes/ur3e/visual/upperarm.dae
[1.301s] -- Up-to-date: /home/hasan-fashtouk/ur_ws/src/install/ur_description/share/ur_description/meshes/ur3e/visual/forearm.dae
[1.301s] -- Up-to-date: /home/hasan-fashtouk/ur_ws/src/install/ur_description/share/ur_description/meshes/ur18
[1.302s] -- Up-to-date: /home/hasan-fashtouk/ur_ws/src/install/ur_description/share/ur_description/meshes/ur18/LICENSE.txt
[1.302s] -- Up-to-date: /home/hasan-fashtouk/ur_ws/src/install/ur_description/share/ur_description/meshes/ur18/collision
[1.302s] -- Up-to-date: /home/hasan-fashtouk/ur_ws/src/install/ur_description/share/ur_description/meshes/ur18/collision/forearm.stl
[1.302s] -- Up-to-date: /home/hasan-fashtouk/ur_ws/src/install/ur_description/share/ur_description/meshes/ur18/collision/upperarm.stl
[1.302s] -- Up-to-date: /home/hasan-fashtouk/ur_ws/src/install/ur_description/share/ur_description/meshes/ur18/visual
[1.302s] -- Up-to-date: /home/hasan-fashtouk/ur_ws/src/install/ur_description/share/ur_description/meshes/ur18/visual/UR18_DIFF_8bit_2K.jpg
[1.303s] -- Up-to-date: /home/hasan-fashtouk/ur_ws/src/install/ur_description/share/ur_description/meshes/ur18/visual/upperarm.dae
[1.303s] -- Up-to-date: /home/hasan-fashtouk/ur_ws/src/install/ur_description/share/ur_description/meshes/ur18/visual/forearm.dae
[1.303s] -- Up-to-date: /home/hasan-fashtouk/ur_ws/src/install/ur_description/share/ur_description/meshes/ur16e
[1.303s] -- Up-to-date: /home/hasan-fashtouk/ur_ws/src/install/ur_description/share/ur_description/meshes/ur16e/collision
[1.304s] -- Up-to-date: /home/hasan-fashtouk/ur_ws/src/install/ur_description/share/ur_description/meshes/ur16e/collision/forearm.stl
[1.304s] -- Up-to-date: /home/hasan-fashtouk/ur_ws/src/install/ur_description/share/ur_description/meshes/ur16e/collision/upperarm.stl
[1.304s] -- Up-to-date: /home/hasan-fashtouk/ur_ws/src/install/ur_description/share/ur_description/meshes/ur16e/visual
[1.304s] -- Up-to-date: /home/hasan-fashtouk/ur_ws/src/install/ur_description/share/ur_description/meshes/ur16e/visual/upperarm.dae
[1.304s] -- Up-to-date: /home/hasan-fashtouk/ur_ws/src/install/ur_description/share/ur_description/meshes/ur16e/visual/forearm.dae
[1.305s] -- Up-to-date: /home/hasan-fashtouk/ur_ws/src/install/ur_description/share/ur_description/meshes/ur15
[1.305s] -- Up-to-date: /home/hasan-fashtouk/ur_ws/src/install/ur_description/share/ur_description/meshes/ur15/LICENSE.txt
[1.305s] -- Up-to-date: /home/hasan-fashtouk/ur_ws/src/install/ur_description/share/ur_description/meshes/ur15/collision
[1.305s] -- Up-to-date: /home/hasan-fashtouk/ur_ws/src/install/ur_description/share/ur_description/meshes/ur15/collision/wrist1.stl
[1.305s] -- Up-to-date: /home/hasan-fashtouk/ur_ws/src/install/ur_description/share/ur_description/meshes/ur15/collision/base.stl
[1.306s] -- Up-to-date: /home/hasan-fashtouk/ur_ws/src/install/ur_description/share/ur_description/meshes/ur15/collision/forearm.stl
[1.306s] -- Up-to-date: /home/hasan-fashtouk/ur_ws/src/install/ur_description/share/ur_description/meshes/ur15/collision/wrist2.stl
[1.306s] -- Up-to-date: /home/hasan-fashtouk/ur_ws/src/install/ur_description/share/ur_description/meshes/ur15/collision/shoulder.stl
[1.306s] -- Up-to-date: /home/hasan-fashtouk/ur_ws/src/install/ur_description/share/ur_description/meshes/ur15/collision/wrist3.stl
[1.306s] -- Up-to-date: /home/hasan-fashtouk/ur_ws/src/install/ur_description/share/ur_description/meshes/ur15/collision/upperarm.stl
[1.306s] -- Up-to-date: /home/hasan-fashtouk/ur_ws/src/install/ur_description/share/ur_description/meshes/ur15/visual
[1.307s] -- Up-to-date: /home/hasan-fashtouk/ur_ws/src/install/ur_description/share/ur_description/meshes/ur15/visual/shoulder.dae
[1.307s] -- Up-to-date: /home/hasan-fashtouk/ur_ws/src/install/ur_description/share/ur_description/meshes/ur15/visual/wrist1.dae
[1.307s] -- Up-to-date: /home/hasan-fashtouk/ur_ws/src/install/ur_description/share/ur_description/meshes/ur15/visual/wrist3.dae
[1.307s] -- Up-to-date: /home/hasan-fashtouk/ur_ws/src/install/ur_description/share/ur_description/meshes/ur15/visual/wrist2.dae
[1.307s] -- Up-to-date: /home/hasan-fashtouk/ur_ws/src/install/ur_description/share/ur_description/meshes/ur15/visual/base.dae
[1.307s] -- Up-to-date: /home/hasan-fashtouk/ur_ws/src/install/ur_description/share/ur_description/meshes/ur15/visual/upperarm.dae
[1.308s] -- Up-to-date: /home/hasan-fashtouk/ur_ws/src/install/ur_description/share/ur_description/meshes/ur15/visual/UR15_DIFF_8bit_2K.jpg
[1.308s] -- Up-to-date: /home/hasan-fashtouk/ur_ws/src/install/ur_description/share/ur_description/meshes/ur15/visual/forearm.dae
[1.308s] -- Up-to-date: /home/hasan-fashtouk/ur_ws/src/install/ur_description/share/ur_description/meshes/ur20
[1.308s] -- Up-to-date: /home/hasan-fashtouk/ur_ws/src/install/ur_description/share/ur_description/meshes/ur20/LICENSE.txt
[1.308s] -- Up-to-date: /home/hasan-fashtouk/ur_ws/src/install/ur_description/share/ur_description/meshes/ur20/collision
[1.308s] -- Up-to-date: /home/hasan-fashtouk/ur_ws/src/install/ur_description/share/ur_description/meshes/ur20/collision/wrist1.stl
[1.309s] -- Up-to-date: /home/hasan-fashtouk/ur_ws/src/install/ur_description/share/ur_description/meshes/ur20/collision/base.stl
[1.309s] -- Up-to-date: /home/hasan-fashtouk/ur_ws/src/install/ur_description/share/ur_description/meshes/ur20/collision/forearm.stl
[1.309s] -- Up-to-date: /home/hasan-fashtouk/ur_ws/src/install/ur_description/share/ur_description/meshes/ur20/collision/wrist2.stl
[1.309s] -- Up-to-date: /home/hasan-fashtouk/ur_ws/src/install/ur_description/share/ur_description/meshes/ur20/collision/shoulder.stl
[1.309s] -- Up-to-date: /home/hasan-fashtouk/ur_ws/src/install/ur_description/share/ur_description/meshes/ur20/collision/wrist3.stl
[1.309s] -- Up-to-date: /home/hasan-fashtouk/ur_ws/src/install/ur_description/share/ur_description/meshes/ur20/collision/upperarm.stl
[1.310s] -- Up-to-date: /home/hasan-fashtouk/ur_ws/src/install/ur_description/share/ur_description/meshes/ur20/visual
[1.310s] -- Up-to-date: /home/hasan-fashtouk/ur_ws/src/install/ur_description/share/ur_description/meshes/ur20/visual/shoulder.dae
[1.310s] -- Up-to-date: /home/hasan-fashtouk/ur_ws/src/install/ur_description/share/ur_description/meshes/ur20/visual/wrist1.dae
[1.310s] -- Up-to-date: /home/hasan-fashtouk/ur_ws/src/install/ur_description/share/ur_description/meshes/ur20/visual/wrist3.dae
[1.310s] -- Up-to-date: /home/hasan-fashtouk/ur_ws/src/install/ur_description/share/ur_description/meshes/ur20/visual/wrist2.dae
[1.311s] -- Up-to-date: /home/hasan-fashtouk/ur_ws/src/install/ur_description/share/ur_description/meshes/ur20/visual/base.dae
[1.311s] -- Up-to-date: /home/hasan-fashtouk/ur_ws/src/install/ur_description/share/ur_description/meshes/ur20/visual/upperarm.dae
[1.311s] -- Up-to-date: /home/hasan-fashtouk/ur_ws/src/install/ur_description/share/ur_description/meshes/ur20/visual/forearm.dae
[1.311s] -- Up-to-date: /home/hasan-fashtouk/ur_ws/src/install/ur_description/share/ur_description/meshes/ur20/visual/UR20_DIFF_8bit_2K.png
[1.311s] -- Up-to-date: /home/hasan-fashtouk/ur_ws/src/install/ur_description/share/ur_description/meshes/ur10e
[1.311s] -- Up-to-date: /home/hasan-fashtouk/ur_ws/src/install/ur_description/share/ur_description/meshes/ur10e/collision
[1.312s] -- Up-to-date: /home/hasan-fashtouk/ur_ws/src/install/ur_description/share/ur_description/meshes/ur10e/collision/wrist1.stl
[1.312s] -- Up-to-date: /home/hasan-fashtouk/ur_ws/src/install/ur_description/share/ur_description/meshes/ur10e/collision/base.stl
[1.313s] -- Up-to-date: /home/hasan-fashtouk/ur_ws/src/install/ur_description/share/ur_description/meshes/ur10e/collision/forearm.stl
[1.313s] -- Up-to-date: /home/hasan-fashtouk/ur_ws/src/install/ur_description/share/ur_description/meshes/ur10e/collision/wrist2.stl
[1.313s] -- Up-to-date: /home/hasan-fashtouk/ur_ws/src/install/ur_description/share/ur_description/meshes/ur10e/collision/shoulder.stl
[1.313s] -- Up-to-date: /home/hasan-fashtouk/ur_ws/src/install/ur_description/share/ur_description/meshes/ur10e/collision/wrist3.stl
[1.314s] -- Up-to-date: /home/hasan-fashtouk/ur_ws/src/install/ur_description/share/ur_description/meshes/ur10e/collision/upperarm.stl
[1.314s] -- Up-to-date: /home/hasan-fashtouk/ur_ws/src/install/ur_description/share/ur_description/meshes/ur10e/visual
[1.314s] -- Up-to-date: /home/hasan-fashtouk/ur_ws/src/install/ur_description/share/ur_description/meshes/ur10e/visual/shoulder.dae
[1.314s] -- Up-to-date: /home/hasan-fashtouk/ur_ws/src/install/ur_description/share/ur_description/meshes/ur10e/visual/wrist1.dae
[1.314s] -- Up-to-date: /home/hasan-fashtouk/ur_ws/src/install/ur_description/share/ur_description/meshes/ur10e/visual/wrist3.dae
[1.314s] -- Up-to-date: /home/hasan-fashtouk/ur_ws/src/install/ur_description/share/ur_description/meshes/ur10e/visual/wrist2.dae
[1.315s] -- Up-to-date: /home/hasan-fashtouk/ur_ws/src/install/ur_description/share/ur_description/meshes/ur10e/visual/base.dae
[1.315s] -- Up-to-date: /home/hasan-fashtouk/ur_ws/src/install/ur_description/share/ur_description/meshes/ur10e/visual/upperarm.dae
[1.315s] -- Up-to-date: /home/hasan-fashtouk/ur_ws/src/install/ur_description/share/ur_description/meshes/ur10e/visual/forearm.dae
[1.315s] -- Up-to-date: /home/hasan-fashtouk/ur_ws/src/install/ur_description/share/ur_description/meshes/ur8long
[1.315s] -- Up-to-date: /home/hasan-fashtouk/ur_ws/src/install/ur_description/share/ur_description/meshes/ur8long/LICENSE.txt
[1.316s] -- Up-to-date: /home/hasan-fashtouk/ur_ws/src/install/ur_description/share/ur_description/meshes/ur8long/collision
[1.316s] -- Up-to-date: /home/hasan-fashtouk/ur_ws/src/install/ur_description/share/ur_description/meshes/ur8long/collision/forearm.stl
[1.316s] -- Up-to-date: /home/hasan-fashtouk/ur_ws/src/install/ur_description/share/ur_description/meshes/ur8long/collision/upperarm.stl
[1.317s] -- Up-to-date: /home/hasan-fashtouk/ur_ws/src/install/ur_description/share/ur_description/meshes/ur8long/visual
[1.317s] -- Up-to-date: /home/hasan-fashtouk/ur_ws/src/install/ur_description/share/ur_description/meshes/ur8long/visual/UR8Long_DIFF_8bit_2K.jpg
[1.317s] -- Up-to-date: /home/hasan-fashtouk/ur_ws/src/install/ur_description/share/ur_description/meshes/ur8long/visual/upperarm.dae
[1.317s] -- Up-to-date: /home/hasan-fashtouk/ur_ws/src/install/ur_description/share/ur_description/meshes/ur8long/visual/forearm.dae
[1.317s] -- Up-to-date: /home/hasan-fashtouk/ur_ws/src/install/ur_description/share/ur_description/meshes/ur5e
[1.317s] -- Up-to-date: /home/hasan-fashtouk/ur_ws/src/install/ur_description/share/ur_description/meshes/ur5e/collision
[1.318s] -- Up-to-date: /home/hasan-fashtouk/ur_ws/src/install/ur_description/share/ur_description/meshes/ur5e/collision/wrist1.stl
[1.318s] -- Up-to-date: /home/hasan-fashtouk/ur_ws/src/install/ur_description/share/ur_description/meshes/ur5e/collision/base.stl
[1.318s] -- Up-to-date: /home/hasan-fashtouk/ur_ws/src/install/ur_description/share/ur_description/meshes/ur5e/collision/forearm.stl
[1.318s] -- Up-to-date: /home/hasan-fashtouk/ur_ws/src/install/ur_description/share/ur_description/meshes/ur5e/collision/wrist2.stl
[1.318s] -- Up-to-date: /home/hasan-fashtouk/ur_ws/src/install/ur_description/share/ur_description/meshes/ur5e/collision/shoulder.stl
[1.318s] -- Up-to-date: /home/hasan-fashtouk/ur_ws/src/install/ur_description/share/ur_description/meshes/ur5e/collision/wrist3.stl
[1.319s] -- Up-to-date: /home/hasan-fashtouk/ur_ws/src/install/ur_description/share/ur_description/meshes/ur5e/collision/upperarm.stl
[1.319s] -- Up-to-date: /home/hasan-fashtouk/ur_ws/src/install/ur_description/share/ur_description/meshes/ur5e/visual
[1.319s] -- Up-to-date: /home/hasan-fashtouk/ur_ws/src/install/ur_description/share/ur_description/meshes/ur5e/visual/shoulder.dae
[1.319s] -- Up-to-date: /home/hasan-fashtouk/ur_ws/src/install/ur_description/share/ur_description/meshes/ur5e/visual/wrist1.dae
[1.319s] -- Up-to-date: /home/hasan-fashtouk/ur_ws/src/install/ur_description/share/ur_description/meshes/ur5e/visual/wrist3.dae
[1.319s] -- Up-to-date: /home/hasan-fashtouk/ur_ws/src/install/ur_description/share/ur_description/meshes/ur5e/visual/wrist2.dae
[1.320s] -- Up-to-date: /home/hasan-fashtouk/ur_ws/src/install/ur_description/share/ur_description/meshes/ur5e/visual/base.dae
[1.320s] -- Up-to-date: /home/hasan-fashtouk/ur_ws/src/install/ur_description/share/ur_description/meshes/ur5e/visual/upperarm.dae
[1.320s] -- Up-to-date: /home/hasan-fashtouk/ur_ws/src/install/ur_description/share/ur_description/meshes/ur5e/visual/forearm.dae
[1.320s] -- Up-to-date: /home/hasan-fashtouk/ur_ws/src/install/ur_description/share/ur_description/meshes/ur30
[1.321s] -- Up-to-date: /home/hasan-fashtouk/ur_ws/src/install/ur_description/share/ur_description/meshes/ur30/LICENSE.txt
[1.321s] -- Up-to-date: /home/hasan-fashtouk/ur_ws/src/install/ur_description/share/ur_description/meshes/ur30/collision
[1.321s] -- Up-to-date: /home/hasan-fashtouk/ur_ws/src/install/ur_description/share/ur_description/meshes/ur30/collision/forearm.stl
[1.321s] -- Up-to-date: /home/hasan-fashtouk/ur_ws/src/install/ur_description/share/ur_description/meshes/ur30/collision/upperarm.stl
[1.322s] -- Up-to-date: /home/hasan-fashtouk/ur_ws/src/install/ur_description/share/ur_description/meshes/ur30/visual
[1.322s] -- Up-to-date: /home/hasan-fashtouk/ur_ws/src/install/ur_description/share/ur_description/meshes/ur30/visual/upperarm.dae
[1.322s] -- Up-to-date: /home/hasan-fashtouk/ur_ws/src/install/ur_description/share/ur_description/meshes/ur30/visual/UR30_DIFF_8bit_2K.png
[1.322s] -- Up-to-date: /home/hasan-fashtouk/ur_ws/src/install/ur_description/share/ur_description/meshes/ur30/visual/forearm.dae
[1.322s] -- Up-to-date: /home/hasan-fashtouk/ur_ws/src/install/ur_description/share/ur_description/meshes/ur3
[1.322s] -- Up-to-date: /home/hasan-fashtouk/ur_ws/src/install/ur_description/share/ur_description/meshes/ur3/collision
[1.323s] -- Up-to-date: /home/hasan-fashtouk/ur_ws/src/install/ur_description/share/ur_description/meshes/ur3/collision/wrist1.stl
[1.323s] -- Up-to-date: /home/hasan-fashtouk/ur_ws/src/install/ur_description/share/ur_description/meshes/ur3/collision/base.stl
[1.323s] -- Up-to-date: /home/hasan-fashtouk/ur_ws/src/install/ur_description/share/ur_description/meshes/ur3/collision/forearm.stl
[1.323s] -- Up-to-date: /home/hasan-fashtouk/ur_ws/src/install/ur_description/share/ur_description/meshes/ur3/collision/wrist2.stl
[1.323s] -- Up-to-date: /home/hasan-fashtouk/ur_ws/src/install/ur_description/share/ur_description/meshes/ur3/collision/shoulder.stl
[1.323s] -- Up-to-date: /home/hasan-fashtouk/ur_ws/src/install/ur_description/share/ur_description/meshes/ur3/collision/wrist3.stl
[1.324s] -- Up-to-date: /home/hasan-fashtouk/ur_ws/src/install/ur_description/share/ur_description/meshes/ur3/collision/upperarm.stl
[1.324s] -- Up-to-date: /home/hasan-fashtouk/ur_ws/src/install/ur_description/share/ur_description/meshes/ur3/visual
[1.324s] -- Up-to-date: /home/hasan-fashtouk/ur_ws/src/install/ur_description/share/ur_description/meshes/ur3/visual/shoulder.dae
[1.324s] -- Up-to-date: /home/hasan-fashtouk/ur_ws/src/install/ur_description/share/ur_description/meshes/ur3/visual/wrist1.dae
[1.324s] -- Up-to-date: /home/hasan-fashtouk/ur_ws/src/install/ur_description/share/ur_description/meshes/ur3/visual/wrist3.dae
[1.324s] -- Up-to-date: /home/hasan-fashtouk/ur_ws/src/install/ur_description/share/ur_description/meshes/ur3/visual/wrist2.dae
[1.325s] -- Up-to-date: /home/hasan-fashtouk/ur_ws/src/install/ur_description/share/ur_description/meshes/ur3/visual/base.dae
[1.325s] -- Up-to-date: /home/hasan-fashtouk/ur_ws/src/install/ur_description/share/ur_description/meshes/ur3/visual/upperarm.dae
[1.325s] -- Up-to-date: /home/hasan-fashtouk/ur_ws/src/install/ur_description/share/ur_description/meshes/ur3/visual/forearm.dae
[1.325s] -- Up-to-date: /home/hasan-fashtouk/ur_ws/src/install/ur_description/share/ur_description/meshes/ur5
[1.325s] -- Up-to-date: /home/hasan-fashtouk/ur_ws/src/install/ur_description/share/ur_description/meshes/ur5/collision
[1.325s] -- Up-to-date: /home/hasan-fashtouk/ur_ws/src/install/ur_description/share/ur_description/meshes/ur5/collision/wrist1.stl
[1.325s] -- Up-to-date: /home/hasan-fashtouk/ur_ws/src/install/ur_description/share/ur_description/meshes/ur5/collision/base.stl
[1.326s] -- Up-to-date: /home/hasan-fashtouk/ur_ws/src/install/ur_description/share/ur_description/meshes/ur5/collision/forearm.stl
[1.326s] -- Up-to-date: /home/hasan-fashtouk/ur_ws/src/install/ur_description/share/ur_description/meshes/ur5/collision/wrist2.stl
[1.326s] -- Up-to-date: /home/hasan-fashtouk/ur_ws/src/install/ur_description/share/ur_description/meshes/ur5/collision/shoulder.stl
[1.326s] -- Up-to-date: /home/hasan-fashtouk/ur_ws/src/install/ur_description/share/ur_description/meshes/ur5/collision/wrist3.stl
[1.326s] -- Up-to-date: /home/hasan-fashtouk/ur_ws/src/install/ur_description/share/ur_description/meshes/ur5/collision/upperarm.stl
[1.326s] -- Up-to-date: /home/hasan-fashtouk/ur_ws/src/install/ur_description/share/ur_description/meshes/ur5/visual
[1.326s] -- Up-to-date: /home/hasan-fashtouk/ur_ws/src/install/ur_description/share/ur_description/meshes/ur5/visual/shoulder.dae
[1.326s] -- Up-to-date: /home/hasan-fashtouk/ur_ws/src/install/ur_description/share/ur_description/meshes/ur5/visual/wrist1.dae
[1.326s] -- Up-to-date: /home/hasan-fashtouk/ur_ws/src/install/ur_description/share/ur_description/meshes/ur5/visual/wrist3.dae
[1.326s] -- Up-to-date: /home/hasan-fashtouk/ur_ws/src/install/ur_description/share/ur_description/meshes/ur5/visual/wrist2.dae
[1.326s] -- Up-to-date: /home/hasan-fashtouk/ur_ws/src/install/ur_description/share/ur_description/meshes/ur5/visual/base.dae
[1.327s] -- Up-to-date: /home/hasan-fashtouk/ur_ws/src/install/ur_description/share/ur_description/meshes/ur5/visual/upperarm.dae
[1.327s] -- Up-to-date: /home/hasan-fashtouk/ur_ws/src/install/ur_description/share/ur_description/meshes/ur5/visual/forearm.dae
[1.327s] -- Up-to-date: /home/hasan-fashtouk/ur_ws/src/install/ur_description/share/ur_description/meshes/ur10
[1.327s] -- Up-to-date: /home/hasan-fashtouk/ur_ws/src/install/ur_description/share/ur_description/meshes/ur10/collision
[1.327s] -- Up-to-date: /home/hasan-fashtouk/ur_ws/src/install/ur_description/share/ur_description/meshes/ur10/collision/wrist1.stl
[1.327s] -- Up-to-date: /home/hasan-fashtouk/ur_ws/src/install/ur_description/share/ur_description/meshes/ur10/collision/base.stl
[1.327s] -- Up-to-date: /home/hasan-fashtouk/ur_ws/src/install/ur_description/share/ur_description/meshes/ur10/collision/forearm.stl
[1.327s] -- Up-to-date: /home/hasan-fashtouk/ur_ws/src/install/ur_description/share/ur_description/meshes/ur10/collision/wrist2.stl
[1.327s] -- Up-to-date: /home/hasan-fashtouk/ur_ws/src/install/ur_description/share/ur_description/meshes/ur10/collision/shoulder.stl
[1.327s] -- Up-to-date: /home/hasan-fashtouk/ur_ws/src/install/ur_description/share/ur_description/meshes/ur10/collision/wrist3.stl
[1.327s] -- Up-to-date: /home/hasan-fashtouk/ur_ws/src/install/ur_description/share/ur_description/meshes/ur10/collision/upperarm.stl
[1.328s] -- Up-to-date: /home/hasan-fashtouk/ur_ws/src/install/ur_description/share/ur_description/meshes/ur10/visual
[1.328s] -- Up-to-date: /home/hasan-fashtouk/ur_ws/src/install/ur_description/share/ur_description/meshes/ur10/visual/shoulder.dae
[1.328s] -- Up-to-date: /home/hasan-fashtouk/ur_ws/src/install/ur_description/share/ur_description/meshes/ur10/visual/wrist1.dae
[1.328s] -- Up-to-date: /home/hasan-fashtouk/ur_ws/src/install/ur_description/share/ur_description/meshes/ur10/visual/wrist3.dae
[1.328s] -- Up-to-date: /home/hasan-fashtouk/ur_ws/src/install/ur_description/share/ur_description/meshes/ur10/visual/wrist2.dae
[1.328s] -- Up-to-date: /home/hasan-fashtouk/ur_ws/src/install/ur_description/share/ur_description/meshes/ur10/visual/base.dae
[1.328s] -- Up-to-date: /home/hasan-fashtouk/ur_ws/src/install/ur_description/share/ur_description/meshes/ur10/visual/upperarm.dae
[1.328s] -- Up-to-date: /home/hasan-fashtouk/ur_ws/src/install/ur_description/share/ur_description/meshes/ur10/visual/forearm.dae
[1.328s] -- Up-to-date: /home/hasan-fashtouk/ur_ws/src/install/ur_description/share/ur_description/rviz
[1.328s] -- Up-to-date: /home/hasan-fashtouk/ur_ws/src/install/ur_description/share/ur_description/rviz/view_robot.rviz
[1.328s] -- Up-to-date: /home/hasan-fashtouk/ur_ws/src/install/ur_description/share/ur_description/urdf
[1.328s] -- Up-to-date: /home/hasan-fashtouk/ur_ws/src/install/ur_description/share/ur_description/urdf/ur_mocked.urdf.xacro
[1.329s] -- Up-to-date: /home/hasan-fashtouk/ur_ws/src/install/ur_description/share/ur_description/urdf/ros2_control_mock_hardware.xacro
[1.329s] -- Up-to-date: /home/hasan-fashtouk/ur_ws/src/install/ur_description/share/ur_description/urdf/ur_macro.xacro
[1.329s] -- Up-to-date: /home/hasan-fashtouk/ur_ws/src/install/ur_description/share/ur_description/urdf/ur.urdf.xacro
[1.329s] -- Up-to-date: /home/hasan-fashtouk/ur_ws/src/install/ur_description/share/ur_description/urdf/inc
[1.329s] -- Up-to-date: /home/hasan-fashtouk/ur_ws/src/install/ur_description/share/ur_description/urdf/inc/ur_sensors.xacro
[1.329s] -- Up-to-date: /home/hasan-fashtouk/ur_ws/src/install/ur_description/share/ur_description/urdf/inc/ur_common.xacro
[1.329s] -- Up-to-date: /home/hasan-fashtouk/ur_ws/src/install/ur_description/share/ur_description/urdf/inc/ur_transmissions.xacro
[1.329s] -- Up-to-date: /home/hasan-fashtouk/ur_ws/src/install/ur_description/share/ur_description/urdf/inc/ur_joint_control.xacro
[1.329s] -- Up-to-date: /home/hasan-fashtouk/ur_ws/src/install/ur_description/share/ur_description/test
[1.329s] -- Up-to-date: /home/hasan-fashtouk/ur_ws/src/install/ur_description/share/ur_description/test/test_ur_urdf_xacro.py
[1.329s] -- Up-to-date: /home/hasan-fashtouk/ur_ws/src/install/ur_description/share/ur_description/test/test_view_ur_launch.py
[1.329s] -- Up-to-date: /home/hasan-fashtouk/ur_ws/src/install/ur_description/share/ament_index/resource_index/package_run_dependencies/ur_description
[1.330s] -- Up-to-date: /home/hasan-fashtouk/ur_ws/src/install/ur_description/share/ament_index/resource_index/parent_prefix_path/ur_description
[1.330s] -- Up-to-date: /home/hasan-fashtouk/ur_ws/src/install/ur_description/share/ur_description/environment/ament_prefix_path.sh
[1.330s] -- Up-to-date: /home/hasan-fashtouk/ur_ws/src/install/ur_description/share/ur_description/environment/ament_prefix_path.dsv
[1.330s] -- Up-to-date: /home/hasan-fashtouk/ur_ws/src/install/ur_description/share/ur_description/environment/path.sh
[1.330s] -- Up-to-date: /home/hasan-fashtouk/ur_ws/src/install/ur_description/share/ur_description/environment/path.dsv
[1.330s] -- Up-to-date: /home/hasan-fashtouk/ur_ws/src/install/ur_description/share/ur_description/local_setup.bash
[1.330s] -- Up-to-date: /home/hasan-fashtouk/ur_ws/src/install/ur_description/share/ur_description/local_setup.sh
[1.330s] -- Up-to-date: /home/hasan-fashtouk/ur_ws/src/install/ur_description/share/ur_description/local_setup.zsh
[1.330s] -- Up-to-date: /home/hasan-fashtouk/ur_ws/src/install/ur_description/share/ur_description/local_setup.dsv
[1.330s] -- Installing: /home/hasan-fashtouk/ur_ws/src/install/ur_description/share/ur_description/package.dsv
[1.330s] -- Up-to-date: /home/hasan-fashtouk/ur_ws/src/install/ur_description/share/ament_index/resource_index/packages/ur_description
[1.330s] -- Up-to-date: /home/hasan-fashtouk/ur_ws/src/install/ur_description/share/ur_description/cmake/ur_descriptionConfig.cmake
[1.331s] -- Up-to-date: /home/hasan-fashtouk/ur_ws/src/install/ur_description/share/ur_description/cmake/ur_descriptionConfig-version.cmake
[1.331s] -- Up-to-date: /home/hasan-fashtouk/ur_ws/src/install/ur_description/share/ur_description/package.xml
[1.686s] Invoked command in '/home/hasan-fashtouk/ur_ws/src/build/ur_description' returned '0': CMAKE_PREFIX_PATH=${CMAKE_PREFIX_PATH}:/opt/ros/jazzy DEBUGINFOD_URLS=https://debuginfod.ubuntu.com /usr/bin/cmake --install /home/hasan-fashtouk/ur_ws/src/build/ur_description
