[0.062s] Invoking command in '/home/hasan-fashtouk/ur_ws/src/build/robotiq_controllers': CMAKE_PREFIX_PATH=${CMAKE_PREFIX_PATH}:/opt/ros/jazzy DEBUGINFOD_URLS=https://debuginfod.ubuntu.com /usr/bin/cmake /home/hasan-fashtouk/ur_ws/src/ros2_robotiq_gripper/robotiq_controllers -DCMAKE_INSTALL_PREFIX=/home/hasan-fashtouk/ur_ws/src/install/robotiq_controllers
[1.931s] -- The C compiler identification is GNU 13.3.0
[2.840s] -- The CXX compiler identification is GNU 13.3.0
[3.029s] -- Detecting C compiler ABI info
[3.483s] -- Detecting C compiler ABI info - done
[3.505s] -- Check for working C compiler: /usr/bin/cc - skipped
[3.505s] -- Detecting C compile features
[3.509s] -- Detecting C compile features - done
[3.568s] -- Detecting CXX compiler ABI info
[3.793s] -- Detecting CXX compiler ABI info - done
[3.816s] -- Check for working CXX compiler: /usr/bin/c++ - skipped
[3.817s] -- Detecting CXX compile features
[3.818s] -- Detecting CXX compile features - done
[4.141s] -- Found ament_cmake: 2.5.4 (/opt/ros/jazzy/share/ament_cmake/cmake)
[4.485s] -- Found Python3: /usr/bin/python3 (found version "3.12.3") found components: Interpreter 
[4.886s] -- Found controller_interface: 4.39.2 (/opt/ros/jazzy/share/controller_interface/cmake)
[6.507s] -- Found rosidl_generator_c: 4.6.6 (/opt/ros/jazzy/share/rosidl_generator_c/cmake)
[6.877s] -- Found rosidl_generator_cpp: 4.6.6 (/opt/ros/jazzy/share/rosidl_generator_cpp/cmake)
[7.516s] -- Using all available rosidl_typesupport_c: rosidl_typesupport_fastrtps_c;rosidl_typesupport_introspection_c
[7.781s] -- Using all available rosidl_typesupport_cpp: rosidl_typesupport_fastrtps_cpp;rosidl_typesupport_introspection_cpp
[10.434s] -- Found TinyXML2 via Config file: /usr/lib/x86_64-linux-gnu/cmake/tinyxml2
[10.685s] -- Found rmw_implementation_cmake: 7.3.2 (/opt/ros/jazzy/share/rmw_implementation_cmake/cmake)
[10.724s] -- Found rmw_cyclonedds_cpp: 2.2.3 (/opt/ros/jazzy/share/rmw_cyclonedds_cpp/cmake)
[11.037s] -- Using RMW implementation 'rmw_cyclonedds_cpp' as default
[12.855s] -- Found std_srvs: 5.3.6 (/opt/ros/jazzy/share/std_srvs/cmake)
[12.913s] -- Found ament_lint_auto: 0.17.3 (/opt/ros/jazzy/share/ament_lint_auto/cmake)
[13.130s] -- Added test 'cppcheck' to perform static code analysis on C / C++ code
[13.130s] -- Configured cppcheck include dirs: /home/hasan-fashtouk/ur_ws/src/ros2_robotiq_gripper/robotiq_controllers/include
[13.131s] -- Configured cppcheck exclude dirs and/or files: 
[13.133s] -- Added test 'lint_cmake' to check CMake code style
[13.196s] -- Configuring done (13.1s)
[13.526s] -- Generating done (0.3s)
[13.536s] -- Build files have been written to: /home/hasan-fashtouk/ur_ws/src/build/robotiq_controllers
[13.553s] Invoked command in '/home/hasan-fashtouk/ur_ws/src/build/robotiq_controllers' returned '0': CMAKE_PREFIX_PATH=${CMAKE_PREFIX_PATH}:/opt/ros/jazzy DEBUGINFOD_URLS=https://debuginfod.ubuntu.com /usr/bin/cmake /home/hasan-fashtouk/ur_ws/src/ros2_robotiq_gripper/robotiq_controllers -DCMAKE_INSTALL_PREFIX=/home/hasan-fashtouk/ur_ws/src/install/robotiq_controllers
[13.555s] Invoking command in '/home/hasan-fashtouk/ur_ws/src/build/robotiq_controllers': CMAKE_PREFIX_PATH=${CMAKE_PREFIX_PATH}:/opt/ros/jazzy DEBUGINFOD_URLS=https://debuginfod.ubuntu.com /usr/bin/cmake --build /home/hasan-fashtouk/ur_ws/src/build/robotiq_controllers -- -j4 -l4
[13.639s] [ 50%] [32mBuilding CXX object CMakeFiles/robotiq_controllers.dir/src/robotiq_activation_controller.cpp.o[0m
[25.326s] [100%] [32m[1mLinking CXX shared library librobotiq_controllers.so[0m
[29.011s] [100%] Built target robotiq_controllers
[29.027s] Invoked command in '/home/hasan-fashtouk/ur_ws/src/build/robotiq_controllers' returned '0': CMAKE_PREFIX_PATH=${CMAKE_PREFIX_PATH}:/opt/ros/jazzy DEBUGINFOD_URLS=https://debuginfod.ubuntu.com /usr/bin/cmake --build /home/hasan-fashtouk/ur_ws/src/build/robotiq_controllers -- -j4 -l4
[29.030s] Invoking command in '/home/hasan-fashtouk/ur_ws/src/build/robotiq_controllers': CMAKE_PREFIX_PATH=${CMAKE_PREFIX_PATH}:/opt/ros/jazzy DEBUGINFOD_URLS=https://debuginfod.ubuntu.com /usr/bin/cmake --install /home/hasan-fashtouk/ur_ws/src/build/robotiq_controllers
[29.041s] -- Install configuration: ""
[29.042s] -- Installing: /home/hasan-fashtouk/ur_ws/src/install/robotiq_controllers/share/robotiq_controllers/controller_plugins.xml
[29.042s] -- Installing: /home/hasan-fashtouk/ur_ws/src/install/robotiq_controllers/lib/librobotiq_controllers.so
[29.045s] -- Set non-toolchain portion of runtime path of "/home/hasan-fashtouk/ur_ws/src/install/robotiq_controllers/lib/librobotiq_controllers.so" to ""
[29.045s] -- Installing: /home/hasan-fashtouk/ur_ws/src/install/robotiq_controllers/include
[29.045s] -- Installing: /home/hasan-fashtouk/ur_ws/src/install/robotiq_controllers/include/robotiq_controllers
[29.045s] -- Installing: /home/hasan-fashtouk/ur_ws/src/install/robotiq_controllers/include/robotiq_controllers/robotiq_activation_controller.hpp
[29.046s] -- Installing: /home/hasan-fashtouk/ur_ws/src/install/robotiq_controllers/share/robotiq_controllers/environment/library_path.sh
[29.046s] -- Installing: /home/hasan-fashtouk/ur_ws/src/install/robotiq_controllers/share/robotiq_controllers/environment/library_path.dsv
[29.046s] -- Installing: /home/hasan-fashtouk/ur_ws/src/install/robotiq_controllers/share/ament_index/resource_index/package_run_dependencies/robotiq_controllers
[29.046s] -- Installing: /home/hasan-fashtouk/ur_ws/src/install/robotiq_controllers/share/ament_index/resource_index/parent_prefix_path/robotiq_controllers
[29.047s] -- Installing: /home/hasan-fashtouk/ur_ws/src/install/robotiq_controllers/share/robotiq_controllers/environment/ament_prefix_path.sh
[29.047s] -- Installing: /home/hasan-fashtouk/ur_ws/src/install/robotiq_controllers/share/robotiq_controllers/environment/ament_prefix_path.dsv
[29.047s] -- Installing: /home/hasan-fashtouk/ur_ws/src/install/robotiq_controllers/share/robotiq_controllers/environment/path.sh
[29.047s] -- Installing: /home/hasan-fashtouk/ur_ws/src/install/robotiq_controllers/share/robotiq_controllers/environment/path.dsv
[29.048s] -- Installing: /home/hasan-fashtouk/ur_ws/src/install/robotiq_controllers/share/robotiq_controllers/local_setup.bash
[29.048s] -- Installing: /home/hasan-fashtouk/ur_ws/src/install/robotiq_controllers/share/robotiq_controllers/local_setup.sh
[29.049s] -- Installing: /home/hasan-fashtouk/ur_ws/src/install/robotiq_controllers/share/robotiq_controllers/local_setup.zsh
[29.049s] -- Installing: /home/hasan-fashtouk/ur_ws/src/install/robotiq_controllers/share/robotiq_controllers/local_setup.dsv
[29.050s] -- Installing: /home/hasan-fashtouk/ur_ws/src/install/robotiq_controllers/share/robotiq_controllers/package.dsv
[29.050s] -- Installing: /home/hasan-fashtouk/ur_ws/src/install/robotiq_controllers/share/ament_index/resource_index/packages/robotiq_controllers
[29.050s] -- Installing: /home/hasan-fashtouk/ur_ws/src/install/robotiq_controllers/share/ament_index/resource_index/controller_interface__pluginlib__plugin/robotiq_controllers
[29.051s] -- Installing: /home/hasan-fashtouk/ur_ws/src/install/robotiq_controllers/share/robotiq_controllers/cmake/export_robotiq_controllersExport.cmake
[29.051s] -- Installing: /home/hasan-fashtouk/ur_ws/src/install/robotiq_controllers/share/robotiq_controllers/cmake/export_robotiq_controllersExport-noconfig.cmake
[29.051s] -- Installing: /home/hasan-fashtouk/ur_ws/src/install/robotiq_controllers/share/robotiq_controllers/cmake/ament_cmake_export_include_directories-extras.cmake
[29.051s] -- Installing: /home/hasan-fashtouk/ur_ws/src/install/robotiq_controllers/share/robotiq_controllers/cmake/ament_cmake_export_libraries-extras.cmake
[29.052s] -- Installing: /home/hasan-fashtouk/ur_ws/src/install/robotiq_controllers/share/robotiq_controllers/cmake/ament_cmake_export_targets-extras.cmake
[29.052s] -- Installing: /home/hasan-fashtouk/ur_ws/src/install/robotiq_controllers/share/robotiq_controllers/cmake/ament_cmake_export_dependencies-extras.cmake
[29.052s] -- Installing: /home/hasan-fashtouk/ur_ws/src/install/robotiq_controllers/share/robotiq_controllers/cmake/robotiq_controllersConfig.cmake
[29.052s] -- Installing: /home/hasan-fashtouk/ur_ws/src/install/robotiq_controllers/share/robotiq_controllers/cmake/robotiq_controllersConfig-version.cmake
[29.052s] -- Installing: /home/hasan-fashtouk/ur_ws/src/install/robotiq_controllers/share/robotiq_controllers/package.xml
[29.055s] Invoked command in '/home/hasan-fashtouk/ur_ws/src/build/robotiq_controllers' returned '0': CMAKE_PREFIX_PATH=${CMAKE_PREFIX_PATH}:/opt/ros/jazzy DEBUGINFOD_URLS=https://debuginfod.ubuntu.com /usr/bin/cmake --install /home/hasan-fashtouk/ur_ws/src/build/robotiq_controllers
