[0.509s] DEBUG:colcon:Command line arguments: ['/usr/bin/colcon', 'build']
[0.509s] DEBUG:colcon:Parsed command line arguments: Namespace(log_base=None, log_level=None, verb_name='build', build_base='build', install_base='install', merge_install=False, symlink_install=False, test_result_base=None, continue_on_error=False, executor='parallel', parallel_workers=4, event_handlers=None, ignore_user_meta=False, metas=['./colcon.meta'], base_paths=['.'], packages_ignore=None, packages_ignore_regex=None, paths=None, packages_up_to=None, packages_up_to_regex=None, packages_above=None, packages_above_and_dependencies=None, packages_above_depth=None, packages_select_by_dep=None, packages_skip_by_dep=None, packages_skip_up_to=None, packages_select_build_failed=False, packages_skip_build_finished=False, packages_select_test_failures=False, packages_skip_test_passed=False, packages_select=None, packages_skip=None, packages_select_regex=None, packages_skip_regex=None, packages_start=None, packages_end=None, allow_overriding=[], cmake_args=None, cmake_target=None, cmake_target_skip_unavailable=False, cmake_clean_cache=False, cmake_clean_first=False, cmake_force_configure=False, ament_cmake_args=None, catkin_cmake_args=None, catkin_skip_building_tests=False, mixin_files=None, mixin=None, verb_parser=<colcon_mixin.mixin.mixin_argument.MixinArgumentDecorator object at 0x76d7baedbf80>, verb_extension=<colcon_core.verb.build.BuildVerb object at 0x76d7baeabd10>, main=<bound method BuildVerb.main of <colcon_core.verb.build.BuildVerb object at 0x76d7baeabd10>>, mixin_verb=('build',))
[0.560s] Level 1:colcon.colcon_core.package_discovery:discover_packages(colcon_meta) check parameters
[0.561s] Level 1:colcon.colcon_core.package_discovery:discover_packages(recursive) check parameters
[0.561s] Level 1:colcon.colcon_core.package_discovery:discover_packages(ignore) check parameters
[0.561s] Level 1:colcon.colcon_core.package_discovery:discover_packages(path) check parameters
[0.561s] Level 1:colcon.colcon_core.package_discovery:discover_packages(colcon_meta) discover
[0.561s] Level 1:colcon.colcon_core.package_discovery:discover_packages(recursive) discover
[0.561s] INFO:colcon.colcon_core.package_discovery:Crawling recursively for packages in '/home/hasan-fashtouk/ur_ws/src'
[0.561s] Level 1:colcon.colcon_core.package_identification:_identify(.) by extensions ['ignore', 'ignore_ament_install']
[0.561s] Level 1:colcon.colcon_core.package_identification:_identify(.) by extension 'ignore'
[0.562s] Level 1:colcon.colcon_core.package_identification:_identify(.) by extension 'ignore_ament_install'
[0.562s] Level 1:colcon.colcon_core.package_identification:_identify(.) by extensions ['colcon_pkg']
[0.562s] Level 1:colcon.colcon_core.package_identification:_identify(.) by extension 'colcon_pkg'
[0.562s] Level 1:colcon.colcon_core.package_identification:_identify(.) by extensions ['colcon_meta']
[0.562s] Level 1:colcon.colcon_core.package_identification:_identify(.) by extension 'colcon_meta'
[0.562s] Level 1:colcon.colcon_core.package_identification:_identify(.) by extensions ['ros']
[0.562s] Level 1:colcon.colcon_core.package_identification:_identify(.) by extension 'ros'
[0.596s] Level 1:colcon.colcon_core.package_identification:_identify(.) by extensions ['cmake', 'python']
[0.596s] Level 1:colcon.colcon_core.package_identification:_identify(.) by extension 'cmake'
[0.596s] Level 1:colcon.colcon_core.package_identification:_identify(.) by extension 'python'
[0.597s] Level 1:colcon.colcon_core.package_identification:_identify(.) by extensions ['python_setup_py']
[0.597s] Level 1:colcon.colcon_core.package_identification:_identify(.) by extension 'python_setup_py'
[0.597s] Level 1:colcon.colcon_core.package_identification:_identify(Universal_Robots_ROS2_Description) by extensions ['ignore', 'ignore_ament_install']
[0.597s] Level 1:colcon.colcon_core.package_identification:_identify(Universal_Robots_ROS2_Description) by extension 'ignore'
[0.597s] Level 1:colcon.colcon_core.package_identification:_identify(Universal_Robots_ROS2_Description) by extension 'ignore_ament_install'
[0.598s] Level 1:colcon.colcon_core.package_identification:_identify(Universal_Robots_ROS2_Description) by extensions ['colcon_pkg']
[0.598s] Level 1:colcon.colcon_core.package_identification:_identify(Universal_Robots_ROS2_Description) by extension 'colcon_pkg'
[0.598s] Level 1:colcon.colcon_core.package_identification:_identify(Universal_Robots_ROS2_Description) by extensions ['colcon_meta']
[0.598s] Level 1:colcon.colcon_core.package_identification:_identify(Universal_Robots_ROS2_Description) by extension 'colcon_meta'
[0.598s] Level 1:colcon.colcon_core.package_identification:_identify(Universal_Robots_ROS2_Description) by extensions ['ros']
[0.598s] Level 1:colcon.colcon_core.package_identification:_identify(Universal_Robots_ROS2_Description) by extension 'ros'
[0.602s] DEBUG:colcon.colcon_core.package_identification:Package 'Universal_Robots_ROS2_Description' with type 'ros.ament_cmake' and name 'ur_description'
[0.602s] Level 1:colcon.colcon_core.package_identification:_identify(Universal_Robots_ROS2_GZ_Simulation) by extensions ['ignore', 'ignore_ament_install']
[0.602s] Level 1:colcon.colcon_core.package_identification:_identify(Universal_Robots_ROS2_GZ_Simulation) by extension 'ignore'
[0.603s] Level 1:colcon.colcon_core.package_identification:_identify(Universal_Robots_ROS2_GZ_Simulation) by extension 'ignore_ament_install'
[0.603s] Level 1:colcon.colcon_core.package_identification:_identify(Universal_Robots_ROS2_GZ_Simulation) by extensions ['colcon_pkg']
[0.603s] Level 1:colcon.colcon_core.package_identification:_identify(Universal_Robots_ROS2_GZ_Simulation) by extension 'colcon_pkg'
[0.603s] Level 1:colcon.colcon_core.package_identification:_identify(Universal_Robots_ROS2_GZ_Simulation) by extensions ['colcon_meta']
[0.603s] Level 1:colcon.colcon_core.package_identification:_identify(Universal_Robots_ROS2_GZ_Simulation) by extension 'colcon_meta'
[0.603s] Level 1:colcon.colcon_core.package_identification:_identify(Universal_Robots_ROS2_GZ_Simulation) by extensions ['ros']
[0.603s] Level 1:colcon.colcon_core.package_identification:_identify(Universal_Robots_ROS2_GZ_Simulation) by extension 'ros'
[0.603s] Level 1:colcon.colcon_core.package_identification:_identify(Universal_Robots_ROS2_GZ_Simulation) by extensions ['cmake', 'python']
[0.603s] Level 1:colcon.colcon_core.package_identification:_identify(Universal_Robots_ROS2_GZ_Simulation) by extension 'cmake'
[0.603s] Level 1:colcon.colcon_core.package_identification:_identify(Universal_Robots_ROS2_GZ_Simulation) by extension 'python'
[0.603s] Level 1:colcon.colcon_core.package_identification:_identify(Universal_Robots_ROS2_GZ_Simulation) by extensions ['python_setup_py']
[0.603s] Level 1:colcon.colcon_core.package_identification:_identify(Universal_Robots_ROS2_GZ_Simulation) by extension 'python_setup_py'
[0.604s] Level 1:colcon.colcon_core.package_identification:_identify(Universal_Robots_ROS2_GZ_Simulation/ur_simulation_gz) by extensions ['ignore', 'ignore_ament_install']
[0.604s] Level 1:colcon.colcon_core.package_identification:_identify(Universal_Robots_ROS2_GZ_Simulation/ur_simulation_gz) by extension 'ignore'
[0.604s] Level 1:colcon.colcon_core.package_identification:_identify(Universal_Robots_ROS2_GZ_Simulation/ur_simulation_gz) by extension 'ignore_ament_install'
[0.604s] Level 1:colcon.colcon_core.package_identification:_identify(Universal_Robots_ROS2_GZ_Simulation/ur_simulation_gz) by extensions ['colcon_pkg']
[0.604s] Level 1:colcon.colcon_core.package_identification:_identify(Universal_Robots_ROS2_GZ_Simulation/ur_simulation_gz) by extension 'colcon_pkg'
[0.604s] Level 1:colcon.colcon_core.package_identification:_identify(Universal_Robots_ROS2_GZ_Simulation/ur_simulation_gz) by extensions ['colcon_meta']
[0.604s] Level 1:colcon.colcon_core.package_identification:_identify(Universal_Robots_ROS2_GZ_Simulation/ur_simulation_gz) by extension 'colcon_meta'
[0.604s] Level 1:colcon.colcon_core.package_identification:_identify(Universal_Robots_ROS2_GZ_Simulation/ur_simulation_gz) by extensions ['ros']
[0.604s] Level 1:colcon.colcon_core.package_identification:_identify(Universal_Robots_ROS2_GZ_Simulation/ur_simulation_gz) by extension 'ros'
[0.606s] DEBUG:colcon.colcon_core.package_identification:Package 'Universal_Robots_ROS2_GZ_Simulation/ur_simulation_gz' with type 'ros.ament_cmake' and name 'ur_simulation_gz'
[0.606s] Level 1:colcon.colcon_core.package_identification:_identify(build) by extensions ['ignore', 'ignore_ament_install']
[0.607s] Level 1:colcon.colcon_core.package_identification:_identify(build) by extension 'ignore'
[0.607s] Level 1:colcon.colcon_core.package_identification:_identify(build) ignored
[0.607s] Level 1:colcon.colcon_core.package_identification:_identify(install) by extensions ['ignore', 'ignore_ament_install']
[0.607s] Level 1:colcon.colcon_core.package_identification:_identify(install) by extension 'ignore'
[0.607s] Level 1:colcon.colcon_core.package_identification:_identify(install) ignored
[0.607s] Level 1:colcon.colcon_core.package_identification:_identify(log) by extensions ['ignore', 'ignore_ament_install']
[0.607s] Level 1:colcon.colcon_core.package_identification:_identify(log) by extension 'ignore'
[0.607s] Level 1:colcon.colcon_core.package_identification:_identify(log) ignored
[0.608s] Level 1:colcon.colcon_core.package_identification:_identify(ros2_robotiq_gripper) by extensions ['ignore', 'ignore_ament_install']
[0.608s] Level 1:colcon.colcon_core.package_identification:_identify(ros2_robotiq_gripper) by extension 'ignore'
[0.608s] Level 1:colcon.colcon_core.package_identification:_identify(ros2_robotiq_gripper) by extension 'ignore_ament_install'
[0.608s] Level 1:colcon.colcon_core.package_identification:_identify(ros2_robotiq_gripper) by extensions ['colcon_pkg']
[0.608s] Level 1:colcon.colcon_core.package_identification:_identify(ros2_robotiq_gripper) by extension 'colcon_pkg'
[0.608s] Level 1:colcon.colcon_core.package_identification:_identify(ros2_robotiq_gripper) by extensions ['colcon_meta']
[0.608s] Level 1:colcon.colcon_core.package_identification:_identify(ros2_robotiq_gripper) by extension 'colcon_meta'
[0.608s] Level 1:colcon.colcon_core.package_identification:_identify(ros2_robotiq_gripper) by extensions ['ros']
[0.608s] Level 1:colcon.colcon_core.package_identification:_identify(ros2_robotiq_gripper) by extension 'ros'
[0.608s] Level 1:colcon.colcon_core.package_identification:_identify(ros2_robotiq_gripper) by extensions ['cmake', 'python']
[0.609s] Level 1:colcon.colcon_core.package_identification:_identify(ros2_robotiq_gripper) by extension 'cmake'
[0.609s] Level 1:colcon.colcon_core.package_identification:_identify(ros2_robotiq_gripper) by extension 'python'
[0.609s] Level 1:colcon.colcon_core.package_identification:_identify(ros2_robotiq_gripper) by extensions ['python_setup_py']
[0.609s] Level 1:colcon.colcon_core.package_identification:_identify(ros2_robotiq_gripper) by extension 'python_setup_py'
[0.609s] Level 1:colcon.colcon_core.package_identification:_identify(ros2_robotiq_gripper/robotiq_controllers) by extensions ['ignore', 'ignore_ament_install']
[0.609s] Level 1:colcon.colcon_core.package_identification:_identify(ros2_robotiq_gripper/robotiq_controllers) by extension 'ignore'
[0.609s] Level 1:colcon.colcon_core.package_identification:_identify(ros2_robotiq_gripper/robotiq_controllers) by extension 'ignore_ament_install'
[0.609s] Level 1:colcon.colcon_core.package_identification:_identify(ros2_robotiq_gripper/robotiq_controllers) by extensions ['colcon_pkg']
[0.610s] Level 1:colcon.colcon_core.package_identification:_identify(ros2_robotiq_gripper/robotiq_controllers) by extension 'colcon_pkg'
[0.610s] Level 1:colcon.colcon_core.package_identification:_identify(ros2_robotiq_gripper/robotiq_controllers) by extensions ['colcon_meta']
[0.610s] Level 1:colcon.colcon_core.package_identification:_identify(ros2_robotiq_gripper/robotiq_controllers) by extension 'colcon_meta'
[0.610s] Level 1:colcon.colcon_core.package_identification:_identify(ros2_robotiq_gripper/robotiq_controllers) by extensions ['ros']
[0.610s] Level 1:colcon.colcon_core.package_identification:_identify(ros2_robotiq_gripper/robotiq_controllers) by extension 'ros'
[0.611s] DEBUG:colcon.colcon_core.package_identification:Package 'ros2_robotiq_gripper/robotiq_controllers' with type 'ros.ament_cmake' and name 'robotiq_controllers'
[0.611s] Level 1:colcon.colcon_core.package_identification:_identify(ros2_robotiq_gripper/robotiq_description) by extensions ['ignore', 'ignore_ament_install']
[0.611s] Level 1:colcon.colcon_core.package_identification:_identify(ros2_robotiq_gripper/robotiq_description) by extension 'ignore'
[0.612s] Level 1:colcon.colcon_core.package_identification:_identify(ros2_robotiq_gripper/robotiq_description) by extension 'ignore_ament_install'
[0.612s] Level 1:colcon.colcon_core.package_identification:_identify(ros2_robotiq_gripper/robotiq_description) by extensions ['colcon_pkg']
[0.612s] Level 1:colcon.colcon_core.package_identification:_identify(ros2_robotiq_gripper/robotiq_description) by extension 'colcon_pkg'
[0.612s] Level 1:colcon.colcon_core.package_identification:_identify(ros2_robotiq_gripper/robotiq_description) by extensions ['colcon_meta']
[0.612s] Level 1:colcon.colcon_core.package_identification:_identify(ros2_robotiq_gripper/robotiq_description) by extension 'colcon_meta'
[0.612s] Level 1:colcon.colcon_core.package_identification:_identify(ros2_robotiq_gripper/robotiq_description) by extensions ['ros']
[0.612s] Level 1:colcon.colcon_core.package_identification:_identify(ros2_robotiq_gripper/robotiq_description) by extension 'ros'
[0.613s] DEBUG:colcon.colcon_core.package_identification:Package 'ros2_robotiq_gripper/robotiq_description' with type 'ros.ament_cmake' and name 'robotiq_description'
[0.613s] Level 1:colcon.colcon_core.package_identification:_identify(ur5e_description) by extensions ['ignore', 'ignore_ament_install']
[0.613s] Level 1:colcon.colcon_core.package_identification:_identify(ur5e_description) by extension 'ignore'
[0.613s] Level 1:colcon.colcon_core.package_identification:_identify(ur5e_description) by extension 'ignore_ament_install'
[0.614s] Level 1:colcon.colcon_core.package_identification:_identify(ur5e_description) by extensions ['colcon_pkg']
[0.614s] Level 1:colcon.colcon_core.package_identification:_identify(ur5e_description) by extension 'colcon_pkg'
[0.614s] Level 1:colcon.colcon_core.package_identification:_identify(ur5e_description) by extensions ['colcon_meta']
[0.614s] Level 1:colcon.colcon_core.package_identification:_identify(ur5e_description) by extension 'colcon_meta'
[0.614s] Level 1:colcon.colcon_core.package_identification:_identify(ur5e_description) by extensions ['ros']
[0.614s] Level 1:colcon.colcon_core.package_identification:_identify(ur5e_description) by extension 'ros'
[0.615s] DEBUG:colcon.colcon_core.package_identification:Package 'ur5e_description' with type 'ros.ament_cmake' and name 'ur5e_description'
[0.615s] Level 1:colcon.colcon_core.package_identification:_identify(ur_moveit_config) by extensions ['ignore', 'ignore_ament_install']
[0.616s] Level 1:colcon.colcon_core.package_identification:_identify(ur_moveit_config) by extension 'ignore'
[0.616s] Level 1:colcon.colcon_core.package_identification:_identify(ur_moveit_config) by extension 'ignore_ament_install'
[0.616s] Level 1:colcon.colcon_core.package_identification:_identify(ur_moveit_config) by extensions ['colcon_pkg']
[0.616s] Level 1:colcon.colcon_core.package_identification:_identify(ur_moveit_config) by extension 'colcon_pkg'
[0.616s] Level 1:colcon.colcon_core.package_identification:_identify(ur_moveit_config) by extensions ['colcon_meta']
[0.616s] Level 1:colcon.colcon_core.package_identification:_identify(ur_moveit_config) by extension 'colcon_meta'
[0.616s] Level 1:colcon.colcon_core.package_identification:_identify(ur_moveit_config) by extensions ['ros']
[0.616s] Level 1:colcon.colcon_core.package_identification:_identify(ur_moveit_config) by extension 'ros'
[0.617s] DEBUG:colcon.colcon_core.package_identification:Package 'ur_moveit_config' with type 'ros.ament_cmake' and name 'ur_moveit_config'
[0.617s] Level 1:colcon.colcon_core.package_discovery:discover_packages(recursive) using defaults
[0.617s] Level 1:colcon.colcon_core.package_discovery:discover_packages(ignore) discover
[0.618s] Level 1:colcon.colcon_core.package_discovery:discover_packages(ignore) using defaults
[0.618s] Level 1:colcon.colcon_core.package_discovery:discover_packages(path) discover
[0.618s] Level 1:colcon.colcon_core.package_discovery:discover_packages(path) using defaults
[0.642s] Level 1:colcon.colcon_core.package_discovery:discover_packages(prefix_path) check parameters
[0.642s] Level 1:colcon.colcon_core.package_discovery:discover_packages(prefix_path) discover
[0.645s] DEBUG:colcon.colcon_installed_package_information.package_discovery:Found 6 installed packages in /home/hasan-fashtouk/ur_ws/src/install
[0.648s] DEBUG:colcon.colcon_installed_package_information.package_discovery:Found 435 installed packages in /opt/ros/jazzy
[0.649s] Level 1:colcon.colcon_core.package_discovery:discover_packages(prefix_path) using defaults
[0.769s] Level 5:colcon.colcon_core.verb:set package 'robotiq_controllers' build argument 'cmake_args' from command line to 'None'
[0.769s] Level 5:colcon.colcon_core.verb:set package 'robotiq_controllers' build argument 'cmake_target' from command line to 'None'
[0.769s] Level 5:colcon.colcon_core.verb:set package 'robotiq_controllers' build argument 'cmake_target_skip_unavailable' from command line to 'False'
[0.769s] Level 5:colcon.colcon_core.verb:set package 'robotiq_controllers' build argument 'cmake_clean_cache' from command line to 'False'
[0.769s] Level 5:colcon.colcon_core.verb:set package 'robotiq_controllers' build argument 'cmake_clean_first' from command line to 'False'
[0.769s] Level 5:colcon.colcon_core.verb:set package 'robotiq_controllers' build argument 'cmake_force_configure' from command line to 'False'
[0.770s] Level 5:colcon.colcon_core.verb:set package 'robotiq_controllers' build argument 'ament_cmake_args' from command line to 'None'
[0.770s] Level 5:colcon.colcon_core.verb:set package 'robotiq_controllers' build argument 'catkin_cmake_args' from command line to 'None'
[0.770s] Level 5:colcon.colcon_core.verb:set package 'robotiq_controllers' build argument 'catkin_skip_building_tests' from command line to 'False'
[0.770s] DEBUG:colcon.colcon_core.verb:Building package 'robotiq_controllers' with the following arguments: {'ament_cmake_args': None, 'build_base': '/home/hasan-fashtouk/ur_ws/src/build/robotiq_controllers', 'catkin_cmake_args': None, 'catkin_skip_building_tests': False, 'cmake_args': None, 'cmake_clean_cache': False, 'cmake_clean_first': False, 'cmake_force_configure': False, 'cmake_target': None, 'cmake_target_skip_unavailable': False, 'install_base': '/home/hasan-fashtouk/ur_ws/src/install/robotiq_controllers', 'merge_install': False, 'path': '/home/hasan-fashtouk/ur_ws/src/ros2_robotiq_gripper/robotiq_controllers', 'symlink_install': False, 'test_result_base': None}
[0.770s] Level 5:colcon.colcon_core.verb:set package 'robotiq_description' build argument 'cmake_args' from command line to 'None'
[0.770s] Level 5:colcon.colcon_core.verb:set package 'robotiq_description' build argument 'cmake_target' from command line to 'None'
[0.770s] Level 5:colcon.colcon_core.verb:set package 'robotiq_description' build argument 'cmake_target_skip_unavailable' from command line to 'False'
[0.770s] Level 5:colcon.colcon_core.verb:set package 'robotiq_description' build argument 'cmake_clean_cache' from command line to 'False'
[0.770s] Level 5:colcon.colcon_core.verb:set package 'robotiq_description' build argument 'cmake_clean_first' from command line to 'False'
[0.770s] Level 5:colcon.colcon_core.verb:set package 'robotiq_description' build argument 'cmake_force_configure' from command line to 'False'
[0.770s] Level 5:colcon.colcon_core.verb:set package 'robotiq_description' build argument 'ament_cmake_args' from command line to 'None'
[0.770s] Level 5:colcon.colcon_core.verb:set package 'robotiq_description' build argument 'catkin_cmake_args' from command line to 'None'
[0.771s] Level 5:colcon.colcon_core.verb:set package 'robotiq_description' build argument 'catkin_skip_building_tests' from command line to 'False'
[0.771s] DEBUG:colcon.colcon_core.verb:Building package 'robotiq_description' with the following arguments: {'ament_cmake_args': None, 'build_base': '/home/hasan-fashtouk/ur_ws/src/build/robotiq_description', 'catkin_cmake_args': None, 'catkin_skip_building_tests': False, 'cmake_args': None, 'cmake_clean_cache': False, 'cmake_clean_first': False, 'cmake_force_configure': False, 'cmake_target': None, 'cmake_target_skip_unavailable': False, 'install_base': '/home/hasan-fashtouk/ur_ws/src/install/robotiq_description', 'merge_install': False, 'path': '/home/hasan-fashtouk/ur_ws/src/ros2_robotiq_gripper/robotiq_description', 'symlink_install': False, 'test_result_base': None}
[0.771s] Level 5:colcon.colcon_core.verb:set package 'ur_description' build argument 'cmake_args' from command line to 'None'
[0.771s] Level 5:colcon.colcon_core.verb:set package 'ur_description' build argument 'cmake_target' from command line to 'None'
[0.771s] Level 5:colcon.colcon_core.verb:set package 'ur_description' build argument 'cmake_target_skip_unavailable' from command line to 'False'
[0.771s] Level 5:colcon.colcon_core.verb:set package 'ur_description' build argument 'cmake_clean_cache' from command line to 'False'
[0.771s] Level 5:colcon.colcon_core.verb:set package 'ur_description' build argument 'cmake_clean_first' from command line to 'False'
[0.771s] Level 5:colcon.colcon_core.verb:set package 'ur_description' build argument 'cmake_force_configure' from command line to 'False'
[0.771s] Level 5:colcon.colcon_core.verb:set package 'ur_description' build argument 'ament_cmake_args' from command line to 'None'
[0.771s] Level 5:colcon.colcon_core.verb:set package 'ur_description' build argument 'catkin_cmake_args' from command line to 'None'
[0.771s] Level 5:colcon.colcon_core.verb:set package 'ur_description' build argument 'catkin_skip_building_tests' from command line to 'False'
[0.772s] DEBUG:colcon.colcon_core.verb:Building package 'ur_description' with the following arguments: {'ament_cmake_args': None, 'build_base': '/home/hasan-fashtouk/ur_ws/src/build/ur_description', 'catkin_cmake_args': None, 'catkin_skip_building_tests': False, 'cmake_args': None, 'cmake_clean_cache': False, 'cmake_clean_first': False, 'cmake_force_configure': False, 'cmake_target': None, 'cmake_target_skip_unavailable': False, 'install_base': '/home/hasan-fashtouk/ur_ws/src/install/ur_description', 'merge_install': False, 'path': '/home/hasan-fashtouk/ur_ws/src/Universal_Robots_ROS2_Description', 'symlink_install': False, 'test_result_base': None}
[0.772s] Level 5:colcon.colcon_core.verb:set package 'ur5e_description' build argument 'cmake_args' from command line to 'None'
[0.772s] Level 5:colcon.colcon_core.verb:set package 'ur5e_description' build argument 'cmake_target' from command line to 'None'
[0.772s] Level 5:colcon.colcon_core.verb:set package 'ur5e_description' build argument 'cmake_target_skip_unavailable' from command line to 'False'
[0.772s] Level 5:colcon.colcon_core.verb:set package 'ur5e_description' build argument 'cmake_clean_cache' from command line to 'False'
[0.772s] Level 5:colcon.colcon_core.verb:set package 'ur5e_description' build argument 'cmake_clean_first' from command line to 'False'
[0.772s] Level 5:colcon.colcon_core.verb:set package 'ur5e_description' build argument 'cmake_force_configure' from command line to 'False'
[0.772s] Level 5:colcon.colcon_core.verb:set package 'ur5e_description' build argument 'ament_cmake_args' from command line to 'None'
[0.772s] Level 5:colcon.colcon_core.verb:set package 'ur5e_description' build argument 'catkin_cmake_args' from command line to 'None'
[0.772s] Level 5:colcon.colcon_core.verb:set package 'ur5e_description' build argument 'catkin_skip_building_tests' from command line to 'False'
[0.772s] DEBUG:colcon.colcon_core.verb:Building package 'ur5e_description' with the following arguments: {'ament_cmake_args': None, 'build_base': '/home/hasan-fashtouk/ur_ws/src/build/ur5e_description', 'catkin_cmake_args': None, 'catkin_skip_building_tests': False, 'cmake_args': None, 'cmake_clean_cache': False, 'cmake_clean_first': False, 'cmake_force_configure': False, 'cmake_target': None, 'cmake_target_skip_unavailable': False, 'install_base': '/home/hasan-fashtouk/ur_ws/src/install/ur5e_description', 'merge_install': False, 'path': '/home/hasan-fashtouk/ur_ws/src/ur5e_description', 'symlink_install': False, 'test_result_base': None}
[0.773s] Level 5:colcon.colcon_core.verb:set package 'ur_moveit_config' build argument 'cmake_args' from command line to 'None'
[0.773s] Level 5:colcon.colcon_core.verb:set package 'ur_moveit_config' build argument 'cmake_target' from command line to 'None'
[0.773s] Level 5:colcon.colcon_core.verb:set package 'ur_moveit_config' build argument 'cmake_target_skip_unavailable' from command line to 'False'
[0.773s] Level 5:colcon.colcon_core.verb:set package 'ur_moveit_config' build argument 'cmake_clean_cache' from command line to 'False'
[0.773s] Level 5:colcon.colcon_core.verb:set package 'ur_moveit_config' build argument 'cmake_clean_first' from command line to 'False'
[0.773s] Level 5:colcon.colcon_core.verb:set package 'ur_moveit_config' build argument 'cmake_force_configure' from command line to 'False'
[0.773s] Level 5:colcon.colcon_core.verb:set package 'ur_moveit_config' build argument 'ament_cmake_args' from command line to 'None'
[0.773s] Level 5:colcon.colcon_core.verb:set package 'ur_moveit_config' build argument 'catkin_cmake_args' from command line to 'None'
[0.773s] Level 5:colcon.colcon_core.verb:set package 'ur_moveit_config' build argument 'catkin_skip_building_tests' from command line to 'False'
[0.773s] DEBUG:colcon.colcon_core.verb:Building package 'ur_moveit_config' with the following arguments: {'ament_cmake_args': None, 'build_base': '/home/hasan-fashtouk/ur_ws/src/build/ur_moveit_config', 'catkin_cmake_args': None, 'catkin_skip_building_tests': False, 'cmake_args': None, 'cmake_clean_cache': False, 'cmake_clean_first': False, 'cmake_force_configure': False, 'cmake_target': None, 'cmake_target_skip_unavailable': False, 'install_base': '/home/hasan-fashtouk/ur_ws/src/install/ur_moveit_config', 'merge_install': False, 'path': '/home/hasan-fashtouk/ur_ws/src/ur_moveit_config', 'symlink_install': False, 'test_result_base': None}
[0.774s] Level 5:colcon.colcon_core.verb:set package 'ur_simulation_gz' build argument 'cmake_args' from command line to 'None'
[0.774s] Level 5:colcon.colcon_core.verb:set package 'ur_simulation_gz' build argument 'cmake_target' from command line to 'None'
[0.774s] Level 5:colcon.colcon_core.verb:set package 'ur_simulation_gz' build argument 'cmake_target_skip_unavailable' from command line to 'False'
[0.774s] Level 5:colcon.colcon_core.verb:set package 'ur_simulation_gz' build argument 'cmake_clean_cache' from command line to 'False'
[0.774s] Level 5:colcon.colcon_core.verb:set package 'ur_simulation_gz' build argument 'cmake_clean_first' from command line to 'False'
[0.774s] Level 5:colcon.colcon_core.verb:set package 'ur_simulation_gz' build argument 'cmake_force_configure' from command line to 'False'
[0.774s] Level 5:colcon.colcon_core.verb:set package 'ur_simulation_gz' build argument 'ament_cmake_args' from command line to 'None'
[0.774s] Level 5:colcon.colcon_core.verb:set package 'ur_simulation_gz' build argument 'catkin_cmake_args' from command line to 'None'
[0.774s] Level 5:colcon.colcon_core.verb:set package 'ur_simulation_gz' build argument 'catkin_skip_building_tests' from command line to 'False'
[0.774s] DEBUG:colcon.colcon_core.verb:Building package 'ur_simulation_gz' with the following arguments: {'ament_cmake_args': None, 'build_base': '/home/hasan-fashtouk/ur_ws/src/build/ur_simulation_gz', 'catkin_cmake_args': None, 'catkin_skip_building_tests': False, 'cmake_args': None, 'cmake_clean_cache': False, 'cmake_clean_first': False, 'cmake_force_configure': False, 'cmake_target': None, 'cmake_target_skip_unavailable': False, 'install_base': '/home/hasan-fashtouk/ur_ws/src/install/ur_simulation_gz', 'merge_install': False, 'path': '/home/hasan-fashtouk/ur_ws/src/Universal_Robots_ROS2_GZ_Simulation/ur_simulation_gz', 'symlink_install': False, 'test_result_base': None}
[0.774s] INFO:colcon.colcon_core.executor:Executing jobs using 'parallel' executor
[0.776s] DEBUG:colcon.colcon_parallel_executor.executor.parallel:run_until_complete
[0.776s] INFO:colcon.colcon_ros.task.ament_cmake.build:Building ROS package in '/home/hasan-fashtouk/ur_ws/src/Universal_Robots_ROS2_Description' with build type 'ament_cmake'
[0.777s] INFO:colcon.colcon_cmake.task.cmake.build:Building CMake package in '/home/hasan-fashtouk/ur_ws/src/Universal_Robots_ROS2_Description'
[0.780s] INFO:colcon.colcon_core.plugin_system:Skipping extension 'colcon_core.shell.bat': Not used on non-Windows systems
[0.781s] INFO:colcon.colcon_core.shell:Skip shell extension 'powershell' for command environment: Not usable outside of PowerShell
[0.781s] DEBUG:colcon.colcon_core.shell:Skip shell extension 'dsv' for command environment
[0.788s] INFO:colcon.colcon_ros.task.ament_cmake.build:Building ROS package in '/home/hasan-fashtouk/ur_ws/src/ros2_robotiq_gripper/robotiq_controllers' with build type 'ament_cmake'
[0.788s] INFO:colcon.colcon_cmake.task.cmake.build:Building CMake package in '/home/hasan-fashtouk/ur_ws/src/ros2_robotiq_gripper/robotiq_controllers'
[0.788s] INFO:colcon.colcon_core.shell:Skip shell extension 'powershell' for command environment: Not usable outside of PowerShell
[0.788s] DEBUG:colcon.colcon_core.shell:Skip shell extension 'dsv' for command environment
[0.798s] INFO:colcon.colcon_ros.task.ament_cmake.build:Building ROS package in '/home/hasan-fashtouk/ur_ws/src/ros2_robotiq_gripper/robotiq_description' with build type 'ament_cmake'
[0.798s] INFO:colcon.colcon_cmake.task.cmake.build:Building CMake package in '/home/hasan-fashtouk/ur_ws/src/ros2_robotiq_gripper/robotiq_description'
[0.798s] INFO:colcon.colcon_core.shell:Skip shell extension 'powershell' for command environment: Not usable outside of PowerShell
[0.799s] DEBUG:colcon.colcon_core.shell:Skip shell extension 'dsv' for command environment
[0.825s] DEBUG:colcon.colcon_core.event_handler.log_command:Invoking command in '/home/hasan-fashtouk/ur_ws/src/build/ur_description': CMAKE_PREFIX_PATH=${CMAKE_PREFIX_PATH}:/opt/ros/jazzy DEBUGINFOD_URLS=https://debuginfod.ubuntu.com /usr/bin/cmake --build /home/hasan-fashtouk/ur_ws/src/build/ur_description -- -j4 -l4
[0.844s] DEBUG:colcon.colcon_core.event_handler.log_command:Invoking command in '/home/hasan-fashtouk/ur_ws/src/build/robotiq_controllers': CMAKE_PREFIX_PATH=${CMAKE_PREFIX_PATH}:/opt/ros/jazzy DEBUGINFOD_URLS=https://debuginfod.ubuntu.com /usr/bin/cmake --build /home/hasan-fashtouk/ur_ws/src/build/robotiq_controllers -- -j4 -l4
[0.861s] DEBUG:colcon.colcon_core.event_handler.log_command:Invoking command in '/home/hasan-fashtouk/ur_ws/src/build/robotiq_description': CMAKE_PREFIX_PATH=${CMAKE_PREFIX_PATH}:/opt/ros/jazzy DEBUGINFOD_URLS=https://debuginfod.ubuntu.com /usr/bin/cmake --build /home/hasan-fashtouk/ur_ws/src/build/robotiq_description -- -j4 -l4
[0.993s] DEBUG:colcon.colcon_core.event_handler.log_command:Invoked command in '/home/hasan-fashtouk/ur_ws/src/build/ur_description' returned '0': CMAKE_PREFIX_PATH=${CMAKE_PREFIX_PATH}:/opt/ros/jazzy DEBUGINFOD_URLS=https://debuginfod.ubuntu.com /usr/bin/cmake --build /home/hasan-fashtouk/ur_ws/src/build/ur_description -- -j4 -l4
[1.058s] DEBUG:colcon.colcon_core.event_handler.log_command:Invoking command in '/home/hasan-fashtouk/ur_ws/src/build/ur_description': CMAKE_PREFIX_PATH=${CMAKE_PREFIX_PATH}:/opt/ros/jazzy DEBUGINFOD_URLS=https://debuginfod.ubuntu.com /usr/bin/cmake --install /home/hasan-fashtouk/ur_ws/src/build/ur_description
[1.067s] DEBUG:colcon.colcon_core.event_handler.log_command:Invoked command in '/home/hasan-fashtouk/ur_ws/src/build/robotiq_description' returned '0': CMAKE_PREFIX_PATH=${CMAKE_PREFIX_PATH}:/opt/ros/jazzy DEBUGINFOD_URLS=https://debuginfod.ubuntu.com /usr/bin/cmake --build /home/hasan-fashtouk/ur_ws/src/build/robotiq_description -- -j4 -l4
[1.068s] DEBUG:colcon.colcon_core.event_handler.log_command:Invoking command in '/home/hasan-fashtouk/ur_ws/src/build/robotiq_description': CMAKE_PREFIX_PATH=${CMAKE_PREFIX_PATH}:/opt/ros/jazzy DEBUGINFOD_URLS=https://debuginfod.ubuntu.com /usr/bin/cmake --install /home/hasan-fashtouk/ur_ws/src/build/robotiq_description
[1.104s] Level 1:colcon.colcon_core.environment:create_environment_scripts_only(ur_description)
[1.122s] Level 1:colcon.colcon_core.environment:checking '/home/hasan-fashtouk/ur_ws/src/install/ur_description' for CMake module files
[1.128s] Level 1:colcon.colcon_core.environment:checking '/home/hasan-fashtouk/ur_ws/src/install/ur_description' for CMake config files
[1.141s] Level 1:colcon.colcon_core.shell:create_environment_hook('ur_description', 'cmake_prefix_path')
[1.142s] INFO:colcon.colcon_core.shell:Creating environment hook '/home/hasan-fashtouk/ur_ws/src/install/ur_description/share/ur_description/hook/cmake_prefix_path.ps1'
[1.143s] INFO:colcon.colcon_core.shell:Creating environment descriptor '/home/hasan-fashtouk/ur_ws/src/install/ur_description/share/ur_description/hook/cmake_prefix_path.dsv'
[1.146s] INFO:colcon.colcon_core.shell:Creating environment hook '/home/hasan-fashtouk/ur_ws/src/install/ur_description/share/ur_description/hook/cmake_prefix_path.sh'
[1.176s] Level 1:colcon.colcon_core.environment:checking '/home/hasan-fashtouk/ur_ws/src/install/ur_description/bin'
[1.176s] Level 1:colcon.colcon_core.environment:checking '/home/hasan-fashtouk/ur_ws/src/install/ur_description/lib/pkgconfig/ur_description.pc'
[1.176s] Level 1:colcon.colcon_core.environment:checking '/home/hasan-fashtouk/ur_ws/src/install/ur_description/lib/python3.12/site-packages'
[1.177s] Level 1:colcon.colcon_core.environment:checking '/home/hasan-fashtouk/ur_ws/src/install/ur_description/bin'
[1.178s] INFO:colcon.colcon_core.shell:Creating package script '/home/hasan-fashtouk/ur_ws/src/install/ur_description/share/ur_description/package.ps1'
[1.180s] INFO:colcon.colcon_core.shell:Creating package descriptor '/home/hasan-fashtouk/ur_ws/src/install/ur_description/share/ur_description/package.dsv'
[1.183s] INFO:colcon.colcon_core.shell:Creating package script '/home/hasan-fashtouk/ur_ws/src/install/ur_description/share/ur_description/package.sh'
[1.185s] INFO:colcon.colcon_core.shell:Creating package script '/home/hasan-fashtouk/ur_ws/src/install/ur_description/share/ur_description/package.bash'
[1.194s] INFO:colcon.colcon_core.shell:Creating package script '/home/hasan-fashtouk/ur_ws/src/install/ur_description/share/ur_description/package.zsh'
[1.196s] Level 1:colcon.colcon_core.environment:create_file_with_runtime_dependencies(/home/hasan-fashtouk/ur_ws/src/install/ur_description/share/colcon-core/packages/ur_description)
[1.200s] Level 1:colcon.colcon_core.environment:create_environment_scripts_only(ur_description)
[1.200s] Level 1:colcon.colcon_core.environment:checking '/home/hasan-fashtouk/ur_ws/src/install/ur_description' for CMake module files
[1.201s] Level 1:colcon.colcon_core.environment:checking '/home/hasan-fashtouk/ur_ws/src/install/ur_description' for CMake config files
[1.208s] Level 1:colcon.colcon_core.shell:create_environment_hook('ur_description', 'cmake_prefix_path')
[1.208s] INFO:colcon.colcon_core.shell:Creating environment hook '/home/hasan-fashtouk/ur_ws/src/install/ur_description/share/ur_description/hook/cmake_prefix_path.ps1'
[1.209s] INFO:colcon.colcon_core.shell:Creating environment descriptor '/home/hasan-fashtouk/ur_ws/src/install/ur_description/share/ur_description/hook/cmake_prefix_path.dsv'
[1.214s] INFO:colcon.colcon_core.shell:Creating environment hook '/home/hasan-fashtouk/ur_ws/src/install/ur_description/share/ur_description/hook/cmake_prefix_path.sh'
[1.217s] Level 1:colcon.colcon_core.environment:checking '/home/hasan-fashtouk/ur_ws/src/install/ur_description/bin'
[1.217s] Level 1:colcon.colcon_core.environment:checking '/home/hasan-fashtouk/ur_ws/src/install/ur_description/lib/pkgconfig/ur_description.pc'
[1.218s] Level 1:colcon.colcon_core.environment:checking '/home/hasan-fashtouk/ur_ws/src/install/ur_description/lib/python3.12/site-packages'
[1.219s] Level 1:colcon.colcon_core.environment:checking '/home/hasan-fashtouk/ur_ws/src/install/ur_description/bin'
[1.222s] INFO:colcon.colcon_core.shell:Creating package script '/home/hasan-fashtouk/ur_ws/src/install/ur_description/share/ur_description/package.ps1'
[1.223s] INFO:colcon.colcon_core.shell:Creating package descriptor '/home/hasan-fashtouk/ur_ws/src/install/ur_description/share/ur_description/package.dsv'
[1.225s] INFO:colcon.colcon_core.shell:Creating package script '/home/hasan-fashtouk/ur_ws/src/install/ur_description/share/ur_description/package.sh'
[1.226s] INFO:colcon.colcon_core.shell:Creating package script '/home/hasan-fashtouk/ur_ws/src/install/ur_description/share/ur_description/package.bash'
[1.230s] INFO:colcon.colcon_core.shell:Creating package script '/home/hasan-fashtouk/ur_ws/src/install/ur_description/share/ur_description/package.zsh'
[1.235s] Level 1:colcon.colcon_core.environment:create_file_with_runtime_dependencies(/home/hasan-fashtouk/ur_ws/src/install/ur_description/share/colcon-core/packages/ur_description)
[1.236s] INFO:colcon.colcon_ros.task.ament_cmake.build:Building ROS package in '/home/hasan-fashtouk/ur_ws/src/ur5e_description' with build type 'ament_cmake'
[1.236s] INFO:colcon.colcon_cmake.task.cmake.build:Building CMake package in '/home/hasan-fashtouk/ur_ws/src/ur5e_description'
[1.236s] INFO:colcon.colcon_core.shell:Skip shell extension 'powershell' for command environment: Not usable outside of PowerShell
[1.236s] DEBUG:colcon.colcon_core.shell:Skip shell extension 'dsv' for command environment
[1.258s] Level 1:colcon.colcon_core.environment:create_environment_scripts_only(robotiq_description)
[1.258s] Level 1:colcon.colcon_core.environment:checking '/home/hasan-fashtouk/ur_ws/src/install/robotiq_description' for CMake module files
[1.262s] Level 1:colcon.colcon_core.environment:checking '/home/hasan-fashtouk/ur_ws/src/install/robotiq_description' for CMake config files
[1.266s] Level 1:colcon.colcon_core.shell:create_environment_hook('robotiq_description', 'cmake_prefix_path')
[1.266s] INFO:colcon.colcon_core.shell:Creating environment hook '/home/hasan-fashtouk/ur_ws/src/install/robotiq_description/share/robotiq_description/hook/cmake_prefix_path.ps1'
[1.267s] INFO:colcon.colcon_core.shell:Creating environment descriptor '/home/hasan-fashtouk/ur_ws/src/install/robotiq_description/share/robotiq_description/hook/cmake_prefix_path.dsv'
[1.269s] INFO:colcon.colcon_core.shell:Creating environment hook '/home/hasan-fashtouk/ur_ws/src/install/robotiq_description/share/robotiq_description/hook/cmake_prefix_path.sh'
[1.271s] Level 1:colcon.colcon_core.environment:checking '/home/hasan-fashtouk/ur_ws/src/install/robotiq_description/bin'
[1.271s] Level 1:colcon.colcon_core.environment:checking '/home/hasan-fashtouk/ur_ws/src/install/robotiq_description/lib/pkgconfig/robotiq_description.pc'
[1.272s] Level 1:colcon.colcon_core.environment:checking '/home/hasan-fashtouk/ur_ws/src/install/robotiq_description/lib/python3.12/site-packages'
[1.273s] Level 1:colcon.colcon_core.environment:checking '/home/hasan-fashtouk/ur_ws/src/install/robotiq_description/bin'
[1.273s] INFO:colcon.colcon_core.shell:Creating package script '/home/hasan-fashtouk/ur_ws/src/install/robotiq_description/share/robotiq_description/package.ps1'
[1.275s] INFO:colcon.colcon_core.shell:Creating package descriptor '/home/hasan-fashtouk/ur_ws/src/install/robotiq_description/share/robotiq_description/package.dsv'
[1.277s] INFO:colcon.colcon_core.shell:Creating package script '/home/hasan-fashtouk/ur_ws/src/install/robotiq_description/share/robotiq_description/package.sh'
[1.279s] INFO:colcon.colcon_core.shell:Creating package script '/home/hasan-fashtouk/ur_ws/src/install/robotiq_description/share/robotiq_description/package.bash'
[1.280s] INFO:colcon.colcon_core.shell:Creating package script '/home/hasan-fashtouk/ur_ws/src/install/robotiq_description/share/robotiq_description/package.zsh'
[1.282s] Level 1:colcon.colcon_core.environment:create_file_with_runtime_dependencies(/home/hasan-fashtouk/ur_ws/src/install/robotiq_description/share/colcon-core/packages/robotiq_description)
[1.286s] Level 1:colcon.colcon_core.environment:create_environment_scripts_only(robotiq_description)
[1.287s] Level 1:colcon.colcon_core.environment:checking '/home/hasan-fashtouk/ur_ws/src/install/robotiq_description' for CMake module files
[1.288s] Level 1:colcon.colcon_core.environment:checking '/home/hasan-fashtouk/ur_ws/src/install/robotiq_description' for CMake config files
[1.294s] Level 1:colcon.colcon_core.shell:create_environment_hook('robotiq_description', 'cmake_prefix_path')
[1.295s] INFO:colcon.colcon_core.shell:Creating environment hook '/home/hasan-fashtouk/ur_ws/src/install/robotiq_description/share/robotiq_description/hook/cmake_prefix_path.ps1'
[1.297s] INFO:colcon.colcon_core.shell:Creating environment descriptor '/home/hasan-fashtouk/ur_ws/src/install/robotiq_description/share/robotiq_description/hook/cmake_prefix_path.dsv'
[1.297s] INFO:colcon.colcon_core.shell:Creating environment hook '/home/hasan-fashtouk/ur_ws/src/install/robotiq_description/share/robotiq_description/hook/cmake_prefix_path.sh'
[1.300s] Level 1:colcon.colcon_core.environment:checking '/home/hasan-fashtouk/ur_ws/src/install/robotiq_description/bin'
[1.301s] Level 1:colcon.colcon_core.environment:checking '/home/hasan-fashtouk/ur_ws/src/install/robotiq_description/lib/pkgconfig/robotiq_description.pc'
[1.301s] Level 1:colcon.colcon_core.environment:checking '/home/hasan-fashtouk/ur_ws/src/install/robotiq_description/lib/python3.12/site-packages'
[1.302s] Level 1:colcon.colcon_core.environment:checking '/home/hasan-fashtouk/ur_ws/src/install/robotiq_description/bin'
[1.303s] INFO:colcon.colcon_core.shell:Creating package script '/home/hasan-fashtouk/ur_ws/src/install/robotiq_description/share/robotiq_description/package.ps1'
[1.304s] INFO:colcon.colcon_core.shell:Creating package descriptor '/home/hasan-fashtouk/ur_ws/src/install/robotiq_description/share/robotiq_description/package.dsv'
[1.308s] INFO:colcon.colcon_core.shell:Creating package script '/home/hasan-fashtouk/ur_ws/src/install/robotiq_description/share/robotiq_description/package.sh'
[1.309s] INFO:colcon.colcon_core.shell:Creating package script '/home/hasan-fashtouk/ur_ws/src/install/robotiq_description/share/robotiq_description/package.bash'
[1.313s] INFO:colcon.colcon_core.shell:Creating package script '/home/hasan-fashtouk/ur_ws/src/install/robotiq_description/share/robotiq_description/package.zsh'
[1.316s] DEBUG:colcon.colcon_core.event_handler.log_command:Invoked command in '/home/hasan-fashtouk/ur_ws/src/build/ur_description' returned '0': CMAKE_PREFIX_PATH=${CMAKE_PREFIX_PATH}:/opt/ros/jazzy DEBUGINFOD_URLS=https://debuginfod.ubuntu.com /usr/bin/cmake --install /home/hasan-fashtouk/ur_ws/src/build/ur_description
[1.316s] Level 1:colcon.colcon_core.environment:create_file_with_runtime_dependencies(/home/hasan-fashtouk/ur_ws/src/install/robotiq_description/share/colcon-core/packages/robotiq_description)
[1.344s] DEBUG:colcon.colcon_core.event_handler.log_command:Invoked command in '/home/hasan-fashtouk/ur_ws/src/build/robotiq_description' returned '0': CMAKE_PREFIX_PATH=${CMAKE_PREFIX_PATH}:/opt/ros/jazzy DEBUGINFOD_URLS=https://debuginfod.ubuntu.com /usr/bin/cmake --install /home/hasan-fashtouk/ur_ws/src/build/robotiq_description
[1.348s] DEBUG:colcon.colcon_core.event_handler.log_command:Invoked command in '/home/hasan-fashtouk/ur_ws/src/build/robotiq_controllers' returned '0': CMAKE_PREFIX_PATH=${CMAKE_PREFIX_PATH}:/opt/ros/jazzy DEBUGINFOD_URLS=https://debuginfod.ubuntu.com /usr/bin/cmake --build /home/hasan-fashtouk/ur_ws/src/build/robotiq_controllers -- -j4 -l4
[1.349s] DEBUG:colcon.colcon_core.event_handler.log_command:Invoking command in '/home/hasan-fashtouk/ur_ws/src/build/robotiq_controllers': CMAKE_PREFIX_PATH=${CMAKE_PREFIX_PATH}:/opt/ros/jazzy DEBUGINFOD_URLS=https://debuginfod.ubuntu.com /usr/bin/cmake --install /home/hasan-fashtouk/ur_ws/src/build/robotiq_controllers
[1.350s] DEBUG:colcon.colcon_core.event_handler.log_command:Invoking command in '/home/hasan-fashtouk/ur_ws/src/build/ur5e_description': CMAKE_PREFIX_PATH=/home/hasan-fashtouk/ur_ws/src/install/ur_description:/home/hasan-fashtouk/ur_ws/src/install/ur_simulation_gz:/home/hasan-fashtouk/ur_ws/src/install/ur_moveit_config:/home/hasan-fashtouk/ur_ws/src/install/ur5e_description:/home/hasan-fashtouk/ur_ws/src/install/robotiq_description:/home/hasan-fashtouk/ur_ws/src/install/robotiq_controllers:/opt/ros/jazzy/opt/gz_sim_vendor:/opt/ros/jazzy/opt/gz_sensors_vendor:/opt/ros/jazzy/opt/gz_physics_vendor:/opt/ros/jazzy/opt/sdformat_vendor:/opt/ros/jazzy/opt/gz_gui_vendor:/opt/ros/jazzy/opt/gz_transport_vendor:/opt/ros/jazzy/opt/gz_rendering_vendor:/opt/ros/jazzy/opt/gz_plugin_vendor:/opt/ros/jazzy/opt/gz_fuel_tools_vendor:/opt/ros/jazzy/opt/gz_msgs_vendor:/opt/ros/jazzy/opt/gz_common_vendor:/opt/ros/jazzy/opt/gz_math_vendor:/opt/ros/jazzy/opt/gz_utils_vendor:/opt/ros/jazzy/opt/gz_tools_vendor:/opt/ros/jazzy/opt/gz_ogre_next_vendor:/opt/ros/jazzy/opt/gz_dartsim_vendor:/opt/ros/jazzy/opt/gz_cmake_vendor:/opt/ros/jazzy DEBUGINFOD_URLS=https://debuginfod.ubuntu.com /usr/bin/cmake --build /home/hasan-fashtouk/ur_ws/src/build/ur5e_description -- -j4 -l4
[1.354s] Level 1:colcon.colcon_core.environment:create_environment_scripts_only(robotiq_controllers)
[1.355s] Level 1:colcon.colcon_core.environment:checking '/home/hasan-fashtouk/ur_ws/src/install/robotiq_controllers' for CMake module files
[1.359s] Level 1:colcon.colcon_core.environment:checking '/home/hasan-fashtouk/ur_ws/src/install/robotiq_controllers' for CMake config files
[1.362s] Level 1:colcon.colcon_core.shell:create_environment_hook('robotiq_controllers', 'cmake_prefix_path')
[1.364s] INFO:colcon.colcon_core.shell:Creating environment hook '/home/hasan-fashtouk/ur_ws/src/install/robotiq_controllers/share/robotiq_controllers/hook/cmake_prefix_path.ps1'
[1.367s] DEBUG:colcon.colcon_core.event_handler.log_command:Invoked command in '/home/hasan-fashtouk/ur_ws/src/build/robotiq_controllers' returned '0': CMAKE_PREFIX_PATH=${CMAKE_PREFIX_PATH}:/opt/ros/jazzy DEBUGINFOD_URLS=https://debuginfod.ubuntu.com /usr/bin/cmake --install /home/hasan-fashtouk/ur_ws/src/build/robotiq_controllers
[1.368s] INFO:colcon.colcon_core.shell:Creating environment descriptor '/home/hasan-fashtouk/ur_ws/src/install/robotiq_controllers/share/robotiq_controllers/hook/cmake_prefix_path.dsv'
[1.371s] INFO:colcon.colcon_core.shell:Creating environment hook '/home/hasan-fashtouk/ur_ws/src/install/robotiq_controllers/share/robotiq_controllers/hook/cmake_prefix_path.sh'
[1.372s] Level 1:colcon.colcon_core.environment:checking '/home/hasan-fashtouk/ur_ws/src/install/robotiq_controllers/lib'
[1.373s] Level 1:colcon.colcon_core.shell:create_environment_hook('robotiq_controllers', 'ld_library_path_lib')
[1.373s] INFO:colcon.colcon_core.shell:Creating environment hook '/home/hasan-fashtouk/ur_ws/src/install/robotiq_controllers/share/robotiq_controllers/hook/ld_library_path_lib.ps1'
[1.373s] INFO:colcon.colcon_core.shell:Creating environment descriptor '/home/hasan-fashtouk/ur_ws/src/install/robotiq_controllers/share/robotiq_controllers/hook/ld_library_path_lib.dsv'
[1.374s] INFO:colcon.colcon_core.shell:Creating environment hook '/home/hasan-fashtouk/ur_ws/src/install/robotiq_controllers/share/robotiq_controllers/hook/ld_library_path_lib.sh'
[1.374s] Level 1:colcon.colcon_core.environment:checking '/home/hasan-fashtouk/ur_ws/src/install/robotiq_controllers/bin'
[1.374s] Level 1:colcon.colcon_core.environment:checking '/home/hasan-fashtouk/ur_ws/src/install/robotiq_controllers/lib/pkgconfig/robotiq_controllers.pc'
[1.375s] Level 1:colcon.colcon_core.environment:checking '/home/hasan-fashtouk/ur_ws/src/install/robotiq_controllers/lib/python3.12/site-packages'
[1.375s] Level 1:colcon.colcon_core.environment:checking '/home/hasan-fashtouk/ur_ws/src/install/robotiq_controllers/bin'
[1.376s] INFO:colcon.colcon_core.shell:Creating package script '/home/hasan-fashtouk/ur_ws/src/install/robotiq_controllers/share/robotiq_controllers/package.ps1'
[1.376s] INFO:colcon.colcon_core.shell:Creating package descriptor '/home/hasan-fashtouk/ur_ws/src/install/robotiq_controllers/share/robotiq_controllers/package.dsv'
[1.378s] INFO:colcon.colcon_core.shell:Creating package script '/home/hasan-fashtouk/ur_ws/src/install/robotiq_controllers/share/robotiq_controllers/package.sh'
[1.380s] INFO:colcon.colcon_core.shell:Creating package script '/home/hasan-fashtouk/ur_ws/src/install/robotiq_controllers/share/robotiq_controllers/package.bash'
[1.381s] INFO:colcon.colcon_core.shell:Creating package script '/home/hasan-fashtouk/ur_ws/src/install/robotiq_controllers/share/robotiq_controllers/package.zsh'
[1.382s] Level 1:colcon.colcon_core.environment:create_file_with_runtime_dependencies(/home/hasan-fashtouk/ur_ws/src/install/robotiq_controllers/share/colcon-core/packages/robotiq_controllers)
[1.383s] Level 1:colcon.colcon_core.environment:create_environment_scripts_only(robotiq_controllers)
[1.384s] Level 1:colcon.colcon_core.environment:checking '/home/hasan-fashtouk/ur_ws/src/install/robotiq_controllers' for CMake module files
[1.388s] Level 1:colcon.colcon_core.environment:checking '/home/hasan-fashtouk/ur_ws/src/install/robotiq_controllers' for CMake config files
[1.388s] Level 1:colcon.colcon_core.shell:create_environment_hook('robotiq_controllers', 'cmake_prefix_path')
[1.389s] INFO:colcon.colcon_core.shell:Creating environment hook '/home/hasan-fashtouk/ur_ws/src/install/robotiq_controllers/share/robotiq_controllers/hook/cmake_prefix_path.ps1'
[1.390s] INFO:colcon.colcon_core.shell:Creating environment descriptor '/home/hasan-fashtouk/ur_ws/src/install/robotiq_controllers/share/robotiq_controllers/hook/cmake_prefix_path.dsv'
[1.391s] INFO:colcon.colcon_core.shell:Creating environment hook '/home/hasan-fashtouk/ur_ws/src/install/robotiq_controllers/share/robotiq_controllers/hook/cmake_prefix_path.sh'
[1.392s] Level 1:colcon.colcon_core.environment:checking '/home/hasan-fashtouk/ur_ws/src/install/robotiq_controllers/lib'
[1.392s] Level 1:colcon.colcon_core.shell:create_environment_hook('robotiq_controllers', 'ld_library_path_lib')
[1.393s] INFO:colcon.colcon_core.shell:Creating environment hook '/home/hasan-fashtouk/ur_ws/src/install/robotiq_controllers/share/robotiq_controllers/hook/ld_library_path_lib.ps1'
[1.395s] INFO:colcon.colcon_core.shell:Creating environment descriptor '/home/hasan-fashtouk/ur_ws/src/install/robotiq_controllers/share/robotiq_controllers/hook/ld_library_path_lib.dsv'
[1.395s] INFO:colcon.colcon_core.shell:Creating environment hook '/home/hasan-fashtouk/ur_ws/src/install/robotiq_controllers/share/robotiq_controllers/hook/ld_library_path_lib.sh'
[1.396s] Level 1:colcon.colcon_core.environment:checking '/home/hasan-fashtouk/ur_ws/src/install/robotiq_controllers/bin'
[1.397s] Level 1:colcon.colcon_core.environment:checking '/home/hasan-fashtouk/ur_ws/src/install/robotiq_controllers/lib/pkgconfig/robotiq_controllers.pc'
[1.398s] Level 1:colcon.colcon_core.environment:checking '/home/hasan-fashtouk/ur_ws/src/install/robotiq_controllers/lib/python3.12/site-packages'
[1.400s] Level 1:colcon.colcon_core.environment:checking '/home/hasan-fashtouk/ur_ws/src/install/robotiq_controllers/bin'
[1.400s] INFO:colcon.colcon_core.shell:Creating package script '/home/hasan-fashtouk/ur_ws/src/install/robotiq_controllers/share/robotiq_controllers/package.ps1'
[1.402s] INFO:colcon.colcon_core.shell:Creating package descriptor '/home/hasan-fashtouk/ur_ws/src/install/robotiq_controllers/share/robotiq_controllers/package.dsv'
[1.403s] INFO:colcon.colcon_core.shell:Creating package script '/home/hasan-fashtouk/ur_ws/src/install/robotiq_controllers/share/robotiq_controllers/package.sh'
[1.405s] INFO:colcon.colcon_core.shell:Creating package script '/home/hasan-fashtouk/ur_ws/src/install/robotiq_controllers/share/robotiq_controllers/package.bash'
[1.406s] INFO:colcon.colcon_core.shell:Creating package script '/home/hasan-fashtouk/ur_ws/src/install/robotiq_controllers/share/robotiq_controllers/package.zsh'
[1.407s] Level 1:colcon.colcon_core.environment:create_file_with_runtime_dependencies(/home/hasan-fashtouk/ur_ws/src/install/robotiq_controllers/share/colcon-core/packages/robotiq_controllers)
[1.440s] DEBUG:colcon.colcon_core.event_handler.log_command:Invoked command in '/home/hasan-fashtouk/ur_ws/src/build/ur5e_description' returned '0': CMAKE_PREFIX_PATH=/home/hasan-fashtouk/ur_ws/src/install/ur_description:/home/hasan-fashtouk/ur_ws/src/install/ur_simulation_gz:/home/hasan-fashtouk/ur_ws/src/install/ur_moveit_config:/home/hasan-fashtouk/ur_ws/src/install/ur5e_description:/home/hasan-fashtouk/ur_ws/src/install/robotiq_description:/home/hasan-fashtouk/ur_ws/src/install/robotiq_controllers:/opt/ros/jazzy/opt/gz_sim_vendor:/opt/ros/jazzy/opt/gz_sensors_vendor:/opt/ros/jazzy/opt/gz_physics_vendor:/opt/ros/jazzy/opt/sdformat_vendor:/opt/ros/jazzy/opt/gz_gui_vendor:/opt/ros/jazzy/opt/gz_transport_vendor:/opt/ros/jazzy/opt/gz_rendering_vendor:/opt/ros/jazzy/opt/gz_plugin_vendor:/opt/ros/jazzy/opt/gz_fuel_tools_vendor:/opt/ros/jazzy/opt/gz_msgs_vendor:/opt/ros/jazzy/opt/gz_common_vendor:/opt/ros/jazzy/opt/gz_math_vendor:/opt/ros/jazzy/opt/gz_utils_vendor:/opt/ros/jazzy/opt/gz_tools_vendor:/opt/ros/jazzy/opt/gz_ogre_next_vendor:/opt/ros/jazzy/opt/gz_dartsim_vendor:/opt/ros/jazzy/opt/gz_cmake_vendor:/opt/ros/jazzy DEBUGINFOD_URLS=https://debuginfod.ubuntu.com /usr/bin/cmake --build /home/hasan-fashtouk/ur_ws/src/build/ur5e_description -- -j4 -l4
[1.442s] DEBUG:colcon.colcon_core.event_handler.log_command:Invoking command in '/home/hasan-fashtouk/ur_ws/src/build/ur5e_description': CMAKE_PREFIX_PATH=/home/hasan-fashtouk/ur_ws/src/install/ur_description:/home/hasan-fashtouk/ur_ws/src/install/ur_simulation_gz:/home/hasan-fashtouk/ur_ws/src/install/ur_moveit_config:/home/hasan-fashtouk/ur_ws/src/install/ur5e_description:/home/hasan-fashtouk/ur_ws/src/install/robotiq_description:/home/hasan-fashtouk/ur_ws/src/install/robotiq_controllers:/opt/ros/jazzy/opt/gz_sim_vendor:/opt/ros/jazzy/opt/gz_sensors_vendor:/opt/ros/jazzy/opt/gz_physics_vendor:/opt/ros/jazzy/opt/sdformat_vendor:/opt/ros/jazzy/opt/gz_gui_vendor:/opt/ros/jazzy/opt/gz_transport_vendor:/opt/ros/jazzy/opt/gz_rendering_vendor:/opt/ros/jazzy/opt/gz_plugin_vendor:/opt/ros/jazzy/opt/gz_fuel_tools_vendor:/opt/ros/jazzy/opt/gz_msgs_vendor:/opt/ros/jazzy/opt/gz_common_vendor:/opt/ros/jazzy/opt/gz_math_vendor:/opt/ros/jazzy/opt/gz_utils_vendor:/opt/ros/jazzy/opt/gz_tools_vendor:/opt/ros/jazzy/opt/gz_ogre_next_vendor:/opt/ros/jazzy/opt/gz_dartsim_vendor:/opt/ros/jazzy/opt/gz_cmake_vendor:/opt/ros/jazzy DEBUGINFOD_URLS=https://debuginfod.ubuntu.com /usr/bin/cmake --install /home/hasan-fashtouk/ur_ws/src/build/ur5e_description
[1.459s] Level 1:colcon.colcon_core.environment:create_environment_scripts_only(ur5e_description)
[1.459s] Level 1:colcon.colcon_core.environment:checking '/home/hasan-fashtouk/ur_ws/src/install/ur5e_description' for CMake module files
[1.461s] Level 1:colcon.colcon_core.environment:checking '/home/hasan-fashtouk/ur_ws/src/install/ur5e_description' for CMake config files
[1.464s] Level 1:colcon.colcon_core.shell:create_environment_hook('ur5e_description', 'cmake_prefix_path')
[1.465s] INFO:colcon.colcon_core.shell:Creating environment hook '/home/hasan-fashtouk/ur_ws/src/install/ur5e_description/share/ur5e_description/hook/cmake_prefix_path.ps1'
[1.466s] INFO:colcon.colcon_core.shell:Creating environment descriptor '/home/hasan-fashtouk/ur_ws/src/install/ur5e_description/share/ur5e_description/hook/cmake_prefix_path.dsv'
[1.467s] INFO:colcon.colcon_core.shell:Creating environment hook '/home/hasan-fashtouk/ur_ws/src/install/ur5e_description/share/ur5e_description/hook/cmake_prefix_path.sh'
[1.469s] Level 1:colcon.colcon_core.environment:checking '/home/hasan-fashtouk/ur_ws/src/install/ur5e_description/bin'
[1.469s] Level 1:colcon.colcon_core.environment:checking '/home/hasan-fashtouk/ur_ws/src/install/ur5e_description/lib/pkgconfig/ur5e_description.pc'
[1.470s] Level 1:colcon.colcon_core.environment:checking '/home/hasan-fashtouk/ur_ws/src/install/ur5e_description/lib/python3.12/site-packages'
[1.470s] Level 1:colcon.colcon_core.environment:checking '/home/hasan-fashtouk/ur_ws/src/install/ur5e_description/bin'
[1.471s] INFO:colcon.colcon_core.shell:Creating package script '/home/hasan-fashtouk/ur_ws/src/install/ur5e_description/share/ur5e_description/package.ps1'
[1.472s] DEBUG:colcon.colcon_core.event_handler.log_command:Invoked command in '/home/hasan-fashtouk/ur_ws/src/build/ur5e_description' returned '0': CMAKE_PREFIX_PATH=/home/hasan-fashtouk/ur_ws/src/install/ur_description:/home/hasan-fashtouk/ur_ws/src/install/ur_simulation_gz:/home/hasan-fashtouk/ur_ws/src/install/ur_moveit_config:/home/hasan-fashtouk/ur_ws/src/install/ur5e_description:/home/hasan-fashtouk/ur_ws/src/install/robotiq_description:/home/hasan-fashtouk/ur_ws/src/install/robotiq_controllers:/opt/ros/jazzy/opt/gz_sim_vendor:/opt/ros/jazzy/opt/gz_sensors_vendor:/opt/ros/jazzy/opt/gz_physics_vendor:/opt/ros/jazzy/opt/sdformat_vendor:/opt/ros/jazzy/opt/gz_gui_vendor:/opt/ros/jazzy/opt/gz_transport_vendor:/opt/ros/jazzy/opt/gz_rendering_vendor:/opt/ros/jazzy/opt/gz_plugin_vendor:/opt/ros/jazzy/opt/gz_fuel_tools_vendor:/opt/ros/jazzy/opt/gz_msgs_vendor:/opt/ros/jazzy/opt/gz_common_vendor:/opt/ros/jazzy/opt/gz_math_vendor:/opt/ros/jazzy/opt/gz_utils_vendor:/opt/ros/jazzy/opt/gz_tools_vendor:/opt/ros/jazzy/opt/gz_ogre_next_vendor:/opt/ros/jazzy/opt/gz_dartsim_vendor:/opt/ros/jazzy/opt/gz_cmake_vendor:/opt/ros/jazzy DEBUGINFOD_URLS=https://debuginfod.ubuntu.com /usr/bin/cmake --install /home/hasan-fashtouk/ur_ws/src/build/ur5e_description
[1.473s] INFO:colcon.colcon_core.shell:Creating package descriptor '/home/hasan-fashtouk/ur_ws/src/install/ur5e_description/share/ur5e_description/package.dsv'
[1.473s] INFO:colcon.colcon_core.shell:Creating package script '/home/hasan-fashtouk/ur_ws/src/install/ur5e_description/share/ur5e_description/package.sh'
[1.474s] INFO:colcon.colcon_core.shell:Creating package script '/home/hasan-fashtouk/ur_ws/src/install/ur5e_description/share/ur5e_description/package.bash'
[1.474s] INFO:colcon.colcon_core.shell:Creating package script '/home/hasan-fashtouk/ur_ws/src/install/ur5e_description/share/ur5e_description/package.zsh'
[1.475s] Level 1:colcon.colcon_core.environment:create_file_with_runtime_dependencies(/home/hasan-fashtouk/ur_ws/src/install/ur5e_description/share/colcon-core/packages/ur5e_description)
[1.476s] Level 1:colcon.colcon_core.environment:create_environment_scripts_only(ur5e_description)
[1.476s] Level 1:colcon.colcon_core.environment:checking '/home/hasan-fashtouk/ur_ws/src/install/ur5e_description' for CMake module files
[1.477s] Level 1:colcon.colcon_core.environment:checking '/home/hasan-fashtouk/ur_ws/src/install/ur5e_description' for CMake config files
[1.478s] Level 1:colcon.colcon_core.shell:create_environment_hook('ur5e_description', 'cmake_prefix_path')
[1.478s] INFO:colcon.colcon_core.shell:Creating environment hook '/home/hasan-fashtouk/ur_ws/src/install/ur5e_description/share/ur5e_description/hook/cmake_prefix_path.ps1'
[1.479s] INFO:colcon.colcon_core.shell:Creating environment descriptor '/home/hasan-fashtouk/ur_ws/src/install/ur5e_description/share/ur5e_description/hook/cmake_prefix_path.dsv'
[1.479s] INFO:colcon.colcon_core.shell:Creating environment hook '/home/hasan-fashtouk/ur_ws/src/install/ur5e_description/share/ur5e_description/hook/cmake_prefix_path.sh'
[1.480s] Level 1:colcon.colcon_core.environment:checking '/home/hasan-fashtouk/ur_ws/src/install/ur5e_description/bin'
[1.480s] Level 1:colcon.colcon_core.environment:checking '/home/hasan-fashtouk/ur_ws/src/install/ur5e_description/lib/pkgconfig/ur5e_description.pc'
[1.481s] Level 1:colcon.colcon_core.environment:checking '/home/hasan-fashtouk/ur_ws/src/install/ur5e_description/lib/python3.12/site-packages'
[1.482s] Level 1:colcon.colcon_core.environment:checking '/home/hasan-fashtouk/ur_ws/src/install/ur5e_description/bin'
[1.482s] INFO:colcon.colcon_core.shell:Creating package script '/home/hasan-fashtouk/ur_ws/src/install/ur5e_description/share/ur5e_description/package.ps1'
[1.484s] INFO:colcon.colcon_core.shell:Creating package descriptor '/home/hasan-fashtouk/ur_ws/src/install/ur5e_description/share/ur5e_description/package.dsv'
[1.485s] INFO:colcon.colcon_core.shell:Creating package script '/home/hasan-fashtouk/ur_ws/src/install/ur5e_description/share/ur5e_description/package.sh'
[1.486s] INFO:colcon.colcon_core.shell:Creating package script '/home/hasan-fashtouk/ur_ws/src/install/ur5e_description/share/ur5e_description/package.bash'
[1.486s] INFO:colcon.colcon_core.shell:Creating package script '/home/hasan-fashtouk/ur_ws/src/install/ur5e_description/share/ur5e_description/package.zsh'
[1.487s] Level 1:colcon.colcon_core.environment:create_file_with_runtime_dependencies(/home/hasan-fashtouk/ur_ws/src/install/ur5e_description/share/colcon-core/packages/ur5e_description)
[1.488s] INFO:colcon.colcon_ros.task.ament_cmake.build:Building ROS package in '/home/hasan-fashtouk/ur_ws/src/ur_moveit_config' with build type 'ament_cmake'
[1.488s] INFO:colcon.colcon_cmake.task.cmake.build:Building CMake package in '/home/hasan-fashtouk/ur_ws/src/ur_moveit_config'
[1.488s] INFO:colcon.colcon_core.shell:Skip shell extension 'powershell' for command environment: Not usable outside of PowerShell
[1.488s] DEBUG:colcon.colcon_core.shell:Skip shell extension 'dsv' for command environment
[1.511s] DEBUG:colcon.colcon_core.event_handler.log_command:Invoking command in '/home/hasan-fashtouk/ur_ws/src/build/ur_moveit_config': CMAKE_PREFIX_PATH=/home/hasan-fashtouk/ur_ws/src/install/ur5e_description:/home/hasan-fashtouk/ur_ws/src/install/ur_description:/home/hasan-fashtouk/ur_ws/src/install/ur_simulation_gz:/home/hasan-fashtouk/ur_ws/src/install/ur_moveit_config:/home/hasan-fashtouk/ur_ws/src/install/robotiq_description:/home/hasan-fashtouk/ur_ws/src/install/robotiq_controllers:/opt/ros/jazzy/opt/gz_sim_vendor:/opt/ros/jazzy/opt/gz_sensors_vendor:/opt/ros/jazzy/opt/gz_physics_vendor:/opt/ros/jazzy/opt/sdformat_vendor:/opt/ros/jazzy/opt/gz_gui_vendor:/opt/ros/jazzy/opt/gz_transport_vendor:/opt/ros/jazzy/opt/gz_rendering_vendor:/opt/ros/jazzy/opt/gz_plugin_vendor:/opt/ros/jazzy/opt/gz_fuel_tools_vendor:/opt/ros/jazzy/opt/gz_msgs_vendor:/opt/ros/jazzy/opt/gz_common_vendor:/opt/ros/jazzy/opt/gz_math_vendor:/opt/ros/jazzy/opt/gz_utils_vendor:/opt/ros/jazzy/opt/gz_tools_vendor:/opt/ros/jazzy/opt/gz_ogre_next_vendor:/opt/ros/jazzy/opt/gz_dartsim_vendor:/opt/ros/jazzy/opt/gz_cmake_vendor:/opt/ros/jazzy DEBUGINFOD_URLS=https://debuginfod.ubuntu.com /usr/bin/cmake --build /home/hasan-fashtouk/ur_ws/src/build/ur_moveit_config -- -j4 -l4
[1.568s] DEBUG:colcon.colcon_core.event_handler.log_command:Invoked command in '/home/hasan-fashtouk/ur_ws/src/build/ur_moveit_config' returned '0': CMAKE_PREFIX_PATH=/home/hasan-fashtouk/ur_ws/src/install/ur5e_description:/home/hasan-fashtouk/ur_ws/src/install/ur_description:/home/hasan-fashtouk/ur_ws/src/install/ur_simulation_gz:/home/hasan-fashtouk/ur_ws/src/install/ur_moveit_config:/home/hasan-fashtouk/ur_ws/src/install/robotiq_description:/home/hasan-fashtouk/ur_ws/src/install/robotiq_controllers:/opt/ros/jazzy/opt/gz_sim_vendor:/opt/ros/jazzy/opt/gz_sensors_vendor:/opt/ros/jazzy/opt/gz_physics_vendor:/opt/ros/jazzy/opt/sdformat_vendor:/opt/ros/jazzy/opt/gz_gui_vendor:/opt/ros/jazzy/opt/gz_transport_vendor:/opt/ros/jazzy/opt/gz_rendering_vendor:/opt/ros/jazzy/opt/gz_plugin_vendor:/opt/ros/jazzy/opt/gz_fuel_tools_vendor:/opt/ros/jazzy/opt/gz_msgs_vendor:/opt/ros/jazzy/opt/gz_common_vendor:/opt/ros/jazzy/opt/gz_math_vendor:/opt/ros/jazzy/opt/gz_utils_vendor:/opt/ros/jazzy/opt/gz_tools_vendor:/opt/ros/jazzy/opt/gz_ogre_next_vendor:/opt/ros/jazzy/opt/gz_dartsim_vendor:/opt/ros/jazzy/opt/gz_cmake_vendor:/opt/ros/jazzy DEBUGINFOD_URLS=https://debuginfod.ubuntu.com /usr/bin/cmake --build /home/hasan-fashtouk/ur_ws/src/build/ur_moveit_config -- -j4 -l4
[1.570s] DEBUG:colcon.colcon_core.event_handler.log_command:Invoking command in '/home/hasan-fashtouk/ur_ws/src/build/ur_moveit_config': CMAKE_PREFIX_PATH=/home/hasan-fashtouk/ur_ws/src/install/ur5e_description:/home/hasan-fashtouk/ur_ws/src/install/ur_description:/home/hasan-fashtouk/ur_ws/src/install/ur_simulation_gz:/home/hasan-fashtouk/ur_ws/src/install/ur_moveit_config:/home/hasan-fashtouk/ur_ws/src/install/robotiq_description:/home/hasan-fashtouk/ur_ws/src/install/robotiq_controllers:/opt/ros/jazzy/opt/gz_sim_vendor:/opt/ros/jazzy/opt/gz_sensors_vendor:/opt/ros/jazzy/opt/gz_physics_vendor:/opt/ros/jazzy/opt/sdformat_vendor:/opt/ros/jazzy/opt/gz_gui_vendor:/opt/ros/jazzy/opt/gz_transport_vendor:/opt/ros/jazzy/opt/gz_rendering_vendor:/opt/ros/jazzy/opt/gz_plugin_vendor:/opt/ros/jazzy/opt/gz_fuel_tools_vendor:/opt/ros/jazzy/opt/gz_msgs_vendor:/opt/ros/jazzy/opt/gz_common_vendor:/opt/ros/jazzy/opt/gz_math_vendor:/opt/ros/jazzy/opt/gz_utils_vendor:/opt/ros/jazzy/opt/gz_tools_vendor:/opt/ros/jazzy/opt/gz_ogre_next_vendor:/opt/ros/jazzy/opt/gz_dartsim_vendor:/opt/ros/jazzy/opt/gz_cmake_vendor:/opt/ros/jazzy DEBUGINFOD_URLS=https://debuginfod.ubuntu.com /usr/bin/cmake --install /home/hasan-fashtouk/ur_ws/src/build/ur_moveit_config
[1.589s] Level 1:colcon.colcon_core.environment:create_environment_scripts_only(ur_moveit_config)
[1.589s] Level 1:colcon.colcon_core.environment:checking '/home/hasan-fashtouk/ur_ws/src/install/ur_moveit_config' for CMake module files
[1.591s] Level 1:colcon.colcon_core.environment:checking '/home/hasan-fashtouk/ur_ws/src/install/ur_moveit_config' for CMake config files
[1.593s] Level 1:colcon.colcon_core.shell:create_environment_hook('ur_moveit_config', 'cmake_prefix_path')
[1.594s] INFO:colcon.colcon_core.shell:Creating environment hook '/home/hasan-fashtouk/ur_ws/src/install/ur_moveit_config/share/ur_moveit_config/hook/cmake_prefix_path.ps1'
[1.597s] INFO:colcon.colcon_core.shell:Creating environment descriptor '/home/hasan-fashtouk/ur_ws/src/install/ur_moveit_config/share/ur_moveit_config/hook/cmake_prefix_path.dsv'
[1.598s] INFO:colcon.colcon_core.shell:Creating environment hook '/home/hasan-fashtouk/ur_ws/src/install/ur_moveit_config/share/ur_moveit_config/hook/cmake_prefix_path.sh'
[1.600s] Level 1:colcon.colcon_core.environment:checking '/home/hasan-fashtouk/ur_ws/src/install/ur_moveit_config/bin'
[1.600s] Level 1:colcon.colcon_core.environment:checking '/home/hasan-fashtouk/ur_ws/src/install/ur_moveit_config/lib/pkgconfig/ur_moveit_config.pc'
[1.601s] Level 1:colcon.colcon_core.environment:checking '/home/hasan-fashtouk/ur_ws/src/install/ur_moveit_config/lib/python3.12/site-packages'
[1.602s] Level 1:colcon.colcon_core.environment:checking '/home/hasan-fashtouk/ur_ws/src/install/ur_moveit_config/bin'
[1.602s] INFO:colcon.colcon_core.shell:Creating package script '/home/hasan-fashtouk/ur_ws/src/install/ur_moveit_config/share/ur_moveit_config/package.ps1'
[1.605s] INFO:colcon.colcon_core.shell:Creating package descriptor '/home/hasan-fashtouk/ur_ws/src/install/ur_moveit_config/share/ur_moveit_config/package.dsv'
[1.606s] DEBUG:colcon.colcon_core.event_handler.log_command:Invoked command in '/home/hasan-fashtouk/ur_ws/src/build/ur_moveit_config' returned '0': CMAKE_PREFIX_PATH=/home/hasan-fashtouk/ur_ws/src/install/ur5e_description:/home/hasan-fashtouk/ur_ws/src/install/ur_description:/home/hasan-fashtouk/ur_ws/src/install/ur_simulation_gz:/home/hasan-fashtouk/ur_ws/src/install/ur_moveit_config:/home/hasan-fashtouk/ur_ws/src/install/robotiq_description:/home/hasan-fashtouk/ur_ws/src/install/robotiq_controllers:/opt/ros/jazzy/opt/gz_sim_vendor:/opt/ros/jazzy/opt/gz_sensors_vendor:/opt/ros/jazzy/opt/gz_physics_vendor:/opt/ros/jazzy/opt/sdformat_vendor:/opt/ros/jazzy/opt/gz_gui_vendor:/opt/ros/jazzy/opt/gz_transport_vendor:/opt/ros/jazzy/opt/gz_rendering_vendor:/opt/ros/jazzy/opt/gz_plugin_vendor:/opt/ros/jazzy/opt/gz_fuel_tools_vendor:/opt/ros/jazzy/opt/gz_msgs_vendor:/opt/ros/jazzy/opt/gz_common_vendor:/opt/ros/jazzy/opt/gz_math_vendor:/opt/ros/jazzy/opt/gz_utils_vendor:/opt/ros/jazzy/opt/gz_tools_vendor:/opt/ros/jazzy/opt/gz_ogre_next_vendor:/opt/ros/jazzy/opt/gz_dartsim_vendor:/opt/ros/jazzy/opt/gz_cmake_vendor:/opt/ros/jazzy DEBUGINFOD_URLS=https://debuginfod.ubuntu.com /usr/bin/cmake --install /home/hasan-fashtouk/ur_ws/src/build/ur_moveit_config
[1.606s] INFO:colcon.colcon_core.shell:Creating package script '/home/hasan-fashtouk/ur_ws/src/install/ur_moveit_config/share/ur_moveit_config/package.sh'
[1.607s] INFO:colcon.colcon_core.shell:Creating package script '/home/hasan-fashtouk/ur_ws/src/install/ur_moveit_config/share/ur_moveit_config/package.bash'
[1.608s] INFO:colcon.colcon_core.shell:Creating package script '/home/hasan-fashtouk/ur_ws/src/install/ur_moveit_config/share/ur_moveit_config/package.zsh'
[1.609s] Level 1:colcon.colcon_core.environment:create_file_with_runtime_dependencies(/home/hasan-fashtouk/ur_ws/src/install/ur_moveit_config/share/colcon-core/packages/ur_moveit_config)
[1.609s] Level 1:colcon.colcon_core.environment:create_environment_scripts_only(ur_moveit_config)
[1.610s] Level 1:colcon.colcon_core.environment:checking '/home/hasan-fashtouk/ur_ws/src/install/ur_moveit_config' for CMake module files
[1.611s] Level 1:colcon.colcon_core.environment:checking '/home/hasan-fashtouk/ur_ws/src/install/ur_moveit_config' for CMake config files
[1.612s] Level 1:colcon.colcon_core.shell:create_environment_hook('ur_moveit_config', 'cmake_prefix_path')
[1.612s] INFO:colcon.colcon_core.shell:Creating environment hook '/home/hasan-fashtouk/ur_ws/src/install/ur_moveit_config/share/ur_moveit_config/hook/cmake_prefix_path.ps1'
[1.613s] INFO:colcon.colcon_core.shell:Creating environment descriptor '/home/hasan-fashtouk/ur_ws/src/install/ur_moveit_config/share/ur_moveit_config/hook/cmake_prefix_path.dsv'
[1.614s] INFO:colcon.colcon_core.shell:Creating environment hook '/home/hasan-fashtouk/ur_ws/src/install/ur_moveit_config/share/ur_moveit_config/hook/cmake_prefix_path.sh'
[1.615s] Level 1:colcon.colcon_core.environment:checking '/home/hasan-fashtouk/ur_ws/src/install/ur_moveit_config/bin'
[1.615s] Level 1:colcon.colcon_core.environment:checking '/home/hasan-fashtouk/ur_ws/src/install/ur_moveit_config/lib/pkgconfig/ur_moveit_config.pc'
[1.615s] Level 1:colcon.colcon_core.environment:checking '/home/hasan-fashtouk/ur_ws/src/install/ur_moveit_config/lib/python3.12/site-packages'
[1.616s] Level 1:colcon.colcon_core.environment:checking '/home/hasan-fashtouk/ur_ws/src/install/ur_moveit_config/bin'
[1.616s] INFO:colcon.colcon_core.shell:Creating package script '/home/hasan-fashtouk/ur_ws/src/install/ur_moveit_config/share/ur_moveit_config/package.ps1'
[1.617s] INFO:colcon.colcon_core.shell:Creating package descriptor '/home/hasan-fashtouk/ur_ws/src/install/ur_moveit_config/share/ur_moveit_config/package.dsv'
[1.618s] INFO:colcon.colcon_core.shell:Creating package script '/home/hasan-fashtouk/ur_ws/src/install/ur_moveit_config/share/ur_moveit_config/package.sh'
[1.619s] INFO:colcon.colcon_core.shell:Creating package script '/home/hasan-fashtouk/ur_ws/src/install/ur_moveit_config/share/ur_moveit_config/package.bash'
[1.620s] INFO:colcon.colcon_core.shell:Creating package script '/home/hasan-fashtouk/ur_ws/src/install/ur_moveit_config/share/ur_moveit_config/package.zsh'
[1.621s] Level 1:colcon.colcon_core.environment:create_file_with_runtime_dependencies(/home/hasan-fashtouk/ur_ws/src/install/ur_moveit_config/share/colcon-core/packages/ur_moveit_config)
[1.621s] INFO:colcon.colcon_ros.task.ament_cmake.build:Building ROS package in '/home/hasan-fashtouk/ur_ws/src/Universal_Robots_ROS2_GZ_Simulation/ur_simulation_gz' with build type 'ament_cmake'
[1.621s] INFO:colcon.colcon_cmake.task.cmake.build:Building CMake package in '/home/hasan-fashtouk/ur_ws/src/Universal_Robots_ROS2_GZ_Simulation/ur_simulation_gz'
[1.622s] INFO:colcon.colcon_core.shell:Skip shell extension 'powershell' for command environment: Not usable outside of PowerShell
[1.622s] DEBUG:colcon.colcon_core.shell:Skip shell extension 'dsv' for command environment
[1.643s] DEBUG:colcon.colcon_core.event_handler.log_command:Invoking command in '/home/hasan-fashtouk/ur_ws/src/build/ur_simulation_gz': CMAKE_PREFIX_PATH=/home/hasan-fashtouk/ur_ws/src/install/ur_moveit_config:/home/hasan-fashtouk/ur_ws/src/install/ur5e_description:/home/hasan-fashtouk/ur_ws/src/install/ur_description:/home/hasan-fashtouk/ur_ws/src/install/ur_simulation_gz:/home/hasan-fashtouk/ur_ws/src/install/robotiq_description:/home/hasan-fashtouk/ur_ws/src/install/robotiq_controllers:/opt/ros/jazzy/opt/gz_sim_vendor:/opt/ros/jazzy/opt/gz_sensors_vendor:/opt/ros/jazzy/opt/gz_physics_vendor:/opt/ros/jazzy/opt/sdformat_vendor:/opt/ros/jazzy/opt/gz_gui_vendor:/opt/ros/jazzy/opt/gz_transport_vendor:/opt/ros/jazzy/opt/gz_rendering_vendor:/opt/ros/jazzy/opt/gz_plugin_vendor:/opt/ros/jazzy/opt/gz_fuel_tools_vendor:/opt/ros/jazzy/opt/gz_msgs_vendor:/opt/ros/jazzy/opt/gz_common_vendor:/opt/ros/jazzy/opt/gz_math_vendor:/opt/ros/jazzy/opt/gz_utils_vendor:/opt/ros/jazzy/opt/gz_tools_vendor:/opt/ros/jazzy/opt/gz_ogre_next_vendor:/opt/ros/jazzy/opt/gz_dartsim_vendor:/opt/ros/jazzy/opt/gz_cmake_vendor:/opt/ros/jazzy DEBUGINFOD_URLS=https://debuginfod.ubuntu.com /usr/bin/cmake --build /home/hasan-fashtouk/ur_ws/src/build/ur_simulation_gz -- -j4 -l4
[1.702s] DEBUG:colcon.colcon_core.event_handler.log_command:Invoked command in '/home/hasan-fashtouk/ur_ws/src/build/ur_simulation_gz' returned '0': CMAKE_PREFIX_PATH=/home/hasan-fashtouk/ur_ws/src/install/ur_moveit_config:/home/hasan-fashtouk/ur_ws/src/install/ur5e_description:/home/hasan-fashtouk/ur_ws/src/install/ur_description:/home/hasan-fashtouk/ur_ws/src/install/ur_simulation_gz:/home/hasan-fashtouk/ur_ws/src/install/robotiq_description:/home/hasan-fashtouk/ur_ws/src/install/robotiq_controllers:/opt/ros/jazzy/opt/gz_sim_vendor:/opt/ros/jazzy/opt/gz_sensors_vendor:/opt/ros/jazzy/opt/gz_physics_vendor:/opt/ros/jazzy/opt/sdformat_vendor:/opt/ros/jazzy/opt/gz_gui_vendor:/opt/ros/jazzy/opt/gz_transport_vendor:/opt/ros/jazzy/opt/gz_rendering_vendor:/opt/ros/jazzy/opt/gz_plugin_vendor:/opt/ros/jazzy/opt/gz_fuel_tools_vendor:/opt/ros/jazzy/opt/gz_msgs_vendor:/opt/ros/jazzy/opt/gz_common_vendor:/opt/ros/jazzy/opt/gz_math_vendor:/opt/ros/jazzy/opt/gz_utils_vendor:/opt/ros/jazzy/opt/gz_tools_vendor:/opt/ros/jazzy/opt/gz_ogre_next_vendor:/opt/ros/jazzy/opt/gz_dartsim_vendor:/opt/ros/jazzy/opt/gz_cmake_vendor:/opt/ros/jazzy DEBUGINFOD_URLS=https://debuginfod.ubuntu.com /usr/bin/cmake --build /home/hasan-fashtouk/ur_ws/src/build/ur_simulation_gz -- -j4 -l4
[1.704s] DEBUG:colcon.colcon_core.event_handler.log_command:Invoking command in '/home/hasan-fashtouk/ur_ws/src/build/ur_simulation_gz': CMAKE_PREFIX_PATH=/home/hasan-fashtouk/ur_ws/src/install/ur_moveit_config:/home/hasan-fashtouk/ur_ws/src/install/ur5e_description:/home/hasan-fashtouk/ur_ws/src/install/ur_description:/home/hasan-fashtouk/ur_ws/src/install/ur_simulation_gz:/home/hasan-fashtouk/ur_ws/src/install/robotiq_description:/home/hasan-fashtouk/ur_ws/src/install/robotiq_controllers:/opt/ros/jazzy/opt/gz_sim_vendor:/opt/ros/jazzy/opt/gz_sensors_vendor:/opt/ros/jazzy/opt/gz_physics_vendor:/opt/ros/jazzy/opt/sdformat_vendor:/opt/ros/jazzy/opt/gz_gui_vendor:/opt/ros/jazzy/opt/gz_transport_vendor:/opt/ros/jazzy/opt/gz_rendering_vendor:/opt/ros/jazzy/opt/gz_plugin_vendor:/opt/ros/jazzy/opt/gz_fuel_tools_vendor:/opt/ros/jazzy/opt/gz_msgs_vendor:/opt/ros/jazzy/opt/gz_common_vendor:/opt/ros/jazzy/opt/gz_math_vendor:/opt/ros/jazzy/opt/gz_utils_vendor:/opt/ros/jazzy/opt/gz_tools_vendor:/opt/ros/jazzy/opt/gz_ogre_next_vendor:/opt/ros/jazzy/opt/gz_dartsim_vendor:/opt/ros/jazzy/opt/gz_cmake_vendor:/opt/ros/jazzy DEBUGINFOD_URLS=https://debuginfod.ubuntu.com /usr/bin/cmake --install /home/hasan-fashtouk/ur_ws/src/build/ur_simulation_gz
[1.722s] Level 1:colcon.colcon_core.environment:create_environment_scripts_only(ur_simulation_gz)
[1.722s] Level 1:colcon.colcon_core.environment:checking '/home/hasan-fashtouk/ur_ws/src/install/ur_simulation_gz' for CMake module files
[1.724s] Level 1:colcon.colcon_core.environment:checking '/home/hasan-fashtouk/ur_ws/src/install/ur_simulation_gz' for CMake config files
[1.725s] DEBUG:colcon.colcon_core.event_handler.log_command:Invoked command in '/home/hasan-fashtouk/ur_ws/src/build/ur_simulation_gz' returned '0': CMAKE_PREFIX_PATH=/home/hasan-fashtouk/ur_ws/src/install/ur_moveit_config:/home/hasan-fashtouk/ur_ws/src/install/ur5e_description:/home/hasan-fashtouk/ur_ws/src/install/ur_description:/home/hasan-fashtouk/ur_ws/src/install/ur_simulation_gz:/home/hasan-fashtouk/ur_ws/src/install/robotiq_description:/home/hasan-fashtouk/ur_ws/src/install/robotiq_controllers:/opt/ros/jazzy/opt/gz_sim_vendor:/opt/ros/jazzy/opt/gz_sensors_vendor:/opt/ros/jazzy/opt/gz_physics_vendor:/opt/ros/jazzy/opt/sdformat_vendor:/opt/ros/jazzy/opt/gz_gui_vendor:/opt/ros/jazzy/opt/gz_transport_vendor:/opt/ros/jazzy/opt/gz_rendering_vendor:/opt/ros/jazzy/opt/gz_plugin_vendor:/opt/ros/jazzy/opt/gz_fuel_tools_vendor:/opt/ros/jazzy/opt/gz_msgs_vendor:/opt/ros/jazzy/opt/gz_common_vendor:/opt/ros/jazzy/opt/gz_math_vendor:/opt/ros/jazzy/opt/gz_utils_vendor:/opt/ros/jazzy/opt/gz_tools_vendor:/opt/ros/jazzy/opt/gz_ogre_next_vendor:/opt/ros/jazzy/opt/gz_dartsim_vendor:/opt/ros/jazzy/opt/gz_cmake_vendor:/opt/ros/jazzy DEBUGINFOD_URLS=https://debuginfod.ubuntu.com /usr/bin/cmake --install /home/hasan-fashtouk/ur_ws/src/build/ur_simulation_gz
[1.726s] Level 1:colcon.colcon_core.shell:create_environment_hook('ur_simulation_gz', 'cmake_prefix_path')
[1.726s] INFO:colcon.colcon_core.shell:Creating environment hook '/home/hasan-fashtouk/ur_ws/src/install/ur_simulation_gz/share/ur_simulation_gz/hook/cmake_prefix_path.ps1'
[1.727s] INFO:colcon.colcon_core.shell:Creating environment descriptor '/home/hasan-fashtouk/ur_ws/src/install/ur_simulation_gz/share/ur_simulation_gz/hook/cmake_prefix_path.dsv'
[1.727s] INFO:colcon.colcon_core.shell:Creating environment hook '/home/hasan-fashtouk/ur_ws/src/install/ur_simulation_gz/share/ur_simulation_gz/hook/cmake_prefix_path.sh'
[1.728s] Level 1:colcon.colcon_core.environment:checking '/home/hasan-fashtouk/ur_ws/src/install/ur_simulation_gz/bin'
[1.728s] Level 1:colcon.colcon_core.environment:checking '/home/hasan-fashtouk/ur_ws/src/install/ur_simulation_gz/lib/pkgconfig/ur_simulation_gz.pc'
[1.729s] Level 1:colcon.colcon_core.environment:checking '/home/hasan-fashtouk/ur_ws/src/install/ur_simulation_gz/lib/python3.12/site-packages'
[1.729s] Level 1:colcon.colcon_core.environment:checking '/home/hasan-fashtouk/ur_ws/src/install/ur_simulation_gz/bin'
[1.730s] INFO:colcon.colcon_core.shell:Creating package script '/home/hasan-fashtouk/ur_ws/src/install/ur_simulation_gz/share/ur_simulation_gz/package.ps1'
[1.730s] INFO:colcon.colcon_core.shell:Creating package descriptor '/home/hasan-fashtouk/ur_ws/src/install/ur_simulation_gz/share/ur_simulation_gz/package.dsv'
[1.731s] INFO:colcon.colcon_core.shell:Creating package script '/home/hasan-fashtouk/ur_ws/src/install/ur_simulation_gz/share/ur_simulation_gz/package.sh'
[1.732s] INFO:colcon.colcon_core.shell:Creating package script '/home/hasan-fashtouk/ur_ws/src/install/ur_simulation_gz/share/ur_simulation_gz/package.bash'
[1.732s] INFO:colcon.colcon_core.shell:Creating package script '/home/hasan-fashtouk/ur_ws/src/install/ur_simulation_gz/share/ur_simulation_gz/package.zsh'
[1.733s] Level 1:colcon.colcon_core.environment:create_file_with_runtime_dependencies(/home/hasan-fashtouk/ur_ws/src/install/ur_simulation_gz/share/colcon-core/packages/ur_simulation_gz)
[1.734s] Level 1:colcon.colcon_core.environment:create_environment_scripts_only(ur_simulation_gz)
[1.734s] Level 1:colcon.colcon_core.environment:checking '/home/hasan-fashtouk/ur_ws/src/install/ur_simulation_gz' for CMake module files
[1.735s] Level 1:colcon.colcon_core.environment:checking '/home/hasan-fashtouk/ur_ws/src/install/ur_simulation_gz' for CMake config files
[1.736s] Level 1:colcon.colcon_core.shell:create_environment_hook('ur_simulation_gz', 'cmake_prefix_path')
[1.736s] INFO:colcon.colcon_core.shell:Creating environment hook '/home/hasan-fashtouk/ur_ws/src/install/ur_simulation_gz/share/ur_simulation_gz/hook/cmake_prefix_path.ps1'
[1.737s] INFO:colcon.colcon_core.shell:Creating environment descriptor '/home/hasan-fashtouk/ur_ws/src/install/ur_simulation_gz/share/ur_simulation_gz/hook/cmake_prefix_path.dsv'
[1.737s] INFO:colcon.colcon_core.shell:Creating environment hook '/home/hasan-fashtouk/ur_ws/src/install/ur_simulation_gz/share/ur_simulation_gz/hook/cmake_prefix_path.sh'
[1.738s] Level 1:colcon.colcon_core.environment:checking '/home/hasan-fashtouk/ur_ws/src/install/ur_simulation_gz/bin'
[1.738s] Level 1:colcon.colcon_core.environment:checking '/home/hasan-fashtouk/ur_ws/src/install/ur_simulation_gz/lib/pkgconfig/ur_simulation_gz.pc'
[1.739s] Level 1:colcon.colcon_core.environment:checking '/home/hasan-fashtouk/ur_ws/src/install/ur_simulation_gz/lib/python3.12/site-packages'
[1.740s] Level 1:colcon.colcon_core.environment:checking '/home/hasan-fashtouk/ur_ws/src/install/ur_simulation_gz/bin'
[1.740s] INFO:colcon.colcon_core.shell:Creating package script '/home/hasan-fashtouk/ur_ws/src/install/ur_simulation_gz/share/ur_simulation_gz/package.ps1'
[1.741s] INFO:colcon.colcon_core.shell:Creating package descriptor '/home/hasan-fashtouk/ur_ws/src/install/ur_simulation_gz/share/ur_simulation_gz/package.dsv'
[1.741s] INFO:colcon.colcon_core.shell:Creating package script '/home/hasan-fashtouk/ur_ws/src/install/ur_simulation_gz/share/ur_simulation_gz/package.sh'
[1.742s] INFO:colcon.colcon_core.shell:Creating package script '/home/hasan-fashtouk/ur_ws/src/install/ur_simulation_gz/share/ur_simulation_gz/package.bash'
[1.743s] INFO:colcon.colcon_core.shell:Creating package script '/home/hasan-fashtouk/ur_ws/src/install/ur_simulation_gz/share/ur_simulation_gz/package.zsh'
[1.743s] Level 1:colcon.colcon_core.environment:create_file_with_runtime_dependencies(/home/hasan-fashtouk/ur_ws/src/install/ur_simulation_gz/share/colcon-core/packages/ur_simulation_gz)
[1.744s] DEBUG:colcon.colcon_parallel_executor.executor.parallel:closing loop
[1.744s] DEBUG:colcon.colcon_parallel_executor.executor.parallel:loop closed
[1.744s] DEBUG:colcon.colcon_parallel_executor.executor.parallel:run_until_complete finished with '0'
[1.745s] DEBUG:colcon.colcon_core.event_reactor:joining thread
[1.753s] INFO:colcon.colcon_core.plugin_system:Skipping extension 'colcon_notification.desktop_notification.terminal_notifier': Not used on non-Darwin systems
[1.753s] INFO:colcon.colcon_core.plugin_system:Skipping extension 'colcon_notification.desktop_notification.win32': Not used on non-Windows systems
[1.754s] INFO:colcon.colcon_notification.desktop_notification:Sending desktop notification using 'notify2'
[1.846s] DEBUG:colcon.colcon_core.event_reactor:joined thread
[1.847s] INFO:colcon.colcon_core.shell:Creating prefix script '/home/hasan-fashtouk/ur_ws/src/install/local_setup.ps1'
[1.848s] INFO:colcon.colcon_core.shell:Creating prefix util module '/home/hasan-fashtouk/ur_ws/src/install/_local_setup_util_ps1.py'
[1.851s] INFO:colcon.colcon_core.shell:Creating prefix chain script '/home/hasan-fashtouk/ur_ws/src/install/setup.ps1'
[1.854s] INFO:colcon.colcon_core.shell:Creating prefix script '/home/hasan-fashtouk/ur_ws/src/install/local_setup.sh'
[1.855s] INFO:colcon.colcon_core.shell:Creating prefix util module '/home/hasan-fashtouk/ur_ws/src/install/_local_setup_util_sh.py'
[1.856s] INFO:colcon.colcon_core.shell:Creating prefix chain script '/home/hasan-fashtouk/ur_ws/src/install/setup.sh'
[1.860s] INFO:colcon.colcon_core.shell:Creating prefix script '/home/hasan-fashtouk/ur_ws/src/install/local_setup.bash'
[1.861s] INFO:colcon.colcon_core.shell:Creating prefix chain script '/home/hasan-fashtouk/ur_ws/src/install/setup.bash'
[1.863s] INFO:colcon.colcon_core.shell:Creating prefix script '/home/hasan-fashtouk/ur_ws/src/install/local_setup.zsh'
[1.864s] INFO:colcon.colcon_core.shell:Creating prefix chain script '/home/hasan-fashtouk/ur_ws/src/install/setup.zsh'
