[0.145s] DEBUG:colcon:Command line arguments: ['/usr/bin/colcon', 'build']
[0.145s] DEBUG:colcon:Parsed command line arguments: Namespace(log_base=None, log_level=None, verb_name='build', build_base='build', install_base='install', merge_install=False, symlink_install=False, test_result_base=None, continue_on_error=False, executor='parallel', parallel_workers=4, event_handlers=None, ignore_user_meta=False, metas=['./colcon.meta'], base_paths=['.'], packages_ignore=None, packages_ignore_regex=None, paths=None, packages_up_to=None, packages_up_to_regex=None, packages_above=None, packages_above_and_dependencies=None, packages_above_depth=None, packages_select_by_dep=None, packages_skip_by_dep=None, packages_skip_up_to=None, packages_select_build_failed=False, packages_skip_build_finished=False, packages_select_test_failures=False, packages_skip_test_passed=False, packages_select=None, packages_skip=None, packages_select_regex=None, packages_skip_regex=None, packages_start=None, packages_end=None, allow_overriding=[], cmake_args=None, cmake_target=None, cmake_target_skip_unavailable=False, cmake_clean_cache=False, cmake_clean_first=False, cmake_force_configure=False, ament_cmake_args=None, catkin_cmake_args=None, catkin_skip_building_tests=False, mixin_files=None, mixin=None, verb_parser=<colcon_mixin.mixin.mixin_argument.MixinArgumentDecorator object at 0x71b82ec3dd90>, verb_extension=<colcon_core.verb.build.BuildVerb object at 0x71b82ebafa70>, main=<bound method BuildVerb.main of <colcon_core.verb.build.BuildVerb object at 0x71b82ebafa70>>, mixin_verb=('build',))
[0.193s] Level 1:colcon.colcon_core.package_discovery:discover_packages(colcon_meta) check parameters
[0.193s] Level 1:colcon.colcon_core.package_discovery:discover_packages(recursive) check parameters
[0.194s] Level 1:colcon.colcon_core.package_discovery:discover_packages(ignore) check parameters
[0.194s] Level 1:colcon.colcon_core.package_discovery:discover_packages(path) check parameters
[0.194s] Level 1:colcon.colcon_core.package_discovery:discover_packages(colcon_meta) discover
[0.194s] Level 1:colcon.colcon_core.package_discovery:discover_packages(recursive) discover
[0.194s] INFO:colcon.colcon_core.package_discovery:Crawling recursively for packages in '/home/hasan-fashtouk/ur_ws/src'
[0.194s] Level 1:colcon.colcon_core.package_identification:_identify(.) by extensions ['ignore', 'ignore_ament_install']
[0.194s] Level 1:colcon.colcon_core.package_identification:_identify(.) by extension 'ignore'
[0.194s] Level 1:colcon.colcon_core.package_identification:_identify(.) by extension 'ignore_ament_install'
[0.195s] Level 1:colcon.colcon_core.package_identification:_identify(.) by extensions ['colcon_pkg']
[0.195s] Level 1:colcon.colcon_core.package_identification:_identify(.) by extension 'colcon_pkg'
[0.195s] Level 1:colcon.colcon_core.package_identification:_identify(.) by extensions ['colcon_meta']
[0.195s] Level 1:colcon.colcon_core.package_identification:_identify(.) by extension 'colcon_meta'
[0.195s] Level 1:colcon.colcon_core.package_identification:_identify(.) by extensions ['ros']
[0.195s] Level 1:colcon.colcon_core.package_identification:_identify(.) by extension 'ros'
[0.229s] Level 1:colcon.colcon_core.package_identification:_identify(.) by extensions ['cmake', 'python']
[0.229s] Level 1:colcon.colcon_core.package_identification:_identify(.) by extension 'cmake'
[0.229s] Level 1:colcon.colcon_core.package_identification:_identify(.) by extension 'python'
[0.229s] Level 1:colcon.colcon_core.package_identification:_identify(.) by extensions ['python_setup_py']
[0.229s] Level 1:colcon.colcon_core.package_identification:_identify(.) by extension 'python_setup_py'
[0.229s] Level 1:colcon.colcon_core.package_identification:_identify(Universal_Robots_ROS2_Description) by extensions ['ignore', 'ignore_ament_install']
[0.229s] Level 1:colcon.colcon_core.package_identification:_identify(Universal_Robots_ROS2_Description) by extension 'ignore'
[0.229s] Level 1:colcon.colcon_core.package_identification:_identify(Universal_Robots_ROS2_Description) by extension 'ignore_ament_install'
[0.230s] Level 1:colcon.colcon_core.package_identification:_identify(Universal_Robots_ROS2_Description) by extensions ['colcon_pkg']
[0.230s] Level 1:colcon.colcon_core.package_identification:_identify(Universal_Robots_ROS2_Description) by extension 'colcon_pkg'
[0.230s] Level 1:colcon.colcon_core.package_identification:_identify(Universal_Robots_ROS2_Description) by extensions ['colcon_meta']
[0.230s] Level 1:colcon.colcon_core.package_identification:_identify(Universal_Robots_ROS2_Description) by extension 'colcon_meta'
[0.230s] Level 1:colcon.colcon_core.package_identification:_identify(Universal_Robots_ROS2_Description) by extensions ['ros']
[0.230s] Level 1:colcon.colcon_core.package_identification:_identify(Universal_Robots_ROS2_Description) by extension 'ros'
[0.234s] DEBUG:colcon.colcon_core.package_identification:Package 'Universal_Robots_ROS2_Description' with type 'ros.ament_cmake' and name 'ur_description'
[0.234s] Level 1:colcon.colcon_core.package_identification:_identify(Universal_Robots_ROS2_GZ_Simulation) by extensions ['ignore', 'ignore_ament_install']
[0.234s] Level 1:colcon.colcon_core.package_identification:_identify(Universal_Robots_ROS2_GZ_Simulation) by extension 'ignore'
[0.234s] Level 1:colcon.colcon_core.package_identification:_identify(Universal_Robots_ROS2_GZ_Simulation) by extension 'ignore_ament_install'
[0.234s] Level 1:colcon.colcon_core.package_identification:_identify(Universal_Robots_ROS2_GZ_Simulation) by extensions ['colcon_pkg']
[0.234s] Level 1:colcon.colcon_core.package_identification:_identify(Universal_Robots_ROS2_GZ_Simulation) by extension 'colcon_pkg'
[0.235s] Level 1:colcon.colcon_core.package_identification:_identify(Universal_Robots_ROS2_GZ_Simulation) by extensions ['colcon_meta']
[0.235s] Level 1:colcon.colcon_core.package_identification:_identify(Universal_Robots_ROS2_GZ_Simulation) by extension 'colcon_meta'
[0.235s] Level 1:colcon.colcon_core.package_identification:_identify(Universal_Robots_ROS2_GZ_Simulation) by extensions ['ros']
[0.235s] Level 1:colcon.colcon_core.package_identification:_identify(Universal_Robots_ROS2_GZ_Simulation) by extension 'ros'
[0.235s] Level 1:colcon.colcon_core.package_identification:_identify(Universal_Robots_ROS2_GZ_Simulation) by extensions ['cmake', 'python']
[0.235s] Level 1:colcon.colcon_core.package_identification:_identify(Universal_Robots_ROS2_GZ_Simulation) by extension 'cmake'
[0.235s] Level 1:colcon.colcon_core.package_identification:_identify(Universal_Robots_ROS2_GZ_Simulation) by extension 'python'
[0.235s] Level 1:colcon.colcon_core.package_identification:_identify(Universal_Robots_ROS2_GZ_Simulation) by extensions ['python_setup_py']
[0.235s] Level 1:colcon.colcon_core.package_identification:_identify(Universal_Robots_ROS2_GZ_Simulation) by extension 'python_setup_py'
[0.235s] Level 1:colcon.colcon_core.package_identification:_identify(Universal_Robots_ROS2_GZ_Simulation/ur_simulation_gz) by extensions ['ignore', 'ignore_ament_install']
[0.236s] Level 1:colcon.colcon_core.package_identification:_identify(Universal_Robots_ROS2_GZ_Simulation/ur_simulation_gz) by extension 'ignore'
[0.236s] Level 1:colcon.colcon_core.package_identification:_identify(Universal_Robots_ROS2_GZ_Simulation/ur_simulation_gz) by extension 'ignore_ament_install'
[0.236s] Level 1:colcon.colcon_core.package_identification:_identify(Universal_Robots_ROS2_GZ_Simulation/ur_simulation_gz) by extensions ['colcon_pkg']
[0.236s] Level 1:colcon.colcon_core.package_identification:_identify(Universal_Robots_ROS2_GZ_Simulation/ur_simulation_gz) by extension 'colcon_pkg'
[0.236s] Level 1:colcon.colcon_core.package_identification:_identify(Universal_Robots_ROS2_GZ_Simulation/ur_simulation_gz) by extensions ['colcon_meta']
[0.236s] Level 1:colcon.colcon_core.package_identification:_identify(Universal_Robots_ROS2_GZ_Simulation/ur_simulation_gz) by extension 'colcon_meta'
[0.236s] Level 1:colcon.colcon_core.package_identification:_identify(Universal_Robots_ROS2_GZ_Simulation/ur_simulation_gz) by extensions ['ros']
[0.236s] Level 1:colcon.colcon_core.package_identification:_identify(Universal_Robots_ROS2_GZ_Simulation/ur_simulation_gz) by extension 'ros'
[0.238s] DEBUG:colcon.colcon_core.package_identification:Package 'Universal_Robots_ROS2_GZ_Simulation/ur_simulation_gz' with type 'ros.ament_cmake' and name 'ur_simulation_gz'
[0.238s] Level 1:colcon.colcon_core.package_identification:_identify(build) by extensions ['ignore', 'ignore_ament_install']
[0.238s] Level 1:colcon.colcon_core.package_identification:_identify(build) by extension 'ignore'
[0.238s] Level 1:colcon.colcon_core.package_identification:_identify(build) ignored
[0.238s] Level 1:colcon.colcon_core.package_identification:_identify(install) by extensions ['ignore', 'ignore_ament_install']
[0.238s] Level 1:colcon.colcon_core.package_identification:_identify(install) by extension 'ignore'
[0.238s] Level 1:colcon.colcon_core.package_identification:_identify(install) ignored
[0.239s] Level 1:colcon.colcon_core.package_identification:_identify(log) by extensions ['ignore', 'ignore_ament_install']
[0.239s] Level 1:colcon.colcon_core.package_identification:_identify(log) by extension 'ignore'
[0.239s] Level 1:colcon.colcon_core.package_identification:_identify(log) ignored
[0.239s] Level 1:colcon.colcon_core.package_identification:_identify(ros2_robotiq_gripper) by extensions ['ignore', 'ignore_ament_install']
[0.239s] Level 1:colcon.colcon_core.package_identification:_identify(ros2_robotiq_gripper) by extension 'ignore'
[0.239s] Level 1:colcon.colcon_core.package_identification:_identify(ros2_robotiq_gripper) by extension 'ignore_ament_install'
[0.239s] Level 1:colcon.colcon_core.package_identification:_identify(ros2_robotiq_gripper) by extensions ['colcon_pkg']
[0.239s] Level 1:colcon.colcon_core.package_identification:_identify(ros2_robotiq_gripper) by extension 'colcon_pkg'
[0.240s] Level 1:colcon.colcon_core.package_identification:_identify(ros2_robotiq_gripper) by extensions ['colcon_meta']
[0.240s] Level 1:colcon.colcon_core.package_identification:_identify(ros2_robotiq_gripper) by extension 'colcon_meta'
[0.240s] Level 1:colcon.colcon_core.package_identification:_identify(ros2_robotiq_gripper) by extensions ['ros']
[0.240s] Level 1:colcon.colcon_core.package_identification:_identify(ros2_robotiq_gripper) by extension 'ros'
[0.240s] Level 1:colcon.colcon_core.package_identification:_identify(ros2_robotiq_gripper) by extensions ['cmake', 'python']
[0.240s] Level 1:colcon.colcon_core.package_identification:_identify(ros2_robotiq_gripper) by extension 'cmake'
[0.240s] Level 1:colcon.colcon_core.package_identification:_identify(ros2_robotiq_gripper) by extension 'python'
[0.240s] Level 1:colcon.colcon_core.package_identification:_identify(ros2_robotiq_gripper) by extensions ['python_setup_py']
[0.240s] Level 1:colcon.colcon_core.package_identification:_identify(ros2_robotiq_gripper) by extension 'python_setup_py'
[0.240s] Level 1:colcon.colcon_core.package_identification:_identify(ros2_robotiq_gripper/robotiq_controllers) by extensions ['ignore', 'ignore_ament_install']
[0.240s] Level 1:colcon.colcon_core.package_identification:_identify(ros2_robotiq_gripper/robotiq_controllers) by extension 'ignore'
[0.241s] Level 1:colcon.colcon_core.package_identification:_identify(ros2_robotiq_gripper/robotiq_controllers) by extension 'ignore_ament_install'
[0.241s] Level 1:colcon.colcon_core.package_identification:_identify(ros2_robotiq_gripper/robotiq_controllers) by extensions ['colcon_pkg']
[0.241s] Level 1:colcon.colcon_core.package_identification:_identify(ros2_robotiq_gripper/robotiq_controllers) by extension 'colcon_pkg'
[0.241s] Level 1:colcon.colcon_core.package_identification:_identify(ros2_robotiq_gripper/robotiq_controllers) by extensions ['colcon_meta']
[0.241s] Level 1:colcon.colcon_core.package_identification:_identify(ros2_robotiq_gripper/robotiq_controllers) by extension 'colcon_meta'
[0.241s] Level 1:colcon.colcon_core.package_identification:_identify(ros2_robotiq_gripper/robotiq_controllers) by extensions ['ros']
[0.241s] Level 1:colcon.colcon_core.package_identification:_identify(ros2_robotiq_gripper/robotiq_controllers) by extension 'ros'
[0.242s] DEBUG:colcon.colcon_core.package_identification:Package 'ros2_robotiq_gripper/robotiq_controllers' with type 'ros.ament_cmake' and name 'robotiq_controllers'
[0.242s] Level 1:colcon.colcon_core.package_identification:_identify(ros2_robotiq_gripper/robotiq_description) by extensions ['ignore', 'ignore_ament_install']
[0.243s] Level 1:colcon.colcon_core.package_identification:_identify(ros2_robotiq_gripper/robotiq_description) by extension 'ignore'
[0.243s] Level 1:colcon.colcon_core.package_identification:_identify(ros2_robotiq_gripper/robotiq_description) by extension 'ignore_ament_install'
[0.243s] Level 1:colcon.colcon_core.package_identification:_identify(ros2_robotiq_gripper/robotiq_description) by extensions ['colcon_pkg']
[0.243s] Level 1:colcon.colcon_core.package_identification:_identify(ros2_robotiq_gripper/robotiq_description) by extension 'colcon_pkg'
[0.243s] Level 1:colcon.colcon_core.package_identification:_identify(ros2_robotiq_gripper/robotiq_description) by extensions ['colcon_meta']
[0.243s] Level 1:colcon.colcon_core.package_identification:_identify(ros2_robotiq_gripper/robotiq_description) by extension 'colcon_meta'
[0.243s] Level 1:colcon.colcon_core.package_identification:_identify(ros2_robotiq_gripper/robotiq_description) by extensions ['ros']
[0.243s] Level 1:colcon.colcon_core.package_identification:_identify(ros2_robotiq_gripper/robotiq_description) by extension 'ros'
[0.244s] DEBUG:colcon.colcon_core.package_identification:Package 'ros2_robotiq_gripper/robotiq_description' with type 'ros.ament_cmake' and name 'robotiq_description'
[0.244s] Level 1:colcon.colcon_core.package_identification:_identify(ur5e_description) by extensions ['ignore', 'ignore_ament_install']
[0.245s] Level 1:colcon.colcon_core.package_identification:_identify(ur5e_description) by extension 'ignore'
[0.245s] Level 1:colcon.colcon_core.package_identification:_identify(ur5e_description) by extension 'ignore_ament_install'
[0.245s] Level 1:colcon.colcon_core.package_identification:_identify(ur5e_description) by extensions ['colcon_pkg']
[0.245s] Level 1:colcon.colcon_core.package_identification:_identify(ur5e_description) by extension 'colcon_pkg'
[0.245s] Level 1:colcon.colcon_core.package_identification:_identify(ur5e_description) by extensions ['colcon_meta']
[0.245s] Level 1:colcon.colcon_core.package_identification:_identify(ur5e_description) by extension 'colcon_meta'
[0.245s] Level 1:colcon.colcon_core.package_identification:_identify(ur5e_description) by extensions ['ros']
[0.245s] Level 1:colcon.colcon_core.package_identification:_identify(ur5e_description) by extension 'ros'
[0.247s] DEBUG:colcon.colcon_core.package_identification:Package 'ur5e_description' with type 'ros.ament_cmake' and name 'ur5e_description'
[0.247s] Level 1:colcon.colcon_core.package_identification:_identify(ur_moveit_config) by extensions ['ignore', 'ignore_ament_install']
[0.247s] Level 1:colcon.colcon_core.package_identification:_identify(ur_moveit_config) by extension 'ignore'
[0.248s] Level 1:colcon.colcon_core.package_identification:_identify(ur_moveit_config) by extension 'ignore_ament_install'
[0.248s] Level 1:colcon.colcon_core.package_identification:_identify(ur_moveit_config) by extensions ['colcon_pkg']
[0.248s] Level 1:colcon.colcon_core.package_identification:_identify(ur_moveit_config) by extension 'colcon_pkg'
[0.248s] Level 1:colcon.colcon_core.package_identification:_identify(ur_moveit_config) by extensions ['colcon_meta']
[0.248s] Level 1:colcon.colcon_core.package_identification:_identify(ur_moveit_config) by extension 'colcon_meta'
[0.248s] Level 1:colcon.colcon_core.package_identification:_identify(ur_moveit_config) by extensions ['ros']
[0.248s] Level 1:colcon.colcon_core.package_identification:_identify(ur_moveit_config) by extension 'ros'
[0.250s] DEBUG:colcon.colcon_core.package_identification:Package 'ur_moveit_config' with type 'ros.ament_cmake' and name 'ur_moveit_config'
[0.250s] Level 1:colcon.colcon_core.package_discovery:discover_packages(recursive) using defaults
[0.250s] Level 1:colcon.colcon_core.package_discovery:discover_packages(ignore) discover
[0.250s] Level 1:colcon.colcon_core.package_discovery:discover_packages(ignore) using defaults
[0.250s] Level 1:colcon.colcon_core.package_discovery:discover_packages(path) discover
[0.250s] Level 1:colcon.colcon_core.package_discovery:discover_packages(path) using defaults
[0.275s] Level 1:colcon.colcon_core.package_discovery:discover_packages(prefix_path) check parameters
[0.275s] Level 1:colcon.colcon_core.package_discovery:discover_packages(prefix_path) discover
[0.278s] DEBUG:colcon.colcon_installed_package_information.package_discovery:Found 6 installed packages in /home/hasan-fashtouk/ur_ws/src/install
[0.282s] DEBUG:colcon.colcon_installed_package_information.package_discovery:Found 435 installed packages in /opt/ros/jazzy
[0.283s] Level 1:colcon.colcon_core.package_discovery:discover_packages(prefix_path) using defaults
[0.360s] Level 5:colcon.colcon_core.verb:set package 'robotiq_controllers' build argument 'cmake_args' from command line to 'None'
[0.360s] Level 5:colcon.colcon_core.verb:set package 'robotiq_controllers' build argument 'cmake_target' from command line to 'None'
[0.360s] Level 5:colcon.colcon_core.verb:set package 'robotiq_controllers' build argument 'cmake_target_skip_unavailable' from command line to 'False'
[0.360s] Level 5:colcon.colcon_core.verb:set package 'robotiq_controllers' build argument 'cmake_clean_cache' from command line to 'False'
[0.360s] Level 5:colcon.colcon_core.verb:set package 'robotiq_controllers' build argument 'cmake_clean_first' from command line to 'False'
[0.360s] Level 5:colcon.colcon_core.verb:set package 'robotiq_controllers' build argument 'cmake_force_configure' from command line to 'False'
[0.360s] Level 5:colcon.colcon_core.verb:set package 'robotiq_controllers' build argument 'ament_cmake_args' from command line to 'None'
[0.360s] Level 5:colcon.colcon_core.verb:set package 'robotiq_controllers' build argument 'catkin_cmake_args' from command line to 'None'
[0.360s] Level 5:colcon.colcon_core.verb:set package 'robotiq_controllers' build argument 'catkin_skip_building_tests' from command line to 'False'
[0.360s] DEBUG:colcon.colcon_core.verb:Building package 'robotiq_controllers' with the following arguments: {'ament_cmake_args': None, 'build_base': '/home/hasan-fashtouk/ur_ws/src/build/robotiq_controllers', 'catkin_cmake_args': None, 'catkin_skip_building_tests': False, 'cmake_args': None, 'cmake_clean_cache': False, 'cmake_clean_first': False, 'cmake_force_configure': False, 'cmake_target': None, 'cmake_target_skip_unavailable': False, 'install_base': '/home/hasan-fashtouk/ur_ws/src/install/robotiq_controllers', 'merge_install': False, 'path': '/home/hasan-fashtouk/ur_ws/src/ros2_robotiq_gripper/robotiq_controllers', 'symlink_install': False, 'test_result_base': None}
[0.361s] Level 5:colcon.colcon_core.verb:set package 'robotiq_description' build argument 'cmake_args' from command line to 'None'
[0.361s] Level 5:colcon.colcon_core.verb:set package 'robotiq_description' build argument 'cmake_target' from command line to 'None'
[0.361s] Level 5:colcon.colcon_core.verb:set package 'robotiq_description' build argument 'cmake_target_skip_unavailable' from command line to 'False'
[0.361s] Level 5:colcon.colcon_core.verb:set package 'robotiq_description' build argument 'cmake_clean_cache' from command line to 'False'
[0.361s] Level 5:colcon.colcon_core.verb:set package 'robotiq_description' build argument 'cmake_clean_first' from command line to 'False'
[0.361s] Level 5:colcon.colcon_core.verb:set package 'robotiq_description' build argument 'cmake_force_configure' from command line to 'False'
[0.361s] Level 5:colcon.colcon_core.verb:set package 'robotiq_description' build argument 'ament_cmake_args' from command line to 'None'
[0.361s] Level 5:colcon.colcon_core.verb:set package 'robotiq_description' build argument 'catkin_cmake_args' from command line to 'None'
[0.361s] Level 5:colcon.colcon_core.verb:set package 'robotiq_description' build argument 'catkin_skip_building_tests' from command line to 'False'
[0.361s] DEBUG:colcon.colcon_core.verb:Building package 'robotiq_description' with the following arguments: {'ament_cmake_args': None, 'build_base': '/home/hasan-fashtouk/ur_ws/src/build/robotiq_description', 'catkin_cmake_args': None, 'catkin_skip_building_tests': False, 'cmake_args': None, 'cmake_clean_cache': False, 'cmake_clean_first': False, 'cmake_force_configure': False, 'cmake_target': None, 'cmake_target_skip_unavailable': False, 'install_base': '/home/hasan-fashtouk/ur_ws/src/install/robotiq_description', 'merge_install': False, 'path': '/home/hasan-fashtouk/ur_ws/src/ros2_robotiq_gripper/robotiq_description', 'symlink_install': False, 'test_result_base': None}
[0.362s] Level 5:colcon.colcon_core.verb:set package 'ur_description' build argument 'cmake_args' from command line to 'None'
[0.362s] Level 5:colcon.colcon_core.verb:set package 'ur_description' build argument 'cmake_target' from command line to 'None'
[0.362s] Level 5:colcon.colcon_core.verb:set package 'ur_description' build argument 'cmake_target_skip_unavailable' from command line to 'False'
[0.362s] Level 5:colcon.colcon_core.verb:set package 'ur_description' build argument 'cmake_clean_cache' from command line to 'False'
[0.362s] Level 5:colcon.colcon_core.verb:set package 'ur_description' build argument 'cmake_clean_first' from command line to 'False'
[0.362s] Level 5:colcon.colcon_core.verb:set package 'ur_description' build argument 'cmake_force_configure' from command line to 'False'
[0.362s] Level 5:colcon.colcon_core.verb:set package 'ur_description' build argument 'ament_cmake_args' from command line to 'None'
[0.362s] Level 5:colcon.colcon_core.verb:set package 'ur_description' build argument 'catkin_cmake_args' from command line to 'None'
[0.362s] Level 5:colcon.colcon_core.verb:set package 'ur_description' build argument 'catkin_skip_building_tests' from command line to 'False'
[0.362s] DEBUG:colcon.colcon_core.verb:Building package 'ur_description' with the following arguments: {'ament_cmake_args': None, 'build_base': '/home/hasan-fashtouk/ur_ws/src/build/ur_description', 'catkin_cmake_args': None, 'catkin_skip_building_tests': False, 'cmake_args': None, 'cmake_clean_cache': False, 'cmake_clean_first': False, 'cmake_force_configure': False, 'cmake_target': None, 'cmake_target_skip_unavailable': False, 'install_base': '/home/hasan-fashtouk/ur_ws/src/install/ur_description', 'merge_install': False, 'path': '/home/hasan-fashtouk/ur_ws/src/Universal_Robots_ROS2_Description', 'symlink_install': False, 'test_result_base': None}
[0.363s] Level 5:colcon.colcon_core.verb:set package 'ur5e_description' build argument 'cmake_args' from command line to 'None'
[0.363s] Level 5:colcon.colcon_core.verb:set package 'ur5e_description' build argument 'cmake_target' from command line to 'None'
[0.363s] Level 5:colcon.colcon_core.verb:set package 'ur5e_description' build argument 'cmake_target_skip_unavailable' from command line to 'False'
[0.363s] Level 5:colcon.colcon_core.verb:set package 'ur5e_description' build argument 'cmake_clean_cache' from command line to 'False'
[0.363s] Level 5:colcon.colcon_core.verb:set package 'ur5e_description' build argument 'cmake_clean_first' from command line to 'False'
[0.363s] Level 5:colcon.colcon_core.verb:set package 'ur5e_description' build argument 'cmake_force_configure' from command line to 'False'
[0.363s] Level 5:colcon.colcon_core.verb:set package 'ur5e_description' build argument 'ament_cmake_args' from command line to 'None'
[0.363s] Level 5:colcon.colcon_core.verb:set package 'ur5e_description' build argument 'catkin_cmake_args' from command line to 'None'
[0.363s] Level 5:colcon.colcon_core.verb:set package 'ur5e_description' build argument 'catkin_skip_building_tests' from command line to 'False'
[0.363s] DEBUG:colcon.colcon_core.verb:Building package 'ur5e_description' with the following arguments: {'ament_cmake_args': None, 'build_base': '/home/hasan-fashtouk/ur_ws/src/build/ur5e_description', 'catkin_cmake_args': None, 'catkin_skip_building_tests': False, 'cmake_args': None, 'cmake_clean_cache': False, 'cmake_clean_first': False, 'cmake_force_configure': False, 'cmake_target': None, 'cmake_target_skip_unavailable': False, 'install_base': '/home/hasan-fashtouk/ur_ws/src/install/ur5e_description', 'merge_install': False, 'path': '/home/hasan-fashtouk/ur_ws/src/ur5e_description', 'symlink_install': False, 'test_result_base': None}
[0.364s] Level 5:colcon.colcon_core.verb:set package 'ur_moveit_config' build argument 'cmake_args' from command line to 'None'
[0.364s] Level 5:colcon.colcon_core.verb:set package 'ur_moveit_config' build argument 'cmake_target' from command line to 'None'
[0.364s] Level 5:colcon.colcon_core.verb:set package 'ur_moveit_config' build argument 'cmake_target_skip_unavailable' from command line to 'False'
[0.364s] Level 5:colcon.colcon_core.verb:set package 'ur_moveit_config' build argument 'cmake_clean_cache' from command line to 'False'
[0.364s] Level 5:colcon.colcon_core.verb:set package 'ur_moveit_config' build argument 'cmake_clean_first' from command line to 'False'
[0.364s] Level 5:colcon.colcon_core.verb:set package 'ur_moveit_config' build argument 'cmake_force_configure' from command line to 'False'
[0.364s] Level 5:colcon.colcon_core.verb:set package 'ur_moveit_config' build argument 'ament_cmake_args' from command line to 'None'
[0.364s] Level 5:colcon.colcon_core.verb:set package 'ur_moveit_config' build argument 'catkin_cmake_args' from command line to 'None'
[0.364s] Level 5:colcon.colcon_core.verb:set package 'ur_moveit_config' build argument 'catkin_skip_building_tests' from command line to 'False'
[0.364s] DEBUG:colcon.colcon_core.verb:Building package 'ur_moveit_config' with the following arguments: {'ament_cmake_args': None, 'build_base': '/home/hasan-fashtouk/ur_ws/src/build/ur_moveit_config', 'catkin_cmake_args': None, 'catkin_skip_building_tests': False, 'cmake_args': None, 'cmake_clean_cache': False, 'cmake_clean_first': False, 'cmake_force_configure': False, 'cmake_target': None, 'cmake_target_skip_unavailable': False, 'install_base': '/home/hasan-fashtouk/ur_ws/src/install/ur_moveit_config', 'merge_install': False, 'path': '/home/hasan-fashtouk/ur_ws/src/ur_moveit_config', 'symlink_install': False, 'test_result_base': None}
[0.365s] Level 5:colcon.colcon_core.verb:set package 'ur_simulation_gz' build argument 'cmake_args' from command line to 'None'
[0.365s] Level 5:colcon.colcon_core.verb:set package 'ur_simulation_gz' build argument 'cmake_target' from command line to 'None'
[0.365s] Level 5:colcon.colcon_core.verb:set package 'ur_simulation_gz' build argument 'cmake_target_skip_unavailable' from command line to 'False'
[0.365s] Level 5:colcon.colcon_core.verb:set package 'ur_simulation_gz' build argument 'cmake_clean_cache' from command line to 'False'
[0.365s] Level 5:colcon.colcon_core.verb:set package 'ur_simulation_gz' build argument 'cmake_clean_first' from command line to 'False'
[0.365s] Level 5:colcon.colcon_core.verb:set package 'ur_simulation_gz' build argument 'cmake_force_configure' from command line to 'False'
[0.365s] Level 5:colcon.colcon_core.verb:set package 'ur_simulation_gz' build argument 'ament_cmake_args' from command line to 'None'
[0.365s] Level 5:colcon.colcon_core.verb:set package 'ur_simulation_gz' build argument 'catkin_cmake_args' from command line to 'None'
[0.365s] Level 5:colcon.colcon_core.verb:set package 'ur_simulation_gz' build argument 'catkin_skip_building_tests' from command line to 'False'
[0.366s] DEBUG:colcon.colcon_core.verb:Building package 'ur_simulation_gz' with the following arguments: {'ament_cmake_args': None, 'build_base': '/home/hasan-fashtouk/ur_ws/src/build/ur_simulation_gz', 'catkin_cmake_args': None, 'catkin_skip_building_tests': False, 'cmake_args': None, 'cmake_clean_cache': False, 'cmake_clean_first': False, 'cmake_force_configure': False, 'cmake_target': None, 'cmake_target_skip_unavailable': False, 'install_base': '/home/hasan-fashtouk/ur_ws/src/install/ur_simulation_gz', 'merge_install': False, 'path': '/home/hasan-fashtouk/ur_ws/src/Universal_Robots_ROS2_GZ_Simulation/ur_simulation_gz', 'symlink_install': False, 'test_result_base': None}
[0.366s] INFO:colcon.colcon_core.executor:Executing jobs using 'parallel' executor
[0.367s] DEBUG:colcon.colcon_parallel_executor.executor.parallel:run_until_complete
[0.367s] INFO:colcon.colcon_ros.task.ament_cmake.build:Building ROS package in '/home/hasan-fashtouk/ur_ws/src/Universal_Robots_ROS2_Description' with build type 'ament_cmake'
[0.367s] INFO:colcon.colcon_cmake.task.cmake.build:Building CMake package in '/home/hasan-fashtouk/ur_ws/src/Universal_Robots_ROS2_Description'
[0.371s] INFO:colcon.colcon_core.plugin_system:Skipping extension 'colcon_core.shell.bat': Not used on non-Windows systems
[0.371s] INFO:colcon.colcon_core.shell:Skip shell extension 'powershell' for command environment: Not usable outside of PowerShell
[0.371s] DEBUG:colcon.colcon_core.shell:Skip shell extension 'dsv' for command environment
[0.378s] INFO:colcon.colcon_ros.task.ament_cmake.build:Building ROS package in '/home/hasan-fashtouk/ur_ws/src/ros2_robotiq_gripper/robotiq_controllers' with build type 'ament_cmake'
[0.378s] INFO:colcon.colcon_cmake.task.cmake.build:Building CMake package in '/home/hasan-fashtouk/ur_ws/src/ros2_robotiq_gripper/robotiq_controllers'
[0.379s] INFO:colcon.colcon_core.shell:Skip shell extension 'powershell' for command environment: Not usable outside of PowerShell
[0.379s] DEBUG:colcon.colcon_core.shell:Skip shell extension 'dsv' for command environment
[0.387s] INFO:colcon.colcon_ros.task.ament_cmake.build:Building ROS package in '/home/hasan-fashtouk/ur_ws/src/ros2_robotiq_gripper/robotiq_description' with build type 'ament_cmake'
[0.387s] INFO:colcon.colcon_cmake.task.cmake.build:Building CMake package in '/home/hasan-fashtouk/ur_ws/src/ros2_robotiq_gripper/robotiq_description'
[0.388s] INFO:colcon.colcon_core.shell:Skip shell extension 'powershell' for command environment: Not usable outside of PowerShell
[0.388s] DEBUG:colcon.colcon_core.shell:Skip shell extension 'dsv' for command environment
[0.402s] DEBUG:colcon.colcon_core.event_handler.log_command:Invoking command in '/home/hasan-fashtouk/ur_ws/src/build/ur_description': CMAKE_PREFIX_PATH=${CMAKE_PREFIX_PATH}:/opt/ros/jazzy DEBUGINFOD_URLS=https://debuginfod.ubuntu.com /usr/bin/cmake --build /home/hasan-fashtouk/ur_ws/src/build/ur_description -- -j4 -l4
[0.411s] DEBUG:colcon.colcon_core.event_handler.log_command:Invoking command in '/home/hasan-fashtouk/ur_ws/src/build/robotiq_controllers': CMAKE_PREFIX_PATH=${CMAKE_PREFIX_PATH}:/opt/ros/jazzy DEBUGINFOD_URLS=https://debuginfod.ubuntu.com /usr/bin/cmake --build /home/hasan-fashtouk/ur_ws/src/build/robotiq_controllers -- -j4 -l4
[0.418s] DEBUG:colcon.colcon_core.event_handler.log_command:Invoking command in '/home/hasan-fashtouk/ur_ws/src/build/robotiq_description': CMAKE_PREFIX_PATH=${CMAKE_PREFIX_PATH}:/opt/ros/jazzy DEBUGINFOD_URLS=https://debuginfod.ubuntu.com /usr/bin/cmake --build /home/hasan-fashtouk/ur_ws/src/build/robotiq_description -- -j4 -l4
[0.475s] DEBUG:colcon.colcon_core.event_handler.log_command:Invoked command in '/home/hasan-fashtouk/ur_ws/src/build/ur_description' returned '0': CMAKE_PREFIX_PATH=${CMAKE_PREFIX_PATH}:/opt/ros/jazzy DEBUGINFOD_URLS=https://debuginfod.ubuntu.com /usr/bin/cmake --build /home/hasan-fashtouk/ur_ws/src/build/ur_description -- -j4 -l4
[0.494s] DEBUG:colcon.colcon_core.event_handler.log_command:Invoking command in '/home/hasan-fashtouk/ur_ws/src/build/ur_description': CMAKE_PREFIX_PATH=${CMAKE_PREFIX_PATH}:/opt/ros/jazzy DEBUGINFOD_URLS=https://debuginfod.ubuntu.com /usr/bin/cmake --install /home/hasan-fashtouk/ur_ws/src/build/ur_description
[0.496s] DEBUG:colcon.colcon_core.event_handler.log_command:Invoked command in '/home/hasan-fashtouk/ur_ws/src/build/robotiq_description' returned '0': CMAKE_PREFIX_PATH=${CMAKE_PREFIX_PATH}:/opt/ros/jazzy DEBUGINFOD_URLS=https://debuginfod.ubuntu.com /usr/bin/cmake --build /home/hasan-fashtouk/ur_ws/src/build/robotiq_description -- -j4 -l4
[0.499s] DEBUG:colcon.colcon_core.event_handler.log_command:Invoking command in '/home/hasan-fashtouk/ur_ws/src/build/robotiq_description': CMAKE_PREFIX_PATH=${CMAKE_PREFIX_PATH}:/opt/ros/jazzy DEBUGINFOD_URLS=https://debuginfod.ubuntu.com /usr/bin/cmake --install /home/hasan-fashtouk/ur_ws/src/build/robotiq_description
[0.527s] Level 1:colcon.colcon_core.environment:create_environment_scripts_only(robotiq_description)
[0.532s] Level 1:colcon.colcon_core.environment:checking '/home/hasan-fashtouk/ur_ws/src/install/robotiq_description' for CMake module files
[0.535s] Level 1:colcon.colcon_core.environment:checking '/home/hasan-fashtouk/ur_ws/src/install/robotiq_description' for CMake config files
[0.541s] Level 1:colcon.colcon_core.shell:create_environment_hook('robotiq_description', 'cmake_prefix_path')
[0.542s] INFO:colcon.colcon_core.shell:Creating environment hook '/home/hasan-fashtouk/ur_ws/src/install/robotiq_description/share/robotiq_description/hook/cmake_prefix_path.ps1'
[0.543s] INFO:colcon.colcon_core.shell:Creating environment descriptor '/home/hasan-fashtouk/ur_ws/src/install/robotiq_description/share/robotiq_description/hook/cmake_prefix_path.dsv'
[0.544s] INFO:colcon.colcon_core.shell:Creating environment hook '/home/hasan-fashtouk/ur_ws/src/install/robotiq_description/share/robotiq_description/hook/cmake_prefix_path.sh'
[0.546s] Level 1:colcon.colcon_core.environment:checking '/home/hasan-fashtouk/ur_ws/src/install/robotiq_description/bin'
[0.546s] Level 1:colcon.colcon_core.environment:checking '/home/hasan-fashtouk/ur_ws/src/install/robotiq_description/lib/pkgconfig/robotiq_description.pc'
[0.547s] Level 1:colcon.colcon_core.environment:checking '/home/hasan-fashtouk/ur_ws/src/install/robotiq_description/lib/python3.12/site-packages'
[0.547s] Level 1:colcon.colcon_core.environment:checking '/home/hasan-fashtouk/ur_ws/src/install/robotiq_description/bin'
[0.548s] INFO:colcon.colcon_core.shell:Creating package script '/home/hasan-fashtouk/ur_ws/src/install/robotiq_description/share/robotiq_description/package.ps1'
[0.549s] INFO:colcon.colcon_core.shell:Creating package descriptor '/home/hasan-fashtouk/ur_ws/src/install/robotiq_description/share/robotiq_description/package.dsv'
[0.552s] INFO:colcon.colcon_core.shell:Creating package script '/home/hasan-fashtouk/ur_ws/src/install/robotiq_description/share/robotiq_description/package.sh'
[0.568s] INFO:colcon.colcon_core.shell:Creating package script '/home/hasan-fashtouk/ur_ws/src/install/robotiq_description/share/robotiq_description/package.bash'
[0.570s] INFO:colcon.colcon_core.shell:Creating package script '/home/hasan-fashtouk/ur_ws/src/install/robotiq_description/share/robotiq_description/package.zsh'
[0.571s] Level 1:colcon.colcon_core.environment:create_file_with_runtime_dependencies(/home/hasan-fashtouk/ur_ws/src/install/robotiq_description/share/colcon-core/packages/robotiq_description)
[0.573s] Level 1:colcon.colcon_core.environment:create_environment_scripts_only(robotiq_description)
[0.573s] Level 1:colcon.colcon_core.environment:checking '/home/hasan-fashtouk/ur_ws/src/install/robotiq_description' for CMake module files
[0.576s] Level 1:colcon.colcon_core.environment:checking '/home/hasan-fashtouk/ur_ws/src/install/robotiq_description' for CMake config files
[0.582s] Level 1:colcon.colcon_core.shell:create_environment_hook('robotiq_description', 'cmake_prefix_path')
[0.582s] INFO:colcon.colcon_core.shell:Creating environment hook '/home/hasan-fashtouk/ur_ws/src/install/robotiq_description/share/robotiq_description/hook/cmake_prefix_path.ps1'
[0.584s] INFO:colcon.colcon_core.shell:Creating environment descriptor '/home/hasan-fashtouk/ur_ws/src/install/robotiq_description/share/robotiq_description/hook/cmake_prefix_path.dsv'
[0.585s] INFO:colcon.colcon_core.shell:Creating environment hook '/home/hasan-fashtouk/ur_ws/src/install/robotiq_description/share/robotiq_description/hook/cmake_prefix_path.sh'
[0.587s] Level 1:colcon.colcon_core.environment:checking '/home/hasan-fashtouk/ur_ws/src/install/robotiq_description/bin'
[0.587s] Level 1:colcon.colcon_core.environment:checking '/home/hasan-fashtouk/ur_ws/src/install/robotiq_description/lib/pkgconfig/robotiq_description.pc'
[0.587s] Level 1:colcon.colcon_core.environment:checking '/home/hasan-fashtouk/ur_ws/src/install/robotiq_description/lib/python3.12/site-packages'
[0.588s] Level 1:colcon.colcon_core.environment:checking '/home/hasan-fashtouk/ur_ws/src/install/robotiq_description/bin'
[0.589s] INFO:colcon.colcon_core.shell:Creating package script '/home/hasan-fashtouk/ur_ws/src/install/robotiq_description/share/robotiq_description/package.ps1'
[0.590s] INFO:colcon.colcon_core.shell:Creating package descriptor '/home/hasan-fashtouk/ur_ws/src/install/robotiq_description/share/robotiq_description/package.dsv'
[0.591s] INFO:colcon.colcon_core.shell:Creating package script '/home/hasan-fashtouk/ur_ws/src/install/robotiq_description/share/robotiq_description/package.sh'
[0.593s] INFO:colcon.colcon_core.shell:Creating package script '/home/hasan-fashtouk/ur_ws/src/install/robotiq_description/share/robotiq_description/package.bash'
[0.594s] INFO:colcon.colcon_core.shell:Creating package script '/home/hasan-fashtouk/ur_ws/src/install/robotiq_description/share/robotiq_description/package.zsh'
[0.596s] Level 1:colcon.colcon_core.environment:create_file_with_runtime_dependencies(/home/hasan-fashtouk/ur_ws/src/install/robotiq_description/share/colcon-core/packages/robotiq_description)
[0.597s] Level 1:colcon.colcon_core.environment:create_environment_scripts_only(ur_description)
[0.598s] Level 1:colcon.colcon_core.environment:checking '/home/hasan-fashtouk/ur_ws/src/install/ur_description' for CMake module files
[0.600s] Level 1:colcon.colcon_core.environment:checking '/home/hasan-fashtouk/ur_ws/src/install/ur_description' for CMake config files
[0.613s] Level 1:colcon.colcon_core.shell:create_environment_hook('ur_description', 'cmake_prefix_path')
[0.613s] INFO:colcon.colcon_core.shell:Creating environment hook '/home/hasan-fashtouk/ur_ws/src/install/ur_description/share/ur_description/hook/cmake_prefix_path.ps1'
[0.615s] INFO:colcon.colcon_core.shell:Creating environment descriptor '/home/hasan-fashtouk/ur_ws/src/install/ur_description/share/ur_description/hook/cmake_prefix_path.dsv'
[0.616s] INFO:colcon.colcon_core.shell:Creating environment hook '/home/hasan-fashtouk/ur_ws/src/install/ur_description/share/ur_description/hook/cmake_prefix_path.sh'
[0.618s] Level 1:colcon.colcon_core.environment:checking '/home/hasan-fashtouk/ur_ws/src/install/ur_description/bin'
[0.618s] Level 1:colcon.colcon_core.environment:checking '/home/hasan-fashtouk/ur_ws/src/install/ur_description/lib/pkgconfig/ur_description.pc'
[0.618s] Level 1:colcon.colcon_core.environment:checking '/home/hasan-fashtouk/ur_ws/src/install/ur_description/lib/python3.12/site-packages'
[0.619s] Level 1:colcon.colcon_core.environment:checking '/home/hasan-fashtouk/ur_ws/src/install/ur_description/bin'
[0.620s] INFO:colcon.colcon_core.shell:Creating package script '/home/hasan-fashtouk/ur_ws/src/install/ur_description/share/ur_description/package.ps1'
[0.621s] INFO:colcon.colcon_core.shell:Creating package descriptor '/home/hasan-fashtouk/ur_ws/src/install/ur_description/share/ur_description/package.dsv'
[0.622s] INFO:colcon.colcon_core.shell:Creating package script '/home/hasan-fashtouk/ur_ws/src/install/ur_description/share/ur_description/package.sh'
[0.623s] INFO:colcon.colcon_core.shell:Creating package script '/home/hasan-fashtouk/ur_ws/src/install/ur_description/share/ur_description/package.bash'
[0.624s] INFO:colcon.colcon_core.shell:Creating package script '/home/hasan-fashtouk/ur_ws/src/install/ur_description/share/ur_description/package.zsh'
[0.625s] Level 1:colcon.colcon_core.environment:create_file_with_runtime_dependencies(/home/hasan-fashtouk/ur_ws/src/install/ur_description/share/colcon-core/packages/ur_description)
[0.626s] Level 1:colcon.colcon_core.environment:create_environment_scripts_only(ur_description)
[0.627s] Level 1:colcon.colcon_core.environment:checking '/home/hasan-fashtouk/ur_ws/src/install/ur_description' for CMake module files
[0.628s] Level 1:colcon.colcon_core.environment:checking '/home/hasan-fashtouk/ur_ws/src/install/ur_description' for CMake config files
[0.636s] Level 1:colcon.colcon_core.shell:create_environment_hook('ur_description', 'cmake_prefix_path')
[0.637s] INFO:colcon.colcon_core.shell:Creating environment hook '/home/hasan-fashtouk/ur_ws/src/install/ur_description/share/ur_description/hook/cmake_prefix_path.ps1'
[0.638s] INFO:colcon.colcon_core.shell:Creating environment descriptor '/home/hasan-fashtouk/ur_ws/src/install/ur_description/share/ur_description/hook/cmake_prefix_path.dsv'
[0.639s] INFO:colcon.colcon_core.shell:Creating environment hook '/home/hasan-fashtouk/ur_ws/src/install/ur_description/share/ur_description/hook/cmake_prefix_path.sh'
[0.641s] Level 1:colcon.colcon_core.environment:checking '/home/hasan-fashtouk/ur_ws/src/install/ur_description/bin'
[0.641s] Level 1:colcon.colcon_core.environment:checking '/home/hasan-fashtouk/ur_ws/src/install/ur_description/lib/pkgconfig/ur_description.pc'
[0.642s] Level 1:colcon.colcon_core.environment:checking '/home/hasan-fashtouk/ur_ws/src/install/ur_description/lib/python3.12/site-packages'
[0.643s] Level 1:colcon.colcon_core.environment:checking '/home/hasan-fashtouk/ur_ws/src/install/ur_description/bin'
[0.643s] INFO:colcon.colcon_core.shell:Creating package script '/home/hasan-fashtouk/ur_ws/src/install/ur_description/share/ur_description/package.ps1'
[0.645s] INFO:colcon.colcon_core.shell:Creating package descriptor '/home/hasan-fashtouk/ur_ws/src/install/ur_description/share/ur_description/package.dsv'
[0.646s] INFO:colcon.colcon_core.shell:Creating package script '/home/hasan-fashtouk/ur_ws/src/install/ur_description/share/ur_description/package.sh'
[0.647s] INFO:colcon.colcon_core.shell:Creating package script '/home/hasan-fashtouk/ur_ws/src/install/ur_description/share/ur_description/package.bash'
[0.648s] INFO:colcon.colcon_core.shell:Creating package script '/home/hasan-fashtouk/ur_ws/src/install/ur_description/share/ur_description/package.zsh'
[0.649s] Level 1:colcon.colcon_core.environment:create_file_with_runtime_dependencies(/home/hasan-fashtouk/ur_ws/src/install/ur_description/share/colcon-core/packages/ur_description)
[0.650s] INFO:colcon.colcon_ros.task.ament_cmake.build:Building ROS package in '/home/hasan-fashtouk/ur_ws/src/ur5e_description' with build type 'ament_cmake'
[0.650s] INFO:colcon.colcon_cmake.task.cmake.build:Building CMake package in '/home/hasan-fashtouk/ur_ws/src/ur5e_description'
[0.651s] INFO:colcon.colcon_core.shell:Skip shell extension 'powershell' for command environment: Not usable outside of PowerShell
[0.651s] DEBUG:colcon.colcon_core.shell:Skip shell extension 'dsv' for command environment
[0.688s] DEBUG:colcon.colcon_core.event_handler.log_command:Invoked command in '/home/hasan-fashtouk/ur_ws/src/build/robotiq_description' returned '0': CMAKE_PREFIX_PATH=${CMAKE_PREFIX_PATH}:/opt/ros/jazzy DEBUGINFOD_URLS=https://debuginfod.ubuntu.com /usr/bin/cmake --install /home/hasan-fashtouk/ur_ws/src/build/robotiq_description
[0.689s] DEBUG:colcon.colcon_core.event_handler.log_command:Invoked command in '/home/hasan-fashtouk/ur_ws/src/build/ur_description' returned '0': CMAKE_PREFIX_PATH=${CMAKE_PREFIX_PATH}:/opt/ros/jazzy DEBUGINFOD_URLS=https://debuginfod.ubuntu.com /usr/bin/cmake --install /home/hasan-fashtouk/ur_ws/src/build/ur_description
[0.691s] DEBUG:colcon.colcon_core.event_handler.log_command:Invoked command in '/home/hasan-fashtouk/ur_ws/src/build/robotiq_controllers' returned '0': CMAKE_PREFIX_PATH=${CMAKE_PREFIX_PATH}:/opt/ros/jazzy DEBUGINFOD_URLS=https://debuginfod.ubuntu.com /usr/bin/cmake --build /home/hasan-fashtouk/ur_ws/src/build/robotiq_controllers -- -j4 -l4
[0.691s] DEBUG:colcon.colcon_core.event_handler.log_command:Invoking command in '/home/hasan-fashtouk/ur_ws/src/build/robotiq_controllers': CMAKE_PREFIX_PATH=${CMAKE_PREFIX_PATH}:/opt/ros/jazzy DEBUGINFOD_URLS=https://debuginfod.ubuntu.com /usr/bin/cmake --install /home/hasan-fashtouk/ur_ws/src/build/robotiq_controllers
[0.693s] DEBUG:colcon.colcon_core.event_handler.log_command:Invoking command in '/home/hasan-fashtouk/ur_ws/src/build/ur5e_description': CMAKE_PREFIX_PATH=/home/hasan-fashtouk/ur_ws/src/install/ur_description:/home/hasan-fashtouk/ur_ws/src/install/ur_simulation_gz:/home/hasan-fashtouk/ur_ws/src/install/ur_moveit_config:/home/hasan-fashtouk/ur_ws/src/install/ur5e_description:/home/hasan-fashtouk/ur_ws/src/install/robotiq_description:/home/hasan-fashtouk/ur_ws/src/install/robotiq_controllers:/opt/ros/jazzy/opt/gz_sim_vendor:/opt/ros/jazzy/opt/gz_sensors_vendor:/opt/ros/jazzy/opt/gz_physics_vendor:/opt/ros/jazzy/opt/sdformat_vendor:/opt/ros/jazzy/opt/gz_gui_vendor:/opt/ros/jazzy/opt/gz_transport_vendor:/opt/ros/jazzy/opt/gz_rendering_vendor:/opt/ros/jazzy/opt/gz_plugin_vendor:/opt/ros/jazzy/opt/gz_fuel_tools_vendor:/opt/ros/jazzy/opt/gz_msgs_vendor:/opt/ros/jazzy/opt/gz_common_vendor:/opt/ros/jazzy/opt/gz_math_vendor:/opt/ros/jazzy/opt/gz_utils_vendor:/opt/ros/jazzy/opt/gz_tools_vendor:/opt/ros/jazzy/opt/gz_ogre_next_vendor:/opt/ros/jazzy/opt/gz_dartsim_vendor:/opt/ros/jazzy/opt/gz_cmake_vendor:/opt/ros/jazzy DEBUGINFOD_URLS=https://debuginfod.ubuntu.com /usr/bin/cmake --build /home/hasan-fashtouk/ur_ws/src/build/ur5e_description -- -j4 -l4
[0.702s] Level 1:colcon.colcon_core.environment:create_environment_scripts_only(robotiq_controllers)
[0.703s] Level 1:colcon.colcon_core.environment:checking '/home/hasan-fashtouk/ur_ws/src/install/robotiq_controllers' for CMake module files
[0.707s] DEBUG:colcon.colcon_core.event_handler.log_command:Invoked command in '/home/hasan-fashtouk/ur_ws/src/build/robotiq_controllers' returned '0': CMAKE_PREFIX_PATH=${CMAKE_PREFIX_PATH}:/opt/ros/jazzy DEBUGINFOD_URLS=https://debuginfod.ubuntu.com /usr/bin/cmake --install /home/hasan-fashtouk/ur_ws/src/build/robotiq_controllers
[0.707s] Level 1:colcon.colcon_core.environment:checking '/home/hasan-fashtouk/ur_ws/src/install/robotiq_controllers' for CMake config files
[0.708s] Level 1:colcon.colcon_core.shell:create_environment_hook('robotiq_controllers', 'cmake_prefix_path')
[0.708s] INFO:colcon.colcon_core.shell:Creating environment hook '/home/hasan-fashtouk/ur_ws/src/install/robotiq_controllers/share/robotiq_controllers/hook/cmake_prefix_path.ps1'
[0.710s] INFO:colcon.colcon_core.shell:Creating environment descriptor '/home/hasan-fashtouk/ur_ws/src/install/robotiq_controllers/share/robotiq_controllers/hook/cmake_prefix_path.dsv'
[0.711s] INFO:colcon.colcon_core.shell:Creating environment hook '/home/hasan-fashtouk/ur_ws/src/install/robotiq_controllers/share/robotiq_controllers/hook/cmake_prefix_path.sh'
[0.712s] Level 1:colcon.colcon_core.environment:checking '/home/hasan-fashtouk/ur_ws/src/install/robotiq_controllers/lib'
[0.712s] Level 1:colcon.colcon_core.shell:create_environment_hook('robotiq_controllers', 'ld_library_path_lib')
[0.713s] INFO:colcon.colcon_core.shell:Creating environment hook '/home/hasan-fashtouk/ur_ws/src/install/robotiq_controllers/share/robotiq_controllers/hook/ld_library_path_lib.ps1'
[0.713s] INFO:colcon.colcon_core.shell:Creating environment descriptor '/home/hasan-fashtouk/ur_ws/src/install/robotiq_controllers/share/robotiq_controllers/hook/ld_library_path_lib.dsv'
[0.714s] INFO:colcon.colcon_core.shell:Creating environment hook '/home/hasan-fashtouk/ur_ws/src/install/robotiq_controllers/share/robotiq_controllers/hook/ld_library_path_lib.sh'
[0.715s] Level 1:colcon.colcon_core.environment:checking '/home/hasan-fashtouk/ur_ws/src/install/robotiq_controllers/bin'
[0.715s] Level 1:colcon.colcon_core.environment:checking '/home/hasan-fashtouk/ur_ws/src/install/robotiq_controllers/lib/pkgconfig/robotiq_controllers.pc'
[0.715s] Level 1:colcon.colcon_core.environment:checking '/home/hasan-fashtouk/ur_ws/src/install/robotiq_controllers/lib/python3.12/site-packages'
[0.716s] Level 1:colcon.colcon_core.environment:checking '/home/hasan-fashtouk/ur_ws/src/install/robotiq_controllers/bin'
[0.717s] INFO:colcon.colcon_core.shell:Creating package script '/home/hasan-fashtouk/ur_ws/src/install/robotiq_controllers/share/robotiq_controllers/package.ps1'
[0.718s] INFO:colcon.colcon_core.shell:Creating package descriptor '/home/hasan-fashtouk/ur_ws/src/install/robotiq_controllers/share/robotiq_controllers/package.dsv'
[0.719s] INFO:colcon.colcon_core.shell:Creating package script '/home/hasan-fashtouk/ur_ws/src/install/robotiq_controllers/share/robotiq_controllers/package.sh'
[0.719s] INFO:colcon.colcon_core.shell:Creating package script '/home/hasan-fashtouk/ur_ws/src/install/robotiq_controllers/share/robotiq_controllers/package.bash'
[0.720s] INFO:colcon.colcon_core.shell:Creating package script '/home/hasan-fashtouk/ur_ws/src/install/robotiq_controllers/share/robotiq_controllers/package.zsh'
[0.721s] Level 1:colcon.colcon_core.environment:create_file_with_runtime_dependencies(/home/hasan-fashtouk/ur_ws/src/install/robotiq_controllers/share/colcon-core/packages/robotiq_controllers)
[0.722s] Level 1:colcon.colcon_core.environment:create_environment_scripts_only(robotiq_controllers)
[0.722s] Level 1:colcon.colcon_core.environment:checking '/home/hasan-fashtouk/ur_ws/src/install/robotiq_controllers' for CMake module files
[0.723s] Level 1:colcon.colcon_core.environment:checking '/home/hasan-fashtouk/ur_ws/src/install/robotiq_controllers' for CMake config files
[0.724s] Level 1:colcon.colcon_core.shell:create_environment_hook('robotiq_controllers', 'cmake_prefix_path')
[0.724s] INFO:colcon.colcon_core.shell:Creating environment hook '/home/hasan-fashtouk/ur_ws/src/install/robotiq_controllers/share/robotiq_controllers/hook/cmake_prefix_path.ps1'
[0.725s] INFO:colcon.colcon_core.shell:Creating environment descriptor '/home/hasan-fashtouk/ur_ws/src/install/robotiq_controllers/share/robotiq_controllers/hook/cmake_prefix_path.dsv'
[0.726s] INFO:colcon.colcon_core.shell:Creating environment hook '/home/hasan-fashtouk/ur_ws/src/install/robotiq_controllers/share/robotiq_controllers/hook/cmake_prefix_path.sh'
[0.727s] Level 1:colcon.colcon_core.environment:checking '/home/hasan-fashtouk/ur_ws/src/install/robotiq_controllers/lib'
[0.727s] Level 1:colcon.colcon_core.shell:create_environment_hook('robotiq_controllers', 'ld_library_path_lib')
[0.728s] INFO:colcon.colcon_core.shell:Creating environment hook '/home/hasan-fashtouk/ur_ws/src/install/robotiq_controllers/share/robotiq_controllers/hook/ld_library_path_lib.ps1'
[0.729s] INFO:colcon.colcon_core.shell:Creating environment descriptor '/home/hasan-fashtouk/ur_ws/src/install/robotiq_controllers/share/robotiq_controllers/hook/ld_library_path_lib.dsv'
[0.729s] INFO:colcon.colcon_core.shell:Creating environment hook '/home/hasan-fashtouk/ur_ws/src/install/robotiq_controllers/share/robotiq_controllers/hook/ld_library_path_lib.sh'
[0.730s] Level 1:colcon.colcon_core.environment:checking '/home/hasan-fashtouk/ur_ws/src/install/robotiq_controllers/bin'
[0.730s] Level 1:colcon.colcon_core.environment:checking '/home/hasan-fashtouk/ur_ws/src/install/robotiq_controllers/lib/pkgconfig/robotiq_controllers.pc'
[0.731s] Level 1:colcon.colcon_core.environment:checking '/home/hasan-fashtouk/ur_ws/src/install/robotiq_controllers/lib/python3.12/site-packages'
[0.732s] Level 1:colcon.colcon_core.environment:checking '/home/hasan-fashtouk/ur_ws/src/install/robotiq_controllers/bin'
[0.732s] INFO:colcon.colcon_core.shell:Creating package script '/home/hasan-fashtouk/ur_ws/src/install/robotiq_controllers/share/robotiq_controllers/package.ps1'
[0.733s] INFO:colcon.colcon_core.shell:Creating package descriptor '/home/hasan-fashtouk/ur_ws/src/install/robotiq_controllers/share/robotiq_controllers/package.dsv'
[0.734s] INFO:colcon.colcon_core.shell:Creating package script '/home/hasan-fashtouk/ur_ws/src/install/robotiq_controllers/share/robotiq_controllers/package.sh'
[0.735s] INFO:colcon.colcon_core.shell:Creating package script '/home/hasan-fashtouk/ur_ws/src/install/robotiq_controllers/share/robotiq_controllers/package.bash'
[0.736s] INFO:colcon.colcon_core.shell:Creating package script '/home/hasan-fashtouk/ur_ws/src/install/robotiq_controllers/share/robotiq_controllers/package.zsh'
[0.737s] Level 1:colcon.colcon_core.environment:create_file_with_runtime_dependencies(/home/hasan-fashtouk/ur_ws/src/install/robotiq_controllers/share/colcon-core/packages/robotiq_controllers)
[0.787s] DEBUG:colcon.colcon_core.event_handler.log_command:Invoked command in '/home/hasan-fashtouk/ur_ws/src/build/ur5e_description' returned '0': CMAKE_PREFIX_PATH=/home/hasan-fashtouk/ur_ws/src/install/ur_description:/home/hasan-fashtouk/ur_ws/src/install/ur_simulation_gz:/home/hasan-fashtouk/ur_ws/src/install/ur_moveit_config:/home/hasan-fashtouk/ur_ws/src/install/ur5e_description:/home/hasan-fashtouk/ur_ws/src/install/robotiq_description:/home/hasan-fashtouk/ur_ws/src/install/robotiq_controllers:/opt/ros/jazzy/opt/gz_sim_vendor:/opt/ros/jazzy/opt/gz_sensors_vendor:/opt/ros/jazzy/opt/gz_physics_vendor:/opt/ros/jazzy/opt/sdformat_vendor:/opt/ros/jazzy/opt/gz_gui_vendor:/opt/ros/jazzy/opt/gz_transport_vendor:/opt/ros/jazzy/opt/gz_rendering_vendor:/opt/ros/jazzy/opt/gz_plugin_vendor:/opt/ros/jazzy/opt/gz_fuel_tools_vendor:/opt/ros/jazzy/opt/gz_msgs_vendor:/opt/ros/jazzy/opt/gz_common_vendor:/opt/ros/jazzy/opt/gz_math_vendor:/opt/ros/jazzy/opt/gz_utils_vendor:/opt/ros/jazzy/opt/gz_tools_vendor:/opt/ros/jazzy/opt/gz_ogre_next_vendor:/opt/ros/jazzy/opt/gz_dartsim_vendor:/opt/ros/jazzy/opt/gz_cmake_vendor:/opt/ros/jazzy DEBUGINFOD_URLS=https://debuginfod.ubuntu.com /usr/bin/cmake --build /home/hasan-fashtouk/ur_ws/src/build/ur5e_description -- -j4 -l4
[0.789s] DEBUG:colcon.colcon_core.event_handler.log_command:Invoking command in '/home/hasan-fashtouk/ur_ws/src/build/ur5e_description': CMAKE_PREFIX_PATH=/home/hasan-fashtouk/ur_ws/src/install/ur_description:/home/hasan-fashtouk/ur_ws/src/install/ur_simulation_gz:/home/hasan-fashtouk/ur_ws/src/install/ur_moveit_config:/home/hasan-fashtouk/ur_ws/src/install/ur5e_description:/home/hasan-fashtouk/ur_ws/src/install/robotiq_description:/home/hasan-fashtouk/ur_ws/src/install/robotiq_controllers:/opt/ros/jazzy/opt/gz_sim_vendor:/opt/ros/jazzy/opt/gz_sensors_vendor:/opt/ros/jazzy/opt/gz_physics_vendor:/opt/ros/jazzy/opt/sdformat_vendor:/opt/ros/jazzy/opt/gz_gui_vendor:/opt/ros/jazzy/opt/gz_transport_vendor:/opt/ros/jazzy/opt/gz_rendering_vendor:/opt/ros/jazzy/opt/gz_plugin_vendor:/opt/ros/jazzy/opt/gz_fuel_tools_vendor:/opt/ros/jazzy/opt/gz_msgs_vendor:/opt/ros/jazzy/opt/gz_common_vendor:/opt/ros/jazzy/opt/gz_math_vendor:/opt/ros/jazzy/opt/gz_utils_vendor:/opt/ros/jazzy/opt/gz_tools_vendor:/opt/ros/jazzy/opt/gz_ogre_next_vendor:/opt/ros/jazzy/opt/gz_dartsim_vendor:/opt/ros/jazzy/opt/gz_cmake_vendor:/opt/ros/jazzy DEBUGINFOD_URLS=https://debuginfod.ubuntu.com /usr/bin/cmake --install /home/hasan-fashtouk/ur_ws/src/build/ur5e_description
[0.821s] Level 1:colcon.colcon_core.environment:create_environment_scripts_only(ur5e_description)
[0.821s] Level 1:colcon.colcon_core.environment:checking '/home/hasan-fashtouk/ur_ws/src/install/ur5e_description' for CMake module files
[0.824s] DEBUG:colcon.colcon_core.event_handler.log_command:Invoked command in '/home/hasan-fashtouk/ur_ws/src/build/ur5e_description' returned '0': CMAKE_PREFIX_PATH=/home/hasan-fashtouk/ur_ws/src/install/ur_description:/home/hasan-fashtouk/ur_ws/src/install/ur_simulation_gz:/home/hasan-fashtouk/ur_ws/src/install/ur_moveit_config:/home/hasan-fashtouk/ur_ws/src/install/ur5e_description:/home/hasan-fashtouk/ur_ws/src/install/robotiq_description:/home/hasan-fashtouk/ur_ws/src/install/robotiq_controllers:/opt/ros/jazzy/opt/gz_sim_vendor:/opt/ros/jazzy/opt/gz_sensors_vendor:/opt/ros/jazzy/opt/gz_physics_vendor:/opt/ros/jazzy/opt/sdformat_vendor:/opt/ros/jazzy/opt/gz_gui_vendor:/opt/ros/jazzy/opt/gz_transport_vendor:/opt/ros/jazzy/opt/gz_rendering_vendor:/opt/ros/jazzy/opt/gz_plugin_vendor:/opt/ros/jazzy/opt/gz_fuel_tools_vendor:/opt/ros/jazzy/opt/gz_msgs_vendor:/opt/ros/jazzy/opt/gz_common_vendor:/opt/ros/jazzy/opt/gz_math_vendor:/opt/ros/jazzy/opt/gz_utils_vendor:/opt/ros/jazzy/opt/gz_tools_vendor:/opt/ros/jazzy/opt/gz_ogre_next_vendor:/opt/ros/jazzy/opt/gz_dartsim_vendor:/opt/ros/jazzy/opt/gz_cmake_vendor:/opt/ros/jazzy DEBUGINFOD_URLS=https://debuginfod.ubuntu.com /usr/bin/cmake --install /home/hasan-fashtouk/ur_ws/src/build/ur5e_description
[0.825s] Level 1:colcon.colcon_core.environment:checking '/home/hasan-fashtouk/ur_ws/src/install/ur5e_description' for CMake config files
[0.825s] Level 1:colcon.colcon_core.shell:create_environment_hook('ur5e_description', 'cmake_prefix_path')
[0.826s] INFO:colcon.colcon_core.shell:Creating environment hook '/home/hasan-fashtouk/ur_ws/src/install/ur5e_description/share/ur5e_description/hook/cmake_prefix_path.ps1'
[0.826s] INFO:colcon.colcon_core.shell:Creating environment descriptor '/home/hasan-fashtouk/ur_ws/src/install/ur5e_description/share/ur5e_description/hook/cmake_prefix_path.dsv'
[0.827s] INFO:colcon.colcon_core.shell:Creating environment hook '/home/hasan-fashtouk/ur_ws/src/install/ur5e_description/share/ur5e_description/hook/cmake_prefix_path.sh'
[0.828s] Level 1:colcon.colcon_core.environment:checking '/home/hasan-fashtouk/ur_ws/src/install/ur5e_description/bin'
[0.828s] Level 1:colcon.colcon_core.environment:checking '/home/hasan-fashtouk/ur_ws/src/install/ur5e_description/lib/pkgconfig/ur5e_description.pc'
[0.829s] Level 1:colcon.colcon_core.environment:checking '/home/hasan-fashtouk/ur_ws/src/install/ur5e_description/lib/python3.12/site-packages'
[0.833s] Level 1:colcon.colcon_core.environment:checking '/home/hasan-fashtouk/ur_ws/src/install/ur5e_description/bin'
[0.834s] INFO:colcon.colcon_core.shell:Creating package script '/home/hasan-fashtouk/ur_ws/src/install/ur5e_description/share/ur5e_description/package.ps1'
[0.835s] INFO:colcon.colcon_core.shell:Creating package descriptor '/home/hasan-fashtouk/ur_ws/src/install/ur5e_description/share/ur5e_description/package.dsv'
[0.836s] INFO:colcon.colcon_core.shell:Creating package script '/home/hasan-fashtouk/ur_ws/src/install/ur5e_description/share/ur5e_description/package.sh'
[0.836s] INFO:colcon.colcon_core.shell:Creating package script '/home/hasan-fashtouk/ur_ws/src/install/ur5e_description/share/ur5e_description/package.bash'
[0.837s] INFO:colcon.colcon_core.shell:Creating package script '/home/hasan-fashtouk/ur_ws/src/install/ur5e_description/share/ur5e_description/package.zsh'
[0.838s] Level 1:colcon.colcon_core.environment:create_file_with_runtime_dependencies(/home/hasan-fashtouk/ur_ws/src/install/ur5e_description/share/colcon-core/packages/ur5e_description)
[0.839s] Level 1:colcon.colcon_core.environment:create_environment_scripts_only(ur5e_description)
[0.839s] Level 1:colcon.colcon_core.environment:checking '/home/hasan-fashtouk/ur_ws/src/install/ur5e_description' for CMake module files
[0.840s] Level 1:colcon.colcon_core.environment:checking '/home/hasan-fashtouk/ur_ws/src/install/ur5e_description' for CMake config files
[0.841s] Level 1:colcon.colcon_core.shell:create_environment_hook('ur5e_description', 'cmake_prefix_path')
[0.841s] INFO:colcon.colcon_core.shell:Creating environment hook '/home/hasan-fashtouk/ur_ws/src/install/ur5e_description/share/ur5e_description/hook/cmake_prefix_path.ps1'
[0.842s] INFO:colcon.colcon_core.shell:Creating environment descriptor '/home/hasan-fashtouk/ur_ws/src/install/ur5e_description/share/ur5e_description/hook/cmake_prefix_path.dsv'
[0.844s] INFO:colcon.colcon_core.shell:Creating environment hook '/home/hasan-fashtouk/ur_ws/src/install/ur5e_description/share/ur5e_description/hook/cmake_prefix_path.sh'
[0.845s] Level 1:colcon.colcon_core.environment:checking '/home/hasan-fashtouk/ur_ws/src/install/ur5e_description/bin'
[0.845s] Level 1:colcon.colcon_core.environment:checking '/home/hasan-fashtouk/ur_ws/src/install/ur5e_description/lib/pkgconfig/ur5e_description.pc'
[0.846s] Level 1:colcon.colcon_core.environment:checking '/home/hasan-fashtouk/ur_ws/src/install/ur5e_description/lib/python3.12/site-packages'
[0.847s] Level 1:colcon.colcon_core.environment:checking '/home/hasan-fashtouk/ur_ws/src/install/ur5e_description/bin'
[0.847s] INFO:colcon.colcon_core.shell:Creating package script '/home/hasan-fashtouk/ur_ws/src/install/ur5e_description/share/ur5e_description/package.ps1'
[0.849s] INFO:colcon.colcon_core.shell:Creating package descriptor '/home/hasan-fashtouk/ur_ws/src/install/ur5e_description/share/ur5e_description/package.dsv'
[0.850s] INFO:colcon.colcon_core.shell:Creating package script '/home/hasan-fashtouk/ur_ws/src/install/ur5e_description/share/ur5e_description/package.sh'
[0.851s] INFO:colcon.colcon_core.shell:Creating package script '/home/hasan-fashtouk/ur_ws/src/install/ur5e_description/share/ur5e_description/package.bash'
[0.853s] INFO:colcon.colcon_core.shell:Creating package script '/home/hasan-fashtouk/ur_ws/src/install/ur5e_description/share/ur5e_description/package.zsh'
[0.854s] Level 1:colcon.colcon_core.environment:create_file_with_runtime_dependencies(/home/hasan-fashtouk/ur_ws/src/install/ur5e_description/share/colcon-core/packages/ur5e_description)
[0.855s] INFO:colcon.colcon_ros.task.ament_cmake.build:Building ROS package in '/home/hasan-fashtouk/ur_ws/src/ur_moveit_config' with build type 'ament_cmake'
[0.856s] INFO:colcon.colcon_cmake.task.cmake.build:Building CMake package in '/home/hasan-fashtouk/ur_ws/src/ur_moveit_config'
[0.856s] INFO:colcon.colcon_core.shell:Skip shell extension 'powershell' for command environment: Not usable outside of PowerShell
[0.857s] DEBUG:colcon.colcon_core.shell:Skip shell extension 'dsv' for command environment
[0.908s] DEBUG:colcon.colcon_core.event_handler.log_command:Invoking command in '/home/hasan-fashtouk/ur_ws/src/build/ur_moveit_config': CMAKE_PREFIX_PATH=/home/hasan-fashtouk/ur_ws/src/install/ur5e_description:/home/hasan-fashtouk/ur_ws/src/install/ur_description:/home/hasan-fashtouk/ur_ws/src/install/ur_simulation_gz:/home/hasan-fashtouk/ur_ws/src/install/ur_moveit_config:/home/hasan-fashtouk/ur_ws/src/install/robotiq_description:/home/hasan-fashtouk/ur_ws/src/install/robotiq_controllers:/opt/ros/jazzy/opt/gz_sim_vendor:/opt/ros/jazzy/opt/gz_sensors_vendor:/opt/ros/jazzy/opt/gz_physics_vendor:/opt/ros/jazzy/opt/sdformat_vendor:/opt/ros/jazzy/opt/gz_gui_vendor:/opt/ros/jazzy/opt/gz_transport_vendor:/opt/ros/jazzy/opt/gz_rendering_vendor:/opt/ros/jazzy/opt/gz_plugin_vendor:/opt/ros/jazzy/opt/gz_fuel_tools_vendor:/opt/ros/jazzy/opt/gz_msgs_vendor:/opt/ros/jazzy/opt/gz_common_vendor:/opt/ros/jazzy/opt/gz_math_vendor:/opt/ros/jazzy/opt/gz_utils_vendor:/opt/ros/jazzy/opt/gz_tools_vendor:/opt/ros/jazzy/opt/gz_ogre_next_vendor:/opt/ros/jazzy/opt/gz_dartsim_vendor:/opt/ros/jazzy/opt/gz_cmake_vendor:/opt/ros/jazzy DEBUGINFOD_URLS=https://debuginfod.ubuntu.com /usr/bin/cmake --build /home/hasan-fashtouk/ur_ws/src/build/ur_moveit_config -- -j4 -l4
[1.022s] DEBUG:colcon.colcon_core.event_handler.log_command:Invoked command in '/home/hasan-fashtouk/ur_ws/src/build/ur_moveit_config' returned '0': CMAKE_PREFIX_PATH=/home/hasan-fashtouk/ur_ws/src/install/ur5e_description:/home/hasan-fashtouk/ur_ws/src/install/ur_description:/home/hasan-fashtouk/ur_ws/src/install/ur_simulation_gz:/home/hasan-fashtouk/ur_ws/src/install/ur_moveit_config:/home/hasan-fashtouk/ur_ws/src/install/robotiq_description:/home/hasan-fashtouk/ur_ws/src/install/robotiq_controllers:/opt/ros/jazzy/opt/gz_sim_vendor:/opt/ros/jazzy/opt/gz_sensors_vendor:/opt/ros/jazzy/opt/gz_physics_vendor:/opt/ros/jazzy/opt/sdformat_vendor:/opt/ros/jazzy/opt/gz_gui_vendor:/opt/ros/jazzy/opt/gz_transport_vendor:/opt/ros/jazzy/opt/gz_rendering_vendor:/opt/ros/jazzy/opt/gz_plugin_vendor:/opt/ros/jazzy/opt/gz_fuel_tools_vendor:/opt/ros/jazzy/opt/gz_msgs_vendor:/opt/ros/jazzy/opt/gz_common_vendor:/opt/ros/jazzy/opt/gz_math_vendor:/opt/ros/jazzy/opt/gz_utils_vendor:/opt/ros/jazzy/opt/gz_tools_vendor:/opt/ros/jazzy/opt/gz_ogre_next_vendor:/opt/ros/jazzy/opt/gz_dartsim_vendor:/opt/ros/jazzy/opt/gz_cmake_vendor:/opt/ros/jazzy DEBUGINFOD_URLS=https://debuginfod.ubuntu.com /usr/bin/cmake --build /home/hasan-fashtouk/ur_ws/src/build/ur_moveit_config -- -j4 -l4
[1.025s] DEBUG:colcon.colcon_core.event_handler.log_command:Invoking command in '/home/hasan-fashtouk/ur_ws/src/build/ur_moveit_config': CMAKE_PREFIX_PATH=/home/hasan-fashtouk/ur_ws/src/install/ur5e_description:/home/hasan-fashtouk/ur_ws/src/install/ur_description:/home/hasan-fashtouk/ur_ws/src/install/ur_simulation_gz:/home/hasan-fashtouk/ur_ws/src/install/ur_moveit_config:/home/hasan-fashtouk/ur_ws/src/install/robotiq_description:/home/hasan-fashtouk/ur_ws/src/install/robotiq_controllers:/opt/ros/jazzy/opt/gz_sim_vendor:/opt/ros/jazzy/opt/gz_sensors_vendor:/opt/ros/jazzy/opt/gz_physics_vendor:/opt/ros/jazzy/opt/sdformat_vendor:/opt/ros/jazzy/opt/gz_gui_vendor:/opt/ros/jazzy/opt/gz_transport_vendor:/opt/ros/jazzy/opt/gz_rendering_vendor:/opt/ros/jazzy/opt/gz_plugin_vendor:/opt/ros/jazzy/opt/gz_fuel_tools_vendor:/opt/ros/jazzy/opt/gz_msgs_vendor:/opt/ros/jazzy/opt/gz_common_vendor:/opt/ros/jazzy/opt/gz_math_vendor:/opt/ros/jazzy/opt/gz_utils_vendor:/opt/ros/jazzy/opt/gz_tools_vendor:/opt/ros/jazzy/opt/gz_ogre_next_vendor:/opt/ros/jazzy/opt/gz_dartsim_vendor:/opt/ros/jazzy/opt/gz_cmake_vendor:/opt/ros/jazzy DEBUGINFOD_URLS=https://debuginfod.ubuntu.com /usr/bin/cmake --install /home/hasan-fashtouk/ur_ws/src/build/ur_moveit_config
[1.054s] Level 1:colcon.colcon_core.environment:create_environment_scripts_only(ur_moveit_config)
[1.054s] Level 1:colcon.colcon_core.environment:checking '/home/hasan-fashtouk/ur_ws/src/install/ur_moveit_config' for CMake module files
[1.057s] DEBUG:colcon.colcon_core.event_handler.log_command:Invoked command in '/home/hasan-fashtouk/ur_ws/src/build/ur_moveit_config' returned '0': CMAKE_PREFIX_PATH=/home/hasan-fashtouk/ur_ws/src/install/ur5e_description:/home/hasan-fashtouk/ur_ws/src/install/ur_description:/home/hasan-fashtouk/ur_ws/src/install/ur_simulation_gz:/home/hasan-fashtouk/ur_ws/src/install/ur_moveit_config:/home/hasan-fashtouk/ur_ws/src/install/robotiq_description:/home/hasan-fashtouk/ur_ws/src/install/robotiq_controllers:/opt/ros/jazzy/opt/gz_sim_vendor:/opt/ros/jazzy/opt/gz_sensors_vendor:/opt/ros/jazzy/opt/gz_physics_vendor:/opt/ros/jazzy/opt/sdformat_vendor:/opt/ros/jazzy/opt/gz_gui_vendor:/opt/ros/jazzy/opt/gz_transport_vendor:/opt/ros/jazzy/opt/gz_rendering_vendor:/opt/ros/jazzy/opt/gz_plugin_vendor:/opt/ros/jazzy/opt/gz_fuel_tools_vendor:/opt/ros/jazzy/opt/gz_msgs_vendor:/opt/ros/jazzy/opt/gz_common_vendor:/opt/ros/jazzy/opt/gz_math_vendor:/opt/ros/jazzy/opt/gz_utils_vendor:/opt/ros/jazzy/opt/gz_tools_vendor:/opt/ros/jazzy/opt/gz_ogre_next_vendor:/opt/ros/jazzy/opt/gz_dartsim_vendor:/opt/ros/jazzy/opt/gz_cmake_vendor:/opt/ros/jazzy DEBUGINFOD_URLS=https://debuginfod.ubuntu.com /usr/bin/cmake --install /home/hasan-fashtouk/ur_ws/src/build/ur_moveit_config
[1.057s] Level 1:colcon.colcon_core.environment:checking '/home/hasan-fashtouk/ur_ws/src/install/ur_moveit_config' for CMake config files
[1.059s] Level 1:colcon.colcon_core.shell:create_environment_hook('ur_moveit_config', 'cmake_prefix_path')
[1.059s] INFO:colcon.colcon_core.shell:Creating environment hook '/home/hasan-fashtouk/ur_ws/src/install/ur_moveit_config/share/ur_moveit_config/hook/cmake_prefix_path.ps1'
[1.060s] INFO:colcon.colcon_core.shell:Creating environment descriptor '/home/hasan-fashtouk/ur_ws/src/install/ur_moveit_config/share/ur_moveit_config/hook/cmake_prefix_path.dsv'
[1.061s] INFO:colcon.colcon_core.shell:Creating environment hook '/home/hasan-fashtouk/ur_ws/src/install/ur_moveit_config/share/ur_moveit_config/hook/cmake_prefix_path.sh'
[1.062s] Level 1:colcon.colcon_core.environment:checking '/home/hasan-fashtouk/ur_ws/src/install/ur_moveit_config/bin'
[1.062s] Level 1:colcon.colcon_core.environment:checking '/home/hasan-fashtouk/ur_ws/src/install/ur_moveit_config/lib/pkgconfig/ur_moveit_config.pc'
[1.063s] Level 1:colcon.colcon_core.environment:checking '/home/hasan-fashtouk/ur_ws/src/install/ur_moveit_config/lib/python3.12/site-packages'
[1.064s] Level 1:colcon.colcon_core.environment:checking '/home/hasan-fashtouk/ur_ws/src/install/ur_moveit_config/bin'
[1.064s] INFO:colcon.colcon_core.shell:Creating package script '/home/hasan-fashtouk/ur_ws/src/install/ur_moveit_config/share/ur_moveit_config/package.ps1'
[1.065s] INFO:colcon.colcon_core.shell:Creating package descriptor '/home/hasan-fashtouk/ur_ws/src/install/ur_moveit_config/share/ur_moveit_config/package.dsv'
[1.066s] INFO:colcon.colcon_core.shell:Creating package script '/home/hasan-fashtouk/ur_ws/src/install/ur_moveit_config/share/ur_moveit_config/package.sh'
[1.067s] INFO:colcon.colcon_core.shell:Creating package script '/home/hasan-fashtouk/ur_ws/src/install/ur_moveit_config/share/ur_moveit_config/package.bash'
[1.068s] INFO:colcon.colcon_core.shell:Creating package script '/home/hasan-fashtouk/ur_ws/src/install/ur_moveit_config/share/ur_moveit_config/package.zsh'
[1.068s] Level 1:colcon.colcon_core.environment:create_file_with_runtime_dependencies(/home/hasan-fashtouk/ur_ws/src/install/ur_moveit_config/share/colcon-core/packages/ur_moveit_config)
[1.070s] Level 1:colcon.colcon_core.environment:create_environment_scripts_only(ur_moveit_config)
[1.070s] Level 1:colcon.colcon_core.environment:checking '/home/hasan-fashtouk/ur_ws/src/install/ur_moveit_config' for CMake module files
[1.071s] Level 1:colcon.colcon_core.environment:checking '/home/hasan-fashtouk/ur_ws/src/install/ur_moveit_config' for CMake config files
[1.072s] Level 1:colcon.colcon_core.shell:create_environment_hook('ur_moveit_config', 'cmake_prefix_path')
[1.072s] INFO:colcon.colcon_core.shell:Creating environment hook '/home/hasan-fashtouk/ur_ws/src/install/ur_moveit_config/share/ur_moveit_config/hook/cmake_prefix_path.ps1'
[1.073s] INFO:colcon.colcon_core.shell:Creating environment descriptor '/home/hasan-fashtouk/ur_ws/src/install/ur_moveit_config/share/ur_moveit_config/hook/cmake_prefix_path.dsv'
[1.074s] INFO:colcon.colcon_core.shell:Creating environment hook '/home/hasan-fashtouk/ur_ws/src/install/ur_moveit_config/share/ur_moveit_config/hook/cmake_prefix_path.sh'
[1.075s] Level 1:colcon.colcon_core.environment:checking '/home/hasan-fashtouk/ur_ws/src/install/ur_moveit_config/bin'
[1.075s] Level 1:colcon.colcon_core.environment:checking '/home/hasan-fashtouk/ur_ws/src/install/ur_moveit_config/lib/pkgconfig/ur_moveit_config.pc'
[1.076s] Level 1:colcon.colcon_core.environment:checking '/home/hasan-fashtouk/ur_ws/src/install/ur_moveit_config/lib/python3.12/site-packages'
[1.077s] Level 1:colcon.colcon_core.environment:checking '/home/hasan-fashtouk/ur_ws/src/install/ur_moveit_config/bin'
[1.077s] INFO:colcon.colcon_core.shell:Creating package script '/home/hasan-fashtouk/ur_ws/src/install/ur_moveit_config/share/ur_moveit_config/package.ps1'
[1.078s] INFO:colcon.colcon_core.shell:Creating package descriptor '/home/hasan-fashtouk/ur_ws/src/install/ur_moveit_config/share/ur_moveit_config/package.dsv'
[1.079s] INFO:colcon.colcon_core.shell:Creating package script '/home/hasan-fashtouk/ur_ws/src/install/ur_moveit_config/share/ur_moveit_config/package.sh'
[1.080s] INFO:colcon.colcon_core.shell:Creating package script '/home/hasan-fashtouk/ur_ws/src/install/ur_moveit_config/share/ur_moveit_config/package.bash'
[1.082s] INFO:colcon.colcon_core.shell:Creating package script '/home/hasan-fashtouk/ur_ws/src/install/ur_moveit_config/share/ur_moveit_config/package.zsh'
[1.083s] Level 1:colcon.colcon_core.environment:create_file_with_runtime_dependencies(/home/hasan-fashtouk/ur_ws/src/install/ur_moveit_config/share/colcon-core/packages/ur_moveit_config)
[1.084s] INFO:colcon.colcon_ros.task.ament_cmake.build:Building ROS package in '/home/hasan-fashtouk/ur_ws/src/Universal_Robots_ROS2_GZ_Simulation/ur_simulation_gz' with build type 'ament_cmake'
[1.085s] INFO:colcon.colcon_cmake.task.cmake.build:Building CMake package in '/home/hasan-fashtouk/ur_ws/src/Universal_Robots_ROS2_GZ_Simulation/ur_simulation_gz'
[1.085s] INFO:colcon.colcon_core.shell:Skip shell extension 'powershell' for command environment: Not usable outside of PowerShell
[1.085s] DEBUG:colcon.colcon_core.shell:Skip shell extension 'dsv' for command environment
[1.113s] DEBUG:colcon.colcon_core.event_handler.log_command:Invoking command in '/home/hasan-fashtouk/ur_ws/src/build/ur_simulation_gz': CMAKE_PREFIX_PATH=/home/hasan-fashtouk/ur_ws/src/install/ur_moveit_config:/home/hasan-fashtouk/ur_ws/src/install/ur5e_description:/home/hasan-fashtouk/ur_ws/src/install/ur_description:/home/hasan-fashtouk/ur_ws/src/install/ur_simulation_gz:/home/hasan-fashtouk/ur_ws/src/install/robotiq_description:/home/hasan-fashtouk/ur_ws/src/install/robotiq_controllers:/opt/ros/jazzy/opt/gz_sim_vendor:/opt/ros/jazzy/opt/gz_sensors_vendor:/opt/ros/jazzy/opt/gz_physics_vendor:/opt/ros/jazzy/opt/sdformat_vendor:/opt/ros/jazzy/opt/gz_gui_vendor:/opt/ros/jazzy/opt/gz_transport_vendor:/opt/ros/jazzy/opt/gz_rendering_vendor:/opt/ros/jazzy/opt/gz_plugin_vendor:/opt/ros/jazzy/opt/gz_fuel_tools_vendor:/opt/ros/jazzy/opt/gz_msgs_vendor:/opt/ros/jazzy/opt/gz_common_vendor:/opt/ros/jazzy/opt/gz_math_vendor:/opt/ros/jazzy/opt/gz_utils_vendor:/opt/ros/jazzy/opt/gz_tools_vendor:/opt/ros/jazzy/opt/gz_ogre_next_vendor:/opt/ros/jazzy/opt/gz_dartsim_vendor:/opt/ros/jazzy/opt/gz_cmake_vendor:/opt/ros/jazzy DEBUGINFOD_URLS=https://debuginfod.ubuntu.com /usr/bin/cmake --build /home/hasan-fashtouk/ur_ws/src/build/ur_simulation_gz -- -j4 -l4
[1.179s] DEBUG:colcon.colcon_core.event_handler.log_command:Invoked command in '/home/hasan-fashtouk/ur_ws/src/build/ur_simulation_gz' returned '0': CMAKE_PREFIX_PATH=/home/hasan-fashtouk/ur_ws/src/install/ur_moveit_config:/home/hasan-fashtouk/ur_ws/src/install/ur5e_description:/home/hasan-fashtouk/ur_ws/src/install/ur_description:/home/hasan-fashtouk/ur_ws/src/install/ur_simulation_gz:/home/hasan-fashtouk/ur_ws/src/install/robotiq_description:/home/hasan-fashtouk/ur_ws/src/install/robotiq_controllers:/opt/ros/jazzy/opt/gz_sim_vendor:/opt/ros/jazzy/opt/gz_sensors_vendor:/opt/ros/jazzy/opt/gz_physics_vendor:/opt/ros/jazzy/opt/sdformat_vendor:/opt/ros/jazzy/opt/gz_gui_vendor:/opt/ros/jazzy/opt/gz_transport_vendor:/opt/ros/jazzy/opt/gz_rendering_vendor:/opt/ros/jazzy/opt/gz_plugin_vendor:/opt/ros/jazzy/opt/gz_fuel_tools_vendor:/opt/ros/jazzy/opt/gz_msgs_vendor:/opt/ros/jazzy/opt/gz_common_vendor:/opt/ros/jazzy/opt/gz_math_vendor:/opt/ros/jazzy/opt/gz_utils_vendor:/opt/ros/jazzy/opt/gz_tools_vendor:/opt/ros/jazzy/opt/gz_ogre_next_vendor:/opt/ros/jazzy/opt/gz_dartsim_vendor:/opt/ros/jazzy/opt/gz_cmake_vendor:/opt/ros/jazzy DEBUGINFOD_URLS=https://debuginfod.ubuntu.com /usr/bin/cmake --build /home/hasan-fashtouk/ur_ws/src/build/ur_simulation_gz -- -j4 -l4
[1.181s] DEBUG:colcon.colcon_core.event_handler.log_command:Invoking command in '/home/hasan-fashtouk/ur_ws/src/build/ur_simulation_gz': CMAKE_PREFIX_PATH=/home/hasan-fashtouk/ur_ws/src/install/ur_moveit_config:/home/hasan-fashtouk/ur_ws/src/install/ur5e_description:/home/hasan-fashtouk/ur_ws/src/install/ur_description:/home/hasan-fashtouk/ur_ws/src/install/ur_simulation_gz:/home/hasan-fashtouk/ur_ws/src/install/robotiq_description:/home/hasan-fashtouk/ur_ws/src/install/robotiq_controllers:/opt/ros/jazzy/opt/gz_sim_vendor:/opt/ros/jazzy/opt/gz_sensors_vendor:/opt/ros/jazzy/opt/gz_physics_vendor:/opt/ros/jazzy/opt/sdformat_vendor:/opt/ros/jazzy/opt/gz_gui_vendor:/opt/ros/jazzy/opt/gz_transport_vendor:/opt/ros/jazzy/opt/gz_rendering_vendor:/opt/ros/jazzy/opt/gz_plugin_vendor:/opt/ros/jazzy/opt/gz_fuel_tools_vendor:/opt/ros/jazzy/opt/gz_msgs_vendor:/opt/ros/jazzy/opt/gz_common_vendor:/opt/ros/jazzy/opt/gz_math_vendor:/opt/ros/jazzy/opt/gz_utils_vendor:/opt/ros/jazzy/opt/gz_tools_vendor:/opt/ros/jazzy/opt/gz_ogre_next_vendor:/opt/ros/jazzy/opt/gz_dartsim_vendor:/opt/ros/jazzy/opt/gz_cmake_vendor:/opt/ros/jazzy DEBUGINFOD_URLS=https://debuginfod.ubuntu.com /usr/bin/cmake --install /home/hasan-fashtouk/ur_ws/src/build/ur_simulation_gz
[1.201s] Level 1:colcon.colcon_core.environment:create_environment_scripts_only(ur_simulation_gz)
[1.202s] Level 1:colcon.colcon_core.environment:checking '/home/hasan-fashtouk/ur_ws/src/install/ur_simulation_gz' for CMake module files
[1.203s] Level 1:colcon.colcon_core.environment:checking '/home/hasan-fashtouk/ur_ws/src/install/ur_simulation_gz' for CMake config files
[1.206s] Level 1:colcon.colcon_core.shell:create_environment_hook('ur_simulation_gz', 'cmake_prefix_path')
[1.206s] INFO:colcon.colcon_core.shell:Creating environment hook '/home/hasan-fashtouk/ur_ws/src/install/ur_simulation_gz/share/ur_simulation_gz/hook/cmake_prefix_path.ps1'
[1.207s] DEBUG:colcon.colcon_core.event_handler.log_command:Invoked command in '/home/hasan-fashtouk/ur_ws/src/build/ur_simulation_gz' returned '0': CMAKE_PREFIX_PATH=/home/hasan-fashtouk/ur_ws/src/install/ur_moveit_config:/home/hasan-fashtouk/ur_ws/src/install/ur5e_description:/home/hasan-fashtouk/ur_ws/src/install/ur_description:/home/hasan-fashtouk/ur_ws/src/install/ur_simulation_gz:/home/hasan-fashtouk/ur_ws/src/install/robotiq_description:/home/hasan-fashtouk/ur_ws/src/install/robotiq_controllers:/opt/ros/jazzy/opt/gz_sim_vendor:/opt/ros/jazzy/opt/gz_sensors_vendor:/opt/ros/jazzy/opt/gz_physics_vendor:/opt/ros/jazzy/opt/sdformat_vendor:/opt/ros/jazzy/opt/gz_gui_vendor:/opt/ros/jazzy/opt/gz_transport_vendor:/opt/ros/jazzy/opt/gz_rendering_vendor:/opt/ros/jazzy/opt/gz_plugin_vendor:/opt/ros/jazzy/opt/gz_fuel_tools_vendor:/opt/ros/jazzy/opt/gz_msgs_vendor:/opt/ros/jazzy/opt/gz_common_vendor:/opt/ros/jazzy/opt/gz_math_vendor:/opt/ros/jazzy/opt/gz_utils_vendor:/opt/ros/jazzy/opt/gz_tools_vendor:/opt/ros/jazzy/opt/gz_ogre_next_vendor:/opt/ros/jazzy/opt/gz_dartsim_vendor:/opt/ros/jazzy/opt/gz_cmake_vendor:/opt/ros/jazzy DEBUGINFOD_URLS=https://debuginfod.ubuntu.com /usr/bin/cmake --install /home/hasan-fashtouk/ur_ws/src/build/ur_simulation_gz
[1.208s] INFO:colcon.colcon_core.shell:Creating environment descriptor '/home/hasan-fashtouk/ur_ws/src/install/ur_simulation_gz/share/ur_simulation_gz/hook/cmake_prefix_path.dsv'
[1.211s] INFO:colcon.colcon_core.shell:Creating environment hook '/home/hasan-fashtouk/ur_ws/src/install/ur_simulation_gz/share/ur_simulation_gz/hook/cmake_prefix_path.sh'
[1.212s] Level 1:colcon.colcon_core.environment:checking '/home/hasan-fashtouk/ur_ws/src/install/ur_simulation_gz/bin'
[1.212s] Level 1:colcon.colcon_core.environment:checking '/home/hasan-fashtouk/ur_ws/src/install/ur_simulation_gz/lib/pkgconfig/ur_simulation_gz.pc'
[1.213s] Level 1:colcon.colcon_core.environment:checking '/home/hasan-fashtouk/ur_ws/src/install/ur_simulation_gz/lib/python3.12/site-packages'
[1.214s] Level 1:colcon.colcon_core.environment:checking '/home/hasan-fashtouk/ur_ws/src/install/ur_simulation_gz/bin'
[1.214s] INFO:colcon.colcon_core.shell:Creating package script '/home/hasan-fashtouk/ur_ws/src/install/ur_simulation_gz/share/ur_simulation_gz/package.ps1'
[1.215s] INFO:colcon.colcon_core.shell:Creating package descriptor '/home/hasan-fashtouk/ur_ws/src/install/ur_simulation_gz/share/ur_simulation_gz/package.dsv'
[1.216s] INFO:colcon.colcon_core.shell:Creating package script '/home/hasan-fashtouk/ur_ws/src/install/ur_simulation_gz/share/ur_simulation_gz/package.sh'
[1.216s] INFO:colcon.colcon_core.shell:Creating package script '/home/hasan-fashtouk/ur_ws/src/install/ur_simulation_gz/share/ur_simulation_gz/package.bash'
[1.217s] INFO:colcon.colcon_core.shell:Creating package script '/home/hasan-fashtouk/ur_ws/src/install/ur_simulation_gz/share/ur_simulation_gz/package.zsh'
[1.218s] Level 1:colcon.colcon_core.environment:create_file_with_runtime_dependencies(/home/hasan-fashtouk/ur_ws/src/install/ur_simulation_gz/share/colcon-core/packages/ur_simulation_gz)
[1.219s] Level 1:colcon.colcon_core.environment:create_environment_scripts_only(ur_simulation_gz)
[1.219s] Level 1:colcon.colcon_core.environment:checking '/home/hasan-fashtouk/ur_ws/src/install/ur_simulation_gz' for CMake module files
[1.220s] Level 1:colcon.colcon_core.environment:checking '/home/hasan-fashtouk/ur_ws/src/install/ur_simulation_gz' for CMake config files
[1.221s] Level 1:colcon.colcon_core.shell:create_environment_hook('ur_simulation_gz', 'cmake_prefix_path')
[1.221s] INFO:colcon.colcon_core.shell:Creating environment hook '/home/hasan-fashtouk/ur_ws/src/install/ur_simulation_gz/share/ur_simulation_gz/hook/cmake_prefix_path.ps1'
[1.222s] INFO:colcon.colcon_core.shell:Creating environment descriptor '/home/hasan-fashtouk/ur_ws/src/install/ur_simulation_gz/share/ur_simulation_gz/hook/cmake_prefix_path.dsv'
[1.223s] INFO:colcon.colcon_core.shell:Creating environment hook '/home/hasan-fashtouk/ur_ws/src/install/ur_simulation_gz/share/ur_simulation_gz/hook/cmake_prefix_path.sh'
[1.224s] Level 1:colcon.colcon_core.environment:checking '/home/hasan-fashtouk/ur_ws/src/install/ur_simulation_gz/bin'
[1.224s] Level 1:colcon.colcon_core.environment:checking '/home/hasan-fashtouk/ur_ws/src/install/ur_simulation_gz/lib/pkgconfig/ur_simulation_gz.pc'
[1.224s] Level 1:colcon.colcon_core.environment:checking '/home/hasan-fashtouk/ur_ws/src/install/ur_simulation_gz/lib/python3.12/site-packages'
[1.225s] Level 1:colcon.colcon_core.environment:checking '/home/hasan-fashtouk/ur_ws/src/install/ur_simulation_gz/bin'
[1.226s] INFO:colcon.colcon_core.shell:Creating package script '/home/hasan-fashtouk/ur_ws/src/install/ur_simulation_gz/share/ur_simulation_gz/package.ps1'
[1.227s] INFO:colcon.colcon_core.shell:Creating package descriptor '/home/hasan-fashtouk/ur_ws/src/install/ur_simulation_gz/share/ur_simulation_gz/package.dsv'
[1.228s] INFO:colcon.colcon_core.shell:Creating package script '/home/hasan-fashtouk/ur_ws/src/install/ur_simulation_gz/share/ur_simulation_gz/package.sh'
[1.229s] INFO:colcon.colcon_core.shell:Creating package script '/home/hasan-fashtouk/ur_ws/src/install/ur_simulation_gz/share/ur_simulation_gz/package.bash'
[1.230s] INFO:colcon.colcon_core.shell:Creating package script '/home/hasan-fashtouk/ur_ws/src/install/ur_simulation_gz/share/ur_simulation_gz/package.zsh'
[1.231s] Level 1:colcon.colcon_core.environment:create_file_with_runtime_dependencies(/home/hasan-fashtouk/ur_ws/src/install/ur_simulation_gz/share/colcon-core/packages/ur_simulation_gz)
[1.231s] DEBUG:colcon.colcon_parallel_executor.executor.parallel:closing loop
[1.232s] DEBUG:colcon.colcon_parallel_executor.executor.parallel:loop closed
[1.232s] DEBUG:colcon.colcon_parallel_executor.executor.parallel:run_until_complete finished with '0'
[1.232s] DEBUG:colcon.colcon_core.event_reactor:joining thread
[1.245s] INFO:colcon.colcon_core.plugin_system:Skipping extension 'colcon_notification.desktop_notification.terminal_notifier': Not used on non-Darwin systems
[1.245s] INFO:colcon.colcon_core.plugin_system:Skipping extension 'colcon_notification.desktop_notification.win32': Not used on non-Windows systems
[1.245s] INFO:colcon.colcon_notification.desktop_notification:Sending desktop notification using 'notify2'
[1.277s] DEBUG:colcon.colcon_core.event_reactor:joined thread
[1.278s] INFO:colcon.colcon_core.shell:Creating prefix script '/home/hasan-fashtouk/ur_ws/src/install/local_setup.ps1'
[1.280s] INFO:colcon.colcon_core.shell:Creating prefix util module '/home/hasan-fashtouk/ur_ws/src/install/_local_setup_util_ps1.py'
[1.282s] INFO:colcon.colcon_core.shell:Creating prefix chain script '/home/hasan-fashtouk/ur_ws/src/install/setup.ps1'
[1.285s] INFO:colcon.colcon_core.shell:Creating prefix script '/home/hasan-fashtouk/ur_ws/src/install/local_setup.sh'
[1.286s] INFO:colcon.colcon_core.shell:Creating prefix util module '/home/hasan-fashtouk/ur_ws/src/install/_local_setup_util_sh.py'
[1.288s] INFO:colcon.colcon_core.shell:Creating prefix chain script '/home/hasan-fashtouk/ur_ws/src/install/setup.sh'
[1.291s] INFO:colcon.colcon_core.shell:Creating prefix script '/home/hasan-fashtouk/ur_ws/src/install/local_setup.bash'
[1.292s] INFO:colcon.colcon_core.shell:Creating prefix chain script '/home/hasan-fashtouk/ur_ws/src/install/setup.bash'
[1.295s] INFO:colcon.colcon_core.shell:Creating prefix script '/home/hasan-fashtouk/ur_ws/src/install/local_setup.zsh'
[1.296s] INFO:colcon.colcon_core.shell:Creating prefix chain script '/home/hasan-fashtouk/ur_ws/src/install/setup.zsh'
