[0.053s] Invoking command in '/home/hasan-fashtouk/ur_ws/src/build/ur5e_description': CMAKE_PREFIX_PATH=/home/hasan-fashtouk/ur_ws/src/install/ur_description:/home/hasan-fashtouk/ur_ws/src/install/ur_simulation_gz:/home/hasan-fashtouk/ur_ws/src/install/ur_moveit_config:/home/hasan-fashtouk/ur_ws/src/install/ur5e_description:/home/hasan-fashtouk/ur_ws/src/install/robotiq_description:/home/hasan-fashtouk/ur_ws/src/install/robotiq_controllers:/opt/ros/jazzy/opt/gz_sim_vendor:/opt/ros/jazzy/opt/gz_sensors_vendor:/opt/ros/jazzy/opt/gz_physics_vendor:/opt/ros/jazzy/opt/sdformat_vendor:/opt/ros/jazzy/opt/gz_gui_vendor:/opt/ros/jazzy/opt/gz_transport_vendor:/opt/ros/jazzy/opt/gz_rendering_vendor:/opt/ros/jazzy/opt/gz_plugin_vendor:/opt/ros/jazzy/opt/gz_fuel_tools_vendor:/opt/ros/jazzy/opt/gz_msgs_vendor:/opt/ros/jazzy/opt/gz_common_vendor:/opt/ros/jazzy/opt/gz_math_vendor:/opt/ros/jazzy/opt/gz_utils_vendor:/opt/ros/jazzy/opt/gz_tools_vendor:/opt/ros/jazzy/opt/gz_ogre_next_vendor:/opt/ros/jazzy/opt/gz_dartsim_vendor:/opt/ros/jazzy/opt/gz_cmake_vendor:/opt/ros/jazzy DEBUGINFOD_URLS=https://debuginfod.ubuntu.com /usr/bin/cmake --build /home/hasan-fashtouk/ur_ws/src/build/ur5e_description -- -j4 -l4
[0.143s] Invoked command in '/home/hasan-fashtouk/ur_ws/src/build/ur5e_description' returned '0': CMAKE_PREFIX_PATH=/home/hasan-fashtouk/ur_ws/src/install/ur_description:/home/hasan-fashtouk/ur_ws/src/install/ur_simulation_gz:/home/hasan-fashtouk/ur_ws/src/install/ur_moveit_config:/home/hasan-fashtouk/ur_ws/src/install/ur5e_description:/home/hasan-fashtouk/ur_ws/src/install/robotiq_description:/home/hasan-fashtouk/ur_ws/src/install/robotiq_controllers:/opt/ros/jazzy/opt/gz_sim_vendor:/opt/ros/jazzy/opt/gz_sensors_vendor:/opt/ros/jazzy/opt/gz_physics_vendor:/opt/ros/jazzy/opt/sdformat_vendor:/opt/ros/jazzy/opt/gz_gui_vendor:/opt/ros/jazzy/opt/gz_transport_vendor:/opt/ros/jazzy/opt/gz_rendering_vendor:/opt/ros/jazzy/opt/gz_plugin_vendor:/opt/ros/jazzy/opt/gz_fuel_tools_vendor:/opt/ros/jazzy/opt/gz_msgs_vendor:/opt/ros/jazzy/opt/gz_common_vendor:/opt/ros/jazzy/opt/gz_math_vendor:/opt/ros/jazzy/opt/gz_utils_vendor:/opt/ros/jazzy/opt/gz_tools_vendor:/opt/ros/jazzy/opt/gz_ogre_next_vendor:/opt/ros/jazzy/opt/gz_dartsim_vendor:/opt/ros/jazzy/opt/gz_cmake_vendor:/opt/ros/jazzy DEBUGINFOD_URLS=https://debuginfod.ubuntu.com /usr/bin/cmake --build /home/hasan-fashtouk/ur_ws/src/build/ur5e_description -- -j4 -l4
[0.146s] Invoking command in '/home/hasan-fashtouk/ur_ws/src/build/ur5e_description': CMAKE_PREFIX_PATH=/home/hasan-fashtouk/ur_ws/src/install/ur_description:/home/hasan-fashtouk/ur_ws/src/install/ur_simulation_gz:/home/hasan-fashtouk/ur_ws/src/install/ur_moveit_config:/home/hasan-fashtouk/ur_ws/src/install/ur5e_description:/home/hasan-fashtouk/ur_ws/src/install/robotiq_description:/home/hasan-fashtouk/ur_ws/src/install/robotiq_controllers:/opt/ros/jazzy/opt/gz_sim_vendor:/opt/ros/jazzy/opt/gz_sensors_vendor:/opt/ros/jazzy/opt/gz_physics_vendor:/opt/ros/jazzy/opt/sdformat_vendor:/opt/ros/jazzy/opt/gz_gui_vendor:/opt/ros/jazzy/opt/gz_transport_vendor:/opt/ros/jazzy/opt/gz_rendering_vendor:/opt/ros/jazzy/opt/gz_plugin_vendor:/opt/ros/jazzy/opt/gz_fuel_tools_vendor:/opt/ros/jazzy/opt/gz_msgs_vendor:/opt/ros/jazzy/opt/gz_common_vendor:/opt/ros/jazzy/opt/gz_math_vendor:/opt/ros/jazzy/opt/gz_utils_vendor:/opt/ros/jazzy/opt/gz_tools_vendor:/opt/ros/jazzy/opt/gz_ogre_next_vendor:/opt/ros/jazzy/opt/gz_dartsim_vendor:/opt/ros/jazzy/opt/gz_cmake_vendor:/opt/ros/jazzy DEBUGINFOD_URLS=https://debuginfod.ubuntu.com /usr/bin/cmake --install /home/hasan-fashtouk/ur_ws/src/build/ur5e_description
[0.159s] -- Install configuration: ""
[0.160s] -- Up-to-date: /home/hasan-fashtouk/ur_ws/src/install/ur5e_description/share/ur5e_description/launch
[0.160s] -- Up-to-date: /home/hasan-fashtouk/ur_ws/src/install/ur5e_description/share/ur5e_description/launch/display_ur_camera.launch.py
[0.160s] -- Up-to-date: /home/hasan-fashtouk/ur_ws/src/install/ur5e_description/share/ur5e_description/launch/ur_sim_control.launch.py
[0.162s] -- Up-to-date: /home/hasan-fashtouk/ur_ws/src/install/ur5e_description/share/ur5e_description/launch/ur_sim_moveit.launch.py
[0.162s] -- Up-to-date: /home/hasan-fashtouk/ur_ws/src/install/ur5e_description/share/ur5e_description/config
[0.164s] -- Up-to-date: /home/hasan-fashtouk/ur_ws/src/install/ur5e_description/share/ur5e_description/config/initial_positions.yaml
[0.165s] -- Up-to-date: /home/hasan-fashtouk/ur_ws/src/install/ur5e_description/share/ur5e_description/config/ur_controllers.yaml
[0.168s] -- Up-to-date: /home/hasan-fashtouk/ur_ws/src/install/ur5e_description/share/ur5e_description/urdf
[0.168s] -- Up-to-date: /home/hasan-fashtouk/ur_ws/src/install/ur5e_description/share/ur5e_description/urdf/ur.ros2_control.xacro
[0.169s] -- Up-to-date: /home/hasan-fashtouk/ur_ws/src/install/ur5e_description/share/ur5e_description/urdf/camera.xacro
[0.169s] -- Up-to-date: /home/hasan-fashtouk/ur_ws/src/install/ur5e_description/share/ur5e_description/urdf/2f_85.ros2_control.xacro
[0.170s] -- Up-to-date: /home/hasan-fashtouk/ur_ws/src/install/ur5e_description/share/ur5e_description/urdf/ur.urdf.xacro
[0.171s] -- Up-to-date: /home/hasan-fashtouk/ur_ws/src/install/ur5e_description/share/ur5e_description/urdf/robotiq_2f_85_macro.urdf.xacro
[0.172s] -- Up-to-date: /home/hasan-fashtouk/ur_ws/src/install/ur5e_description/share/ur5e_description/rviz
[0.173s] -- Up-to-date: /home/hasan-fashtouk/ur_ws/src/install/ur5e_description/share/ur5e_description/rviz/display_camera.rviz
[0.174s] -- Up-to-date: /home/hasan-fashtouk/ur_ws/src/install/ur5e_description/share/ur5e_description/rviz/display.rviz
[0.174s] -- Up-to-date: /home/hasan-fashtouk/ur_ws/src/install/ur5e_description/share/ur5e_description/meshes
[0.175s] -- Up-to-date: /home/hasan-fashtouk/ur_ws/src/install/ur5e_description/share/ur5e_description/meshes/sensors
[0.175s] -- Up-to-date: /home/hasan-fashtouk/ur_ws/src/install/ur5e_description/share/ur5e_description/meshes/sensors/camera
[0.176s] -- Up-to-date: /home/hasan-fashtouk/ur_ws/src/install/ur5e_description/share/ur5e_description/meshes/sensors/camera/kinetic.png
[0.178s] -- Up-to-date: /home/hasan-fashtouk/ur_ws/src/install/ur5e_description/share/ur5e_description/meshes/sensors/camera/kinetic.stl
[0.179s] -- Up-to-date: /home/hasan-fashtouk/ur_ws/src/install/ur5e_description/share/ur5e_description/meshes/sensors/camera/kinetic.dae
[0.180s] -- Up-to-date: /home/hasan-fashtouk/ur_ws/src/install/ur5e_description/share/ament_index/resource_index/package_run_dependencies/ur5e_description
[0.180s] -- Up-to-date: /home/hasan-fashtouk/ur_ws/src/install/ur5e_description/share/ament_index/resource_index/parent_prefix_path/ur5e_description
[0.180s] -- Up-to-date: /home/hasan-fashtouk/ur_ws/src/install/ur5e_description/share/ur5e_description/environment/ament_prefix_path.sh
[0.180s] -- Up-to-date: /home/hasan-fashtouk/ur_ws/src/install/ur5e_description/share/ur5e_description/environment/ament_prefix_path.dsv
[0.180s] -- Up-to-date: /home/hasan-fashtouk/ur_ws/src/install/ur5e_description/share/ur5e_description/environment/path.sh
[0.180s] -- Up-to-date: /home/hasan-fashtouk/ur_ws/src/install/ur5e_description/share/ur5e_description/environment/path.dsv
[0.181s] -- Up-to-date: /home/hasan-fashtouk/ur_ws/src/install/ur5e_description/share/ur5e_description/local_setup.bash
[0.181s] -- Up-to-date: /home/hasan-fashtouk/ur_ws/src/install/ur5e_description/share/ur5e_description/local_setup.sh
[0.181s] -- Up-to-date: /home/hasan-fashtouk/ur_ws/src/install/ur5e_description/share/ur5e_description/local_setup.zsh
[0.181s] -- Up-to-date: /home/hasan-fashtouk/ur_ws/src/install/ur5e_description/share/ur5e_description/local_setup.dsv
[0.182s] -- Installing: /home/hasan-fashtouk/ur_ws/src/install/ur5e_description/share/ur5e_description/package.dsv
[0.185s] -- Up-to-date: /home/hasan-fashtouk/ur_ws/src/install/ur5e_description/share/ament_index/resource_index/packages/ur5e_description
[0.185s] -- Up-to-date: /home/hasan-fashtouk/ur_ws/src/install/ur5e_description/share/ur5e_description/cmake/ur5e_descriptionConfig.cmake
[0.185s] -- Up-to-date: /home/hasan-fashtouk/ur_ws/src/install/ur5e_description/share/ur5e_description/cmake/ur5e_descriptionConfig-version.cmake
[0.186s] -- Up-to-date: /home/hasan-fashtouk/ur_ws/src/install/ur5e_description/share/ur5e_description/package.xml
[0.187s] Invoked command in '/home/hasan-fashtouk/ur_ws/src/build/ur5e_description' returned '0': CMAKE_PREFIX_PATH=/home/hasan-fashtouk/ur_ws/src/install/ur_description:/home/hasan-fashtouk/ur_ws/src/install/ur_simulation_gz:/home/hasan-fashtouk/ur_ws/src/install/ur_moveit_config:/home/hasan-fashtouk/ur_ws/src/install/ur5e_description:/home/hasan-fashtouk/ur_ws/src/install/robotiq_description:/home/hasan-fashtouk/ur_ws/src/install/robotiq_controllers:/opt/ros/jazzy/opt/gz_sim_vendor:/opt/ros/jazzy/opt/gz_sensors_vendor:/opt/ros/jazzy/opt/gz_physics_vendor:/opt/ros/jazzy/opt/sdformat_vendor:/opt/ros/jazzy/opt/gz_gui_vendor:/opt/ros/jazzy/opt/gz_transport_vendor:/opt/ros/jazzy/opt/gz_rendering_vendor:/opt/ros/jazzy/opt/gz_plugin_vendor:/opt/ros/jazzy/opt/gz_fuel_tools_vendor:/opt/ros/jazzy/opt/gz_msgs_vendor:/opt/ros/jazzy/opt/gz_common_vendor:/opt/ros/jazzy/opt/gz_math_vendor:/opt/ros/jazzy/opt/gz_utils_vendor:/opt/ros/jazzy/opt/gz_tools_vendor:/opt/ros/jazzy/opt/gz_ogre_next_vendor:/opt/ros/jazzy/opt/gz_dartsim_vendor:/opt/ros/jazzy/opt/gz_cmake_vendor:/opt/ros/jazzy DEBUGINFOD_URLS=https://debuginfod.ubuntu.com /usr/bin/cmake --install /home/hasan-fashtouk/ur_ws/src/build/ur5e_description
