[0.161s] DEBUG:colcon:Command line arguments: ['/usr/bin/colcon', 'build']
[0.162s] DEBUG:colcon:Parsed command line arguments: Namespace(log_base=None, log_level=None, verb_name='build', build_base='build', install_base='install', merge_install=False, symlink_install=False, test_result_base=None, continue_on_error=False, executor='parallel', parallel_workers=4, event_handlers=None, ignore_user_meta=False, metas=['./colcon.meta'], base_paths=['.'], packages_ignore=None, packages_ignore_regex=None, paths=None, packages_up_to=None, packages_up_to_regex=None, packages_above=None, packages_above_and_dependencies=None, packages_above_depth=None, packages_select_by_dep=None, packages_skip_by_dep=None, packages_skip_up_to=None, packages_select_build_failed=False, packages_skip_build_finished=False, packages_select_test_failures=False, packages_skip_test_passed=False, packages_select=None, packages_skip=None, packages_select_regex=None, packages_skip_regex=None, packages_start=None, packages_end=None, allow_overriding=[], cmake_args=None, cmake_target=None, cmake_target_skip_unavailable=False, cmake_clean_cache=False, cmake_clean_first=False, cmake_force_configure=False, ament_cmake_args=None, catkin_cmake_args=None, catkin_skip_building_tests=False, mixin_files=None, mixin=None, verb_parser=<colcon_mixin.mixin.mixin_argument.MixinArgumentDecorator object at 0x7f38e42adfa0>, verb_extension=<colcon_core.verb.build.BuildVerb object at 0x7f38e421bc50>, main=<bound method BuildVerb.main of <colcon_core.verb.build.BuildVerb object at 0x7f38e421bc50>>, mixin_verb=('build',))
[0.216s] Level 1:colcon.colcon_core.package_discovery:discover_packages(colcon_meta) check parameters
[0.217s] Level 1:colcon.colcon_core.package_discovery:discover_packages(recursive) check parameters
[0.217s] Level 1:colcon.colcon_core.package_discovery:discover_packages(ignore) check parameters
[0.217s] Level 1:colcon.colcon_core.package_discovery:discover_packages(path) check parameters
[0.217s] Level 1:colcon.colcon_core.package_discovery:discover_packages(colcon_meta) discover
[0.217s] Level 1:colcon.colcon_core.package_discovery:discover_packages(recursive) discover
[0.217s] INFO:colcon.colcon_core.package_discovery:Crawling recursively for packages in '/home/hasan-fashtouk/ur_ws/src'
[0.218s] Level 1:colcon.colcon_core.package_identification:_identify(.) by extensions ['ignore', 'ignore_ament_install']
[0.218s] Level 1:colcon.colcon_core.package_identification:_identify(.) by extension 'ignore'
[0.218s] Level 1:colcon.colcon_core.package_identification:_identify(.) by extension 'ignore_ament_install'
[0.218s] Level 1:colcon.colcon_core.package_identification:_identify(.) by extensions ['colcon_pkg']
[0.218s] Level 1:colcon.colcon_core.package_identification:_identify(.) by extension 'colcon_pkg'
[0.218s] Level 1:colcon.colcon_core.package_identification:_identify(.) by extensions ['colcon_meta']
[0.218s] Level 1:colcon.colcon_core.package_identification:_identify(.) by extension 'colcon_meta'
[0.218s] Level 1:colcon.colcon_core.package_identification:_identify(.) by extensions ['ros']
[0.218s] Level 1:colcon.colcon_core.package_identification:_identify(.) by extension 'ros'
[0.252s] Level 1:colcon.colcon_core.package_identification:_identify(.) by extensions ['cmake', 'python']
[0.253s] Level 1:colcon.colcon_core.package_identification:_identify(.) by extension 'cmake'
[0.253s] Level 1:colcon.colcon_core.package_identification:_identify(.) by extension 'python'
[0.253s] Level 1:colcon.colcon_core.package_identification:_identify(.) by extensions ['python_setup_py']
[0.253s] Level 1:colcon.colcon_core.package_identification:_identify(.) by extension 'python_setup_py'
[0.253s] Level 1:colcon.colcon_core.package_identification:_identify(Universal_Robots_ROS2_Description) by extensions ['ignore', 'ignore_ament_install']
[0.253s] Level 1:colcon.colcon_core.package_identification:_identify(Universal_Robots_ROS2_Description) by extension 'ignore'
[0.253s] Level 1:colcon.colcon_core.package_identification:_identify(Universal_Robots_ROS2_Description) by extension 'ignore_ament_install'
[0.253s] Level 1:colcon.colcon_core.package_identification:_identify(Universal_Robots_ROS2_Description) by extensions ['colcon_pkg']
[0.254s] Level 1:colcon.colcon_core.package_identification:_identify(Universal_Robots_ROS2_Description) by extension 'colcon_pkg'
[0.254s] Level 1:colcon.colcon_core.package_identification:_identify(Universal_Robots_ROS2_Description) by extensions ['colcon_meta']
[0.254s] Level 1:colcon.colcon_core.package_identification:_identify(Universal_Robots_ROS2_Description) by extension 'colcon_meta'
[0.254s] Level 1:colcon.colcon_core.package_identification:_identify(Universal_Robots_ROS2_Description) by extensions ['ros']
[0.254s] Level 1:colcon.colcon_core.package_identification:_identify(Universal_Robots_ROS2_Description) by extension 'ros'
[0.258s] DEBUG:colcon.colcon_core.package_identification:Package 'Universal_Robots_ROS2_Description' with type 'ros.ament_cmake' and name 'ur_description'
[0.258s] Level 1:colcon.colcon_core.package_identification:_identify(Universal_Robots_ROS2_GZ_Simulation) by extensions ['ignore', 'ignore_ament_install']
[0.258s] Level 1:colcon.colcon_core.package_identification:_identify(Universal_Robots_ROS2_GZ_Simulation) by extension 'ignore'
[0.258s] Level 1:colcon.colcon_core.package_identification:_identify(Universal_Robots_ROS2_GZ_Simulation) by extension 'ignore_ament_install'
[0.258s] Level 1:colcon.colcon_core.package_identification:_identify(Universal_Robots_ROS2_GZ_Simulation) by extensions ['colcon_pkg']
[0.259s] Level 1:colcon.colcon_core.package_identification:_identify(Universal_Robots_ROS2_GZ_Simulation) by extension 'colcon_pkg'
[0.259s] Level 1:colcon.colcon_core.package_identification:_identify(Universal_Robots_ROS2_GZ_Simulation) by extensions ['colcon_meta']
[0.259s] Level 1:colcon.colcon_core.package_identification:_identify(Universal_Robots_ROS2_GZ_Simulation) by extension 'colcon_meta'
[0.259s] Level 1:colcon.colcon_core.package_identification:_identify(Universal_Robots_ROS2_GZ_Simulation) by extensions ['ros']
[0.259s] Level 1:colcon.colcon_core.package_identification:_identify(Universal_Robots_ROS2_GZ_Simulation) by extension 'ros'
[0.259s] Level 1:colcon.colcon_core.package_identification:_identify(Universal_Robots_ROS2_GZ_Simulation) by extensions ['cmake', 'python']
[0.259s] Level 1:colcon.colcon_core.package_identification:_identify(Universal_Robots_ROS2_GZ_Simulation) by extension 'cmake'
[0.259s] Level 1:colcon.colcon_core.package_identification:_identify(Universal_Robots_ROS2_GZ_Simulation) by extension 'python'
[0.259s] Level 1:colcon.colcon_core.package_identification:_identify(Universal_Robots_ROS2_GZ_Simulation) by extensions ['python_setup_py']
[0.259s] Level 1:colcon.colcon_core.package_identification:_identify(Universal_Robots_ROS2_GZ_Simulation) by extension 'python_setup_py'
[0.259s] Level 1:colcon.colcon_core.package_identification:_identify(Universal_Robots_ROS2_GZ_Simulation/ur_simulation_gz) by extensions ['ignore', 'ignore_ament_install']
[0.260s] Level 1:colcon.colcon_core.package_identification:_identify(Universal_Robots_ROS2_GZ_Simulation/ur_simulation_gz) by extension 'ignore'
[0.260s] Level 1:colcon.colcon_core.package_identification:_identify(Universal_Robots_ROS2_GZ_Simulation/ur_simulation_gz) by extension 'ignore_ament_install'
[0.260s] Level 1:colcon.colcon_core.package_identification:_identify(Universal_Robots_ROS2_GZ_Simulation/ur_simulation_gz) by extensions ['colcon_pkg']
[0.260s] Level 1:colcon.colcon_core.package_identification:_identify(Universal_Robots_ROS2_GZ_Simulation/ur_simulation_gz) by extension 'colcon_pkg'
[0.260s] Level 1:colcon.colcon_core.package_identification:_identify(Universal_Robots_ROS2_GZ_Simulation/ur_simulation_gz) by extensions ['colcon_meta']
[0.260s] Level 1:colcon.colcon_core.package_identification:_identify(Universal_Robots_ROS2_GZ_Simulation/ur_simulation_gz) by extension 'colcon_meta'
[0.260s] Level 1:colcon.colcon_core.package_identification:_identify(Universal_Robots_ROS2_GZ_Simulation/ur_simulation_gz) by extensions ['ros']
[0.260s] Level 1:colcon.colcon_core.package_identification:_identify(Universal_Robots_ROS2_GZ_Simulation/ur_simulation_gz) by extension 'ros'
[0.262s] DEBUG:colcon.colcon_core.package_identification:Package 'Universal_Robots_ROS2_GZ_Simulation/ur_simulation_gz' with type 'ros.ament_cmake' and name 'ur_simulation_gz'
[0.262s] Level 1:colcon.colcon_core.package_identification:_identify(build) by extensions ['ignore', 'ignore_ament_install']
[0.262s] Level 1:colcon.colcon_core.package_identification:_identify(build) by extension 'ignore'
[0.262s] Level 1:colcon.colcon_core.package_identification:_identify(build) ignored
[0.263s] Level 1:colcon.colcon_core.package_identification:_identify(install) by extensions ['ignore', 'ignore_ament_install']
[0.263s] Level 1:colcon.colcon_core.package_identification:_identify(install) by extension 'ignore'
[0.263s] Level 1:colcon.colcon_core.package_identification:_identify(install) ignored
[0.263s] Level 1:colcon.colcon_core.package_identification:_identify(log) by extensions ['ignore', 'ignore_ament_install']
[0.263s] Level 1:colcon.colcon_core.package_identification:_identify(log) by extension 'ignore'
[0.263s] Level 1:colcon.colcon_core.package_identification:_identify(log) ignored
[0.263s] Level 1:colcon.colcon_core.package_identification:_identify(ros2_robotiq_gripper) by extensions ['ignore', 'ignore_ament_install']
[0.264s] Level 1:colcon.colcon_core.package_identification:_identify(ros2_robotiq_gripper) by extension 'ignore'
[0.264s] Level 1:colcon.colcon_core.package_identification:_identify(ros2_robotiq_gripper) by extension 'ignore_ament_install'
[0.264s] Level 1:colcon.colcon_core.package_identification:_identify(ros2_robotiq_gripper) by extensions ['colcon_pkg']
[0.264s] Level 1:colcon.colcon_core.package_identification:_identify(ros2_robotiq_gripper) by extension 'colcon_pkg'
[0.264s] Level 1:colcon.colcon_core.package_identification:_identify(ros2_robotiq_gripper) by extensions ['colcon_meta']
[0.264s] Level 1:colcon.colcon_core.package_identification:_identify(ros2_robotiq_gripper) by extension 'colcon_meta'
[0.264s] Level 1:colcon.colcon_core.package_identification:_identify(ros2_robotiq_gripper) by extensions ['ros']
[0.264s] Level 1:colcon.colcon_core.package_identification:_identify(ros2_robotiq_gripper) by extension 'ros'
[0.264s] Level 1:colcon.colcon_core.package_identification:_identify(ros2_robotiq_gripper) by extensions ['cmake', 'python']
[0.264s] Level 1:colcon.colcon_core.package_identification:_identify(ros2_robotiq_gripper) by extension 'cmake'
[0.264s] Level 1:colcon.colcon_core.package_identification:_identify(ros2_robotiq_gripper) by extension 'python'
[0.264s] Level 1:colcon.colcon_core.package_identification:_identify(ros2_robotiq_gripper) by extensions ['python_setup_py']
[0.265s] Level 1:colcon.colcon_core.package_identification:_identify(ros2_robotiq_gripper) by extension 'python_setup_py'
[0.265s] Level 1:colcon.colcon_core.package_identification:_identify(ros2_robotiq_gripper/robotiq_controllers) by extensions ['ignore', 'ignore_ament_install']
[0.265s] Level 1:colcon.colcon_core.package_identification:_identify(ros2_robotiq_gripper/robotiq_controllers) by extension 'ignore'
[0.265s] Level 1:colcon.colcon_core.package_identification:_identify(ros2_robotiq_gripper/robotiq_controllers) by extension 'ignore_ament_install'
[0.265s] Level 1:colcon.colcon_core.package_identification:_identify(ros2_robotiq_gripper/robotiq_controllers) by extensions ['colcon_pkg']
[0.265s] Level 1:colcon.colcon_core.package_identification:_identify(ros2_robotiq_gripper/robotiq_controllers) by extension 'colcon_pkg'
[0.265s] Level 1:colcon.colcon_core.package_identification:_identify(ros2_robotiq_gripper/robotiq_controllers) by extensions ['colcon_meta']
[0.265s] Level 1:colcon.colcon_core.package_identification:_identify(ros2_robotiq_gripper/robotiq_controllers) by extension 'colcon_meta'
[0.265s] Level 1:colcon.colcon_core.package_identification:_identify(ros2_robotiq_gripper/robotiq_controllers) by extensions ['ros']
[0.265s] Level 1:colcon.colcon_core.package_identification:_identify(ros2_robotiq_gripper/robotiq_controllers) by extension 'ros'
[0.267s] DEBUG:colcon.colcon_core.package_identification:Package 'ros2_robotiq_gripper/robotiq_controllers' with type 'ros.ament_cmake' and name 'robotiq_controllers'
[0.267s] Level 1:colcon.colcon_core.package_identification:_identify(ros2_robotiq_gripper/robotiq_description) by extensions ['ignore', 'ignore_ament_install']
[0.267s] Level 1:colcon.colcon_core.package_identification:_identify(ros2_robotiq_gripper/robotiq_description) by extension 'ignore'
[0.267s] Level 1:colcon.colcon_core.package_identification:_identify(ros2_robotiq_gripper/robotiq_description) by extension 'ignore_ament_install'
[0.267s] Level 1:colcon.colcon_core.package_identification:_identify(ros2_robotiq_gripper/robotiq_description) by extensions ['colcon_pkg']
[0.267s] Level 1:colcon.colcon_core.package_identification:_identify(ros2_robotiq_gripper/robotiq_description) by extension 'colcon_pkg'
[0.267s] Level 1:colcon.colcon_core.package_identification:_identify(ros2_robotiq_gripper/robotiq_description) by extensions ['colcon_meta']
[0.267s] Level 1:colcon.colcon_core.package_identification:_identify(ros2_robotiq_gripper/robotiq_description) by extension 'colcon_meta'
[0.268s] Level 1:colcon.colcon_core.package_identification:_identify(ros2_robotiq_gripper/robotiq_description) by extensions ['ros']
[0.268s] Level 1:colcon.colcon_core.package_identification:_identify(ros2_robotiq_gripper/robotiq_description) by extension 'ros'
[0.269s] DEBUG:colcon.colcon_core.package_identification:Package 'ros2_robotiq_gripper/robotiq_description' with type 'ros.ament_cmake' and name 'robotiq_description'
[0.269s] Level 1:colcon.colcon_core.package_identification:_identify(ur5e_description) by extensions ['ignore', 'ignore_ament_install']
[0.269s] Level 1:colcon.colcon_core.package_identification:_identify(ur5e_description) by extension 'ignore'
[0.269s] Level 1:colcon.colcon_core.package_identification:_identify(ur5e_description) by extension 'ignore_ament_install'
[0.269s] Level 1:colcon.colcon_core.package_identification:_identify(ur5e_description) by extensions ['colcon_pkg']
[0.269s] Level 1:colcon.colcon_core.package_identification:_identify(ur5e_description) by extension 'colcon_pkg'
[0.269s] Level 1:colcon.colcon_core.package_identification:_identify(ur5e_description) by extensions ['colcon_meta']
[0.270s] Level 1:colcon.colcon_core.package_identification:_identify(ur5e_description) by extension 'colcon_meta'
[0.270s] Level 1:colcon.colcon_core.package_identification:_identify(ur5e_description) by extensions ['ros']
[0.270s] Level 1:colcon.colcon_core.package_identification:_identify(ur5e_description) by extension 'ros'
[0.272s] DEBUG:colcon.colcon_core.package_identification:Package 'ur5e_description' with type 'ros.ament_cmake' and name 'ur5e_description'
[0.272s] Level 1:colcon.colcon_core.package_identification:_identify(ur_moveit_config) by extensions ['ignore', 'ignore_ament_install']
[0.272s] Level 1:colcon.colcon_core.package_identification:_identify(ur_moveit_config) by extension 'ignore'
[0.272s] Level 1:colcon.colcon_core.package_identification:_identify(ur_moveit_config) by extension 'ignore_ament_install'
[0.272s] Level 1:colcon.colcon_core.package_identification:_identify(ur_moveit_config) by extensions ['colcon_pkg']
[0.272s] Level 1:colcon.colcon_core.package_identification:_identify(ur_moveit_config) by extension 'colcon_pkg'
[0.272s] Level 1:colcon.colcon_core.package_identification:_identify(ur_moveit_config) by extensions ['colcon_meta']
[0.272s] Level 1:colcon.colcon_core.package_identification:_identify(ur_moveit_config) by extension 'colcon_meta'
[0.272s] Level 1:colcon.colcon_core.package_identification:_identify(ur_moveit_config) by extensions ['ros']
[0.273s] Level 1:colcon.colcon_core.package_identification:_identify(ur_moveit_config) by extension 'ros'
[0.274s] DEBUG:colcon.colcon_core.package_identification:Package 'ur_moveit_config' with type 'ros.ament_cmake' and name 'ur_moveit_config'
[0.274s] Level 1:colcon.colcon_core.package_discovery:discover_packages(recursive) using defaults
[0.275s] Level 1:colcon.colcon_core.package_discovery:discover_packages(ignore) discover
[0.275s] Level 1:colcon.colcon_core.package_discovery:discover_packages(ignore) using defaults
[0.275s] Level 1:colcon.colcon_core.package_discovery:discover_packages(path) discover
[0.275s] Level 1:colcon.colcon_core.package_discovery:discover_packages(path) using defaults
[0.301s] Level 1:colcon.colcon_core.package_discovery:discover_packages(prefix_path) check parameters
[0.302s] Level 1:colcon.colcon_core.package_discovery:discover_packages(prefix_path) discover
[0.305s] DEBUG:colcon.colcon_installed_package_information.package_discovery:Found 6 installed packages in /home/hasan-fashtouk/ur_ws/src/install
[0.309s] DEBUG:colcon.colcon_installed_package_information.package_discovery:Found 435 installed packages in /opt/ros/jazzy
[0.312s] Level 1:colcon.colcon_core.package_discovery:discover_packages(prefix_path) using defaults
[0.397s] Level 5:colcon.colcon_core.verb:set package 'robotiq_controllers' build argument 'cmake_args' from command line to 'None'
[0.397s] Level 5:colcon.colcon_core.verb:set package 'robotiq_controllers' build argument 'cmake_target' from command line to 'None'
[0.397s] Level 5:colcon.colcon_core.verb:set package 'robotiq_controllers' build argument 'cmake_target_skip_unavailable' from command line to 'False'
[0.397s] Level 5:colcon.colcon_core.verb:set package 'robotiq_controllers' build argument 'cmake_clean_cache' from command line to 'False'
[0.397s] Level 5:colcon.colcon_core.verb:set package 'robotiq_controllers' build argument 'cmake_clean_first' from command line to 'False'
[0.397s] Level 5:colcon.colcon_core.verb:set package 'robotiq_controllers' build argument 'cmake_force_configure' from command line to 'False'
[0.397s] Level 5:colcon.colcon_core.verb:set package 'robotiq_controllers' build argument 'ament_cmake_args' from command line to 'None'
[0.397s] Level 5:colcon.colcon_core.verb:set package 'robotiq_controllers' build argument 'catkin_cmake_args' from command line to 'None'
[0.397s] Level 5:colcon.colcon_core.verb:set package 'robotiq_controllers' build argument 'catkin_skip_building_tests' from command line to 'False'
[0.397s] DEBUG:colcon.colcon_core.verb:Building package 'robotiq_controllers' with the following arguments: {'ament_cmake_args': None, 'build_base': '/home/hasan-fashtouk/ur_ws/src/build/robotiq_controllers', 'catkin_cmake_args': None, 'catkin_skip_building_tests': False, 'cmake_args': None, 'cmake_clean_cache': False, 'cmake_clean_first': False, 'cmake_force_configure': False, 'cmake_target': None, 'cmake_target_skip_unavailable': False, 'install_base': '/home/hasan-fashtouk/ur_ws/src/install/robotiq_controllers', 'merge_install': False, 'path': '/home/hasan-fashtouk/ur_ws/src/ros2_robotiq_gripper/robotiq_controllers', 'symlink_install': False, 'test_result_base': None}
[0.398s] Level 5:colcon.colcon_core.verb:set package 'robotiq_description' build argument 'cmake_args' from command line to 'None'
[0.398s] Level 5:colcon.colcon_core.verb:set package 'robotiq_description' build argument 'cmake_target' from command line to 'None'
[0.398s] Level 5:colcon.colcon_core.verb:set package 'robotiq_description' build argument 'cmake_target_skip_unavailable' from command line to 'False'
[0.398s] Level 5:colcon.colcon_core.verb:set package 'robotiq_description' build argument 'cmake_clean_cache' from command line to 'False'
[0.398s] Level 5:colcon.colcon_core.verb:set package 'robotiq_description' build argument 'cmake_clean_first' from command line to 'False'
[0.398s] Level 5:colcon.colcon_core.verb:set package 'robotiq_description' build argument 'cmake_force_configure' from command line to 'False'
[0.398s] Level 5:colcon.colcon_core.verb:set package 'robotiq_description' build argument 'ament_cmake_args' from command line to 'None'
[0.398s] Level 5:colcon.colcon_core.verb:set package 'robotiq_description' build argument 'catkin_cmake_args' from command line to 'None'
[0.398s] Level 5:colcon.colcon_core.verb:set package 'robotiq_description' build argument 'catkin_skip_building_tests' from command line to 'False'
[0.398s] DEBUG:colcon.colcon_core.verb:Building package 'robotiq_description' with the following arguments: {'ament_cmake_args': None, 'build_base': '/home/hasan-fashtouk/ur_ws/src/build/robotiq_description', 'catkin_cmake_args': None, 'catkin_skip_building_tests': False, 'cmake_args': None, 'cmake_clean_cache': False, 'cmake_clean_first': False, 'cmake_force_configure': False, 'cmake_target': None, 'cmake_target_skip_unavailable': False, 'install_base': '/home/hasan-fashtouk/ur_ws/src/install/robotiq_description', 'merge_install': False, 'path': '/home/hasan-fashtouk/ur_ws/src/ros2_robotiq_gripper/robotiq_description', 'symlink_install': False, 'test_result_base': None}
[0.399s] Level 5:colcon.colcon_core.verb:set package 'ur_description' build argument 'cmake_args' from command line to 'None'
[0.399s] Level 5:colcon.colcon_core.verb:set package 'ur_description' build argument 'cmake_target' from command line to 'None'
[0.399s] Level 5:colcon.colcon_core.verb:set package 'ur_description' build argument 'cmake_target_skip_unavailable' from command line to 'False'
[0.399s] Level 5:colcon.colcon_core.verb:set package 'ur_description' build argument 'cmake_clean_cache' from command line to 'False'
[0.399s] Level 5:colcon.colcon_core.verb:set package 'ur_description' build argument 'cmake_clean_first' from command line to 'False'
[0.399s] Level 5:colcon.colcon_core.verb:set package 'ur_description' build argument 'cmake_force_configure' from command line to 'False'
[0.399s] Level 5:colcon.colcon_core.verb:set package 'ur_description' build argument 'ament_cmake_args' from command line to 'None'
[0.399s] Level 5:colcon.colcon_core.verb:set package 'ur_description' build argument 'catkin_cmake_args' from command line to 'None'
[0.399s] Level 5:colcon.colcon_core.verb:set package 'ur_description' build argument 'catkin_skip_building_tests' from command line to 'False'
[0.400s] DEBUG:colcon.colcon_core.verb:Building package 'ur_description' with the following arguments: {'ament_cmake_args': None, 'build_base': '/home/hasan-fashtouk/ur_ws/src/build/ur_description', 'catkin_cmake_args': None, 'catkin_skip_building_tests': False, 'cmake_args': None, 'cmake_clean_cache': False, 'cmake_clean_first': False, 'cmake_force_configure': False, 'cmake_target': None, 'cmake_target_skip_unavailable': False, 'install_base': '/home/hasan-fashtouk/ur_ws/src/install/ur_description', 'merge_install': False, 'path': '/home/hasan-fashtouk/ur_ws/src/Universal_Robots_ROS2_Description', 'symlink_install': False, 'test_result_base': None}
[0.400s] Level 5:colcon.colcon_core.verb:set package 'ur5e_description' build argument 'cmake_args' from command line to 'None'
[0.400s] Level 5:colcon.colcon_core.verb:set package 'ur5e_description' build argument 'cmake_target' from command line to 'None'
[0.400s] Level 5:colcon.colcon_core.verb:set package 'ur5e_description' build argument 'cmake_target_skip_unavailable' from command line to 'False'
[0.400s] Level 5:colcon.colcon_core.verb:set package 'ur5e_description' build argument 'cmake_clean_cache' from command line to 'False'
[0.400s] Level 5:colcon.colcon_core.verb:set package 'ur5e_description' build argument 'cmake_clean_first' from command line to 'False'
[0.400s] Level 5:colcon.colcon_core.verb:set package 'ur5e_description' build argument 'cmake_force_configure' from command line to 'False'
[0.400s] Level 5:colcon.colcon_core.verb:set package 'ur5e_description' build argument 'ament_cmake_args' from command line to 'None'
[0.400s] Level 5:colcon.colcon_core.verb:set package 'ur5e_description' build argument 'catkin_cmake_args' from command line to 'None'
[0.400s] Level 5:colcon.colcon_core.verb:set package 'ur5e_description' build argument 'catkin_skip_building_tests' from command line to 'False'
[0.401s] DEBUG:colcon.colcon_core.verb:Building package 'ur5e_description' with the following arguments: {'ament_cmake_args': None, 'build_base': '/home/hasan-fashtouk/ur_ws/src/build/ur5e_description', 'catkin_cmake_args': None, 'catkin_skip_building_tests': False, 'cmake_args': None, 'cmake_clean_cache': False, 'cmake_clean_first': False, 'cmake_force_configure': False, 'cmake_target': None, 'cmake_target_skip_unavailable': False, 'install_base': '/home/hasan-fashtouk/ur_ws/src/install/ur5e_description', 'merge_install': False, 'path': '/home/hasan-fashtouk/ur_ws/src/ur5e_description', 'symlink_install': False, 'test_result_base': None}
[0.401s] Level 5:colcon.colcon_core.verb:set package 'ur_moveit_config' build argument 'cmake_args' from command line to 'None'
[0.401s] Level 5:colcon.colcon_core.verb:set package 'ur_moveit_config' build argument 'cmake_target' from command line to 'None'
[0.401s] Level 5:colcon.colcon_core.verb:set package 'ur_moveit_config' build argument 'cmake_target_skip_unavailable' from command line to 'False'
[0.401s] Level 5:colcon.colcon_core.verb:set package 'ur_moveit_config' build argument 'cmake_clean_cache' from command line to 'False'
[0.401s] Level 5:colcon.colcon_core.verb:set package 'ur_moveit_config' build argument 'cmake_clean_first' from command line to 'False'
[0.401s] Level 5:colcon.colcon_core.verb:set package 'ur_moveit_config' build argument 'cmake_force_configure' from command line to 'False'
[0.401s] Level 5:colcon.colcon_core.verb:set package 'ur_moveit_config' build argument 'ament_cmake_args' from command line to 'None'
[0.401s] Level 5:colcon.colcon_core.verb:set package 'ur_moveit_config' build argument 'catkin_cmake_args' from command line to 'None'
[0.401s] Level 5:colcon.colcon_core.verb:set package 'ur_moveit_config' build argument 'catkin_skip_building_tests' from command line to 'False'
[0.402s] DEBUG:colcon.colcon_core.verb:Building package 'ur_moveit_config' with the following arguments: {'ament_cmake_args': None, 'build_base': '/home/hasan-fashtouk/ur_ws/src/build/ur_moveit_config', 'catkin_cmake_args': None, 'catkin_skip_building_tests': False, 'cmake_args': None, 'cmake_clean_cache': False, 'cmake_clean_first': False, 'cmake_force_configure': False, 'cmake_target': None, 'cmake_target_skip_unavailable': False, 'install_base': '/home/hasan-fashtouk/ur_ws/src/install/ur_moveit_config', 'merge_install': False, 'path': '/home/hasan-fashtouk/ur_ws/src/ur_moveit_config', 'symlink_install': False, 'test_result_base': None}
[0.402s] Level 5:colcon.colcon_core.verb:set package 'ur_simulation_gz' build argument 'cmake_args' from command line to 'None'
[0.402s] Level 5:colcon.colcon_core.verb:set package 'ur_simulation_gz' build argument 'cmake_target' from command line to 'None'
[0.402s] Level 5:colcon.colcon_core.verb:set package 'ur_simulation_gz' build argument 'cmake_target_skip_unavailable' from command line to 'False'
[0.402s] Level 5:colcon.colcon_core.verb:set package 'ur_simulation_gz' build argument 'cmake_clean_cache' from command line to 'False'
[0.402s] Level 5:colcon.colcon_core.verb:set package 'ur_simulation_gz' build argument 'cmake_clean_first' from command line to 'False'
[0.402s] Level 5:colcon.colcon_core.verb:set package 'ur_simulation_gz' build argument 'cmake_force_configure' from command line to 'False'
[0.402s] Level 5:colcon.colcon_core.verb:set package 'ur_simulation_gz' build argument 'ament_cmake_args' from command line to 'None'
[0.402s] Level 5:colcon.colcon_core.verb:set package 'ur_simulation_gz' build argument 'catkin_cmake_args' from command line to 'None'
[0.402s] Level 5:colcon.colcon_core.verb:set package 'ur_simulation_gz' build argument 'catkin_skip_building_tests' from command line to 'False'
[0.402s] DEBUG:colcon.colcon_core.verb:Building package 'ur_simulation_gz' with the following arguments: {'ament_cmake_args': None, 'build_base': '/home/hasan-fashtouk/ur_ws/src/build/ur_simulation_gz', 'catkin_cmake_args': None, 'catkin_skip_building_tests': False, 'cmake_args': None, 'cmake_clean_cache': False, 'cmake_clean_first': False, 'cmake_force_configure': False, 'cmake_target': None, 'cmake_target_skip_unavailable': False, 'install_base': '/home/hasan-fashtouk/ur_ws/src/install/ur_simulation_gz', 'merge_install': False, 'path': '/home/hasan-fashtouk/ur_ws/src/Universal_Robots_ROS2_GZ_Simulation/ur_simulation_gz', 'symlink_install': False, 'test_result_base': None}
[0.403s] INFO:colcon.colcon_core.executor:Executing jobs using 'parallel' executor
[0.404s] DEBUG:colcon.colcon_parallel_executor.executor.parallel:run_until_complete
[0.404s] INFO:colcon.colcon_ros.task.ament_cmake.build:Building ROS package in '/home/hasan-fashtouk/ur_ws/src/Universal_Robots_ROS2_Description' with build type 'ament_cmake'
[0.404s] INFO:colcon.colcon_cmake.task.cmake.build:Building CMake package in '/home/hasan-fashtouk/ur_ws/src/Universal_Robots_ROS2_Description'
[0.408s] INFO:colcon.colcon_core.plugin_system:Skipping extension 'colcon_core.shell.bat': Not used on non-Windows systems
[0.409s] INFO:colcon.colcon_core.shell:Skip shell extension 'powershell' for command environment: Not usable outside of PowerShell
[0.409s] DEBUG:colcon.colcon_core.shell:Skip shell extension 'dsv' for command environment
[0.416s] INFO:colcon.colcon_ros.task.ament_cmake.build:Building ROS package in '/home/hasan-fashtouk/ur_ws/src/ros2_robotiq_gripper/robotiq_controllers' with build type 'ament_cmake'
[0.417s] INFO:colcon.colcon_cmake.task.cmake.build:Building CMake package in '/home/hasan-fashtouk/ur_ws/src/ros2_robotiq_gripper/robotiq_controllers'
[0.417s] INFO:colcon.colcon_core.shell:Skip shell extension 'powershell' for command environment: Not usable outside of PowerShell
[0.417s] DEBUG:colcon.colcon_core.shell:Skip shell extension 'dsv' for command environment
[0.427s] INFO:colcon.colcon_ros.task.ament_cmake.build:Building ROS package in '/home/hasan-fashtouk/ur_ws/src/ros2_robotiq_gripper/robotiq_description' with build type 'ament_cmake'
[0.427s] INFO:colcon.colcon_cmake.task.cmake.build:Building CMake package in '/home/hasan-fashtouk/ur_ws/src/ros2_robotiq_gripper/robotiq_description'
[0.428s] INFO:colcon.colcon_core.shell:Skip shell extension 'powershell' for command environment: Not usable outside of PowerShell
[0.428s] DEBUG:colcon.colcon_core.shell:Skip shell extension 'dsv' for command environment
[0.447s] DEBUG:colcon.colcon_core.event_handler.log_command:Invoking command in '/home/hasan-fashtouk/ur_ws/src/build/ur_description': CMAKE_PREFIX_PATH=${CMAKE_PREFIX_PATH}:/opt/ros/jazzy DEBUGINFOD_URLS=https://debuginfod.ubuntu.com /usr/bin/cmake --build /home/hasan-fashtouk/ur_ws/src/build/ur_description -- -j4 -l4
[0.452s] DEBUG:colcon.colcon_core.event_handler.log_command:Invoking command in '/home/hasan-fashtouk/ur_ws/src/build/robotiq_controllers': CMAKE_PREFIX_PATH=${CMAKE_PREFIX_PATH}:/opt/ros/jazzy DEBUGINFOD_URLS=https://debuginfod.ubuntu.com /usr/bin/cmake --build /home/hasan-fashtouk/ur_ws/src/build/robotiq_controllers -- -j4 -l4
[0.460s] DEBUG:colcon.colcon_core.event_handler.log_command:Invoking command in '/home/hasan-fashtouk/ur_ws/src/build/robotiq_description': CMAKE_PREFIX_PATH=${CMAKE_PREFIX_PATH}:/opt/ros/jazzy DEBUGINFOD_URLS=https://debuginfod.ubuntu.com /usr/bin/cmake --build /home/hasan-fashtouk/ur_ws/src/build/robotiq_description -- -j4 -l4
[0.543s] DEBUG:colcon.colcon_core.event_handler.log_command:Invoked command in '/home/hasan-fashtouk/ur_ws/src/build/ur_description' returned '0': CMAKE_PREFIX_PATH=${CMAKE_PREFIX_PATH}:/opt/ros/jazzy DEBUGINFOD_URLS=https://debuginfod.ubuntu.com /usr/bin/cmake --build /home/hasan-fashtouk/ur_ws/src/build/ur_description -- -j4 -l4
[0.560s] DEBUG:colcon.colcon_core.event_handler.log_command:Invoking command in '/home/hasan-fashtouk/ur_ws/src/build/ur_description': CMAKE_PREFIX_PATH=${CMAKE_PREFIX_PATH}:/opt/ros/jazzy DEBUGINFOD_URLS=https://debuginfod.ubuntu.com /usr/bin/cmake --install /home/hasan-fashtouk/ur_ws/src/build/ur_description
[0.564s] DEBUG:colcon.colcon_core.event_handler.log_command:Invoked command in '/home/hasan-fashtouk/ur_ws/src/build/robotiq_description' returned '0': CMAKE_PREFIX_PATH=${CMAKE_PREFIX_PATH}:/opt/ros/jazzy DEBUGINFOD_URLS=https://debuginfod.ubuntu.com /usr/bin/cmake --build /home/hasan-fashtouk/ur_ws/src/build/robotiq_description -- -j4 -l4
[0.567s] DEBUG:colcon.colcon_core.event_handler.log_command:Invoking command in '/home/hasan-fashtouk/ur_ws/src/build/robotiq_description': CMAKE_PREFIX_PATH=${CMAKE_PREFIX_PATH}:/opt/ros/jazzy DEBUGINFOD_URLS=https://debuginfod.ubuntu.com /usr/bin/cmake --install /home/hasan-fashtouk/ur_ws/src/build/robotiq_description
[0.589s] Level 1:colcon.colcon_core.environment:create_environment_scripts_only(robotiq_description)
[0.598s] Level 1:colcon.colcon_core.environment:checking '/home/hasan-fashtouk/ur_ws/src/install/robotiq_description' for CMake module files
[0.600s] Level 1:colcon.colcon_core.environment:checking '/home/hasan-fashtouk/ur_ws/src/install/robotiq_description' for CMake config files
[0.606s] Level 1:colcon.colcon_core.shell:create_environment_hook('robotiq_description', 'cmake_prefix_path')
[0.606s] INFO:colcon.colcon_core.shell:Creating environment hook '/home/hasan-fashtouk/ur_ws/src/install/robotiq_description/share/robotiq_description/hook/cmake_prefix_path.ps1'
[0.608s] INFO:colcon.colcon_core.shell:Creating environment descriptor '/home/hasan-fashtouk/ur_ws/src/install/robotiq_description/share/robotiq_description/hook/cmake_prefix_path.dsv'
[0.612s] INFO:colcon.colcon_core.shell:Creating environment hook '/home/hasan-fashtouk/ur_ws/src/install/robotiq_description/share/robotiq_description/hook/cmake_prefix_path.sh'
[0.631s] Level 1:colcon.colcon_core.environment:checking '/home/hasan-fashtouk/ur_ws/src/install/robotiq_description/bin'
[0.631s] Level 1:colcon.colcon_core.environment:checking '/home/hasan-fashtouk/ur_ws/src/install/robotiq_description/lib/pkgconfig/robotiq_description.pc'
[0.632s] Level 1:colcon.colcon_core.environment:checking '/home/hasan-fashtouk/ur_ws/src/install/robotiq_description/lib/python3.12/site-packages'
[0.633s] Level 1:colcon.colcon_core.environment:checking '/home/hasan-fashtouk/ur_ws/src/install/robotiq_description/bin'
[0.633s] INFO:colcon.colcon_core.shell:Creating package script '/home/hasan-fashtouk/ur_ws/src/install/robotiq_description/share/robotiq_description/package.ps1'
[0.635s] INFO:colcon.colcon_core.shell:Creating package descriptor '/home/hasan-fashtouk/ur_ws/src/install/robotiq_description/share/robotiq_description/package.dsv'
[0.636s] INFO:colcon.colcon_core.shell:Creating package script '/home/hasan-fashtouk/ur_ws/src/install/robotiq_description/share/robotiq_description/package.sh'
[0.638s] INFO:colcon.colcon_core.shell:Creating package script '/home/hasan-fashtouk/ur_ws/src/install/robotiq_description/share/robotiq_description/package.bash'
[0.640s] INFO:colcon.colcon_core.shell:Creating package script '/home/hasan-fashtouk/ur_ws/src/install/robotiq_description/share/robotiq_description/package.zsh'
[0.641s] Level 1:colcon.colcon_core.environment:create_file_with_runtime_dependencies(/home/hasan-fashtouk/ur_ws/src/install/robotiq_description/share/colcon-core/packages/robotiq_description)
[0.643s] Level 1:colcon.colcon_core.environment:create_environment_scripts_only(robotiq_description)
[0.643s] Level 1:colcon.colcon_core.environment:checking '/home/hasan-fashtouk/ur_ws/src/install/robotiq_description' for CMake module files
[0.645s] Level 1:colcon.colcon_core.environment:checking '/home/hasan-fashtouk/ur_ws/src/install/robotiq_description' for CMake config files
[0.649s] Level 1:colcon.colcon_core.shell:create_environment_hook('robotiq_description', 'cmake_prefix_path')
[0.649s] INFO:colcon.colcon_core.shell:Creating environment hook '/home/hasan-fashtouk/ur_ws/src/install/robotiq_description/share/robotiq_description/hook/cmake_prefix_path.ps1'
[0.650s] INFO:colcon.colcon_core.shell:Creating environment descriptor '/home/hasan-fashtouk/ur_ws/src/install/robotiq_description/share/robotiq_description/hook/cmake_prefix_path.dsv'
[0.651s] INFO:colcon.colcon_core.shell:Creating environment hook '/home/hasan-fashtouk/ur_ws/src/install/robotiq_description/share/robotiq_description/hook/cmake_prefix_path.sh'
[0.653s] Level 1:colcon.colcon_core.environment:checking '/home/hasan-fashtouk/ur_ws/src/install/robotiq_description/bin'
[0.653s] Level 1:colcon.colcon_core.environment:checking '/home/hasan-fashtouk/ur_ws/src/install/robotiq_description/lib/pkgconfig/robotiq_description.pc'
[0.654s] Level 1:colcon.colcon_core.environment:checking '/home/hasan-fashtouk/ur_ws/src/install/robotiq_description/lib/python3.12/site-packages'
[0.655s] Level 1:colcon.colcon_core.environment:checking '/home/hasan-fashtouk/ur_ws/src/install/robotiq_description/bin'
[0.655s] INFO:colcon.colcon_core.shell:Creating package script '/home/hasan-fashtouk/ur_ws/src/install/robotiq_description/share/robotiq_description/package.ps1'
[0.656s] INFO:colcon.colcon_core.shell:Creating package descriptor '/home/hasan-fashtouk/ur_ws/src/install/robotiq_description/share/robotiq_description/package.dsv'
[0.658s] INFO:colcon.colcon_core.shell:Creating package script '/home/hasan-fashtouk/ur_ws/src/install/robotiq_description/share/robotiq_description/package.sh'
[0.659s] INFO:colcon.colcon_core.shell:Creating package script '/home/hasan-fashtouk/ur_ws/src/install/robotiq_description/share/robotiq_description/package.bash'
[0.660s] INFO:colcon.colcon_core.shell:Creating package script '/home/hasan-fashtouk/ur_ws/src/install/robotiq_description/share/robotiq_description/package.zsh'
[0.661s] Level 1:colcon.colcon_core.environment:create_file_with_runtime_dependencies(/home/hasan-fashtouk/ur_ws/src/install/robotiq_description/share/colcon-core/packages/robotiq_description)
[0.666s] Level 1:colcon.colcon_core.environment:create_environment_scripts_only(ur_description)
[0.667s] Level 1:colcon.colcon_core.environment:checking '/home/hasan-fashtouk/ur_ws/src/install/ur_description' for CMake module files
[0.672s] Level 1:colcon.colcon_core.environment:checking '/home/hasan-fashtouk/ur_ws/src/install/ur_description' for CMake config files
[0.691s] Level 1:colcon.colcon_core.shell:create_environment_hook('ur_description', 'cmake_prefix_path')
[0.692s] INFO:colcon.colcon_core.shell:Creating environment hook '/home/hasan-fashtouk/ur_ws/src/install/ur_description/share/ur_description/hook/cmake_prefix_path.ps1'
[0.694s] INFO:colcon.colcon_core.shell:Creating environment descriptor '/home/hasan-fashtouk/ur_ws/src/install/ur_description/share/ur_description/hook/cmake_prefix_path.dsv'
[0.695s] INFO:colcon.colcon_core.shell:Creating environment hook '/home/hasan-fashtouk/ur_ws/src/install/ur_description/share/ur_description/hook/cmake_prefix_path.sh'
[0.697s] Level 1:colcon.colcon_core.environment:checking '/home/hasan-fashtouk/ur_ws/src/install/ur_description/bin'
[0.698s] Level 1:colcon.colcon_core.environment:checking '/home/hasan-fashtouk/ur_ws/src/install/ur_description/lib/pkgconfig/ur_description.pc'
[0.699s] Level 1:colcon.colcon_core.environment:checking '/home/hasan-fashtouk/ur_ws/src/install/ur_description/lib/python3.12/site-packages'
[0.700s] Level 1:colcon.colcon_core.environment:checking '/home/hasan-fashtouk/ur_ws/src/install/ur_description/bin'
[0.701s] INFO:colcon.colcon_core.shell:Creating package script '/home/hasan-fashtouk/ur_ws/src/install/ur_description/share/ur_description/package.ps1'
[0.703s] INFO:colcon.colcon_core.shell:Creating package descriptor '/home/hasan-fashtouk/ur_ws/src/install/ur_description/share/ur_description/package.dsv'
[0.706s] INFO:colcon.colcon_core.shell:Creating package script '/home/hasan-fashtouk/ur_ws/src/install/ur_description/share/ur_description/package.sh'
[0.708s] INFO:colcon.colcon_core.shell:Creating package script '/home/hasan-fashtouk/ur_ws/src/install/ur_description/share/ur_description/package.bash'
[0.709s] INFO:colcon.colcon_core.shell:Creating package script '/home/hasan-fashtouk/ur_ws/src/install/ur_description/share/ur_description/package.zsh'
[0.710s] Level 1:colcon.colcon_core.environment:create_file_with_runtime_dependencies(/home/hasan-fashtouk/ur_ws/src/install/ur_description/share/colcon-core/packages/ur_description)
[0.713s] Level 1:colcon.colcon_core.environment:create_environment_scripts_only(ur_description)
[0.713s] Level 1:colcon.colcon_core.environment:checking '/home/hasan-fashtouk/ur_ws/src/install/ur_description' for CMake module files
[0.715s] Level 1:colcon.colcon_core.environment:checking '/home/hasan-fashtouk/ur_ws/src/install/ur_description' for CMake config files
[0.729s] Level 1:colcon.colcon_core.shell:create_environment_hook('ur_description', 'cmake_prefix_path')
[0.730s] INFO:colcon.colcon_core.shell:Creating environment hook '/home/hasan-fashtouk/ur_ws/src/install/ur_description/share/ur_description/hook/cmake_prefix_path.ps1'
[0.731s] INFO:colcon.colcon_core.shell:Creating environment descriptor '/home/hasan-fashtouk/ur_ws/src/install/ur_description/share/ur_description/hook/cmake_prefix_path.dsv'
[0.733s] INFO:colcon.colcon_core.shell:Creating environment hook '/home/hasan-fashtouk/ur_ws/src/install/ur_description/share/ur_description/hook/cmake_prefix_path.sh'
[0.735s] Level 1:colcon.colcon_core.environment:checking '/home/hasan-fashtouk/ur_ws/src/install/ur_description/bin'
[0.735s] Level 1:colcon.colcon_core.environment:checking '/home/hasan-fashtouk/ur_ws/src/install/ur_description/lib/pkgconfig/ur_description.pc'
[0.735s] Level 1:colcon.colcon_core.environment:checking '/home/hasan-fashtouk/ur_ws/src/install/ur_description/lib/python3.12/site-packages'
[0.736s] Level 1:colcon.colcon_core.environment:checking '/home/hasan-fashtouk/ur_ws/src/install/ur_description/bin'
[0.737s] INFO:colcon.colcon_core.shell:Creating package script '/home/hasan-fashtouk/ur_ws/src/install/ur_description/share/ur_description/package.ps1'
[0.739s] INFO:colcon.colcon_core.shell:Creating package descriptor '/home/hasan-fashtouk/ur_ws/src/install/ur_description/share/ur_description/package.dsv'
[0.740s] INFO:colcon.colcon_core.shell:Creating package script '/home/hasan-fashtouk/ur_ws/src/install/ur_description/share/ur_description/package.sh'
[0.741s] INFO:colcon.colcon_core.shell:Creating package script '/home/hasan-fashtouk/ur_ws/src/install/ur_description/share/ur_description/package.bash'
[0.743s] INFO:colcon.colcon_core.shell:Creating package script '/home/hasan-fashtouk/ur_ws/src/install/ur_description/share/ur_description/package.zsh'
[0.745s] Level 1:colcon.colcon_core.environment:create_file_with_runtime_dependencies(/home/hasan-fashtouk/ur_ws/src/install/ur_description/share/colcon-core/packages/ur_description)
[0.748s] INFO:colcon.colcon_ros.task.ament_cmake.build:Building ROS package in '/home/hasan-fashtouk/ur_ws/src/ur5e_description' with build type 'ament_cmake'
[0.748s] INFO:colcon.colcon_cmake.task.cmake.build:Building CMake package in '/home/hasan-fashtouk/ur_ws/src/ur5e_description'
[0.749s] INFO:colcon.colcon_core.shell:Skip shell extension 'powershell' for command environment: Not usable outside of PowerShell
[0.749s] DEBUG:colcon.colcon_core.shell:Skip shell extension 'dsv' for command environment
[0.782s] Level 1:colcon.colcon_core.environment:create_environment_scripts_only(robotiq_controllers)
[0.783s] Level 1:colcon.colcon_core.environment:checking '/home/hasan-fashtouk/ur_ws/src/install/robotiq_controllers' for CMake module files
[0.785s] Level 1:colcon.colcon_core.environment:checking '/home/hasan-fashtouk/ur_ws/src/install/robotiq_controllers' for CMake config files
[0.789s] Level 1:colcon.colcon_core.shell:create_environment_hook('robotiq_controllers', 'cmake_prefix_path')
[0.789s] INFO:colcon.colcon_core.shell:Creating environment hook '/home/hasan-fashtouk/ur_ws/src/install/robotiq_controllers/share/robotiq_controllers/hook/cmake_prefix_path.ps1'
[0.794s] INFO:colcon.colcon_core.shell:Creating environment descriptor '/home/hasan-fashtouk/ur_ws/src/install/robotiq_controllers/share/robotiq_controllers/hook/cmake_prefix_path.dsv'
[0.794s] INFO:colcon.colcon_core.shell:Creating environment hook '/home/hasan-fashtouk/ur_ws/src/install/robotiq_controllers/share/robotiq_controllers/hook/cmake_prefix_path.sh'
[0.798s] Level 1:colcon.colcon_core.environment:checking '/home/hasan-fashtouk/ur_ws/src/install/robotiq_controllers/lib'
[0.798s] Level 1:colcon.colcon_core.shell:create_environment_hook('robotiq_controllers', 'ld_library_path_lib')
[0.799s] INFO:colcon.colcon_core.shell:Creating environment hook '/home/hasan-fashtouk/ur_ws/src/install/robotiq_controllers/share/robotiq_controllers/hook/ld_library_path_lib.ps1'
[0.800s] INFO:colcon.colcon_core.shell:Creating environment descriptor '/home/hasan-fashtouk/ur_ws/src/install/robotiq_controllers/share/robotiq_controllers/hook/ld_library_path_lib.dsv'
[0.802s] INFO:colcon.colcon_core.shell:Creating environment hook '/home/hasan-fashtouk/ur_ws/src/install/robotiq_controllers/share/robotiq_controllers/hook/ld_library_path_lib.sh'
[0.803s] Level 1:colcon.colcon_core.environment:checking '/home/hasan-fashtouk/ur_ws/src/install/robotiq_controllers/bin'
[0.803s] Level 1:colcon.colcon_core.environment:checking '/home/hasan-fashtouk/ur_ws/src/install/robotiq_controllers/lib/pkgconfig/robotiq_controllers.pc'
[0.804s] Level 1:colcon.colcon_core.environment:checking '/home/hasan-fashtouk/ur_ws/src/install/robotiq_controllers/lib/python3.12/site-packages'
[0.805s] Level 1:colcon.colcon_core.environment:checking '/home/hasan-fashtouk/ur_ws/src/install/robotiq_controllers/bin'
[0.808s] INFO:colcon.colcon_core.shell:Creating package script '/home/hasan-fashtouk/ur_ws/src/install/robotiq_controllers/share/robotiq_controllers/package.ps1'
[0.811s] INFO:colcon.colcon_core.shell:Creating package descriptor '/home/hasan-fashtouk/ur_ws/src/install/robotiq_controllers/share/robotiq_controllers/package.dsv'
[0.813s] INFO:colcon.colcon_core.shell:Creating package script '/home/hasan-fashtouk/ur_ws/src/install/robotiq_controllers/share/robotiq_controllers/package.sh'
[0.814s] INFO:colcon.colcon_core.shell:Creating package script '/home/hasan-fashtouk/ur_ws/src/install/robotiq_controllers/share/robotiq_controllers/package.bash'
[0.817s] INFO:colcon.colcon_core.shell:Creating package script '/home/hasan-fashtouk/ur_ws/src/install/robotiq_controllers/share/robotiq_controllers/package.zsh'
[0.818s] Level 1:colcon.colcon_core.environment:create_file_with_runtime_dependencies(/home/hasan-fashtouk/ur_ws/src/install/robotiq_controllers/share/colcon-core/packages/robotiq_controllers)
[0.821s] DEBUG:colcon.colcon_core.event_handler.log_command:Invoked command in '/home/hasan-fashtouk/ur_ws/src/build/robotiq_description' returned '0': CMAKE_PREFIX_PATH=${CMAKE_PREFIX_PATH}:/opt/ros/jazzy DEBUGINFOD_URLS=https://debuginfod.ubuntu.com /usr/bin/cmake --install /home/hasan-fashtouk/ur_ws/src/build/robotiq_description
[0.823s] Level 1:colcon.colcon_core.environment:create_environment_scripts_only(robotiq_controllers)
[0.823s] Level 1:colcon.colcon_core.environment:checking '/home/hasan-fashtouk/ur_ws/src/install/robotiq_controllers' for CMake module files
[0.828s] Level 1:colcon.colcon_core.environment:checking '/home/hasan-fashtouk/ur_ws/src/install/robotiq_controllers' for CMake config files
[0.828s] Level 1:colcon.colcon_core.shell:create_environment_hook('robotiq_controllers', 'cmake_prefix_path')
[0.830s] INFO:colcon.colcon_core.shell:Creating environment hook '/home/hasan-fashtouk/ur_ws/src/install/robotiq_controllers/share/robotiq_controllers/hook/cmake_prefix_path.ps1'
[0.831s] INFO:colcon.colcon_core.shell:Creating environment descriptor '/home/hasan-fashtouk/ur_ws/src/install/robotiq_controllers/share/robotiq_controllers/hook/cmake_prefix_path.dsv'
[0.833s] INFO:colcon.colcon_core.shell:Creating environment hook '/home/hasan-fashtouk/ur_ws/src/install/robotiq_controllers/share/robotiq_controllers/hook/cmake_prefix_path.sh'
[0.834s] DEBUG:colcon.colcon_core.event_handler.log_command:Invoked command in '/home/hasan-fashtouk/ur_ws/src/build/robotiq_controllers' returned '0': CMAKE_PREFIX_PATH=${CMAKE_PREFIX_PATH}:/opt/ros/jazzy DEBUGINFOD_URLS=https://debuginfod.ubuntu.com /usr/bin/cmake --build /home/hasan-fashtouk/ur_ws/src/build/robotiq_controllers -- -j4 -l4
[0.836s] DEBUG:colcon.colcon_core.event_handler.log_command:Invoking command in '/home/hasan-fashtouk/ur_ws/src/build/robotiq_controllers': CMAKE_PREFIX_PATH=${CMAKE_PREFIX_PATH}:/opt/ros/jazzy DEBUGINFOD_URLS=https://debuginfod.ubuntu.com /usr/bin/cmake --install /home/hasan-fashtouk/ur_ws/src/build/robotiq_controllers
[0.836s] Level 1:colcon.colcon_core.environment:checking '/home/hasan-fashtouk/ur_ws/src/install/robotiq_controllers/lib'
[0.837s] Level 1:colcon.colcon_core.shell:create_environment_hook('robotiq_controllers', 'ld_library_path_lib')
[0.837s] INFO:colcon.colcon_core.shell:Creating environment hook '/home/hasan-fashtouk/ur_ws/src/install/robotiq_controllers/share/robotiq_controllers/hook/ld_library_path_lib.ps1'
[0.838s] INFO:colcon.colcon_core.shell:Creating environment descriptor '/home/hasan-fashtouk/ur_ws/src/install/robotiq_controllers/share/robotiq_controllers/hook/ld_library_path_lib.dsv'
[0.839s] DEBUG:colcon.colcon_core.event_handler.log_command:Invoked command in '/home/hasan-fashtouk/ur_ws/src/build/ur_description' returned '0': CMAKE_PREFIX_PATH=${CMAKE_PREFIX_PATH}:/opt/ros/jazzy DEBUGINFOD_URLS=https://debuginfod.ubuntu.com /usr/bin/cmake --install /home/hasan-fashtouk/ur_ws/src/build/ur_description
[0.841s] INFO:colcon.colcon_core.shell:Creating environment hook '/home/hasan-fashtouk/ur_ws/src/install/robotiq_controllers/share/robotiq_controllers/hook/ld_library_path_lib.sh'
[0.845s] Level 1:colcon.colcon_core.environment:checking '/home/hasan-fashtouk/ur_ws/src/install/robotiq_controllers/bin'
[0.845s] Level 1:colcon.colcon_core.environment:checking '/home/hasan-fashtouk/ur_ws/src/install/robotiq_controllers/lib/pkgconfig/robotiq_controllers.pc'
[0.846s] Level 1:colcon.colcon_core.environment:checking '/home/hasan-fashtouk/ur_ws/src/install/robotiq_controllers/lib/python3.12/site-packages'
[0.847s] Level 1:colcon.colcon_core.environment:checking '/home/hasan-fashtouk/ur_ws/src/install/robotiq_controllers/bin'
[0.848s] INFO:colcon.colcon_core.shell:Creating package script '/home/hasan-fashtouk/ur_ws/src/install/robotiq_controllers/share/robotiq_controllers/package.ps1'
[0.851s] INFO:colcon.colcon_core.shell:Creating package descriptor '/home/hasan-fashtouk/ur_ws/src/install/robotiq_controllers/share/robotiq_controllers/package.dsv'
[0.853s] INFO:colcon.colcon_core.shell:Creating package script '/home/hasan-fashtouk/ur_ws/src/install/robotiq_controllers/share/robotiq_controllers/package.sh'
[0.856s] INFO:colcon.colcon_core.shell:Creating package script '/home/hasan-fashtouk/ur_ws/src/install/robotiq_controllers/share/robotiq_controllers/package.bash'
[0.860s] INFO:colcon.colcon_core.shell:Creating package script '/home/hasan-fashtouk/ur_ws/src/install/robotiq_controllers/share/robotiq_controllers/package.zsh'
[0.861s] Level 1:colcon.colcon_core.environment:create_file_with_runtime_dependencies(/home/hasan-fashtouk/ur_ws/src/install/robotiq_controllers/share/colcon-core/packages/robotiq_controllers)
[0.863s] DEBUG:colcon.colcon_core.event_handler.log_command:Invoking command in '/home/hasan-fashtouk/ur_ws/src/build/ur5e_description': CMAKE_PREFIX_PATH=/home/hasan-fashtouk/ur_ws/src/install/ur_description:/home/hasan-fashtouk/ur_ws/src/install/ur_simulation_gz:/home/hasan-fashtouk/ur_ws/src/install/ur_moveit_config:/home/hasan-fashtouk/ur_ws/src/install/ur5e_description:/home/hasan-fashtouk/ur_ws/src/install/robotiq_description:/home/hasan-fashtouk/ur_ws/src/install/robotiq_controllers:/opt/ros/jazzy/opt/gz_sim_vendor:/opt/ros/jazzy/opt/gz_sensors_vendor:/opt/ros/jazzy/opt/gz_physics_vendor:/opt/ros/jazzy/opt/sdformat_vendor:/opt/ros/jazzy/opt/gz_gui_vendor:/opt/ros/jazzy/opt/gz_transport_vendor:/opt/ros/jazzy/opt/gz_rendering_vendor:/opt/ros/jazzy/opt/gz_plugin_vendor:/opt/ros/jazzy/opt/gz_fuel_tools_vendor:/opt/ros/jazzy/opt/gz_msgs_vendor:/opt/ros/jazzy/opt/gz_common_vendor:/opt/ros/jazzy/opt/gz_math_vendor:/opt/ros/jazzy/opt/gz_utils_vendor:/opt/ros/jazzy/opt/gz_tools_vendor:/opt/ros/jazzy/opt/gz_ogre_next_vendor:/opt/ros/jazzy/opt/gz_dartsim_vendor:/opt/ros/jazzy/opt/gz_cmake_vendor:/opt/ros/jazzy DEBUGINFOD_URLS=https://debuginfod.ubuntu.com /usr/bin/cmake --build /home/hasan-fashtouk/ur_ws/src/build/ur5e_description -- -j4 -l4
[0.865s] DEBUG:colcon.colcon_core.event_handler.log_command:Invoked command in '/home/hasan-fashtouk/ur_ws/src/build/robotiq_controllers' returned '0': CMAKE_PREFIX_PATH=${CMAKE_PREFIX_PATH}:/opt/ros/jazzy DEBUGINFOD_URLS=https://debuginfod.ubuntu.com /usr/bin/cmake --install /home/hasan-fashtouk/ur_ws/src/build/robotiq_controllers
[0.905s] DEBUG:colcon.colcon_core.event_handler.log_command:Invoked command in '/home/hasan-fashtouk/ur_ws/src/build/ur5e_description' returned '0': CMAKE_PREFIX_PATH=/home/hasan-fashtouk/ur_ws/src/install/ur_description:/home/hasan-fashtouk/ur_ws/src/install/ur_simulation_gz:/home/hasan-fashtouk/ur_ws/src/install/ur_moveit_config:/home/hasan-fashtouk/ur_ws/src/install/ur5e_description:/home/hasan-fashtouk/ur_ws/src/install/robotiq_description:/home/hasan-fashtouk/ur_ws/src/install/robotiq_controllers:/opt/ros/jazzy/opt/gz_sim_vendor:/opt/ros/jazzy/opt/gz_sensors_vendor:/opt/ros/jazzy/opt/gz_physics_vendor:/opt/ros/jazzy/opt/sdformat_vendor:/opt/ros/jazzy/opt/gz_gui_vendor:/opt/ros/jazzy/opt/gz_transport_vendor:/opt/ros/jazzy/opt/gz_rendering_vendor:/opt/ros/jazzy/opt/gz_plugin_vendor:/opt/ros/jazzy/opt/gz_fuel_tools_vendor:/opt/ros/jazzy/opt/gz_msgs_vendor:/opt/ros/jazzy/opt/gz_common_vendor:/opt/ros/jazzy/opt/gz_math_vendor:/opt/ros/jazzy/opt/gz_utils_vendor:/opt/ros/jazzy/opt/gz_tools_vendor:/opt/ros/jazzy/opt/gz_ogre_next_vendor:/opt/ros/jazzy/opt/gz_dartsim_vendor:/opt/ros/jazzy/opt/gz_cmake_vendor:/opt/ros/jazzy DEBUGINFOD_URLS=https://debuginfod.ubuntu.com /usr/bin/cmake --build /home/hasan-fashtouk/ur_ws/src/build/ur5e_description -- -j4 -l4
[0.907s] DEBUG:colcon.colcon_core.event_handler.log_command:Invoking command in '/home/hasan-fashtouk/ur_ws/src/build/ur5e_description': CMAKE_PREFIX_PATH=/home/hasan-fashtouk/ur_ws/src/install/ur_description:/home/hasan-fashtouk/ur_ws/src/install/ur_simulation_gz:/home/hasan-fashtouk/ur_ws/src/install/ur_moveit_config:/home/hasan-fashtouk/ur_ws/src/install/ur5e_description:/home/hasan-fashtouk/ur_ws/src/install/robotiq_description:/home/hasan-fashtouk/ur_ws/src/install/robotiq_controllers:/opt/ros/jazzy/opt/gz_sim_vendor:/opt/ros/jazzy/opt/gz_sensors_vendor:/opt/ros/jazzy/opt/gz_physics_vendor:/opt/ros/jazzy/opt/sdformat_vendor:/opt/ros/jazzy/opt/gz_gui_vendor:/opt/ros/jazzy/opt/gz_transport_vendor:/opt/ros/jazzy/opt/gz_rendering_vendor:/opt/ros/jazzy/opt/gz_plugin_vendor:/opt/ros/jazzy/opt/gz_fuel_tools_vendor:/opt/ros/jazzy/opt/gz_msgs_vendor:/opt/ros/jazzy/opt/gz_common_vendor:/opt/ros/jazzy/opt/gz_math_vendor:/opt/ros/jazzy/opt/gz_utils_vendor:/opt/ros/jazzy/opt/gz_tools_vendor:/opt/ros/jazzy/opt/gz_ogre_next_vendor:/opt/ros/jazzy/opt/gz_dartsim_vendor:/opt/ros/jazzy/opt/gz_cmake_vendor:/opt/ros/jazzy DEBUGINFOD_URLS=https://debuginfod.ubuntu.com /usr/bin/cmake --install /home/hasan-fashtouk/ur_ws/src/build/ur5e_description
[0.929s] Level 1:colcon.colcon_core.environment:create_environment_scripts_only(ur5e_description)
[0.930s] Level 1:colcon.colcon_core.environment:checking '/home/hasan-fashtouk/ur_ws/src/install/ur5e_description' for CMake module files
[0.933s] Level 1:colcon.colcon_core.environment:checking '/home/hasan-fashtouk/ur_ws/src/install/ur5e_description' for CMake config files
[0.934s] Level 1:colcon.colcon_core.shell:create_environment_hook('ur5e_description', 'cmake_prefix_path')
[0.935s] INFO:colcon.colcon_core.shell:Creating environment hook '/home/hasan-fashtouk/ur_ws/src/install/ur5e_description/share/ur5e_description/hook/cmake_prefix_path.ps1'
[0.937s] INFO:colcon.colcon_core.shell:Creating environment descriptor '/home/hasan-fashtouk/ur_ws/src/install/ur5e_description/share/ur5e_description/hook/cmake_prefix_path.dsv'
[0.938s] INFO:colcon.colcon_core.shell:Creating environment hook '/home/hasan-fashtouk/ur_ws/src/install/ur5e_description/share/ur5e_description/hook/cmake_prefix_path.sh'
[0.939s] Level 1:colcon.colcon_core.environment:checking '/home/hasan-fashtouk/ur_ws/src/install/ur5e_description/bin'
[0.939s] Level 1:colcon.colcon_core.environment:checking '/home/hasan-fashtouk/ur_ws/src/install/ur5e_description/lib/pkgconfig/ur5e_description.pc'
[0.940s] Level 1:colcon.colcon_core.environment:checking '/home/hasan-fashtouk/ur_ws/src/install/ur5e_description/lib/python3.12/site-packages'
[0.941s] Level 1:colcon.colcon_core.environment:checking '/home/hasan-fashtouk/ur_ws/src/install/ur5e_description/bin'
[0.942s] INFO:colcon.colcon_core.shell:Creating package script '/home/hasan-fashtouk/ur_ws/src/install/ur5e_description/share/ur5e_description/package.ps1'
[0.944s] INFO:colcon.colcon_core.shell:Creating package descriptor '/home/hasan-fashtouk/ur_ws/src/install/ur5e_description/share/ur5e_description/package.dsv'
[0.945s] INFO:colcon.colcon_core.shell:Creating package script '/home/hasan-fashtouk/ur_ws/src/install/ur5e_description/share/ur5e_description/package.sh'
[0.948s] INFO:colcon.colcon_core.shell:Creating package script '/home/hasan-fashtouk/ur_ws/src/install/ur5e_description/share/ur5e_description/package.bash'
[0.949s] DEBUG:colcon.colcon_core.event_handler.log_command:Invoked command in '/home/hasan-fashtouk/ur_ws/src/build/ur5e_description' returned '0': CMAKE_PREFIX_PATH=/home/hasan-fashtouk/ur_ws/src/install/ur_description:/home/hasan-fashtouk/ur_ws/src/install/ur_simulation_gz:/home/hasan-fashtouk/ur_ws/src/install/ur_moveit_config:/home/hasan-fashtouk/ur_ws/src/install/ur5e_description:/home/hasan-fashtouk/ur_ws/src/install/robotiq_description:/home/hasan-fashtouk/ur_ws/src/install/robotiq_controllers:/opt/ros/jazzy/opt/gz_sim_vendor:/opt/ros/jazzy/opt/gz_sensors_vendor:/opt/ros/jazzy/opt/gz_physics_vendor:/opt/ros/jazzy/opt/sdformat_vendor:/opt/ros/jazzy/opt/gz_gui_vendor:/opt/ros/jazzy/opt/gz_transport_vendor:/opt/ros/jazzy/opt/gz_rendering_vendor:/opt/ros/jazzy/opt/gz_plugin_vendor:/opt/ros/jazzy/opt/gz_fuel_tools_vendor:/opt/ros/jazzy/opt/gz_msgs_vendor:/opt/ros/jazzy/opt/gz_common_vendor:/opt/ros/jazzy/opt/gz_math_vendor:/opt/ros/jazzy/opt/gz_utils_vendor:/opt/ros/jazzy/opt/gz_tools_vendor:/opt/ros/jazzy/opt/gz_ogre_next_vendor:/opt/ros/jazzy/opt/gz_dartsim_vendor:/opt/ros/jazzy/opt/gz_cmake_vendor:/opt/ros/jazzy DEBUGINFOD_URLS=https://debuginfod.ubuntu.com /usr/bin/cmake --install /home/hasan-fashtouk/ur_ws/src/build/ur5e_description
[0.949s] INFO:colcon.colcon_core.shell:Creating package script '/home/hasan-fashtouk/ur_ws/src/install/ur5e_description/share/ur5e_description/package.zsh'
[0.950s] Level 1:colcon.colcon_core.environment:create_file_with_runtime_dependencies(/home/hasan-fashtouk/ur_ws/src/install/ur5e_description/share/colcon-core/packages/ur5e_description)
[0.951s] Level 1:colcon.colcon_core.environment:create_environment_scripts_only(ur5e_description)
[0.951s] Level 1:colcon.colcon_core.environment:checking '/home/hasan-fashtouk/ur_ws/src/install/ur5e_description' for CMake module files
[0.952s] Level 1:colcon.colcon_core.environment:checking '/home/hasan-fashtouk/ur_ws/src/install/ur5e_description' for CMake config files
[0.953s] Level 1:colcon.colcon_core.shell:create_environment_hook('ur5e_description', 'cmake_prefix_path')
[0.953s] INFO:colcon.colcon_core.shell:Creating environment hook '/home/hasan-fashtouk/ur_ws/src/install/ur5e_description/share/ur5e_description/hook/cmake_prefix_path.ps1'
[0.954s] INFO:colcon.colcon_core.shell:Creating environment descriptor '/home/hasan-fashtouk/ur_ws/src/install/ur5e_description/share/ur5e_description/hook/cmake_prefix_path.dsv'
[0.954s] INFO:colcon.colcon_core.shell:Creating environment hook '/home/hasan-fashtouk/ur_ws/src/install/ur5e_description/share/ur5e_description/hook/cmake_prefix_path.sh'
[0.955s] Level 1:colcon.colcon_core.environment:checking '/home/hasan-fashtouk/ur_ws/src/install/ur5e_description/bin'
[0.955s] Level 1:colcon.colcon_core.environment:checking '/home/hasan-fashtouk/ur_ws/src/install/ur5e_description/lib/pkgconfig/ur5e_description.pc'
[0.956s] Level 1:colcon.colcon_core.environment:checking '/home/hasan-fashtouk/ur_ws/src/install/ur5e_description/lib/python3.12/site-packages'
[0.956s] Level 1:colcon.colcon_core.environment:checking '/home/hasan-fashtouk/ur_ws/src/install/ur5e_description/bin'
[0.957s] INFO:colcon.colcon_core.shell:Creating package script '/home/hasan-fashtouk/ur_ws/src/install/ur5e_description/share/ur5e_description/package.ps1'
[0.958s] INFO:colcon.colcon_core.shell:Creating package descriptor '/home/hasan-fashtouk/ur_ws/src/install/ur5e_description/share/ur5e_description/package.dsv'
[0.958s] INFO:colcon.colcon_core.shell:Creating package script '/home/hasan-fashtouk/ur_ws/src/install/ur5e_description/share/ur5e_description/package.sh'
[0.959s] INFO:colcon.colcon_core.shell:Creating package script '/home/hasan-fashtouk/ur_ws/src/install/ur5e_description/share/ur5e_description/package.bash'
[0.961s] INFO:colcon.colcon_core.shell:Creating package script '/home/hasan-fashtouk/ur_ws/src/install/ur5e_description/share/ur5e_description/package.zsh'
[0.962s] Level 1:colcon.colcon_core.environment:create_file_with_runtime_dependencies(/home/hasan-fashtouk/ur_ws/src/install/ur5e_description/share/colcon-core/packages/ur5e_description)
[0.962s] INFO:colcon.colcon_ros.task.ament_cmake.build:Building ROS package in '/home/hasan-fashtouk/ur_ws/src/ur_moveit_config' with build type 'ament_cmake'
[0.962s] INFO:colcon.colcon_cmake.task.cmake.build:Building CMake package in '/home/hasan-fashtouk/ur_ws/src/ur_moveit_config'
[0.963s] INFO:colcon.colcon_core.shell:Skip shell extension 'powershell' for command environment: Not usable outside of PowerShell
[0.963s] DEBUG:colcon.colcon_core.shell:Skip shell extension 'dsv' for command environment
[0.986s] DEBUG:colcon.colcon_core.event_handler.log_command:Invoking command in '/home/hasan-fashtouk/ur_ws/src/build/ur_moveit_config': CMAKE_PREFIX_PATH=/home/hasan-fashtouk/ur_ws/src/install/ur5e_description:/home/hasan-fashtouk/ur_ws/src/install/ur_description:/home/hasan-fashtouk/ur_ws/src/install/ur_simulation_gz:/home/hasan-fashtouk/ur_ws/src/install/ur_moveit_config:/home/hasan-fashtouk/ur_ws/src/install/robotiq_description:/home/hasan-fashtouk/ur_ws/src/install/robotiq_controllers:/opt/ros/jazzy/opt/gz_sim_vendor:/opt/ros/jazzy/opt/gz_sensors_vendor:/opt/ros/jazzy/opt/gz_physics_vendor:/opt/ros/jazzy/opt/sdformat_vendor:/opt/ros/jazzy/opt/gz_gui_vendor:/opt/ros/jazzy/opt/gz_transport_vendor:/opt/ros/jazzy/opt/gz_rendering_vendor:/opt/ros/jazzy/opt/gz_plugin_vendor:/opt/ros/jazzy/opt/gz_fuel_tools_vendor:/opt/ros/jazzy/opt/gz_msgs_vendor:/opt/ros/jazzy/opt/gz_common_vendor:/opt/ros/jazzy/opt/gz_math_vendor:/opt/ros/jazzy/opt/gz_utils_vendor:/opt/ros/jazzy/opt/gz_tools_vendor:/opt/ros/jazzy/opt/gz_ogre_next_vendor:/opt/ros/jazzy/opt/gz_dartsim_vendor:/opt/ros/jazzy/opt/gz_cmake_vendor:/opt/ros/jazzy DEBUGINFOD_URLS=https://debuginfod.ubuntu.com /usr/bin/cmake --build /home/hasan-fashtouk/ur_ws/src/build/ur_moveit_config -- -j4 -l4
[1.045s] DEBUG:colcon.colcon_core.event_handler.log_command:Invoked command in '/home/hasan-fashtouk/ur_ws/src/build/ur_moveit_config' returned '0': CMAKE_PREFIX_PATH=/home/hasan-fashtouk/ur_ws/src/install/ur5e_description:/home/hasan-fashtouk/ur_ws/src/install/ur_description:/home/hasan-fashtouk/ur_ws/src/install/ur_simulation_gz:/home/hasan-fashtouk/ur_ws/src/install/ur_moveit_config:/home/hasan-fashtouk/ur_ws/src/install/robotiq_description:/home/hasan-fashtouk/ur_ws/src/install/robotiq_controllers:/opt/ros/jazzy/opt/gz_sim_vendor:/opt/ros/jazzy/opt/gz_sensors_vendor:/opt/ros/jazzy/opt/gz_physics_vendor:/opt/ros/jazzy/opt/sdformat_vendor:/opt/ros/jazzy/opt/gz_gui_vendor:/opt/ros/jazzy/opt/gz_transport_vendor:/opt/ros/jazzy/opt/gz_rendering_vendor:/opt/ros/jazzy/opt/gz_plugin_vendor:/opt/ros/jazzy/opt/gz_fuel_tools_vendor:/opt/ros/jazzy/opt/gz_msgs_vendor:/opt/ros/jazzy/opt/gz_common_vendor:/opt/ros/jazzy/opt/gz_math_vendor:/opt/ros/jazzy/opt/gz_utils_vendor:/opt/ros/jazzy/opt/gz_tools_vendor:/opt/ros/jazzy/opt/gz_ogre_next_vendor:/opt/ros/jazzy/opt/gz_dartsim_vendor:/opt/ros/jazzy/opt/gz_cmake_vendor:/opt/ros/jazzy DEBUGINFOD_URLS=https://debuginfod.ubuntu.com /usr/bin/cmake --build /home/hasan-fashtouk/ur_ws/src/build/ur_moveit_config -- -j4 -l4
[1.048s] DEBUG:colcon.colcon_core.event_handler.log_command:Invoking command in '/home/hasan-fashtouk/ur_ws/src/build/ur_moveit_config': CMAKE_PREFIX_PATH=/home/hasan-fashtouk/ur_ws/src/install/ur5e_description:/home/hasan-fashtouk/ur_ws/src/install/ur_description:/home/hasan-fashtouk/ur_ws/src/install/ur_simulation_gz:/home/hasan-fashtouk/ur_ws/src/install/ur_moveit_config:/home/hasan-fashtouk/ur_ws/src/install/robotiq_description:/home/hasan-fashtouk/ur_ws/src/install/robotiq_controllers:/opt/ros/jazzy/opt/gz_sim_vendor:/opt/ros/jazzy/opt/gz_sensors_vendor:/opt/ros/jazzy/opt/gz_physics_vendor:/opt/ros/jazzy/opt/sdformat_vendor:/opt/ros/jazzy/opt/gz_gui_vendor:/opt/ros/jazzy/opt/gz_transport_vendor:/opt/ros/jazzy/opt/gz_rendering_vendor:/opt/ros/jazzy/opt/gz_plugin_vendor:/opt/ros/jazzy/opt/gz_fuel_tools_vendor:/opt/ros/jazzy/opt/gz_msgs_vendor:/opt/ros/jazzy/opt/gz_common_vendor:/opt/ros/jazzy/opt/gz_math_vendor:/opt/ros/jazzy/opt/gz_utils_vendor:/opt/ros/jazzy/opt/gz_tools_vendor:/opt/ros/jazzy/opt/gz_ogre_next_vendor:/opt/ros/jazzy/opt/gz_dartsim_vendor:/opt/ros/jazzy/opt/gz_cmake_vendor:/opt/ros/jazzy DEBUGINFOD_URLS=https://debuginfod.ubuntu.com /usr/bin/cmake --install /home/hasan-fashtouk/ur_ws/src/build/ur_moveit_config
[1.065s] Level 1:colcon.colcon_core.environment:create_environment_scripts_only(ur_moveit_config)
[1.065s] Level 1:colcon.colcon_core.environment:checking '/home/hasan-fashtouk/ur_ws/src/install/ur_moveit_config' for CMake module files
[1.067s] Level 1:colcon.colcon_core.environment:checking '/home/hasan-fashtouk/ur_ws/src/install/ur_moveit_config' for CMake config files
[1.069s] Level 1:colcon.colcon_core.shell:create_environment_hook('ur_moveit_config', 'cmake_prefix_path')
[1.070s] INFO:colcon.colcon_core.shell:Creating environment hook '/home/hasan-fashtouk/ur_ws/src/install/ur_moveit_config/share/ur_moveit_config/hook/cmake_prefix_path.ps1'
[1.071s] INFO:colcon.colcon_core.shell:Creating environment descriptor '/home/hasan-fashtouk/ur_ws/src/install/ur_moveit_config/share/ur_moveit_config/hook/cmake_prefix_path.dsv'
[1.072s] INFO:colcon.colcon_core.shell:Creating environment hook '/home/hasan-fashtouk/ur_ws/src/install/ur_moveit_config/share/ur_moveit_config/hook/cmake_prefix_path.sh'
[1.073s] DEBUG:colcon.colcon_core.event_handler.log_command:Invoked command in '/home/hasan-fashtouk/ur_ws/src/build/ur_moveit_config' returned '0': CMAKE_PREFIX_PATH=/home/hasan-fashtouk/ur_ws/src/install/ur5e_description:/home/hasan-fashtouk/ur_ws/src/install/ur_description:/home/hasan-fashtouk/ur_ws/src/install/ur_simulation_gz:/home/hasan-fashtouk/ur_ws/src/install/ur_moveit_config:/home/hasan-fashtouk/ur_ws/src/install/robotiq_description:/home/hasan-fashtouk/ur_ws/src/install/robotiq_controllers:/opt/ros/jazzy/opt/gz_sim_vendor:/opt/ros/jazzy/opt/gz_sensors_vendor:/opt/ros/jazzy/opt/gz_physics_vendor:/opt/ros/jazzy/opt/sdformat_vendor:/opt/ros/jazzy/opt/gz_gui_vendor:/opt/ros/jazzy/opt/gz_transport_vendor:/opt/ros/jazzy/opt/gz_rendering_vendor:/opt/ros/jazzy/opt/gz_plugin_vendor:/opt/ros/jazzy/opt/gz_fuel_tools_vendor:/opt/ros/jazzy/opt/gz_msgs_vendor:/opt/ros/jazzy/opt/gz_common_vendor:/opt/ros/jazzy/opt/gz_math_vendor:/opt/ros/jazzy/opt/gz_utils_vendor:/opt/ros/jazzy/opt/gz_tools_vendor:/opt/ros/jazzy/opt/gz_ogre_next_vendor:/opt/ros/jazzy/opt/gz_dartsim_vendor:/opt/ros/jazzy/opt/gz_cmake_vendor:/opt/ros/jazzy DEBUGINFOD_URLS=https://debuginfod.ubuntu.com /usr/bin/cmake --install /home/hasan-fashtouk/ur_ws/src/build/ur_moveit_config
[1.074s] Level 1:colcon.colcon_core.environment:checking '/home/hasan-fashtouk/ur_ws/src/install/ur_moveit_config/bin'
[1.074s] Level 1:colcon.colcon_core.environment:checking '/home/hasan-fashtouk/ur_ws/src/install/ur_moveit_config/lib/pkgconfig/ur_moveit_config.pc'
[1.074s] Level 1:colcon.colcon_core.environment:checking '/home/hasan-fashtouk/ur_ws/src/install/ur_moveit_config/lib/python3.12/site-packages'
[1.075s] Level 1:colcon.colcon_core.environment:checking '/home/hasan-fashtouk/ur_ws/src/install/ur_moveit_config/bin'
[1.076s] INFO:colcon.colcon_core.shell:Creating package script '/home/hasan-fashtouk/ur_ws/src/install/ur_moveit_config/share/ur_moveit_config/package.ps1'
[1.076s] INFO:colcon.colcon_core.shell:Creating package descriptor '/home/hasan-fashtouk/ur_ws/src/install/ur_moveit_config/share/ur_moveit_config/package.dsv'
[1.077s] INFO:colcon.colcon_core.shell:Creating package script '/home/hasan-fashtouk/ur_ws/src/install/ur_moveit_config/share/ur_moveit_config/package.sh'
[1.078s] INFO:colcon.colcon_core.shell:Creating package script '/home/hasan-fashtouk/ur_ws/src/install/ur_moveit_config/share/ur_moveit_config/package.bash'
[1.078s] INFO:colcon.colcon_core.shell:Creating package script '/home/hasan-fashtouk/ur_ws/src/install/ur_moveit_config/share/ur_moveit_config/package.zsh'
[1.079s] Level 1:colcon.colcon_core.environment:create_file_with_runtime_dependencies(/home/hasan-fashtouk/ur_ws/src/install/ur_moveit_config/share/colcon-core/packages/ur_moveit_config)
[1.080s] Level 1:colcon.colcon_core.environment:create_environment_scripts_only(ur_moveit_config)
[1.080s] Level 1:colcon.colcon_core.environment:checking '/home/hasan-fashtouk/ur_ws/src/install/ur_moveit_config' for CMake module files
[1.081s] Level 1:colcon.colcon_core.environment:checking '/home/hasan-fashtouk/ur_ws/src/install/ur_moveit_config' for CMake config files
[1.081s] Level 1:colcon.colcon_core.shell:create_environment_hook('ur_moveit_config', 'cmake_prefix_path')
[1.082s] INFO:colcon.colcon_core.shell:Creating environment hook '/home/hasan-fashtouk/ur_ws/src/install/ur_moveit_config/share/ur_moveit_config/hook/cmake_prefix_path.ps1'
[1.082s] INFO:colcon.colcon_core.shell:Creating environment descriptor '/home/hasan-fashtouk/ur_ws/src/install/ur_moveit_config/share/ur_moveit_config/hook/cmake_prefix_path.dsv'
[1.083s] INFO:colcon.colcon_core.shell:Creating environment hook '/home/hasan-fashtouk/ur_ws/src/install/ur_moveit_config/share/ur_moveit_config/hook/cmake_prefix_path.sh'
[1.084s] Level 1:colcon.colcon_core.environment:checking '/home/hasan-fashtouk/ur_ws/src/install/ur_moveit_config/bin'
[1.084s] Level 1:colcon.colcon_core.environment:checking '/home/hasan-fashtouk/ur_ws/src/install/ur_moveit_config/lib/pkgconfig/ur_moveit_config.pc'
[1.084s] Level 1:colcon.colcon_core.environment:checking '/home/hasan-fashtouk/ur_ws/src/install/ur_moveit_config/lib/python3.12/site-packages'
[1.085s] Level 1:colcon.colcon_core.environment:checking '/home/hasan-fashtouk/ur_ws/src/install/ur_moveit_config/bin'
[1.085s] INFO:colcon.colcon_core.shell:Creating package script '/home/hasan-fashtouk/ur_ws/src/install/ur_moveit_config/share/ur_moveit_config/package.ps1'
[1.086s] INFO:colcon.colcon_core.shell:Creating package descriptor '/home/hasan-fashtouk/ur_ws/src/install/ur_moveit_config/share/ur_moveit_config/package.dsv'
[1.087s] INFO:colcon.colcon_core.shell:Creating package script '/home/hasan-fashtouk/ur_ws/src/install/ur_moveit_config/share/ur_moveit_config/package.sh'
[1.088s] INFO:colcon.colcon_core.shell:Creating package script '/home/hasan-fashtouk/ur_ws/src/install/ur_moveit_config/share/ur_moveit_config/package.bash'
[1.088s] INFO:colcon.colcon_core.shell:Creating package script '/home/hasan-fashtouk/ur_ws/src/install/ur_moveit_config/share/ur_moveit_config/package.zsh'
[1.089s] Level 1:colcon.colcon_core.environment:create_file_with_runtime_dependencies(/home/hasan-fashtouk/ur_ws/src/install/ur_moveit_config/share/colcon-core/packages/ur_moveit_config)
[1.089s] INFO:colcon.colcon_ros.task.ament_cmake.build:Building ROS package in '/home/hasan-fashtouk/ur_ws/src/Universal_Robots_ROS2_GZ_Simulation/ur_simulation_gz' with build type 'ament_cmake'
[1.090s] INFO:colcon.colcon_cmake.task.cmake.build:Building CMake package in '/home/hasan-fashtouk/ur_ws/src/Universal_Robots_ROS2_GZ_Simulation/ur_simulation_gz'
[1.090s] INFO:colcon.colcon_core.shell:Skip shell extension 'powershell' for command environment: Not usable outside of PowerShell
[1.090s] DEBUG:colcon.colcon_core.shell:Skip shell extension 'dsv' for command environment
[1.114s] DEBUG:colcon.colcon_core.event_handler.log_command:Invoking command in '/home/hasan-fashtouk/ur_ws/src/build/ur_simulation_gz': CMAKE_PREFIX_PATH=/home/hasan-fashtouk/ur_ws/src/install/ur_moveit_config:/home/hasan-fashtouk/ur_ws/src/install/ur5e_description:/home/hasan-fashtouk/ur_ws/src/install/ur_description:/home/hasan-fashtouk/ur_ws/src/install/ur_simulation_gz:/home/hasan-fashtouk/ur_ws/src/install/robotiq_description:/home/hasan-fashtouk/ur_ws/src/install/robotiq_controllers:/opt/ros/jazzy/opt/gz_sim_vendor:/opt/ros/jazzy/opt/gz_sensors_vendor:/opt/ros/jazzy/opt/gz_physics_vendor:/opt/ros/jazzy/opt/sdformat_vendor:/opt/ros/jazzy/opt/gz_gui_vendor:/opt/ros/jazzy/opt/gz_transport_vendor:/opt/ros/jazzy/opt/gz_rendering_vendor:/opt/ros/jazzy/opt/gz_plugin_vendor:/opt/ros/jazzy/opt/gz_fuel_tools_vendor:/opt/ros/jazzy/opt/gz_msgs_vendor:/opt/ros/jazzy/opt/gz_common_vendor:/opt/ros/jazzy/opt/gz_math_vendor:/opt/ros/jazzy/opt/gz_utils_vendor:/opt/ros/jazzy/opt/gz_tools_vendor:/opt/ros/jazzy/opt/gz_ogre_next_vendor:/opt/ros/jazzy/opt/gz_dartsim_vendor:/opt/ros/jazzy/opt/gz_cmake_vendor:/opt/ros/jazzy DEBUGINFOD_URLS=https://debuginfod.ubuntu.com /usr/bin/cmake --build /home/hasan-fashtouk/ur_ws/src/build/ur_simulation_gz -- -j4 -l4
[1.179s] DEBUG:colcon.colcon_core.event_handler.log_command:Invoked command in '/home/hasan-fashtouk/ur_ws/src/build/ur_simulation_gz' returned '0': CMAKE_PREFIX_PATH=/home/hasan-fashtouk/ur_ws/src/install/ur_moveit_config:/home/hasan-fashtouk/ur_ws/src/install/ur5e_description:/home/hasan-fashtouk/ur_ws/src/install/ur_description:/home/hasan-fashtouk/ur_ws/src/install/ur_simulation_gz:/home/hasan-fashtouk/ur_ws/src/install/robotiq_description:/home/hasan-fashtouk/ur_ws/src/install/robotiq_controllers:/opt/ros/jazzy/opt/gz_sim_vendor:/opt/ros/jazzy/opt/gz_sensors_vendor:/opt/ros/jazzy/opt/gz_physics_vendor:/opt/ros/jazzy/opt/sdformat_vendor:/opt/ros/jazzy/opt/gz_gui_vendor:/opt/ros/jazzy/opt/gz_transport_vendor:/opt/ros/jazzy/opt/gz_rendering_vendor:/opt/ros/jazzy/opt/gz_plugin_vendor:/opt/ros/jazzy/opt/gz_fuel_tools_vendor:/opt/ros/jazzy/opt/gz_msgs_vendor:/opt/ros/jazzy/opt/gz_common_vendor:/opt/ros/jazzy/opt/gz_math_vendor:/opt/ros/jazzy/opt/gz_utils_vendor:/opt/ros/jazzy/opt/gz_tools_vendor:/opt/ros/jazzy/opt/gz_ogre_next_vendor:/opt/ros/jazzy/opt/gz_dartsim_vendor:/opt/ros/jazzy/opt/gz_cmake_vendor:/opt/ros/jazzy DEBUGINFOD_URLS=https://debuginfod.ubuntu.com /usr/bin/cmake --build /home/hasan-fashtouk/ur_ws/src/build/ur_simulation_gz -- -j4 -l4
[1.181s] DEBUG:colcon.colcon_core.event_handler.log_command:Invoking command in '/home/hasan-fashtouk/ur_ws/src/build/ur_simulation_gz': CMAKE_PREFIX_PATH=/home/hasan-fashtouk/ur_ws/src/install/ur_moveit_config:/home/hasan-fashtouk/ur_ws/src/install/ur5e_description:/home/hasan-fashtouk/ur_ws/src/install/ur_description:/home/hasan-fashtouk/ur_ws/src/install/ur_simulation_gz:/home/hasan-fashtouk/ur_ws/src/install/robotiq_description:/home/hasan-fashtouk/ur_ws/src/install/robotiq_controllers:/opt/ros/jazzy/opt/gz_sim_vendor:/opt/ros/jazzy/opt/gz_sensors_vendor:/opt/ros/jazzy/opt/gz_physics_vendor:/opt/ros/jazzy/opt/sdformat_vendor:/opt/ros/jazzy/opt/gz_gui_vendor:/opt/ros/jazzy/opt/gz_transport_vendor:/opt/ros/jazzy/opt/gz_rendering_vendor:/opt/ros/jazzy/opt/gz_plugin_vendor:/opt/ros/jazzy/opt/gz_fuel_tools_vendor:/opt/ros/jazzy/opt/gz_msgs_vendor:/opt/ros/jazzy/opt/gz_common_vendor:/opt/ros/jazzy/opt/gz_math_vendor:/opt/ros/jazzy/opt/gz_utils_vendor:/opt/ros/jazzy/opt/gz_tools_vendor:/opt/ros/jazzy/opt/gz_ogre_next_vendor:/opt/ros/jazzy/opt/gz_dartsim_vendor:/opt/ros/jazzy/opt/gz_cmake_vendor:/opt/ros/jazzy DEBUGINFOD_URLS=https://debuginfod.ubuntu.com /usr/bin/cmake --install /home/hasan-fashtouk/ur_ws/src/build/ur_simulation_gz
[1.199s] Level 1:colcon.colcon_core.environment:create_environment_scripts_only(ur_simulation_gz)
[1.200s] Level 1:colcon.colcon_core.environment:checking '/home/hasan-fashtouk/ur_ws/src/install/ur_simulation_gz' for CMake module files
[1.202s] Level 1:colcon.colcon_core.environment:checking '/home/hasan-fashtouk/ur_ws/src/install/ur_simulation_gz' for CMake config files
[1.205s] Level 1:colcon.colcon_core.shell:create_environment_hook('ur_simulation_gz', 'cmake_prefix_path')
[1.205s] INFO:colcon.colcon_core.shell:Creating environment hook '/home/hasan-fashtouk/ur_ws/src/install/ur_simulation_gz/share/ur_simulation_gz/hook/cmake_prefix_path.ps1'
[1.206s] INFO:colcon.colcon_core.shell:Creating environment descriptor '/home/hasan-fashtouk/ur_ws/src/install/ur_simulation_gz/share/ur_simulation_gz/hook/cmake_prefix_path.dsv'
[1.207s] DEBUG:colcon.colcon_core.event_handler.log_command:Invoked command in '/home/hasan-fashtouk/ur_ws/src/build/ur_simulation_gz' returned '0': CMAKE_PREFIX_PATH=/home/hasan-fashtouk/ur_ws/src/install/ur_moveit_config:/home/hasan-fashtouk/ur_ws/src/install/ur5e_description:/home/hasan-fashtouk/ur_ws/src/install/ur_description:/home/hasan-fashtouk/ur_ws/src/install/ur_simulation_gz:/home/hasan-fashtouk/ur_ws/src/install/robotiq_description:/home/hasan-fashtouk/ur_ws/src/install/robotiq_controllers:/opt/ros/jazzy/opt/gz_sim_vendor:/opt/ros/jazzy/opt/gz_sensors_vendor:/opt/ros/jazzy/opt/gz_physics_vendor:/opt/ros/jazzy/opt/sdformat_vendor:/opt/ros/jazzy/opt/gz_gui_vendor:/opt/ros/jazzy/opt/gz_transport_vendor:/opt/ros/jazzy/opt/gz_rendering_vendor:/opt/ros/jazzy/opt/gz_plugin_vendor:/opt/ros/jazzy/opt/gz_fuel_tools_vendor:/opt/ros/jazzy/opt/gz_msgs_vendor:/opt/ros/jazzy/opt/gz_common_vendor:/opt/ros/jazzy/opt/gz_math_vendor:/opt/ros/jazzy/opt/gz_utils_vendor:/opt/ros/jazzy/opt/gz_tools_vendor:/opt/ros/jazzy/opt/gz_ogre_next_vendor:/opt/ros/jazzy/opt/gz_dartsim_vendor:/opt/ros/jazzy/opt/gz_cmake_vendor:/opt/ros/jazzy DEBUGINFOD_URLS=https://debuginfod.ubuntu.com /usr/bin/cmake --install /home/hasan-fashtouk/ur_ws/src/build/ur_simulation_gz
[1.208s] INFO:colcon.colcon_core.shell:Creating environment hook '/home/hasan-fashtouk/ur_ws/src/install/ur_simulation_gz/share/ur_simulation_gz/hook/cmake_prefix_path.sh'
[1.209s] Level 1:colcon.colcon_core.environment:checking '/home/hasan-fashtouk/ur_ws/src/install/ur_simulation_gz/bin'
[1.209s] Level 1:colcon.colcon_core.environment:checking '/home/hasan-fashtouk/ur_ws/src/install/ur_simulation_gz/lib/pkgconfig/ur_simulation_gz.pc'
[1.210s] Level 1:colcon.colcon_core.environment:checking '/home/hasan-fashtouk/ur_ws/src/install/ur_simulation_gz/lib/python3.12/site-packages'
[1.210s] Level 1:colcon.colcon_core.environment:checking '/home/hasan-fashtouk/ur_ws/src/install/ur_simulation_gz/bin'
[1.211s] INFO:colcon.colcon_core.shell:Creating package script '/home/hasan-fashtouk/ur_ws/src/install/ur_simulation_gz/share/ur_simulation_gz/package.ps1'
[1.211s] INFO:colcon.colcon_core.shell:Creating package descriptor '/home/hasan-fashtouk/ur_ws/src/install/ur_simulation_gz/share/ur_simulation_gz/package.dsv'
[1.212s] INFO:colcon.colcon_core.shell:Creating package script '/home/hasan-fashtouk/ur_ws/src/install/ur_simulation_gz/share/ur_simulation_gz/package.sh'
[1.213s] INFO:colcon.colcon_core.shell:Creating package script '/home/hasan-fashtouk/ur_ws/src/install/ur_simulation_gz/share/ur_simulation_gz/package.bash'
[1.214s] INFO:colcon.colcon_core.shell:Creating package script '/home/hasan-fashtouk/ur_ws/src/install/ur_simulation_gz/share/ur_simulation_gz/package.zsh'
[1.214s] Level 1:colcon.colcon_core.environment:create_file_with_runtime_dependencies(/home/hasan-fashtouk/ur_ws/src/install/ur_simulation_gz/share/colcon-core/packages/ur_simulation_gz)
[1.215s] Level 1:colcon.colcon_core.environment:create_environment_scripts_only(ur_simulation_gz)
[1.215s] Level 1:colcon.colcon_core.environment:checking '/home/hasan-fashtouk/ur_ws/src/install/ur_simulation_gz' for CMake module files
[1.217s] Level 1:colcon.colcon_core.environment:checking '/home/hasan-fashtouk/ur_ws/src/install/ur_simulation_gz' for CMake config files
[1.217s] Level 1:colcon.colcon_core.shell:create_environment_hook('ur_simulation_gz', 'cmake_prefix_path')
[1.218s] INFO:colcon.colcon_core.shell:Creating environment hook '/home/hasan-fashtouk/ur_ws/src/install/ur_simulation_gz/share/ur_simulation_gz/hook/cmake_prefix_path.ps1'
[1.219s] INFO:colcon.colcon_core.shell:Creating environment descriptor '/home/hasan-fashtouk/ur_ws/src/install/ur_simulation_gz/share/ur_simulation_gz/hook/cmake_prefix_path.dsv'
[1.219s] INFO:colcon.colcon_core.shell:Creating environment hook '/home/hasan-fashtouk/ur_ws/src/install/ur_simulation_gz/share/ur_simulation_gz/hook/cmake_prefix_path.sh'
[1.220s] Level 1:colcon.colcon_core.environment:checking '/home/hasan-fashtouk/ur_ws/src/install/ur_simulation_gz/bin'
[1.221s] Level 1:colcon.colcon_core.environment:checking '/home/hasan-fashtouk/ur_ws/src/install/ur_simulation_gz/lib/pkgconfig/ur_simulation_gz.pc'
[1.221s] Level 1:colcon.colcon_core.environment:checking '/home/hasan-fashtouk/ur_ws/src/install/ur_simulation_gz/lib/python3.12/site-packages'
[1.222s] Level 1:colcon.colcon_core.environment:checking '/home/hasan-fashtouk/ur_ws/src/install/ur_simulation_gz/bin'
[1.222s] INFO:colcon.colcon_core.shell:Creating package script '/home/hasan-fashtouk/ur_ws/src/install/ur_simulation_gz/share/ur_simulation_gz/package.ps1'
[1.223s] INFO:colcon.colcon_core.shell:Creating package descriptor '/home/hasan-fashtouk/ur_ws/src/install/ur_simulation_gz/share/ur_simulation_gz/package.dsv'
[1.224s] INFO:colcon.colcon_core.shell:Creating package script '/home/hasan-fashtouk/ur_ws/src/install/ur_simulation_gz/share/ur_simulation_gz/package.sh'
[1.224s] INFO:colcon.colcon_core.shell:Creating package script '/home/hasan-fashtouk/ur_ws/src/install/ur_simulation_gz/share/ur_simulation_gz/package.bash'
[1.225s] INFO:colcon.colcon_core.shell:Creating package script '/home/hasan-fashtouk/ur_ws/src/install/ur_simulation_gz/share/ur_simulation_gz/package.zsh'
[1.226s] Level 1:colcon.colcon_core.environment:create_file_with_runtime_dependencies(/home/hasan-fashtouk/ur_ws/src/install/ur_simulation_gz/share/colcon-core/packages/ur_simulation_gz)
[1.226s] DEBUG:colcon.colcon_parallel_executor.executor.parallel:closing loop
[1.227s] DEBUG:colcon.colcon_parallel_executor.executor.parallel:loop closed
[1.227s] DEBUG:colcon.colcon_parallel_executor.executor.parallel:run_until_complete finished with '0'
[1.227s] DEBUG:colcon.colcon_core.event_reactor:joining thread
[1.244s] INFO:colcon.colcon_core.plugin_system:Skipping extension 'colcon_notification.desktop_notification.terminal_notifier': Not used on non-Darwin systems
[1.244s] INFO:colcon.colcon_core.plugin_system:Skipping extension 'colcon_notification.desktop_notification.win32': Not used on non-Windows systems
[1.244s] INFO:colcon.colcon_notification.desktop_notification:Sending desktop notification using 'notify2'
[1.284s] DEBUG:colcon.colcon_core.event_reactor:joined thread
[1.284s] INFO:colcon.colcon_core.shell:Creating prefix script '/home/hasan-fashtouk/ur_ws/src/install/local_setup.ps1'
[1.286s] INFO:colcon.colcon_core.shell:Creating prefix util module '/home/hasan-fashtouk/ur_ws/src/install/_local_setup_util_ps1.py'
[1.288s] INFO:colcon.colcon_core.shell:Creating prefix chain script '/home/hasan-fashtouk/ur_ws/src/install/setup.ps1'
[1.291s] INFO:colcon.colcon_core.shell:Creating prefix script '/home/hasan-fashtouk/ur_ws/src/install/local_setup.sh'
[1.293s] INFO:colcon.colcon_core.shell:Creating prefix util module '/home/hasan-fashtouk/ur_ws/src/install/_local_setup_util_sh.py'
[1.294s] INFO:colcon.colcon_core.shell:Creating prefix chain script '/home/hasan-fashtouk/ur_ws/src/install/setup.sh'
[1.296s] INFO:colcon.colcon_core.shell:Creating prefix script '/home/hasan-fashtouk/ur_ws/src/install/local_setup.bash'
[1.297s] INFO:colcon.colcon_core.shell:Creating prefix chain script '/home/hasan-fashtouk/ur_ws/src/install/setup.bash'
[1.300s] INFO:colcon.colcon_core.shell:Creating prefix script '/home/hasan-fashtouk/ur_ws/src/install/local_setup.zsh'
[1.301s] INFO:colcon.colcon_core.shell:Creating prefix chain script '/home/hasan-fashtouk/ur_ws/src/install/setup.zsh'
