[0.052s] Invoking command in '/home/hasan-fashtouk/ur_ws/src/build/ur_moveit_config': CMAKE_PREFIX_PATH=/home/hasan-fashtouk/ur_ws/src/install/ur5e_description:/home/hasan-fashtouk/ur_ws/src/install/ur_description:/home/hasan-fashtouk/ur_ws/src/install/ur_simulation_gz:/home/hasan-fashtouk/ur_ws/src/install/ur_moveit_config:/home/hasan-fashtouk/ur_ws/src/install/robotiq_description:/home/hasan-fashtouk/ur_ws/src/install/robotiq_controllers:/opt/ros/jazzy/opt/gz_sim_vendor:/opt/ros/jazzy/opt/gz_sensors_vendor:/opt/ros/jazzy/opt/gz_physics_vendor:/opt/ros/jazzy/opt/sdformat_vendor:/opt/ros/jazzy/opt/gz_gui_vendor:/opt/ros/jazzy/opt/gz_transport_vendor:/opt/ros/jazzy/opt/gz_rendering_vendor:/opt/ros/jazzy/opt/gz_plugin_vendor:/opt/ros/jazzy/opt/gz_fuel_tools_vendor:/opt/ros/jazzy/opt/gz_msgs_vendor:/opt/ros/jazzy/opt/gz_common_vendor:/opt/ros/jazzy/opt/gz_math_vendor:/opt/ros/jazzy/opt/gz_utils_vendor:/opt/ros/jazzy/opt/gz_tools_vendor:/opt/ros/jazzy/opt/gz_ogre_next_vendor:/opt/ros/jazzy/opt/gz_dartsim_vendor:/opt/ros/jazzy/opt/gz_cmake_vendor:/opt/ros/jazzy DEBUGINFOD_URLS=https://debuginfod.ubuntu.com /usr/bin/cmake --build /home/hasan-fashtouk/ur_ws/src/build/ur_moveit_config -- -j4 -l4
[0.166s] Invoked command in '/home/hasan-fashtouk/ur_ws/src/build/ur_moveit_config' returned '0': CMAKE_PREFIX_PATH=/home/hasan-fashtouk/ur_ws/src/install/ur5e_description:/home/hasan-fashtouk/ur_ws/src/install/ur_description:/home/hasan-fashtouk/ur_ws/src/install/ur_simulation_gz:/home/hasan-fashtouk/ur_ws/src/install/ur_moveit_config:/home/hasan-fashtouk/ur_ws/src/install/robotiq_description:/home/hasan-fashtouk/ur_ws/src/install/robotiq_controllers:/opt/ros/jazzy/opt/gz_sim_vendor:/opt/ros/jazzy/opt/gz_sensors_vendor:/opt/ros/jazzy/opt/gz_physics_vendor:/opt/ros/jazzy/opt/sdformat_vendor:/opt/ros/jazzy/opt/gz_gui_vendor:/opt/ros/jazzy/opt/gz_transport_vendor:/opt/ros/jazzy/opt/gz_rendering_vendor:/opt/ros/jazzy/opt/gz_plugin_vendor:/opt/ros/jazzy/opt/gz_fuel_tools_vendor:/opt/ros/jazzy/opt/gz_msgs_vendor:/opt/ros/jazzy/opt/gz_common_vendor:/opt/ros/jazzy/opt/gz_math_vendor:/opt/ros/jazzy/opt/gz_utils_vendor:/opt/ros/jazzy/opt/gz_tools_vendor:/opt/ros/jazzy/opt/gz_ogre_next_vendor:/opt/ros/jazzy/opt/gz_dartsim_vendor:/opt/ros/jazzy/opt/gz_cmake_vendor:/opt/ros/jazzy DEBUGINFOD_URLS=https://debuginfod.ubuntu.com /usr/bin/cmake --build /home/hasan-fashtouk/ur_ws/src/build/ur_moveit_config -- -j4 -l4
[0.169s] Invoking command in '/home/hasan-fashtouk/ur_ws/src/build/ur_moveit_config': CMAKE_PREFIX_PATH=/home/hasan-fashtouk/ur_ws/src/install/ur5e_description:/home/hasan-fashtouk/ur_ws/src/install/ur_description:/home/hasan-fashtouk/ur_ws/src/install/ur_simulation_gz:/home/hasan-fashtouk/ur_ws/src/install/ur_moveit_config:/home/hasan-fashtouk/ur_ws/src/install/robotiq_description:/home/hasan-fashtouk/ur_ws/src/install/robotiq_controllers:/opt/ros/jazzy/opt/gz_sim_vendor:/opt/ros/jazzy/opt/gz_sensors_vendor:/opt/ros/jazzy/opt/gz_physics_vendor:/opt/ros/jazzy/opt/sdformat_vendor:/opt/ros/jazzy/opt/gz_gui_vendor:/opt/ros/jazzy/opt/gz_transport_vendor:/opt/ros/jazzy/opt/gz_rendering_vendor:/opt/ros/jazzy/opt/gz_plugin_vendor:/opt/ros/jazzy/opt/gz_fuel_tools_vendor:/opt/ros/jazzy/opt/gz_msgs_vendor:/opt/ros/jazzy/opt/gz_common_vendor:/opt/ros/jazzy/opt/gz_math_vendor:/opt/ros/jazzy/opt/gz_utils_vendor:/opt/ros/jazzy/opt/gz_tools_vendor:/opt/ros/jazzy/opt/gz_ogre_next_vendor:/opt/ros/jazzy/opt/gz_dartsim_vendor:/opt/ros/jazzy/opt/gz_cmake_vendor:/opt/ros/jazzy DEBUGINFOD_URLS=https://debuginfod.ubuntu.com /usr/bin/cmake --install /home/hasan-fashtouk/ur_ws/src/build/ur_moveit_config
[0.188s] -- Install configuration: ""
[0.190s] -- Up-to-date: /home/hasan-fashtouk/ur_ws/src/install/ur_moveit_config/share/ament_index/resource_index/package_run_dependencies/ur_moveit_config
[0.190s] -- Up-to-date: /home/hasan-fashtouk/ur_ws/src/install/ur_moveit_config/share/ament_index/resource_index/parent_prefix_path/ur_moveit_config
[0.190s] -- Up-to-date: /home/hasan-fashtouk/ur_ws/src/install/ur_moveit_config/share/ur_moveit_config/environment/ament_prefix_path.sh
[0.191s] -- Up-to-date: /home/hasan-fashtouk/ur_ws/src/install/ur_moveit_config/share/ur_moveit_config/environment/ament_prefix_path.dsv
[0.191s] -- Up-to-date: /home/hasan-fashtouk/ur_ws/src/install/ur_moveit_config/share/ur_moveit_config/environment/path.sh
[0.191s] -- Up-to-date: /home/hasan-fashtouk/ur_ws/src/install/ur_moveit_config/share/ur_moveit_config/environment/path.dsv
[0.191s] -- Up-to-date: /home/hasan-fashtouk/ur_ws/src/install/ur_moveit_config/share/ur_moveit_config/local_setup.bash
[0.192s] -- Up-to-date: /home/hasan-fashtouk/ur_ws/src/install/ur_moveit_config/share/ur_moveit_config/local_setup.sh
[0.192s] -- Up-to-date: /home/hasan-fashtouk/ur_ws/src/install/ur_moveit_config/share/ur_moveit_config/local_setup.zsh
[0.192s] -- Up-to-date: /home/hasan-fashtouk/ur_ws/src/install/ur_moveit_config/share/ur_moveit_config/local_setup.dsv
[0.192s] -- Installing: /home/hasan-fashtouk/ur_ws/src/install/ur_moveit_config/share/ur_moveit_config/package.dsv
[0.192s] -- Up-to-date: /home/hasan-fashtouk/ur_ws/src/install/ur_moveit_config/share/ament_index/resource_index/packages/ur_moveit_config
[0.193s] -- Up-to-date: /home/hasan-fashtouk/ur_ws/src/install/ur_moveit_config/share/ur_moveit_config/cmake/ur_moveit_configConfig.cmake
[0.193s] -- Up-to-date: /home/hasan-fashtouk/ur_ws/src/install/ur_moveit_config/share/ur_moveit_config/cmake/ur_moveit_configConfig-version.cmake
[0.193s] -- Up-to-date: /home/hasan-fashtouk/ur_ws/src/install/ur_moveit_config/share/ur_moveit_config/package.xml
[0.193s] -- Up-to-date: /home/hasan-fashtouk/ur_ws/src/install/ur_moveit_config/share/ur_moveit_config/launch
[0.194s] -- Up-to-date: /home/hasan-fashtouk/ur_ws/src/install/ur_moveit_config/share/ur_moveit_config/launch/gazebo_demo.launch.py
[0.194s] -- Up-to-date: /home/hasan-fashtouk/ur_ws/src/install/ur_moveit_config/share/ur_moveit_config/launch/ur_moveit.launch.py
[0.194s] -- Up-to-date: /home/hasan-fashtouk/ur_ws/src/install/ur_moveit_config/share/ur_moveit_config/launch/static_virtual_joint_tfs.launch.py
[0.194s] -- Up-to-date: /home/hasan-fashtouk/ur_ws/src/install/ur_moveit_config/share/ur_moveit_config/launch/spawn_controllers.launch.py
[0.195s] -- Up-to-date: /home/hasan-fashtouk/ur_ws/src/install/ur_moveit_config/share/ur_moveit_config/launch/move_group.launch.py
[0.195s] -- Up-to-date: /home/hasan-fashtouk/ur_ws/src/install/ur_moveit_config/share/ur_moveit_config/launch/demo.launch.py
[0.195s] -- Up-to-date: /home/hasan-fashtouk/ur_ws/src/install/ur_moveit_config/share/ur_moveit_config/launch/warehouse_db.launch.py
[0.195s] -- Up-to-date: /home/hasan-fashtouk/ur_ws/src/install/ur_moveit_config/share/ur_moveit_config/launch/moveit_rviz.launch.py
[0.195s] -- Up-to-date: /home/hasan-fashtouk/ur_ws/src/install/ur_moveit_config/share/ur_moveit_config/launch/setup_assistant.launch.py
[0.195s] -- Up-to-date: /home/hasan-fashtouk/ur_ws/src/install/ur_moveit_config/share/ur_moveit_config/launch/rsp.launch.py
[0.195s] -- Up-to-date: /home/hasan-fashtouk/ur_ws/src/install/ur_moveit_config/share/ur_moveit_config/config
[0.196s] -- Installing: /home/hasan-fashtouk/ur_ws/src/install/ur_moveit_config/share/ur_moveit_config/config/joint_limits.yaml
[0.197s] -- Up-to-date: /home/hasan-fashtouk/ur_ws/src/install/ur_moveit_config/share/ur_moveit_config/config/ur.ros2_control.xacro
[0.197s] -- Up-to-date: /home/hasan-fashtouk/ur_ws/src/install/ur_moveit_config/share/ur_moveit_config/config/initial_positions.yaml
[0.197s] -- Up-to-date: /home/hasan-fashtouk/ur_ws/src/install/ur_moveit_config/share/ur_moveit_config/config/ros2_controllers.yaml
[0.197s] -- Up-to-date: /home/hasan-fashtouk/ur_ws/src/install/ur_moveit_config/share/ur_moveit_config/config/kinematics.yaml
[0.197s] -- Up-to-date: /home/hasan-fashtouk/ur_ws/src/install/ur_moveit_config/share/ur_moveit_config/config/moveit.rviz
[0.198s] -- Up-to-date: /home/hasan-fashtouk/ur_ws/src/install/ur_moveit_config/share/ur_moveit_config/config/pilz_cartesian_limits.yaml
[0.199s] -- Up-to-date: /home/hasan-fashtouk/ur_ws/src/install/ur_moveit_config/share/ur_moveit_config/config/moveit_controllers.yaml
[0.199s] -- Up-to-date: /home/hasan-fashtouk/ur_ws/src/install/ur_moveit_config/share/ur_moveit_config/config/ur.srdf
[0.199s] -- Up-to-date: /home/hasan-fashtouk/ur_ws/src/install/ur_moveit_config/share/ur_moveit_config/config/ur.urdf.xacro
[0.200s] -- Up-to-date: /home/hasan-fashtouk/ur_ws/src/install/ur_moveit_config/share/ur_moveit_config/config/sensors_3d.yaml
[0.200s] -- Up-to-date: /home/hasan-fashtouk/ur_ws/src/install/ur_moveit_config/share/ur_moveit_config/.setup_assistant
[0.201s] Invoked command in '/home/hasan-fashtouk/ur_ws/src/build/ur_moveit_config' returned '0': CMAKE_PREFIX_PATH=/home/hasan-fashtouk/ur_ws/src/install/ur5e_description:/home/hasan-fashtouk/ur_ws/src/install/ur_description:/home/hasan-fashtouk/ur_ws/src/install/ur_simulation_gz:/home/hasan-fashtouk/ur_ws/src/install/ur_moveit_config:/home/hasan-fashtouk/ur_ws/src/install/robotiq_description:/home/hasan-fashtouk/ur_ws/src/install/robotiq_controllers:/opt/ros/jazzy/opt/gz_sim_vendor:/opt/ros/jazzy/opt/gz_sensors_vendor:/opt/ros/jazzy/opt/gz_physics_vendor:/opt/ros/jazzy/opt/sdformat_vendor:/opt/ros/jazzy/opt/gz_gui_vendor:/opt/ros/jazzy/opt/gz_transport_vendor:/opt/ros/jazzy/opt/gz_rendering_vendor:/opt/ros/jazzy/opt/gz_plugin_vendor:/opt/ros/jazzy/opt/gz_fuel_tools_vendor:/opt/ros/jazzy/opt/gz_msgs_vendor:/opt/ros/jazzy/opt/gz_common_vendor:/opt/ros/jazzy/opt/gz_math_vendor:/opt/ros/jazzy/opt/gz_utils_vendor:/opt/ros/jazzy/opt/gz_tools_vendor:/opt/ros/jazzy/opt/gz_ogre_next_vendor:/opt/ros/jazzy/opt/gz_dartsim_vendor:/opt/ros/jazzy/opt/gz_cmake_vendor:/opt/ros/jazzy DEBUGINFOD_URLS=https://debuginfod.ubuntu.com /usr/bin/cmake --install /home/hasan-fashtouk/ur_ws/src/build/ur_moveit_config
