[2.321s] DEBUG:colcon:Command line arguments: ['/usr/bin/colcon', 'build']
[2.321s] DEBUG:colcon:Parsed command line arguments: Namespace(log_base=None, log_level=None, verb_name='build', build_base='build', install_base='install', merge_install=False, symlink_install=False, test_result_base=None, continue_on_error=False, executor='parallel', parallel_workers=4, event_handlers=None, ignore_user_meta=False, metas=['./colcon.meta'], base_paths=['.'], packages_ignore=None, packages_ignore_regex=None, paths=None, packages_up_to=None, packages_up_to_regex=None, packages_above=None, packages_above_and_dependencies=None, packages_above_depth=None, packages_select_by_dep=None, packages_skip_by_dep=None, packages_skip_up_to=None, packages_select_build_failed=False, packages_skip_build_finished=False, packages_select_test_failures=False, packages_skip_test_passed=False, packages_select=None, packages_skip=None, packages_select_regex=None, packages_skip_regex=None, packages_start=None, packages_end=None, allow_overriding=[], cmake_args=None, cmake_target=None, cmake_target_skip_unavailable=False, cmake_clean_cache=False, cmake_clean_first=False, cmake_force_configure=False, ament_cmake_args=None, catkin_cmake_args=None, catkin_skip_building_tests=False, mixin_files=None, mixin=None, verb_parser=<colcon_mixin.mixin.mixin_argument.MixinArgumentDecorator object at 0x787e45c3de50>, verb_extension=<colcon_core.verb.build.BuildVerb object at 0x787e45bafaa0>, main=<bound method BuildVerb.main of <colcon_core.verb.build.BuildVerb object at 0x787e45bafaa0>>, mixin_verb=('build',))
[2.629s] Level 1:colcon.colcon_core.package_discovery:discover_packages(colcon_meta) check parameters
[2.629s] Level 1:colcon.colcon_core.package_discovery:discover_packages(recursive) check parameters
[2.629s] Level 1:colcon.colcon_core.package_discovery:discover_packages(ignore) check parameters
[2.629s] Level 1:colcon.colcon_core.package_discovery:discover_packages(path) check parameters
[2.629s] Level 1:colcon.colcon_core.package_discovery:discover_packages(colcon_meta) discover
[2.630s] Level 1:colcon.colcon_core.package_discovery:discover_packages(recursive) discover
[2.630s] INFO:colcon.colcon_core.package_discovery:Crawling recursively for packages in '/home/hasan-fashtouk/ur_ws/src'
[2.630s] Level 1:colcon.colcon_core.package_identification:_identify(.) by extensions ['ignore', 'ignore_ament_install']
[2.630s] Level 1:colcon.colcon_core.package_identification:_identify(.) by extension 'ignore'
[2.630s] Level 1:colcon.colcon_core.package_identification:_identify(.) by extension 'ignore_ament_install'
[2.630s] Level 1:colcon.colcon_core.package_identification:_identify(.) by extensions ['colcon_pkg']
[2.631s] Level 1:colcon.colcon_core.package_identification:_identify(.) by extension 'colcon_pkg'
[2.631s] Level 1:colcon.colcon_core.package_identification:_identify(.) by extensions ['colcon_meta']
[2.631s] Level 1:colcon.colcon_core.package_identification:_identify(.) by extension 'colcon_meta'
[2.631s] Level 1:colcon.colcon_core.package_identification:_identify(.) by extensions ['ros']
[2.631s] Level 1:colcon.colcon_core.package_identification:_identify(.) by extension 'ros'
[2.776s] Level 1:colcon.colcon_core.package_identification:_identify(.) by extensions ['cmake', 'python']
[2.776s] Level 1:colcon.colcon_core.package_identification:_identify(.) by extension 'cmake'
[2.776s] Level 1:colcon.colcon_core.package_identification:_identify(.) by extension 'python'
[2.776s] Level 1:colcon.colcon_core.package_identification:_identify(.) by extensions ['python_setup_py']
[2.776s] Level 1:colcon.colcon_core.package_identification:_identify(.) by extension 'python_setup_py'
[2.776s] Level 1:colcon.colcon_core.package_identification:_identify(Universal_Robots_ROS2_Description) by extensions ['ignore', 'ignore_ament_install']
[2.777s] Level 1:colcon.colcon_core.package_identification:_identify(Universal_Robots_ROS2_Description) by extension 'ignore'
[2.777s] Level 1:colcon.colcon_core.package_identification:_identify(Universal_Robots_ROS2_Description) by extension 'ignore_ament_install'
[2.777s] Level 1:colcon.colcon_core.package_identification:_identify(Universal_Robots_ROS2_Description) by extensions ['colcon_pkg']
[2.777s] Level 1:colcon.colcon_core.package_identification:_identify(Universal_Robots_ROS2_Description) by extension 'colcon_pkg'
[2.777s] Level 1:colcon.colcon_core.package_identification:_identify(Universal_Robots_ROS2_Description) by extensions ['colcon_meta']
[2.777s] Level 1:colcon.colcon_core.package_identification:_identify(Universal_Robots_ROS2_Description) by extension 'colcon_meta'
[2.777s] Level 1:colcon.colcon_core.package_identification:_identify(Universal_Robots_ROS2_Description) by extensions ['ros']
[2.777s] Level 1:colcon.colcon_core.package_identification:_identify(Universal_Robots_ROS2_Description) by extension 'ros'
[2.798s] DEBUG:colcon.colcon_core.package_identification:Package 'Universal_Robots_ROS2_Description' with type 'ros.ament_cmake' and name 'ur_description'
[2.798s] Level 1:colcon.colcon_core.package_identification:_identify(Universal_Robots_ROS2_GZ_Simulation) by extensions ['ignore', 'ignore_ament_install']
[2.799s] Level 1:colcon.colcon_core.package_identification:_identify(Universal_Robots_ROS2_GZ_Simulation) by extension 'ignore'
[2.799s] Level 1:colcon.colcon_core.package_identification:_identify(Universal_Robots_ROS2_GZ_Simulation) by extension 'ignore_ament_install'
[2.799s] Level 1:colcon.colcon_core.package_identification:_identify(Universal_Robots_ROS2_GZ_Simulation) by extensions ['colcon_pkg']
[2.799s] Level 1:colcon.colcon_core.package_identification:_identify(Universal_Robots_ROS2_GZ_Simulation) by extension 'colcon_pkg'
[2.799s] Level 1:colcon.colcon_core.package_identification:_identify(Universal_Robots_ROS2_GZ_Simulation) by extensions ['colcon_meta']
[2.799s] Level 1:colcon.colcon_core.package_identification:_identify(Universal_Robots_ROS2_GZ_Simulation) by extension 'colcon_meta'
[2.799s] Level 1:colcon.colcon_core.package_identification:_identify(Universal_Robots_ROS2_GZ_Simulation) by extensions ['ros']
[2.799s] Level 1:colcon.colcon_core.package_identification:_identify(Universal_Robots_ROS2_GZ_Simulation) by extension 'ros'
[2.799s] Level 1:colcon.colcon_core.package_identification:_identify(Universal_Robots_ROS2_GZ_Simulation) by extensions ['cmake', 'python']
[2.799s] Level 1:colcon.colcon_core.package_identification:_identify(Universal_Robots_ROS2_GZ_Simulation) by extension 'cmake'
[2.799s] Level 1:colcon.colcon_core.package_identification:_identify(Universal_Robots_ROS2_GZ_Simulation) by extension 'python'
[2.799s] Level 1:colcon.colcon_core.package_identification:_identify(Universal_Robots_ROS2_GZ_Simulation) by extensions ['python_setup_py']
[2.800s] Level 1:colcon.colcon_core.package_identification:_identify(Universal_Robots_ROS2_GZ_Simulation) by extension 'python_setup_py'
[2.800s] Level 1:colcon.colcon_core.package_identification:_identify(Universal_Robots_ROS2_GZ_Simulation/ur_simulation_gz) by extensions ['ignore', 'ignore_ament_install']
[2.800s] Level 1:colcon.colcon_core.package_identification:_identify(Universal_Robots_ROS2_GZ_Simulation/ur_simulation_gz) by extension 'ignore'
[2.800s] Level 1:colcon.colcon_core.package_identification:_identify(Universal_Robots_ROS2_GZ_Simulation/ur_simulation_gz) by extension 'ignore_ament_install'
[2.800s] Level 1:colcon.colcon_core.package_identification:_identify(Universal_Robots_ROS2_GZ_Simulation/ur_simulation_gz) by extensions ['colcon_pkg']
[2.800s] Level 1:colcon.colcon_core.package_identification:_identify(Universal_Robots_ROS2_GZ_Simulation/ur_simulation_gz) by extension 'colcon_pkg'
[2.800s] Level 1:colcon.colcon_core.package_identification:_identify(Universal_Robots_ROS2_GZ_Simulation/ur_simulation_gz) by extensions ['colcon_meta']
[2.800s] Level 1:colcon.colcon_core.package_identification:_identify(Universal_Robots_ROS2_GZ_Simulation/ur_simulation_gz) by extension 'colcon_meta'
[2.800s] Level 1:colcon.colcon_core.package_identification:_identify(Universal_Robots_ROS2_GZ_Simulation/ur_simulation_gz) by extensions ['ros']
[2.800s] Level 1:colcon.colcon_core.package_identification:_identify(Universal_Robots_ROS2_GZ_Simulation/ur_simulation_gz) by extension 'ros'
[2.802s] DEBUG:colcon.colcon_core.package_identification:Package 'Universal_Robots_ROS2_GZ_Simulation/ur_simulation_gz' with type 'ros.ament_cmake' and name 'ur_simulation_gz'
[2.802s] Level 1:colcon.colcon_core.package_identification:_identify(build) by extensions ['ignore', 'ignore_ament_install']
[2.802s] Level 1:colcon.colcon_core.package_identification:_identify(build) by extension 'ignore'
[2.802s] Level 1:colcon.colcon_core.package_identification:_identify(build) ignored
[2.803s] Level 1:colcon.colcon_core.package_identification:_identify(install) by extensions ['ignore', 'ignore_ament_install']
[2.803s] Level 1:colcon.colcon_core.package_identification:_identify(install) by extension 'ignore'
[2.803s] Level 1:colcon.colcon_core.package_identification:_identify(install) ignored
[2.803s] Level 1:colcon.colcon_core.package_identification:_identify(log) by extensions ['ignore', 'ignore_ament_install']
[2.803s] Level 1:colcon.colcon_core.package_identification:_identify(log) by extension 'ignore'
[2.803s] Level 1:colcon.colcon_core.package_identification:_identify(log) ignored
[2.803s] Level 1:colcon.colcon_core.package_identification:_identify(ros2_robotiq_gripper) by extensions ['ignore', 'ignore_ament_install']
[2.804s] Level 1:colcon.colcon_core.package_identification:_identify(ros2_robotiq_gripper) by extension 'ignore'
[2.804s] Level 1:colcon.colcon_core.package_identification:_identify(ros2_robotiq_gripper) by extension 'ignore_ament_install'
[2.804s] Level 1:colcon.colcon_core.package_identification:_identify(ros2_robotiq_gripper) by extensions ['colcon_pkg']
[2.804s] Level 1:colcon.colcon_core.package_identification:_identify(ros2_robotiq_gripper) by extension 'colcon_pkg'
[2.804s] Level 1:colcon.colcon_core.package_identification:_identify(ros2_robotiq_gripper) by extensions ['colcon_meta']
[2.804s] Level 1:colcon.colcon_core.package_identification:_identify(ros2_robotiq_gripper) by extension 'colcon_meta'
[2.804s] Level 1:colcon.colcon_core.package_identification:_identify(ros2_robotiq_gripper) by extensions ['ros']
[2.804s] Level 1:colcon.colcon_core.package_identification:_identify(ros2_robotiq_gripper) by extension 'ros'
[2.804s] Level 1:colcon.colcon_core.package_identification:_identify(ros2_robotiq_gripper) by extensions ['cmake', 'python']
[2.804s] Level 1:colcon.colcon_core.package_identification:_identify(ros2_robotiq_gripper) by extension 'cmake'
[2.804s] Level 1:colcon.colcon_core.package_identification:_identify(ros2_robotiq_gripper) by extension 'python'
[2.804s] Level 1:colcon.colcon_core.package_identification:_identify(ros2_robotiq_gripper) by extensions ['python_setup_py']
[2.804s] Level 1:colcon.colcon_core.package_identification:_identify(ros2_robotiq_gripper) by extension 'python_setup_py'
[2.805s] Level 1:colcon.colcon_core.package_identification:_identify(ros2_robotiq_gripper/robotiq_controllers) by extensions ['ignore', 'ignore_ament_install']
[2.805s] Level 1:colcon.colcon_core.package_identification:_identify(ros2_robotiq_gripper/robotiq_controllers) by extension 'ignore'
[2.805s] Level 1:colcon.colcon_core.package_identification:_identify(ros2_robotiq_gripper/robotiq_controllers) by extension 'ignore_ament_install'
[2.805s] Level 1:colcon.colcon_core.package_identification:_identify(ros2_robotiq_gripper/robotiq_controllers) by extensions ['colcon_pkg']
[2.805s] Level 1:colcon.colcon_core.package_identification:_identify(ros2_robotiq_gripper/robotiq_controllers) by extension 'colcon_pkg'
[2.805s] Level 1:colcon.colcon_core.package_identification:_identify(ros2_robotiq_gripper/robotiq_controllers) by extensions ['colcon_meta']
[2.805s] Level 1:colcon.colcon_core.package_identification:_identify(ros2_robotiq_gripper/robotiq_controllers) by extension 'colcon_meta'
[2.805s] Level 1:colcon.colcon_core.package_identification:_identify(ros2_robotiq_gripper/robotiq_controllers) by extensions ['ros']
[2.805s] Level 1:colcon.colcon_core.package_identification:_identify(ros2_robotiq_gripper/robotiq_controllers) by extension 'ros'
[2.807s] DEBUG:colcon.colcon_core.package_identification:Package 'ros2_robotiq_gripper/robotiq_controllers' with type 'ros.ament_cmake' and name 'robotiq_controllers'
[2.807s] Level 1:colcon.colcon_core.package_identification:_identify(ros2_robotiq_gripper/robotiq_description) by extensions ['ignore', 'ignore_ament_install']
[2.807s] Level 1:colcon.colcon_core.package_identification:_identify(ros2_robotiq_gripper/robotiq_description) by extension 'ignore'
[2.807s] Level 1:colcon.colcon_core.package_identification:_identify(ros2_robotiq_gripper/robotiq_description) by extension 'ignore_ament_install'
[2.807s] Level 1:colcon.colcon_core.package_identification:_identify(ros2_robotiq_gripper/robotiq_description) by extensions ['colcon_pkg']
[2.807s] Level 1:colcon.colcon_core.package_identification:_identify(ros2_robotiq_gripper/robotiq_description) by extension 'colcon_pkg'
[2.807s] Level 1:colcon.colcon_core.package_identification:_identify(ros2_robotiq_gripper/robotiq_description) by extensions ['colcon_meta']
[2.807s] Level 1:colcon.colcon_core.package_identification:_identify(ros2_robotiq_gripper/robotiq_description) by extension 'colcon_meta'
[2.807s] Level 1:colcon.colcon_core.package_identification:_identify(ros2_robotiq_gripper/robotiq_description) by extensions ['ros']
[2.807s] Level 1:colcon.colcon_core.package_identification:_identify(ros2_robotiq_gripper/robotiq_description) by extension 'ros'
[2.809s] DEBUG:colcon.colcon_core.package_identification:Package 'ros2_robotiq_gripper/robotiq_description' with type 'ros.ament_cmake' and name 'robotiq_description'
[2.809s] Level 1:colcon.colcon_core.package_identification:_identify(ur5e_description) by extensions ['ignore', 'ignore_ament_install']
[2.809s] Level 1:colcon.colcon_core.package_identification:_identify(ur5e_description) by extension 'ignore'
[2.809s] Level 1:colcon.colcon_core.package_identification:_identify(ur5e_description) by extension 'ignore_ament_install'
[2.809s] Level 1:colcon.colcon_core.package_identification:_identify(ur5e_description) by extensions ['colcon_pkg']
[2.809s] Level 1:colcon.colcon_core.package_identification:_identify(ur5e_description) by extension 'colcon_pkg'
[2.809s] Level 1:colcon.colcon_core.package_identification:_identify(ur5e_description) by extensions ['colcon_meta']
[2.809s] Level 1:colcon.colcon_core.package_identification:_identify(ur5e_description) by extension 'colcon_meta'
[2.809s] Level 1:colcon.colcon_core.package_identification:_identify(ur5e_description) by extensions ['ros']
[2.809s] Level 1:colcon.colcon_core.package_identification:_identify(ur5e_description) by extension 'ros'
[2.811s] DEBUG:colcon.colcon_core.package_identification:Package 'ur5e_description' with type 'ros.ament_cmake' and name 'ur5e_description'
[2.812s] Level 1:colcon.colcon_core.package_identification:_identify(ur_moveit_config) by extensions ['ignore', 'ignore_ament_install']
[2.812s] Level 1:colcon.colcon_core.package_identification:_identify(ur_moveit_config) by extension 'ignore'
[2.812s] Level 1:colcon.colcon_core.package_identification:_identify(ur_moveit_config) by extension 'ignore_ament_install'
[2.812s] Level 1:colcon.colcon_core.package_identification:_identify(ur_moveit_config) by extensions ['colcon_pkg']
[2.812s] Level 1:colcon.colcon_core.package_identification:_identify(ur_moveit_config) by extension 'colcon_pkg'
[2.812s] Level 1:colcon.colcon_core.package_identification:_identify(ur_moveit_config) by extensions ['colcon_meta']
[2.812s] Level 1:colcon.colcon_core.package_identification:_identify(ur_moveit_config) by extension 'colcon_meta'
[2.812s] Level 1:colcon.colcon_core.package_identification:_identify(ur_moveit_config) by extensions ['ros']
[2.812s] Level 1:colcon.colcon_core.package_identification:_identify(ur_moveit_config) by extension 'ros'
[2.814s] DEBUG:colcon.colcon_core.package_identification:Package 'ur_moveit_config' with type 'ros.ament_cmake' and name 'ur_moveit_config'
[2.814s] Level 1:colcon.colcon_core.package_discovery:discover_packages(recursive) using defaults
[2.814s] Level 1:colcon.colcon_core.package_discovery:discover_packages(ignore) discover
[2.814s] Level 1:colcon.colcon_core.package_discovery:discover_packages(ignore) using defaults
[2.814s] Level 1:colcon.colcon_core.package_discovery:discover_packages(path) discover
[2.814s] Level 1:colcon.colcon_core.package_discovery:discover_packages(path) using defaults
[3.065s] Level 1:colcon.colcon_core.package_discovery:discover_packages(prefix_path) check parameters
[3.065s] Level 1:colcon.colcon_core.package_discovery:discover_packages(prefix_path) discover
[3.131s] DEBUG:colcon.colcon_installed_package_information.package_discovery:Found 435 installed packages in /opt/ros/jazzy
[3.133s] Level 1:colcon.colcon_core.package_discovery:discover_packages(prefix_path) using defaults
[7.296s] Level 5:colcon.colcon_core.verb:set package 'robotiq_controllers' build argument 'cmake_args' from command line to 'None'
[7.297s] Level 5:colcon.colcon_core.verb:set package 'robotiq_controllers' build argument 'cmake_target' from command line to 'None'
[7.297s] Level 5:colcon.colcon_core.verb:set package 'robotiq_controllers' build argument 'cmake_target_skip_unavailable' from command line to 'False'
[7.297s] Level 5:colcon.colcon_core.verb:set package 'robotiq_controllers' build argument 'cmake_clean_cache' from command line to 'False'
[7.297s] Level 5:colcon.colcon_core.verb:set package 'robotiq_controllers' build argument 'cmake_clean_first' from command line to 'False'
[7.297s] Level 5:colcon.colcon_core.verb:set package 'robotiq_controllers' build argument 'cmake_force_configure' from command line to 'False'
[7.297s] Level 5:colcon.colcon_core.verb:set package 'robotiq_controllers' build argument 'ament_cmake_args' from command line to 'None'
[7.297s] Level 5:colcon.colcon_core.verb:set package 'robotiq_controllers' build argument 'catkin_cmake_args' from command line to 'None'
[7.297s] Level 5:colcon.colcon_core.verb:set package 'robotiq_controllers' build argument 'catkin_skip_building_tests' from command line to 'False'
[7.297s] DEBUG:colcon.colcon_core.verb:Building package 'robotiq_controllers' with the following arguments: {'ament_cmake_args': None, 'build_base': '/home/hasan-fashtouk/ur_ws/src/build/robotiq_controllers', 'catkin_cmake_args': None, 'catkin_skip_building_tests': False, 'cmake_args': None, 'cmake_clean_cache': False, 'cmake_clean_first': False, 'cmake_force_configure': False, 'cmake_target': None, 'cmake_target_skip_unavailable': False, 'install_base': '/home/hasan-fashtouk/ur_ws/src/install/robotiq_controllers', 'merge_install': False, 'path': '/home/hasan-fashtouk/ur_ws/src/ros2_robotiq_gripper/robotiq_controllers', 'symlink_install': False, 'test_result_base': None}
[7.298s] Level 5:colcon.colcon_core.verb:set package 'robotiq_description' build argument 'cmake_args' from command line to 'None'
[7.298s] Level 5:colcon.colcon_core.verb:set package 'robotiq_description' build argument 'cmake_target' from command line to 'None'
[7.298s] Level 5:colcon.colcon_core.verb:set package 'robotiq_description' build argument 'cmake_target_skip_unavailable' from command line to 'False'
[7.298s] Level 5:colcon.colcon_core.verb:set package 'robotiq_description' build argument 'cmake_clean_cache' from command line to 'False'
[7.298s] Level 5:colcon.colcon_core.verb:set package 'robotiq_description' build argument 'cmake_clean_first' from command line to 'False'
[7.298s] Level 5:colcon.colcon_core.verb:set package 'robotiq_description' build argument 'cmake_force_configure' from command line to 'False'
[7.298s] Level 5:colcon.colcon_core.verb:set package 'robotiq_description' build argument 'ament_cmake_args' from command line to 'None'
[7.298s] Level 5:colcon.colcon_core.verb:set package 'robotiq_description' build argument 'catkin_cmake_args' from command line to 'None'
[7.298s] Level 5:colcon.colcon_core.verb:set package 'robotiq_description' build argument 'catkin_skip_building_tests' from command line to 'False'
[7.298s] DEBUG:colcon.colcon_core.verb:Building package 'robotiq_description' with the following arguments: {'ament_cmake_args': None, 'build_base': '/home/hasan-fashtouk/ur_ws/src/build/robotiq_description', 'catkin_cmake_args': None, 'catkin_skip_building_tests': False, 'cmake_args': None, 'cmake_clean_cache': False, 'cmake_clean_first': False, 'cmake_force_configure': False, 'cmake_target': None, 'cmake_target_skip_unavailable': False, 'install_base': '/home/hasan-fashtouk/ur_ws/src/install/robotiq_description', 'merge_install': False, 'path': '/home/hasan-fashtouk/ur_ws/src/ros2_robotiq_gripper/robotiq_description', 'symlink_install': False, 'test_result_base': None}
[7.299s] Level 5:colcon.colcon_core.verb:set package 'ur_description' build argument 'cmake_args' from command line to 'None'
[7.299s] Level 5:colcon.colcon_core.verb:set package 'ur_description' build argument 'cmake_target' from command line to 'None'
[7.299s] Level 5:colcon.colcon_core.verb:set package 'ur_description' build argument 'cmake_target_skip_unavailable' from command line to 'False'
[7.299s] Level 5:colcon.colcon_core.verb:set package 'ur_description' build argument 'cmake_clean_cache' from command line to 'False'
[7.299s] Level 5:colcon.colcon_core.verb:set package 'ur_description' build argument 'cmake_clean_first' from command line to 'False'
[7.299s] Level 5:colcon.colcon_core.verb:set package 'ur_description' build argument 'cmake_force_configure' from command line to 'False'
[7.299s] Level 5:colcon.colcon_core.verb:set package 'ur_description' build argument 'ament_cmake_args' from command line to 'None'
[7.299s] Level 5:colcon.colcon_core.verb:set package 'ur_description' build argument 'catkin_cmake_args' from command line to 'None'
[7.299s] Level 5:colcon.colcon_core.verb:set package 'ur_description' build argument 'catkin_skip_building_tests' from command line to 'False'
[7.299s] DEBUG:colcon.colcon_core.verb:Building package 'ur_description' with the following arguments: {'ament_cmake_args': None, 'build_base': '/home/hasan-fashtouk/ur_ws/src/build/ur_description', 'catkin_cmake_args': None, 'catkin_skip_building_tests': False, 'cmake_args': None, 'cmake_clean_cache': False, 'cmake_clean_first': False, 'cmake_force_configure': False, 'cmake_target': None, 'cmake_target_skip_unavailable': False, 'install_base': '/home/hasan-fashtouk/ur_ws/src/install/ur_description', 'merge_install': False, 'path': '/home/hasan-fashtouk/ur_ws/src/Universal_Robots_ROS2_Description', 'symlink_install': False, 'test_result_base': None}
[7.300s] Level 5:colcon.colcon_core.verb:set package 'ur5e_description' build argument 'cmake_args' from command line to 'None'
[7.300s] Level 5:colcon.colcon_core.verb:set package 'ur5e_description' build argument 'cmake_target' from command line to 'None'
[7.300s] Level 5:colcon.colcon_core.verb:set package 'ur5e_description' build argument 'cmake_target_skip_unavailable' from command line to 'False'
[7.300s] Level 5:colcon.colcon_core.verb:set package 'ur5e_description' build argument 'cmake_clean_cache' from command line to 'False'
[7.300s] Level 5:colcon.colcon_core.verb:set package 'ur5e_description' build argument 'cmake_clean_first' from command line to 'False'
[7.300s] Level 5:colcon.colcon_core.verb:set package 'ur5e_description' build argument 'cmake_force_configure' from command line to 'False'
[7.300s] Level 5:colcon.colcon_core.verb:set package 'ur5e_description' build argument 'ament_cmake_args' from command line to 'None'
[7.300s] Level 5:colcon.colcon_core.verb:set package 'ur5e_description' build argument 'catkin_cmake_args' from command line to 'None'
[7.300s] Level 5:colcon.colcon_core.verb:set package 'ur5e_description' build argument 'catkin_skip_building_tests' from command line to 'False'
[7.300s] DEBUG:colcon.colcon_core.verb:Building package 'ur5e_description' with the following arguments: {'ament_cmake_args': None, 'build_base': '/home/hasan-fashtouk/ur_ws/src/build/ur5e_description', 'catkin_cmake_args': None, 'catkin_skip_building_tests': False, 'cmake_args': None, 'cmake_clean_cache': False, 'cmake_clean_first': False, 'cmake_force_configure': False, 'cmake_target': None, 'cmake_target_skip_unavailable': False, 'install_base': '/home/hasan-fashtouk/ur_ws/src/install/ur5e_description', 'merge_install': False, 'path': '/home/hasan-fashtouk/ur_ws/src/ur5e_description', 'symlink_install': False, 'test_result_base': None}
[7.301s] Level 5:colcon.colcon_core.verb:set package 'ur_moveit_config' build argument 'cmake_args' from command line to 'None'
[7.301s] Level 5:colcon.colcon_core.verb:set package 'ur_moveit_config' build argument 'cmake_target' from command line to 'None'
[7.301s] Level 5:colcon.colcon_core.verb:set package 'ur_moveit_config' build argument 'cmake_target_skip_unavailable' from command line to 'False'
[7.301s] Level 5:colcon.colcon_core.verb:set package 'ur_moveit_config' build argument 'cmake_clean_cache' from command line to 'False'
[7.301s] Level 5:colcon.colcon_core.verb:set package 'ur_moveit_config' build argument 'cmake_clean_first' from command line to 'False'
[7.301s] Level 5:colcon.colcon_core.verb:set package 'ur_moveit_config' build argument 'cmake_force_configure' from command line to 'False'
[7.301s] Level 5:colcon.colcon_core.verb:set package 'ur_moveit_config' build argument 'ament_cmake_args' from command line to 'None'
[7.301s] Level 5:colcon.colcon_core.verb:set package 'ur_moveit_config' build argument 'catkin_cmake_args' from command line to 'None'
[7.301s] Level 5:colcon.colcon_core.verb:set package 'ur_moveit_config' build argument 'catkin_skip_building_tests' from command line to 'False'
[7.301s] DEBUG:colcon.colcon_core.verb:Building package 'ur_moveit_config' with the following arguments: {'ament_cmake_args': None, 'build_base': '/home/hasan-fashtouk/ur_ws/src/build/ur_moveit_config', 'catkin_cmake_args': None, 'catkin_skip_building_tests': False, 'cmake_args': None, 'cmake_clean_cache': False, 'cmake_clean_first': False, 'cmake_force_configure': False, 'cmake_target': None, 'cmake_target_skip_unavailable': False, 'install_base': '/home/hasan-fashtouk/ur_ws/src/install/ur_moveit_config', 'merge_install': False, 'path': '/home/hasan-fashtouk/ur_ws/src/ur_moveit_config', 'symlink_install': False, 'test_result_base': None}
[7.302s] Level 5:colcon.colcon_core.verb:set package 'ur_simulation_gz' build argument 'cmake_args' from command line to 'None'
[7.302s] Level 5:colcon.colcon_core.verb:set package 'ur_simulation_gz' build argument 'cmake_target' from command line to 'None'
[7.302s] Level 5:colcon.colcon_core.verb:set package 'ur_simulation_gz' build argument 'cmake_target_skip_unavailable' from command line to 'False'
[7.302s] Level 5:colcon.colcon_core.verb:set package 'ur_simulation_gz' build argument 'cmake_clean_cache' from command line to 'False'
[7.302s] Level 5:colcon.colcon_core.verb:set package 'ur_simulation_gz' build argument 'cmake_clean_first' from command line to 'False'
[7.302s] Level 5:colcon.colcon_core.verb:set package 'ur_simulation_gz' build argument 'cmake_force_configure' from command line to 'False'
[7.302s] Level 5:colcon.colcon_core.verb:set package 'ur_simulation_gz' build argument 'ament_cmake_args' from command line to 'None'
[7.302s] Level 5:colcon.colcon_core.verb:set package 'ur_simulation_gz' build argument 'catkin_cmake_args' from command line to 'None'
[7.302s] Level 5:colcon.colcon_core.verb:set package 'ur_simulation_gz' build argument 'catkin_skip_building_tests' from command line to 'False'
[7.302s] DEBUG:colcon.colcon_core.verb:Building package 'ur_simulation_gz' with the following arguments: {'ament_cmake_args': None, 'build_base': '/home/hasan-fashtouk/ur_ws/src/build/ur_simulation_gz', 'catkin_cmake_args': None, 'catkin_skip_building_tests': False, 'cmake_args': None, 'cmake_clean_cache': False, 'cmake_clean_first': False, 'cmake_force_configure': False, 'cmake_target': None, 'cmake_target_skip_unavailable': False, 'install_base': '/home/hasan-fashtouk/ur_ws/src/install/ur_simulation_gz', 'merge_install': False, 'path': '/home/hasan-fashtouk/ur_ws/src/Universal_Robots_ROS2_GZ_Simulation/ur_simulation_gz', 'symlink_install': False, 'test_result_base': None}
[7.302s] INFO:colcon.colcon_core.executor:Executing jobs using 'parallel' executor
[7.304s] DEBUG:colcon.colcon_parallel_executor.executor.parallel:run_until_complete
[7.304s] INFO:colcon.colcon_ros.task.ament_cmake.build:Building ROS package in '/home/hasan-fashtouk/ur_ws/src/Universal_Robots_ROS2_Description' with build type 'ament_cmake'
[7.304s] INFO:colcon.colcon_cmake.task.cmake.build:Building CMake package in '/home/hasan-fashtouk/ur_ws/src/Universal_Robots_ROS2_Description'
[7.340s] INFO:colcon.colcon_core.plugin_system:Skipping extension 'colcon_core.shell.bat': Not used on non-Windows systems
[7.341s] INFO:colcon.colcon_core.shell:Skip shell extension 'powershell' for command environment: Not usable outside of PowerShell
[7.341s] DEBUG:colcon.colcon_core.shell:Skip shell extension 'dsv' for command environment
[7.362s] INFO:colcon.colcon_ros.task.ament_cmake.build:Building ROS package in '/home/hasan-fashtouk/ur_ws/src/ros2_robotiq_gripper/robotiq_controllers' with build type 'ament_cmake'
[7.362s] INFO:colcon.colcon_cmake.task.cmake.build:Building CMake package in '/home/hasan-fashtouk/ur_ws/src/ros2_robotiq_gripper/robotiq_controllers'
[7.362s] INFO:colcon.colcon_core.shell:Skip shell extension 'powershell' for command environment: Not usable outside of PowerShell
[7.362s] DEBUG:colcon.colcon_core.shell:Skip shell extension 'dsv' for command environment
[7.370s] INFO:colcon.colcon_ros.task.ament_cmake.build:Building ROS package in '/home/hasan-fashtouk/ur_ws/src/ros2_robotiq_gripper/robotiq_description' with build type 'ament_cmake'
[7.370s] INFO:colcon.colcon_cmake.task.cmake.build:Building CMake package in '/home/hasan-fashtouk/ur_ws/src/ros2_robotiq_gripper/robotiq_description'
[7.370s] INFO:colcon.colcon_core.shell:Skip shell extension 'powershell' for command environment: Not usable outside of PowerShell
[7.370s] DEBUG:colcon.colcon_core.shell:Skip shell extension 'dsv' for command environment
[7.386s] DEBUG:colcon.colcon_core.event_handler.log_command:Invoking command in '/home/hasan-fashtouk/ur_ws/src/build/ur_description': CMAKE_PREFIX_PATH=${CMAKE_PREFIX_PATH}:/opt/ros/jazzy DEBUGINFOD_URLS=https://debuginfod.ubuntu.com /usr/bin/cmake /home/hasan-fashtouk/ur_ws/src/Universal_Robots_ROS2_Description -DCMAKE_INSTALL_PREFIX=/home/hasan-fashtouk/ur_ws/src/install/ur_description
[7.421s] DEBUG:colcon.colcon_core.event_handler.log_command:Invoking command in '/home/hasan-fashtouk/ur_ws/src/build/robotiq_description': CMAKE_PREFIX_PATH=${CMAKE_PREFIX_PATH}:/opt/ros/jazzy DEBUGINFOD_URLS=https://debuginfod.ubuntu.com /usr/bin/cmake /home/hasan-fashtouk/ur_ws/src/ros2_robotiq_gripper/robotiq_description -DCMAKE_INSTALL_PREFIX=/home/hasan-fashtouk/ur_ws/src/install/robotiq_description
[7.424s] DEBUG:colcon.colcon_core.event_handler.log_command:Invoking command in '/home/hasan-fashtouk/ur_ws/src/build/robotiq_controllers': CMAKE_PREFIX_PATH=${CMAKE_PREFIX_PATH}:/opt/ros/jazzy DEBUGINFOD_URLS=https://debuginfod.ubuntu.com /usr/bin/cmake /home/hasan-fashtouk/ur_ws/src/ros2_robotiq_gripper/robotiq_controllers -DCMAKE_INSTALL_PREFIX=/home/hasan-fashtouk/ur_ws/src/install/robotiq_controllers
[12.467s] DEBUG:colcon.colcon_core.event_handler.log_command:Invoked command in '/home/hasan-fashtouk/ur_ws/src/build/robotiq_description' returned '0': CMAKE_PREFIX_PATH=${CMAKE_PREFIX_PATH}:/opt/ros/jazzy DEBUGINFOD_URLS=https://debuginfod.ubuntu.com /usr/bin/cmake /home/hasan-fashtouk/ur_ws/src/ros2_robotiq_gripper/robotiq_description -DCMAKE_INSTALL_PREFIX=/home/hasan-fashtouk/ur_ws/src/install/robotiq_description
[12.469s] DEBUG:colcon.colcon_core.event_handler.log_command:Invoking command in '/home/hasan-fashtouk/ur_ws/src/build/robotiq_description': CMAKE_PREFIX_PATH=${CMAKE_PREFIX_PATH}:/opt/ros/jazzy DEBUGINFOD_URLS=https://debuginfod.ubuntu.com /usr/bin/cmake --build /home/hasan-fashtouk/ur_ws/src/build/robotiq_description -- -j4 -l4
[12.520s] DEBUG:colcon.colcon_core.event_handler.log_command:Invoked command in '/home/hasan-fashtouk/ur_ws/src/build/robotiq_description' returned '0': CMAKE_PREFIX_PATH=${CMAKE_PREFIX_PATH}:/opt/ros/jazzy DEBUGINFOD_URLS=https://debuginfod.ubuntu.com /usr/bin/cmake --build /home/hasan-fashtouk/ur_ws/src/build/robotiq_description -- -j4 -l4
[12.535s] DEBUG:colcon.colcon_core.event_handler.log_command:Invoking command in '/home/hasan-fashtouk/ur_ws/src/build/robotiq_description': CMAKE_PREFIX_PATH=${CMAKE_PREFIX_PATH}:/opt/ros/jazzy DEBUGINFOD_URLS=https://debuginfod.ubuntu.com /usr/bin/cmake --install /home/hasan-fashtouk/ur_ws/src/build/robotiq_description
[12.574s] Level 1:colcon.colcon_core.environment:create_environment_scripts_only(robotiq_description)
[12.576s] DEBUG:colcon.colcon_core.event_handler.log_command:Invoked command in '/home/hasan-fashtouk/ur_ws/src/build/robotiq_description' returned '0': CMAKE_PREFIX_PATH=${CMAKE_PREFIX_PATH}:/opt/ros/jazzy DEBUGINFOD_URLS=https://debuginfod.ubuntu.com /usr/bin/cmake --install /home/hasan-fashtouk/ur_ws/src/build/robotiq_description
[12.679s] Level 1:colcon.colcon_core.environment:checking '/home/hasan-fashtouk/ur_ws/src/install/robotiq_description' for CMake module files
[12.679s] Level 1:colcon.colcon_core.environment:checking '/home/hasan-fashtouk/ur_ws/src/install/robotiq_description' for CMake config files
[12.680s] Level 1:colcon.colcon_core.shell:create_environment_hook('robotiq_description', 'cmake_prefix_path')
[12.680s] INFO:colcon.colcon_core.shell:Creating environment hook '/home/hasan-fashtouk/ur_ws/src/install/robotiq_description/share/robotiq_description/hook/cmake_prefix_path.ps1'
[12.697s] INFO:colcon.colcon_core.shell:Creating environment descriptor '/home/hasan-fashtouk/ur_ws/src/install/robotiq_description/share/robotiq_description/hook/cmake_prefix_path.dsv'
[12.724s] INFO:colcon.colcon_core.shell:Creating environment hook '/home/hasan-fashtouk/ur_ws/src/install/robotiq_description/share/robotiq_description/hook/cmake_prefix_path.sh'
[12.726s] Level 1:colcon.colcon_core.environment:checking '/home/hasan-fashtouk/ur_ws/src/install/robotiq_description/bin'
[12.726s] Level 1:colcon.colcon_core.environment:checking '/home/hasan-fashtouk/ur_ws/src/install/robotiq_description/lib/pkgconfig/robotiq_description.pc'
[12.726s] Level 1:colcon.colcon_core.environment:checking '/home/hasan-fashtouk/ur_ws/src/install/robotiq_description/lib/python3.12/site-packages'
[12.727s] Level 1:colcon.colcon_core.environment:checking '/home/hasan-fashtouk/ur_ws/src/install/robotiq_description/bin'
[12.728s] INFO:colcon.colcon_core.shell:Creating package script '/home/hasan-fashtouk/ur_ws/src/install/robotiq_description/share/robotiq_description/package.ps1'
[12.729s] INFO:colcon.colcon_core.shell:Creating package descriptor '/home/hasan-fashtouk/ur_ws/src/install/robotiq_description/share/robotiq_description/package.dsv'
[12.758s] INFO:colcon.colcon_core.shell:Creating package script '/home/hasan-fashtouk/ur_ws/src/install/robotiq_description/share/robotiq_description/package.sh'
[12.759s] INFO:colcon.colcon_core.shell:Creating package script '/home/hasan-fashtouk/ur_ws/src/install/robotiq_description/share/robotiq_description/package.bash'
[12.777s] INFO:colcon.colcon_core.shell:Creating package script '/home/hasan-fashtouk/ur_ws/src/install/robotiq_description/share/robotiq_description/package.zsh'
[12.831s] Level 1:colcon.colcon_core.environment:create_file_with_runtime_dependencies(/home/hasan-fashtouk/ur_ws/src/install/robotiq_description/share/colcon-core/packages/robotiq_description)
[12.832s] Level 1:colcon.colcon_core.environment:create_environment_scripts_only(robotiq_description)
[12.832s] Level 1:colcon.colcon_core.environment:checking '/home/hasan-fashtouk/ur_ws/src/install/robotiq_description' for CMake module files
[12.833s] Level 1:colcon.colcon_core.environment:checking '/home/hasan-fashtouk/ur_ws/src/install/robotiq_description' for CMake config files
[12.834s] Level 1:colcon.colcon_core.shell:create_environment_hook('robotiq_description', 'cmake_prefix_path')
[12.834s] INFO:colcon.colcon_core.shell:Creating environment hook '/home/hasan-fashtouk/ur_ws/src/install/robotiq_description/share/robotiq_description/hook/cmake_prefix_path.ps1'
[12.835s] INFO:colcon.colcon_core.shell:Creating environment descriptor '/home/hasan-fashtouk/ur_ws/src/install/robotiq_description/share/robotiq_description/hook/cmake_prefix_path.dsv'
[12.835s] INFO:colcon.colcon_core.shell:Creating environment hook '/home/hasan-fashtouk/ur_ws/src/install/robotiq_description/share/robotiq_description/hook/cmake_prefix_path.sh'
[12.836s] Level 1:colcon.colcon_core.environment:checking '/home/hasan-fashtouk/ur_ws/src/install/robotiq_description/bin'
[12.836s] Level 1:colcon.colcon_core.environment:checking '/home/hasan-fashtouk/ur_ws/src/install/robotiq_description/lib/pkgconfig/robotiq_description.pc'
[12.837s] Level 1:colcon.colcon_core.environment:checking '/home/hasan-fashtouk/ur_ws/src/install/robotiq_description/lib/python3.12/site-packages'
[12.837s] Level 1:colcon.colcon_core.environment:checking '/home/hasan-fashtouk/ur_ws/src/install/robotiq_description/bin'
[12.838s] INFO:colcon.colcon_core.shell:Creating package script '/home/hasan-fashtouk/ur_ws/src/install/robotiq_description/share/robotiq_description/package.ps1'
[12.839s] INFO:colcon.colcon_core.shell:Creating package descriptor '/home/hasan-fashtouk/ur_ws/src/install/robotiq_description/share/robotiq_description/package.dsv'
[12.839s] INFO:colcon.colcon_core.shell:Creating package script '/home/hasan-fashtouk/ur_ws/src/install/robotiq_description/share/robotiq_description/package.sh'
[12.840s] INFO:colcon.colcon_core.shell:Creating package script '/home/hasan-fashtouk/ur_ws/src/install/robotiq_description/share/robotiq_description/package.bash'
[12.841s] INFO:colcon.colcon_core.shell:Creating package script '/home/hasan-fashtouk/ur_ws/src/install/robotiq_description/share/robotiq_description/package.zsh'
[12.841s] Level 1:colcon.colcon_core.environment:create_file_with_runtime_dependencies(/home/hasan-fashtouk/ur_ws/src/install/robotiq_description/share/colcon-core/packages/robotiq_description)
[18.090s] DEBUG:colcon.colcon_core.event_handler.log_command:Invoked command in '/home/hasan-fashtouk/ur_ws/src/build/ur_description' returned '0': CMAKE_PREFIX_PATH=${CMAKE_PREFIX_PATH}:/opt/ros/jazzy DEBUGINFOD_URLS=https://debuginfod.ubuntu.com /usr/bin/cmake /home/hasan-fashtouk/ur_ws/src/Universal_Robots_ROS2_Description -DCMAKE_INSTALL_PREFIX=/home/hasan-fashtouk/ur_ws/src/install/ur_description
[18.092s] DEBUG:colcon.colcon_core.event_handler.log_command:Invoking command in '/home/hasan-fashtouk/ur_ws/src/build/ur_description': CMAKE_PREFIX_PATH=${CMAKE_PREFIX_PATH}:/opt/ros/jazzy DEBUGINFOD_URLS=https://debuginfod.ubuntu.com /usr/bin/cmake --build /home/hasan-fashtouk/ur_ws/src/build/ur_description -- -j4 -l4
[18.145s] DEBUG:colcon.colcon_core.event_handler.log_command:Invoked command in '/home/hasan-fashtouk/ur_ws/src/build/ur_description' returned '0': CMAKE_PREFIX_PATH=${CMAKE_PREFIX_PATH}:/opt/ros/jazzy DEBUGINFOD_URLS=https://debuginfod.ubuntu.com /usr/bin/cmake --build /home/hasan-fashtouk/ur_ws/src/build/ur_description -- -j4 -l4
[18.147s] DEBUG:colcon.colcon_core.event_handler.log_command:Invoking command in '/home/hasan-fashtouk/ur_ws/src/build/ur_description': CMAKE_PREFIX_PATH=${CMAKE_PREFIX_PATH}:/opt/ros/jazzy DEBUGINFOD_URLS=https://debuginfod.ubuntu.com /usr/bin/cmake --install /home/hasan-fashtouk/ur_ws/src/build/ur_description
[18.343s] Level 1:colcon.colcon_core.environment:create_environment_scripts_only(ur_description)
[18.343s] Level 1:colcon.colcon_core.environment:checking '/home/hasan-fashtouk/ur_ws/src/install/ur_description' for CMake module files
[18.345s] Level 1:colcon.colcon_core.environment:checking '/home/hasan-fashtouk/ur_ws/src/install/ur_description' for CMake config files
[18.347s] DEBUG:colcon.colcon_core.event_handler.log_command:Invoked command in '/home/hasan-fashtouk/ur_ws/src/build/ur_description' returned '0': CMAKE_PREFIX_PATH=${CMAKE_PREFIX_PATH}:/opt/ros/jazzy DEBUGINFOD_URLS=https://debuginfod.ubuntu.com /usr/bin/cmake --install /home/hasan-fashtouk/ur_ws/src/build/ur_description
[18.349s] Level 1:colcon.colcon_core.shell:create_environment_hook('ur_description', 'cmake_prefix_path')
[18.349s] INFO:colcon.colcon_core.shell:Creating environment hook '/home/hasan-fashtouk/ur_ws/src/install/ur_description/share/ur_description/hook/cmake_prefix_path.ps1'
[18.350s] INFO:colcon.colcon_core.shell:Creating environment descriptor '/home/hasan-fashtouk/ur_ws/src/install/ur_description/share/ur_description/hook/cmake_prefix_path.dsv'
[18.351s] INFO:colcon.colcon_core.shell:Creating environment hook '/home/hasan-fashtouk/ur_ws/src/install/ur_description/share/ur_description/hook/cmake_prefix_path.sh'
[18.352s] Level 1:colcon.colcon_core.environment:checking '/home/hasan-fashtouk/ur_ws/src/install/ur_description/bin'
[18.352s] Level 1:colcon.colcon_core.environment:checking '/home/hasan-fashtouk/ur_ws/src/install/ur_description/lib/pkgconfig/ur_description.pc'
[18.353s] Level 1:colcon.colcon_core.environment:checking '/home/hasan-fashtouk/ur_ws/src/install/ur_description/lib/python3.12/site-packages'
[18.353s] Level 1:colcon.colcon_core.environment:checking '/home/hasan-fashtouk/ur_ws/src/install/ur_description/bin'
[18.354s] INFO:colcon.colcon_core.shell:Creating package script '/home/hasan-fashtouk/ur_ws/src/install/ur_description/share/ur_description/package.ps1'
[18.355s] INFO:colcon.colcon_core.shell:Creating package descriptor '/home/hasan-fashtouk/ur_ws/src/install/ur_description/share/ur_description/package.dsv'
[18.355s] INFO:colcon.colcon_core.shell:Creating package script '/home/hasan-fashtouk/ur_ws/src/install/ur_description/share/ur_description/package.sh'
[18.356s] INFO:colcon.colcon_core.shell:Creating package script '/home/hasan-fashtouk/ur_ws/src/install/ur_description/share/ur_description/package.bash'
[18.356s] INFO:colcon.colcon_core.shell:Creating package script '/home/hasan-fashtouk/ur_ws/src/install/ur_description/share/ur_description/package.zsh'
[18.357s] Level 1:colcon.colcon_core.environment:create_file_with_runtime_dependencies(/home/hasan-fashtouk/ur_ws/src/install/ur_description/share/colcon-core/packages/ur_description)
[18.358s] Level 1:colcon.colcon_core.environment:create_environment_scripts_only(ur_description)
[18.358s] Level 1:colcon.colcon_core.environment:checking '/home/hasan-fashtouk/ur_ws/src/install/ur_description' for CMake module files
[18.359s] Level 1:colcon.colcon_core.environment:checking '/home/hasan-fashtouk/ur_ws/src/install/ur_description' for CMake config files
[18.361s] Level 1:colcon.colcon_core.shell:create_environment_hook('ur_description', 'cmake_prefix_path')
[18.361s] INFO:colcon.colcon_core.shell:Creating environment hook '/home/hasan-fashtouk/ur_ws/src/install/ur_description/share/ur_description/hook/cmake_prefix_path.ps1'
[18.362s] INFO:colcon.colcon_core.shell:Creating environment descriptor '/home/hasan-fashtouk/ur_ws/src/install/ur_description/share/ur_description/hook/cmake_prefix_path.dsv'
[18.362s] INFO:colcon.colcon_core.shell:Creating environment hook '/home/hasan-fashtouk/ur_ws/src/install/ur_description/share/ur_description/hook/cmake_prefix_path.sh'
[18.363s] Level 1:colcon.colcon_core.environment:checking '/home/hasan-fashtouk/ur_ws/src/install/ur_description/bin'
[18.363s] Level 1:colcon.colcon_core.environment:checking '/home/hasan-fashtouk/ur_ws/src/install/ur_description/lib/pkgconfig/ur_description.pc'
[18.364s] Level 1:colcon.colcon_core.environment:checking '/home/hasan-fashtouk/ur_ws/src/install/ur_description/lib/python3.12/site-packages'
[18.364s] Level 1:colcon.colcon_core.environment:checking '/home/hasan-fashtouk/ur_ws/src/install/ur_description/bin'
[18.365s] INFO:colcon.colcon_core.shell:Creating package script '/home/hasan-fashtouk/ur_ws/src/install/ur_description/share/ur_description/package.ps1'
[18.365s] INFO:colcon.colcon_core.shell:Creating package descriptor '/home/hasan-fashtouk/ur_ws/src/install/ur_description/share/ur_description/package.dsv'
[18.366s] INFO:colcon.colcon_core.shell:Creating package script '/home/hasan-fashtouk/ur_ws/src/install/ur_description/share/ur_description/package.sh'
[18.367s] INFO:colcon.colcon_core.shell:Creating package script '/home/hasan-fashtouk/ur_ws/src/install/ur_description/share/ur_description/package.bash'
[18.367s] INFO:colcon.colcon_core.shell:Creating package script '/home/hasan-fashtouk/ur_ws/src/install/ur_description/share/ur_description/package.zsh'
[18.368s] Level 1:colcon.colcon_core.environment:create_file_with_runtime_dependencies(/home/hasan-fashtouk/ur_ws/src/install/ur_description/share/colcon-core/packages/ur_description)
[18.369s] INFO:colcon.colcon_ros.task.ament_cmake.build:Building ROS package in '/home/hasan-fashtouk/ur_ws/src/ur5e_description' with build type 'ament_cmake'
[18.369s] INFO:colcon.colcon_cmake.task.cmake.build:Building CMake package in '/home/hasan-fashtouk/ur_ws/src/ur5e_description'
[18.369s] INFO:colcon.colcon_core.shell:Skip shell extension 'powershell' for command environment: Not usable outside of PowerShell
[18.369s] DEBUG:colcon.colcon_core.shell:Skip shell extension 'dsv' for command environment
[18.386s] DEBUG:colcon.colcon_core.event_handler.log_command:Invoking command in '/home/hasan-fashtouk/ur_ws/src/build/ur5e_description': AMENT_PREFIX_PATH=/home/hasan-fashtouk/ur_ws/src/install/ur_description:${AMENT_PREFIX_PATH} CMAKE_PREFIX_PATH=/home/hasan-fashtouk/ur_ws/src/install/ur_description:/opt/ros/jazzy/opt/gz_sim_vendor:/opt/ros/jazzy/opt/gz_sensors_vendor:/opt/ros/jazzy/opt/gz_physics_vendor:/opt/ros/jazzy/opt/sdformat_vendor:/opt/ros/jazzy/opt/gz_gui_vendor:/opt/ros/jazzy/opt/gz_transport_vendor:/opt/ros/jazzy/opt/gz_rendering_vendor:/opt/ros/jazzy/opt/gz_plugin_vendor:/opt/ros/jazzy/opt/gz_fuel_tools_vendor:/opt/ros/jazzy/opt/gz_msgs_vendor:/opt/ros/jazzy/opt/gz_common_vendor:/opt/ros/jazzy/opt/gz_math_vendor:/opt/ros/jazzy/opt/gz_utils_vendor:/opt/ros/jazzy/opt/gz_tools_vendor:/opt/ros/jazzy/opt/gz_ogre_next_vendor:/opt/ros/jazzy/opt/gz_dartsim_vendor:/opt/ros/jazzy/opt/gz_cmake_vendor:/opt/ros/jazzy DEBUGINFOD_URLS=https://debuginfod.ubuntu.com /usr/bin/cmake /home/hasan-fashtouk/ur_ws/src/ur5e_description -DCMAKE_INSTALL_PREFIX=/home/hasan-fashtouk/ur_ws/src/install/ur5e_description
[20.181s] DEBUG:colcon.colcon_core.event_handler.log_command:Invoked command in '/home/hasan-fashtouk/ur_ws/src/build/ur5e_description' returned '0': AMENT_PREFIX_PATH=/home/hasan-fashtouk/ur_ws/src/install/ur_description:${AMENT_PREFIX_PATH} CMAKE_PREFIX_PATH=/home/hasan-fashtouk/ur_ws/src/install/ur_description:/opt/ros/jazzy/opt/gz_sim_vendor:/opt/ros/jazzy/opt/gz_sensors_vendor:/opt/ros/jazzy/opt/gz_physics_vendor:/opt/ros/jazzy/opt/sdformat_vendor:/opt/ros/jazzy/opt/gz_gui_vendor:/opt/ros/jazzy/opt/gz_transport_vendor:/opt/ros/jazzy/opt/gz_rendering_vendor:/opt/ros/jazzy/opt/gz_plugin_vendor:/opt/ros/jazzy/opt/gz_fuel_tools_vendor:/opt/ros/jazzy/opt/gz_msgs_vendor:/opt/ros/jazzy/opt/gz_common_vendor:/opt/ros/jazzy/opt/gz_math_vendor:/opt/ros/jazzy/opt/gz_utils_vendor:/opt/ros/jazzy/opt/gz_tools_vendor:/opt/ros/jazzy/opt/gz_ogre_next_vendor:/opt/ros/jazzy/opt/gz_dartsim_vendor:/opt/ros/jazzy/opt/gz_cmake_vendor:/opt/ros/jazzy DEBUGINFOD_URLS=https://debuginfod.ubuntu.com /usr/bin/cmake /home/hasan-fashtouk/ur_ws/src/ur5e_description -DCMAKE_INSTALL_PREFIX=/home/hasan-fashtouk/ur_ws/src/install/ur5e_description
[20.183s] DEBUG:colcon.colcon_core.event_handler.log_command:Invoking command in '/home/hasan-fashtouk/ur_ws/src/build/ur5e_description': AMENT_PREFIX_PATH=/home/hasan-fashtouk/ur_ws/src/install/ur_description:${AMENT_PREFIX_PATH} CMAKE_PREFIX_PATH=/home/hasan-fashtouk/ur_ws/src/install/ur_description:/opt/ros/jazzy/opt/gz_sim_vendor:/opt/ros/jazzy/opt/gz_sensors_vendor:/opt/ros/jazzy/opt/gz_physics_vendor:/opt/ros/jazzy/opt/sdformat_vendor:/opt/ros/jazzy/opt/gz_gui_vendor:/opt/ros/jazzy/opt/gz_transport_vendor:/opt/ros/jazzy/opt/gz_rendering_vendor:/opt/ros/jazzy/opt/gz_plugin_vendor:/opt/ros/jazzy/opt/gz_fuel_tools_vendor:/opt/ros/jazzy/opt/gz_msgs_vendor:/opt/ros/jazzy/opt/gz_common_vendor:/opt/ros/jazzy/opt/gz_math_vendor:/opt/ros/jazzy/opt/gz_utils_vendor:/opt/ros/jazzy/opt/gz_tools_vendor:/opt/ros/jazzy/opt/gz_ogre_next_vendor:/opt/ros/jazzy/opt/gz_dartsim_vendor:/opt/ros/jazzy/opt/gz_cmake_vendor:/opt/ros/jazzy DEBUGINFOD_URLS=https://debuginfod.ubuntu.com /usr/bin/cmake --build /home/hasan-fashtouk/ur_ws/src/build/ur5e_description -- -j4 -l4
[20.243s] DEBUG:colcon.colcon_core.event_handler.log_command:Invoked command in '/home/hasan-fashtouk/ur_ws/src/build/ur5e_description' returned '0': AMENT_PREFIX_PATH=/home/hasan-fashtouk/ur_ws/src/install/ur_description:${AMENT_PREFIX_PATH} CMAKE_PREFIX_PATH=/home/hasan-fashtouk/ur_ws/src/install/ur_description:/opt/ros/jazzy/opt/gz_sim_vendor:/opt/ros/jazzy/opt/gz_sensors_vendor:/opt/ros/jazzy/opt/gz_physics_vendor:/opt/ros/jazzy/opt/sdformat_vendor:/opt/ros/jazzy/opt/gz_gui_vendor:/opt/ros/jazzy/opt/gz_transport_vendor:/opt/ros/jazzy/opt/gz_rendering_vendor:/opt/ros/jazzy/opt/gz_plugin_vendor:/opt/ros/jazzy/opt/gz_fuel_tools_vendor:/opt/ros/jazzy/opt/gz_msgs_vendor:/opt/ros/jazzy/opt/gz_common_vendor:/opt/ros/jazzy/opt/gz_math_vendor:/opt/ros/jazzy/opt/gz_utils_vendor:/opt/ros/jazzy/opt/gz_tools_vendor:/opt/ros/jazzy/opt/gz_ogre_next_vendor:/opt/ros/jazzy/opt/gz_dartsim_vendor:/opt/ros/jazzy/opt/gz_cmake_vendor:/opt/ros/jazzy DEBUGINFOD_URLS=https://debuginfod.ubuntu.com /usr/bin/cmake --build /home/hasan-fashtouk/ur_ws/src/build/ur5e_description -- -j4 -l4
[20.245s] DEBUG:colcon.colcon_core.event_handler.log_command:Invoking command in '/home/hasan-fashtouk/ur_ws/src/build/ur5e_description': AMENT_PREFIX_PATH=/home/hasan-fashtouk/ur_ws/src/install/ur_description:${AMENT_PREFIX_PATH} CMAKE_PREFIX_PATH=/home/hasan-fashtouk/ur_ws/src/install/ur_description:/opt/ros/jazzy/opt/gz_sim_vendor:/opt/ros/jazzy/opt/gz_sensors_vendor:/opt/ros/jazzy/opt/gz_physics_vendor:/opt/ros/jazzy/opt/sdformat_vendor:/opt/ros/jazzy/opt/gz_gui_vendor:/opt/ros/jazzy/opt/gz_transport_vendor:/opt/ros/jazzy/opt/gz_rendering_vendor:/opt/ros/jazzy/opt/gz_plugin_vendor:/opt/ros/jazzy/opt/gz_fuel_tools_vendor:/opt/ros/jazzy/opt/gz_msgs_vendor:/opt/ros/jazzy/opt/gz_common_vendor:/opt/ros/jazzy/opt/gz_math_vendor:/opt/ros/jazzy/opt/gz_utils_vendor:/opt/ros/jazzy/opt/gz_tools_vendor:/opt/ros/jazzy/opt/gz_ogre_next_vendor:/opt/ros/jazzy/opt/gz_dartsim_vendor:/opt/ros/jazzy/opt/gz_cmake_vendor:/opt/ros/jazzy DEBUGINFOD_URLS=https://debuginfod.ubuntu.com /usr/bin/cmake --install /home/hasan-fashtouk/ur_ws/src/build/ur5e_description
[20.269s] Level 1:colcon.colcon_core.environment:create_environment_scripts_only(ur5e_description)
[20.270s] Level 1:colcon.colcon_core.environment:checking '/home/hasan-fashtouk/ur_ws/src/install/ur5e_description' for CMake module files
[20.272s] Level 1:colcon.colcon_core.environment:checking '/home/hasan-fashtouk/ur_ws/src/install/ur5e_description' for CMake config files
[20.272s] DEBUG:colcon.colcon_core.event_handler.log_command:Invoked command in '/home/hasan-fashtouk/ur_ws/src/build/ur5e_description' returned '0': AMENT_PREFIX_PATH=/home/hasan-fashtouk/ur_ws/src/install/ur_description:${AMENT_PREFIX_PATH} CMAKE_PREFIX_PATH=/home/hasan-fashtouk/ur_ws/src/install/ur_description:/opt/ros/jazzy/opt/gz_sim_vendor:/opt/ros/jazzy/opt/gz_sensors_vendor:/opt/ros/jazzy/opt/gz_physics_vendor:/opt/ros/jazzy/opt/sdformat_vendor:/opt/ros/jazzy/opt/gz_gui_vendor:/opt/ros/jazzy/opt/gz_transport_vendor:/opt/ros/jazzy/opt/gz_rendering_vendor:/opt/ros/jazzy/opt/gz_plugin_vendor:/opt/ros/jazzy/opt/gz_fuel_tools_vendor:/opt/ros/jazzy/opt/gz_msgs_vendor:/opt/ros/jazzy/opt/gz_common_vendor:/opt/ros/jazzy/opt/gz_math_vendor:/opt/ros/jazzy/opt/gz_utils_vendor:/opt/ros/jazzy/opt/gz_tools_vendor:/opt/ros/jazzy/opt/gz_ogre_next_vendor:/opt/ros/jazzy/opt/gz_dartsim_vendor:/opt/ros/jazzy/opt/gz_cmake_vendor:/opt/ros/jazzy DEBUGINFOD_URLS=https://debuginfod.ubuntu.com /usr/bin/cmake --install /home/hasan-fashtouk/ur_ws/src/build/ur5e_description
[20.273s] Level 1:colcon.colcon_core.shell:create_environment_hook('ur5e_description', 'cmake_prefix_path')
[20.273s] INFO:colcon.colcon_core.shell:Creating environment hook '/home/hasan-fashtouk/ur_ws/src/install/ur5e_description/share/ur5e_description/hook/cmake_prefix_path.ps1'
[20.274s] INFO:colcon.colcon_core.shell:Creating environment descriptor '/home/hasan-fashtouk/ur_ws/src/install/ur5e_description/share/ur5e_description/hook/cmake_prefix_path.dsv'
[20.274s] INFO:colcon.colcon_core.shell:Creating environment hook '/home/hasan-fashtouk/ur_ws/src/install/ur5e_description/share/ur5e_description/hook/cmake_prefix_path.sh'
[20.275s] Level 1:colcon.colcon_core.environment:checking '/home/hasan-fashtouk/ur_ws/src/install/ur5e_description/bin'
[20.275s] Level 1:colcon.colcon_core.environment:checking '/home/hasan-fashtouk/ur_ws/src/install/ur5e_description/lib/pkgconfig/ur5e_description.pc'
[20.276s] Level 1:colcon.colcon_core.environment:checking '/home/hasan-fashtouk/ur_ws/src/install/ur5e_description/lib/python3.12/site-packages'
[20.277s] Level 1:colcon.colcon_core.environment:checking '/home/hasan-fashtouk/ur_ws/src/install/ur5e_description/bin'
[20.277s] INFO:colcon.colcon_core.shell:Creating package script '/home/hasan-fashtouk/ur_ws/src/install/ur5e_description/share/ur5e_description/package.ps1'
[20.278s] INFO:colcon.colcon_core.shell:Creating package descriptor '/home/hasan-fashtouk/ur_ws/src/install/ur5e_description/share/ur5e_description/package.dsv'
[20.278s] INFO:colcon.colcon_core.shell:Creating package script '/home/hasan-fashtouk/ur_ws/src/install/ur5e_description/share/ur5e_description/package.sh'
[20.279s] INFO:colcon.colcon_core.shell:Creating package script '/home/hasan-fashtouk/ur_ws/src/install/ur5e_description/share/ur5e_description/package.bash'
[20.280s] INFO:colcon.colcon_core.shell:Creating package script '/home/hasan-fashtouk/ur_ws/src/install/ur5e_description/share/ur5e_description/package.zsh'
[20.280s] Level 1:colcon.colcon_core.environment:create_file_with_runtime_dependencies(/home/hasan-fashtouk/ur_ws/src/install/ur5e_description/share/colcon-core/packages/ur5e_description)
[20.281s] Level 1:colcon.colcon_core.environment:create_environment_scripts_only(ur5e_description)
[20.281s] Level 1:colcon.colcon_core.environment:checking '/home/hasan-fashtouk/ur_ws/src/install/ur5e_description' for CMake module files
[20.282s] Level 1:colcon.colcon_core.environment:checking '/home/hasan-fashtouk/ur_ws/src/install/ur5e_description' for CMake config files
[20.283s] Level 1:colcon.colcon_core.shell:create_environment_hook('ur5e_description', 'cmake_prefix_path')
[20.283s] INFO:colcon.colcon_core.shell:Creating environment hook '/home/hasan-fashtouk/ur_ws/src/install/ur5e_description/share/ur5e_description/hook/cmake_prefix_path.ps1'
[20.284s] INFO:colcon.colcon_core.shell:Creating environment descriptor '/home/hasan-fashtouk/ur_ws/src/install/ur5e_description/share/ur5e_description/hook/cmake_prefix_path.dsv'
[20.284s] INFO:colcon.colcon_core.shell:Creating environment hook '/home/hasan-fashtouk/ur_ws/src/install/ur5e_description/share/ur5e_description/hook/cmake_prefix_path.sh'
[20.285s] Level 1:colcon.colcon_core.environment:checking '/home/hasan-fashtouk/ur_ws/src/install/ur5e_description/bin'
[20.285s] Level 1:colcon.colcon_core.environment:checking '/home/hasan-fashtouk/ur_ws/src/install/ur5e_description/lib/pkgconfig/ur5e_description.pc'
[20.286s] Level 1:colcon.colcon_core.environment:checking '/home/hasan-fashtouk/ur_ws/src/install/ur5e_description/lib/python3.12/site-packages'
[20.286s] Level 1:colcon.colcon_core.environment:checking '/home/hasan-fashtouk/ur_ws/src/install/ur5e_description/bin'
[20.287s] INFO:colcon.colcon_core.shell:Creating package script '/home/hasan-fashtouk/ur_ws/src/install/ur5e_description/share/ur5e_description/package.ps1'
[20.287s] INFO:colcon.colcon_core.shell:Creating package descriptor '/home/hasan-fashtouk/ur_ws/src/install/ur5e_description/share/ur5e_description/package.dsv'
[20.288s] INFO:colcon.colcon_core.shell:Creating package script '/home/hasan-fashtouk/ur_ws/src/install/ur5e_description/share/ur5e_description/package.sh'
[20.289s] INFO:colcon.colcon_core.shell:Creating package script '/home/hasan-fashtouk/ur_ws/src/install/ur5e_description/share/ur5e_description/package.bash'
[20.290s] INFO:colcon.colcon_core.shell:Creating package script '/home/hasan-fashtouk/ur_ws/src/install/ur5e_description/share/ur5e_description/package.zsh'
[20.290s] Level 1:colcon.colcon_core.environment:create_file_with_runtime_dependencies(/home/hasan-fashtouk/ur_ws/src/install/ur5e_description/share/colcon-core/packages/ur5e_description)
[20.291s] INFO:colcon.colcon_ros.task.ament_cmake.build:Building ROS package in '/home/hasan-fashtouk/ur_ws/src/ur_moveit_config' with build type 'ament_cmake'
[20.291s] INFO:colcon.colcon_cmake.task.cmake.build:Building CMake package in '/home/hasan-fashtouk/ur_ws/src/ur_moveit_config'
[20.291s] INFO:colcon.colcon_core.shell:Skip shell extension 'powershell' for command environment: Not usable outside of PowerShell
[20.291s] DEBUG:colcon.colcon_core.shell:Skip shell extension 'dsv' for command environment
[20.311s] DEBUG:colcon.colcon_core.event_handler.log_command:Invoking command in '/home/hasan-fashtouk/ur_ws/src/build/ur_moveit_config': AMENT_PREFIX_PATH=/home/hasan-fashtouk/ur_ws/src/install/ur5e_description:/home/hasan-fashtouk/ur_ws/src/install/ur_description:${AMENT_PREFIX_PATH} CMAKE_PREFIX_PATH=/home/hasan-fashtouk/ur_ws/src/install/ur5e_description:/home/hasan-fashtouk/ur_ws/src/install/ur_description:/opt/ros/jazzy/opt/gz_sim_vendor:/opt/ros/jazzy/opt/gz_sensors_vendor:/opt/ros/jazzy/opt/gz_physics_vendor:/opt/ros/jazzy/opt/sdformat_vendor:/opt/ros/jazzy/opt/gz_gui_vendor:/opt/ros/jazzy/opt/gz_transport_vendor:/opt/ros/jazzy/opt/gz_rendering_vendor:/opt/ros/jazzy/opt/gz_plugin_vendor:/opt/ros/jazzy/opt/gz_fuel_tools_vendor:/opt/ros/jazzy/opt/gz_msgs_vendor:/opt/ros/jazzy/opt/gz_common_vendor:/opt/ros/jazzy/opt/gz_math_vendor:/opt/ros/jazzy/opt/gz_utils_vendor:/opt/ros/jazzy/opt/gz_tools_vendor:/opt/ros/jazzy/opt/gz_ogre_next_vendor:/opt/ros/jazzy/opt/gz_dartsim_vendor:/opt/ros/jazzy/opt/gz_cmake_vendor:/opt/ros/jazzy DEBUGINFOD_URLS=https://debuginfod.ubuntu.com /usr/bin/cmake /home/hasan-fashtouk/ur_ws/src/ur_moveit_config -DCMAKE_INSTALL_PREFIX=/home/hasan-fashtouk/ur_ws/src/install/ur_moveit_config
[20.915s] DEBUG:colcon.colcon_core.event_handler.log_command:Invoked command in '/home/hasan-fashtouk/ur_ws/src/build/robotiq_controllers' returned '0': CMAKE_PREFIX_PATH=${CMAKE_PREFIX_PATH}:/opt/ros/jazzy DEBUGINFOD_URLS=https://debuginfod.ubuntu.com /usr/bin/cmake /home/hasan-fashtouk/ur_ws/src/ros2_robotiq_gripper/robotiq_controllers -DCMAKE_INSTALL_PREFIX=/home/hasan-fashtouk/ur_ws/src/install/robotiq_controllers
[20.917s] DEBUG:colcon.colcon_core.event_handler.log_command:Invoking command in '/home/hasan-fashtouk/ur_ws/src/build/robotiq_controllers': CMAKE_PREFIX_PATH=${CMAKE_PREFIX_PATH}:/opt/ros/jazzy DEBUGINFOD_URLS=https://debuginfod.ubuntu.com /usr/bin/cmake --build /home/hasan-fashtouk/ur_ws/src/build/robotiq_controllers -- -j4 -l4
[21.468s] DEBUG:colcon.colcon_core.event_handler.log_command:Invoked command in '/home/hasan-fashtouk/ur_ws/src/build/ur_moveit_config' returned '0': AMENT_PREFIX_PATH=/home/hasan-fashtouk/ur_ws/src/install/ur5e_description:/home/hasan-fashtouk/ur_ws/src/install/ur_description:${AMENT_PREFIX_PATH} CMAKE_PREFIX_PATH=/home/hasan-fashtouk/ur_ws/src/install/ur5e_description:/home/hasan-fashtouk/ur_ws/src/install/ur_description:/opt/ros/jazzy/opt/gz_sim_vendor:/opt/ros/jazzy/opt/gz_sensors_vendor:/opt/ros/jazzy/opt/gz_physics_vendor:/opt/ros/jazzy/opt/sdformat_vendor:/opt/ros/jazzy/opt/gz_gui_vendor:/opt/ros/jazzy/opt/gz_transport_vendor:/opt/ros/jazzy/opt/gz_rendering_vendor:/opt/ros/jazzy/opt/gz_plugin_vendor:/opt/ros/jazzy/opt/gz_fuel_tools_vendor:/opt/ros/jazzy/opt/gz_msgs_vendor:/opt/ros/jazzy/opt/gz_common_vendor:/opt/ros/jazzy/opt/gz_math_vendor:/opt/ros/jazzy/opt/gz_utils_vendor:/opt/ros/jazzy/opt/gz_tools_vendor:/opt/ros/jazzy/opt/gz_ogre_next_vendor:/opt/ros/jazzy/opt/gz_dartsim_vendor:/opt/ros/jazzy/opt/gz_cmake_vendor:/opt/ros/jazzy DEBUGINFOD_URLS=https://debuginfod.ubuntu.com /usr/bin/cmake /home/hasan-fashtouk/ur_ws/src/ur_moveit_config -DCMAKE_INSTALL_PREFIX=/home/hasan-fashtouk/ur_ws/src/install/ur_moveit_config
[21.470s] DEBUG:colcon.colcon_core.event_handler.log_command:Invoking command in '/home/hasan-fashtouk/ur_ws/src/build/ur_moveit_config': AMENT_PREFIX_PATH=/home/hasan-fashtouk/ur_ws/src/install/ur5e_description:/home/hasan-fashtouk/ur_ws/src/install/ur_description:${AMENT_PREFIX_PATH} CMAKE_PREFIX_PATH=/home/hasan-fashtouk/ur_ws/src/install/ur5e_description:/home/hasan-fashtouk/ur_ws/src/install/ur_description:/opt/ros/jazzy/opt/gz_sim_vendor:/opt/ros/jazzy/opt/gz_sensors_vendor:/opt/ros/jazzy/opt/gz_physics_vendor:/opt/ros/jazzy/opt/sdformat_vendor:/opt/ros/jazzy/opt/gz_gui_vendor:/opt/ros/jazzy/opt/gz_transport_vendor:/opt/ros/jazzy/opt/gz_rendering_vendor:/opt/ros/jazzy/opt/gz_plugin_vendor:/opt/ros/jazzy/opt/gz_fuel_tools_vendor:/opt/ros/jazzy/opt/gz_msgs_vendor:/opt/ros/jazzy/opt/gz_common_vendor:/opt/ros/jazzy/opt/gz_math_vendor:/opt/ros/jazzy/opt/gz_utils_vendor:/opt/ros/jazzy/opt/gz_tools_vendor:/opt/ros/jazzy/opt/gz_ogre_next_vendor:/opt/ros/jazzy/opt/gz_dartsim_vendor:/opt/ros/jazzy/opt/gz_cmake_vendor:/opt/ros/jazzy DEBUGINFOD_URLS=https://debuginfod.ubuntu.com /usr/bin/cmake --build /home/hasan-fashtouk/ur_ws/src/build/ur_moveit_config -- -j4 -l4
[21.522s] DEBUG:colcon.colcon_core.event_handler.log_command:Invoked command in '/home/hasan-fashtouk/ur_ws/src/build/ur_moveit_config' returned '0': AMENT_PREFIX_PATH=/home/hasan-fashtouk/ur_ws/src/install/ur5e_description:/home/hasan-fashtouk/ur_ws/src/install/ur_description:${AMENT_PREFIX_PATH} CMAKE_PREFIX_PATH=/home/hasan-fashtouk/ur_ws/src/install/ur5e_description:/home/hasan-fashtouk/ur_ws/src/install/ur_description:/opt/ros/jazzy/opt/gz_sim_vendor:/opt/ros/jazzy/opt/gz_sensors_vendor:/opt/ros/jazzy/opt/gz_physics_vendor:/opt/ros/jazzy/opt/sdformat_vendor:/opt/ros/jazzy/opt/gz_gui_vendor:/opt/ros/jazzy/opt/gz_transport_vendor:/opt/ros/jazzy/opt/gz_rendering_vendor:/opt/ros/jazzy/opt/gz_plugin_vendor:/opt/ros/jazzy/opt/gz_fuel_tools_vendor:/opt/ros/jazzy/opt/gz_msgs_vendor:/opt/ros/jazzy/opt/gz_common_vendor:/opt/ros/jazzy/opt/gz_math_vendor:/opt/ros/jazzy/opt/gz_utils_vendor:/opt/ros/jazzy/opt/gz_tools_vendor:/opt/ros/jazzy/opt/gz_ogre_next_vendor:/opt/ros/jazzy/opt/gz_dartsim_vendor:/opt/ros/jazzy/opt/gz_cmake_vendor:/opt/ros/jazzy DEBUGINFOD_URLS=https://debuginfod.ubuntu.com /usr/bin/cmake --build /home/hasan-fashtouk/ur_ws/src/build/ur_moveit_config -- -j4 -l4
[21.525s] DEBUG:colcon.colcon_core.event_handler.log_command:Invoking command in '/home/hasan-fashtouk/ur_ws/src/build/ur_moveit_config': AMENT_PREFIX_PATH=/home/hasan-fashtouk/ur_ws/src/install/ur5e_description:/home/hasan-fashtouk/ur_ws/src/install/ur_description:${AMENT_PREFIX_PATH} CMAKE_PREFIX_PATH=/home/hasan-fashtouk/ur_ws/src/install/ur5e_description:/home/hasan-fashtouk/ur_ws/src/install/ur_description:/opt/ros/jazzy/opt/gz_sim_vendor:/opt/ros/jazzy/opt/gz_sensors_vendor:/opt/ros/jazzy/opt/gz_physics_vendor:/opt/ros/jazzy/opt/sdformat_vendor:/opt/ros/jazzy/opt/gz_gui_vendor:/opt/ros/jazzy/opt/gz_transport_vendor:/opt/ros/jazzy/opt/gz_rendering_vendor:/opt/ros/jazzy/opt/gz_plugin_vendor:/opt/ros/jazzy/opt/gz_fuel_tools_vendor:/opt/ros/jazzy/opt/gz_msgs_vendor:/opt/ros/jazzy/opt/gz_common_vendor:/opt/ros/jazzy/opt/gz_math_vendor:/opt/ros/jazzy/opt/gz_utils_vendor:/opt/ros/jazzy/opt/gz_tools_vendor:/opt/ros/jazzy/opt/gz_ogre_next_vendor:/opt/ros/jazzy/opt/gz_dartsim_vendor:/opt/ros/jazzy/opt/gz_cmake_vendor:/opt/ros/jazzy DEBUGINFOD_URLS=https://debuginfod.ubuntu.com /usr/bin/cmake --install /home/hasan-fashtouk/ur_ws/src/build/ur_moveit_config
[21.545s] Level 1:colcon.colcon_core.environment:create_environment_scripts_only(ur_moveit_config)
[21.546s] Level 1:colcon.colcon_core.environment:checking '/home/hasan-fashtouk/ur_ws/src/install/ur_moveit_config' for CMake module files
[21.546s] DEBUG:colcon.colcon_core.event_handler.log_command:Invoked command in '/home/hasan-fashtouk/ur_ws/src/build/ur_moveit_config' returned '0': AMENT_PREFIX_PATH=/home/hasan-fashtouk/ur_ws/src/install/ur5e_description:/home/hasan-fashtouk/ur_ws/src/install/ur_description:${AMENT_PREFIX_PATH} CMAKE_PREFIX_PATH=/home/hasan-fashtouk/ur_ws/src/install/ur5e_description:/home/hasan-fashtouk/ur_ws/src/install/ur_description:/opt/ros/jazzy/opt/gz_sim_vendor:/opt/ros/jazzy/opt/gz_sensors_vendor:/opt/ros/jazzy/opt/gz_physics_vendor:/opt/ros/jazzy/opt/sdformat_vendor:/opt/ros/jazzy/opt/gz_gui_vendor:/opt/ros/jazzy/opt/gz_transport_vendor:/opt/ros/jazzy/opt/gz_rendering_vendor:/opt/ros/jazzy/opt/gz_plugin_vendor:/opt/ros/jazzy/opt/gz_fuel_tools_vendor:/opt/ros/jazzy/opt/gz_msgs_vendor:/opt/ros/jazzy/opt/gz_common_vendor:/opt/ros/jazzy/opt/gz_math_vendor:/opt/ros/jazzy/opt/gz_utils_vendor:/opt/ros/jazzy/opt/gz_tools_vendor:/opt/ros/jazzy/opt/gz_ogre_next_vendor:/opt/ros/jazzy/opt/gz_dartsim_vendor:/opt/ros/jazzy/opt/gz_cmake_vendor:/opt/ros/jazzy DEBUGINFOD_URLS=https://debuginfod.ubuntu.com /usr/bin/cmake --install /home/hasan-fashtouk/ur_ws/src/build/ur_moveit_config
[21.547s] Level 1:colcon.colcon_core.environment:checking '/home/hasan-fashtouk/ur_ws/src/install/ur_moveit_config' for CMake config files
[21.547s] Level 1:colcon.colcon_core.shell:create_environment_hook('ur_moveit_config', 'cmake_prefix_path')
[21.548s] INFO:colcon.colcon_core.shell:Creating environment hook '/home/hasan-fashtouk/ur_ws/src/install/ur_moveit_config/share/ur_moveit_config/hook/cmake_prefix_path.ps1'
[21.548s] INFO:colcon.colcon_core.shell:Creating environment descriptor '/home/hasan-fashtouk/ur_ws/src/install/ur_moveit_config/share/ur_moveit_config/hook/cmake_prefix_path.dsv'
[21.549s] INFO:colcon.colcon_core.shell:Creating environment hook '/home/hasan-fashtouk/ur_ws/src/install/ur_moveit_config/share/ur_moveit_config/hook/cmake_prefix_path.sh'
[21.549s] Level 1:colcon.colcon_core.environment:checking '/home/hasan-fashtouk/ur_ws/src/install/ur_moveit_config/bin'
[21.549s] Level 1:colcon.colcon_core.environment:checking '/home/hasan-fashtouk/ur_ws/src/install/ur_moveit_config/lib/pkgconfig/ur_moveit_config.pc'
[21.550s] Level 1:colcon.colcon_core.environment:checking '/home/hasan-fashtouk/ur_ws/src/install/ur_moveit_config/lib/python3.12/site-packages'
[21.550s] Level 1:colcon.colcon_core.environment:checking '/home/hasan-fashtouk/ur_ws/src/install/ur_moveit_config/bin'
[21.550s] INFO:colcon.colcon_core.shell:Creating package script '/home/hasan-fashtouk/ur_ws/src/install/ur_moveit_config/share/ur_moveit_config/package.ps1'
[21.551s] INFO:colcon.colcon_core.shell:Creating package descriptor '/home/hasan-fashtouk/ur_ws/src/install/ur_moveit_config/share/ur_moveit_config/package.dsv'
[21.552s] INFO:colcon.colcon_core.shell:Creating package script '/home/hasan-fashtouk/ur_ws/src/install/ur_moveit_config/share/ur_moveit_config/package.sh'
[21.553s] INFO:colcon.colcon_core.shell:Creating package script '/home/hasan-fashtouk/ur_ws/src/install/ur_moveit_config/share/ur_moveit_config/package.bash'
[21.554s] INFO:colcon.colcon_core.shell:Creating package script '/home/hasan-fashtouk/ur_ws/src/install/ur_moveit_config/share/ur_moveit_config/package.zsh'
[21.554s] Level 1:colcon.colcon_core.environment:create_file_with_runtime_dependencies(/home/hasan-fashtouk/ur_ws/src/install/ur_moveit_config/share/colcon-core/packages/ur_moveit_config)
[21.556s] Level 1:colcon.colcon_core.environment:create_environment_scripts_only(ur_moveit_config)
[21.556s] Level 1:colcon.colcon_core.environment:checking '/home/hasan-fashtouk/ur_ws/src/install/ur_moveit_config' for CMake module files
[21.557s] Level 1:colcon.colcon_core.environment:checking '/home/hasan-fashtouk/ur_ws/src/install/ur_moveit_config' for CMake config files
[21.557s] Level 1:colcon.colcon_core.shell:create_environment_hook('ur_moveit_config', 'cmake_prefix_path')
[21.558s] INFO:colcon.colcon_core.shell:Creating environment hook '/home/hasan-fashtouk/ur_ws/src/install/ur_moveit_config/share/ur_moveit_config/hook/cmake_prefix_path.ps1'
[21.558s] INFO:colcon.colcon_core.shell:Creating environment descriptor '/home/hasan-fashtouk/ur_ws/src/install/ur_moveit_config/share/ur_moveit_config/hook/cmake_prefix_path.dsv'
[21.559s] INFO:colcon.colcon_core.shell:Creating environment hook '/home/hasan-fashtouk/ur_ws/src/install/ur_moveit_config/share/ur_moveit_config/hook/cmake_prefix_path.sh'
[21.559s] Level 1:colcon.colcon_core.environment:checking '/home/hasan-fashtouk/ur_ws/src/install/ur_moveit_config/bin'
[21.559s] Level 1:colcon.colcon_core.environment:checking '/home/hasan-fashtouk/ur_ws/src/install/ur_moveit_config/lib/pkgconfig/ur_moveit_config.pc'
[21.560s] Level 1:colcon.colcon_core.environment:checking '/home/hasan-fashtouk/ur_ws/src/install/ur_moveit_config/lib/python3.12/site-packages'
[21.560s] Level 1:colcon.colcon_core.environment:checking '/home/hasan-fashtouk/ur_ws/src/install/ur_moveit_config/bin'
[21.561s] INFO:colcon.colcon_core.shell:Creating package script '/home/hasan-fashtouk/ur_ws/src/install/ur_moveit_config/share/ur_moveit_config/package.ps1'
[21.561s] INFO:colcon.colcon_core.shell:Creating package descriptor '/home/hasan-fashtouk/ur_ws/src/install/ur_moveit_config/share/ur_moveit_config/package.dsv'
[21.562s] INFO:colcon.colcon_core.shell:Creating package script '/home/hasan-fashtouk/ur_ws/src/install/ur_moveit_config/share/ur_moveit_config/package.sh'
[21.563s] INFO:colcon.colcon_core.shell:Creating package script '/home/hasan-fashtouk/ur_ws/src/install/ur_moveit_config/share/ur_moveit_config/package.bash'
[21.563s] INFO:colcon.colcon_core.shell:Creating package script '/home/hasan-fashtouk/ur_ws/src/install/ur_moveit_config/share/ur_moveit_config/package.zsh'
[21.564s] Level 1:colcon.colcon_core.environment:create_file_with_runtime_dependencies(/home/hasan-fashtouk/ur_ws/src/install/ur_moveit_config/share/colcon-core/packages/ur_moveit_config)
[21.564s] INFO:colcon.colcon_ros.task.ament_cmake.build:Building ROS package in '/home/hasan-fashtouk/ur_ws/src/Universal_Robots_ROS2_GZ_Simulation/ur_simulation_gz' with build type 'ament_cmake'
[21.564s] INFO:colcon.colcon_cmake.task.cmake.build:Building CMake package in '/home/hasan-fashtouk/ur_ws/src/Universal_Robots_ROS2_GZ_Simulation/ur_simulation_gz'
[21.565s] INFO:colcon.colcon_core.shell:Skip shell extension 'powershell' for command environment: Not usable outside of PowerShell
[21.565s] DEBUG:colcon.colcon_core.shell:Skip shell extension 'dsv' for command environment
[21.583s] DEBUG:colcon.colcon_core.event_handler.log_command:Invoking command in '/home/hasan-fashtouk/ur_ws/src/build/ur_simulation_gz': AMENT_PREFIX_PATH=/home/hasan-fashtouk/ur_ws/src/install/ur_moveit_config:/home/hasan-fashtouk/ur_ws/src/install/ur5e_description:/home/hasan-fashtouk/ur_ws/src/install/ur_description:${AMENT_PREFIX_PATH} CMAKE_PREFIX_PATH=/home/hasan-fashtouk/ur_ws/src/install/ur_moveit_config:/home/hasan-fashtouk/ur_ws/src/install/ur5e_description:/home/hasan-fashtouk/ur_ws/src/install/ur_description:/opt/ros/jazzy/opt/gz_sim_vendor:/opt/ros/jazzy/opt/gz_sensors_vendor:/opt/ros/jazzy/opt/gz_physics_vendor:/opt/ros/jazzy/opt/sdformat_vendor:/opt/ros/jazzy/opt/gz_gui_vendor:/opt/ros/jazzy/opt/gz_transport_vendor:/opt/ros/jazzy/opt/gz_rendering_vendor:/opt/ros/jazzy/opt/gz_plugin_vendor:/opt/ros/jazzy/opt/gz_fuel_tools_vendor:/opt/ros/jazzy/opt/gz_msgs_vendor:/opt/ros/jazzy/opt/gz_common_vendor:/opt/ros/jazzy/opt/gz_math_vendor:/opt/ros/jazzy/opt/gz_utils_vendor:/opt/ros/jazzy/opt/gz_tools_vendor:/opt/ros/jazzy/opt/gz_ogre_next_vendor:/opt/ros/jazzy/opt/gz_dartsim_vendor:/opt/ros/jazzy/opt/gz_cmake_vendor:/opt/ros/jazzy DEBUGINFOD_URLS=https://debuginfod.ubuntu.com /usr/bin/cmake /home/hasan-fashtouk/ur_ws/src/Universal_Robots_ROS2_GZ_Simulation/ur_simulation_gz -DCMAKE_INSTALL_PREFIX=/home/hasan-fashtouk/ur_ws/src/install/ur_simulation_gz
[23.698s] DEBUG:colcon.colcon_core.event_handler.log_command:Invoked command in '/home/hasan-fashtouk/ur_ws/src/build/ur_simulation_gz' returned '0': AMENT_PREFIX_PATH=/home/hasan-fashtouk/ur_ws/src/install/ur_moveit_config:/home/hasan-fashtouk/ur_ws/src/install/ur5e_description:/home/hasan-fashtouk/ur_ws/src/install/ur_description:${AMENT_PREFIX_PATH} CMAKE_PREFIX_PATH=/home/hasan-fashtouk/ur_ws/src/install/ur_moveit_config:/home/hasan-fashtouk/ur_ws/src/install/ur5e_description:/home/hasan-fashtouk/ur_ws/src/install/ur_description:/opt/ros/jazzy/opt/gz_sim_vendor:/opt/ros/jazzy/opt/gz_sensors_vendor:/opt/ros/jazzy/opt/gz_physics_vendor:/opt/ros/jazzy/opt/sdformat_vendor:/opt/ros/jazzy/opt/gz_gui_vendor:/opt/ros/jazzy/opt/gz_transport_vendor:/opt/ros/jazzy/opt/gz_rendering_vendor:/opt/ros/jazzy/opt/gz_plugin_vendor:/opt/ros/jazzy/opt/gz_fuel_tools_vendor:/opt/ros/jazzy/opt/gz_msgs_vendor:/opt/ros/jazzy/opt/gz_common_vendor:/opt/ros/jazzy/opt/gz_math_vendor:/opt/ros/jazzy/opt/gz_utils_vendor:/opt/ros/jazzy/opt/gz_tools_vendor:/opt/ros/jazzy/opt/gz_ogre_next_vendor:/opt/ros/jazzy/opt/gz_dartsim_vendor:/opt/ros/jazzy/opt/gz_cmake_vendor:/opt/ros/jazzy DEBUGINFOD_URLS=https://debuginfod.ubuntu.com /usr/bin/cmake /home/hasan-fashtouk/ur_ws/src/Universal_Robots_ROS2_GZ_Simulation/ur_simulation_gz -DCMAKE_INSTALL_PREFIX=/home/hasan-fashtouk/ur_ws/src/install/ur_simulation_gz
[23.700s] DEBUG:colcon.colcon_core.event_handler.log_command:Invoking command in '/home/hasan-fashtouk/ur_ws/src/build/ur_simulation_gz': AMENT_PREFIX_PATH=/home/hasan-fashtouk/ur_ws/src/install/ur_moveit_config:/home/hasan-fashtouk/ur_ws/src/install/ur5e_description:/home/hasan-fashtouk/ur_ws/src/install/ur_description:${AMENT_PREFIX_PATH} CMAKE_PREFIX_PATH=/home/hasan-fashtouk/ur_ws/src/install/ur_moveit_config:/home/hasan-fashtouk/ur_ws/src/install/ur5e_description:/home/hasan-fashtouk/ur_ws/src/install/ur_description:/opt/ros/jazzy/opt/gz_sim_vendor:/opt/ros/jazzy/opt/gz_sensors_vendor:/opt/ros/jazzy/opt/gz_physics_vendor:/opt/ros/jazzy/opt/sdformat_vendor:/opt/ros/jazzy/opt/gz_gui_vendor:/opt/ros/jazzy/opt/gz_transport_vendor:/opt/ros/jazzy/opt/gz_rendering_vendor:/opt/ros/jazzy/opt/gz_plugin_vendor:/opt/ros/jazzy/opt/gz_fuel_tools_vendor:/opt/ros/jazzy/opt/gz_msgs_vendor:/opt/ros/jazzy/opt/gz_common_vendor:/opt/ros/jazzy/opt/gz_math_vendor:/opt/ros/jazzy/opt/gz_utils_vendor:/opt/ros/jazzy/opt/gz_tools_vendor:/opt/ros/jazzy/opt/gz_ogre_next_vendor:/opt/ros/jazzy/opt/gz_dartsim_vendor:/opt/ros/jazzy/opt/gz_cmake_vendor:/opt/ros/jazzy DEBUGINFOD_URLS=https://debuginfod.ubuntu.com /usr/bin/cmake --build /home/hasan-fashtouk/ur_ws/src/build/ur_simulation_gz -- -j4 -l4
[23.753s] DEBUG:colcon.colcon_core.event_handler.log_command:Invoked command in '/home/hasan-fashtouk/ur_ws/src/build/ur_simulation_gz' returned '0': AMENT_PREFIX_PATH=/home/hasan-fashtouk/ur_ws/src/install/ur_moveit_config:/home/hasan-fashtouk/ur_ws/src/install/ur5e_description:/home/hasan-fashtouk/ur_ws/src/install/ur_description:${AMENT_PREFIX_PATH} CMAKE_PREFIX_PATH=/home/hasan-fashtouk/ur_ws/src/install/ur_moveit_config:/home/hasan-fashtouk/ur_ws/src/install/ur5e_description:/home/hasan-fashtouk/ur_ws/src/install/ur_description:/opt/ros/jazzy/opt/gz_sim_vendor:/opt/ros/jazzy/opt/gz_sensors_vendor:/opt/ros/jazzy/opt/gz_physics_vendor:/opt/ros/jazzy/opt/sdformat_vendor:/opt/ros/jazzy/opt/gz_gui_vendor:/opt/ros/jazzy/opt/gz_transport_vendor:/opt/ros/jazzy/opt/gz_rendering_vendor:/opt/ros/jazzy/opt/gz_plugin_vendor:/opt/ros/jazzy/opt/gz_fuel_tools_vendor:/opt/ros/jazzy/opt/gz_msgs_vendor:/opt/ros/jazzy/opt/gz_common_vendor:/opt/ros/jazzy/opt/gz_math_vendor:/opt/ros/jazzy/opt/gz_utils_vendor:/opt/ros/jazzy/opt/gz_tools_vendor:/opt/ros/jazzy/opt/gz_ogre_next_vendor:/opt/ros/jazzy/opt/gz_dartsim_vendor:/opt/ros/jazzy/opt/gz_cmake_vendor:/opt/ros/jazzy DEBUGINFOD_URLS=https://debuginfod.ubuntu.com /usr/bin/cmake --build /home/hasan-fashtouk/ur_ws/src/build/ur_simulation_gz -- -j4 -l4
[23.755s] DEBUG:colcon.colcon_core.event_handler.log_command:Invoking command in '/home/hasan-fashtouk/ur_ws/src/build/ur_simulation_gz': AMENT_PREFIX_PATH=/home/hasan-fashtouk/ur_ws/src/install/ur_moveit_config:/home/hasan-fashtouk/ur_ws/src/install/ur5e_description:/home/hasan-fashtouk/ur_ws/src/install/ur_description:${AMENT_PREFIX_PATH} CMAKE_PREFIX_PATH=/home/hasan-fashtouk/ur_ws/src/install/ur_moveit_config:/home/hasan-fashtouk/ur_ws/src/install/ur5e_description:/home/hasan-fashtouk/ur_ws/src/install/ur_description:/opt/ros/jazzy/opt/gz_sim_vendor:/opt/ros/jazzy/opt/gz_sensors_vendor:/opt/ros/jazzy/opt/gz_physics_vendor:/opt/ros/jazzy/opt/sdformat_vendor:/opt/ros/jazzy/opt/gz_gui_vendor:/opt/ros/jazzy/opt/gz_transport_vendor:/opt/ros/jazzy/opt/gz_rendering_vendor:/opt/ros/jazzy/opt/gz_plugin_vendor:/opt/ros/jazzy/opt/gz_fuel_tools_vendor:/opt/ros/jazzy/opt/gz_msgs_vendor:/opt/ros/jazzy/opt/gz_common_vendor:/opt/ros/jazzy/opt/gz_math_vendor:/opt/ros/jazzy/opt/gz_utils_vendor:/opt/ros/jazzy/opt/gz_tools_vendor:/opt/ros/jazzy/opt/gz_ogre_next_vendor:/opt/ros/jazzy/opt/gz_dartsim_vendor:/opt/ros/jazzy/opt/gz_cmake_vendor:/opt/ros/jazzy DEBUGINFOD_URLS=https://debuginfod.ubuntu.com /usr/bin/cmake --install /home/hasan-fashtouk/ur_ws/src/build/ur_simulation_gz
[23.774s] Level 1:colcon.colcon_core.environment:create_environment_scripts_only(ur_simulation_gz)
[23.775s] Level 1:colcon.colcon_core.environment:checking '/home/hasan-fashtouk/ur_ws/src/install/ur_simulation_gz' for CMake module files
[23.776s] DEBUG:colcon.colcon_core.event_handler.log_command:Invoked command in '/home/hasan-fashtouk/ur_ws/src/build/ur_simulation_gz' returned '0': AMENT_PREFIX_PATH=/home/hasan-fashtouk/ur_ws/src/install/ur_moveit_config:/home/hasan-fashtouk/ur_ws/src/install/ur5e_description:/home/hasan-fashtouk/ur_ws/src/install/ur_description:${AMENT_PREFIX_PATH} CMAKE_PREFIX_PATH=/home/hasan-fashtouk/ur_ws/src/install/ur_moveit_config:/home/hasan-fashtouk/ur_ws/src/install/ur5e_description:/home/hasan-fashtouk/ur_ws/src/install/ur_description:/opt/ros/jazzy/opt/gz_sim_vendor:/opt/ros/jazzy/opt/gz_sensors_vendor:/opt/ros/jazzy/opt/gz_physics_vendor:/opt/ros/jazzy/opt/sdformat_vendor:/opt/ros/jazzy/opt/gz_gui_vendor:/opt/ros/jazzy/opt/gz_transport_vendor:/opt/ros/jazzy/opt/gz_rendering_vendor:/opt/ros/jazzy/opt/gz_plugin_vendor:/opt/ros/jazzy/opt/gz_fuel_tools_vendor:/opt/ros/jazzy/opt/gz_msgs_vendor:/opt/ros/jazzy/opt/gz_common_vendor:/opt/ros/jazzy/opt/gz_math_vendor:/opt/ros/jazzy/opt/gz_utils_vendor:/opt/ros/jazzy/opt/gz_tools_vendor:/opt/ros/jazzy/opt/gz_ogre_next_vendor:/opt/ros/jazzy/opt/gz_dartsim_vendor:/opt/ros/jazzy/opt/gz_cmake_vendor:/opt/ros/jazzy DEBUGINFOD_URLS=https://debuginfod.ubuntu.com /usr/bin/cmake --install /home/hasan-fashtouk/ur_ws/src/build/ur_simulation_gz
[23.776s] Level 1:colcon.colcon_core.environment:checking '/home/hasan-fashtouk/ur_ws/src/install/ur_simulation_gz' for CMake config files
[23.777s] Level 1:colcon.colcon_core.shell:create_environment_hook('ur_simulation_gz', 'cmake_prefix_path')
[23.777s] INFO:colcon.colcon_core.shell:Creating environment hook '/home/hasan-fashtouk/ur_ws/src/install/ur_simulation_gz/share/ur_simulation_gz/hook/cmake_prefix_path.ps1'
[23.778s] INFO:colcon.colcon_core.shell:Creating environment descriptor '/home/hasan-fashtouk/ur_ws/src/install/ur_simulation_gz/share/ur_simulation_gz/hook/cmake_prefix_path.dsv'
[23.778s] INFO:colcon.colcon_core.shell:Creating environment hook '/home/hasan-fashtouk/ur_ws/src/install/ur_simulation_gz/share/ur_simulation_gz/hook/cmake_prefix_path.sh'
[23.779s] Level 1:colcon.colcon_core.environment:checking '/home/hasan-fashtouk/ur_ws/src/install/ur_simulation_gz/bin'
[23.779s] Level 1:colcon.colcon_core.environment:checking '/home/hasan-fashtouk/ur_ws/src/install/ur_simulation_gz/lib/pkgconfig/ur_simulation_gz.pc'
[23.780s] Level 1:colcon.colcon_core.environment:checking '/home/hasan-fashtouk/ur_ws/src/install/ur_simulation_gz/lib/python3.12/site-packages'
[23.780s] Level 1:colcon.colcon_core.environment:checking '/home/hasan-fashtouk/ur_ws/src/install/ur_simulation_gz/bin'
[23.781s] INFO:colcon.colcon_core.shell:Creating package script '/home/hasan-fashtouk/ur_ws/src/install/ur_simulation_gz/share/ur_simulation_gz/package.ps1'
[23.781s] INFO:colcon.colcon_core.shell:Creating package descriptor '/home/hasan-fashtouk/ur_ws/src/install/ur_simulation_gz/share/ur_simulation_gz/package.dsv'
[23.782s] INFO:colcon.colcon_core.shell:Creating package script '/home/hasan-fashtouk/ur_ws/src/install/ur_simulation_gz/share/ur_simulation_gz/package.sh'
[23.782s] INFO:colcon.colcon_core.shell:Creating package script '/home/hasan-fashtouk/ur_ws/src/install/ur_simulation_gz/share/ur_simulation_gz/package.bash'
[23.783s] INFO:colcon.colcon_core.shell:Creating package script '/home/hasan-fashtouk/ur_ws/src/install/ur_simulation_gz/share/ur_simulation_gz/package.zsh'
[23.783s] Level 1:colcon.colcon_core.environment:create_file_with_runtime_dependencies(/home/hasan-fashtouk/ur_ws/src/install/ur_simulation_gz/share/colcon-core/packages/ur_simulation_gz)
[23.784s] Level 1:colcon.colcon_core.environment:create_environment_scripts_only(ur_simulation_gz)
[23.785s] Level 1:colcon.colcon_core.environment:checking '/home/hasan-fashtouk/ur_ws/src/install/ur_simulation_gz' for CMake module files
[23.799s] Level 1:colcon.colcon_core.environment:checking '/home/hasan-fashtouk/ur_ws/src/install/ur_simulation_gz' for CMake config files
[23.800s] Level 1:colcon.colcon_core.shell:create_environment_hook('ur_simulation_gz', 'cmake_prefix_path')
[23.800s] INFO:colcon.colcon_core.shell:Creating environment hook '/home/hasan-fashtouk/ur_ws/src/install/ur_simulation_gz/share/ur_simulation_gz/hook/cmake_prefix_path.ps1'
[23.801s] INFO:colcon.colcon_core.shell:Creating environment descriptor '/home/hasan-fashtouk/ur_ws/src/install/ur_simulation_gz/share/ur_simulation_gz/hook/cmake_prefix_path.dsv'
[23.801s] INFO:colcon.colcon_core.shell:Creating environment hook '/home/hasan-fashtouk/ur_ws/src/install/ur_simulation_gz/share/ur_simulation_gz/hook/cmake_prefix_path.sh'
[23.802s] Level 1:colcon.colcon_core.environment:checking '/home/hasan-fashtouk/ur_ws/src/install/ur_simulation_gz/bin'
[23.802s] Level 1:colcon.colcon_core.environment:checking '/home/hasan-fashtouk/ur_ws/src/install/ur_simulation_gz/lib/pkgconfig/ur_simulation_gz.pc'
[23.802s] Level 1:colcon.colcon_core.environment:checking '/home/hasan-fashtouk/ur_ws/src/install/ur_simulation_gz/lib/python3.12/site-packages'
[23.803s] Level 1:colcon.colcon_core.environment:checking '/home/hasan-fashtouk/ur_ws/src/install/ur_simulation_gz/bin'
[23.803s] INFO:colcon.colcon_core.shell:Creating package script '/home/hasan-fashtouk/ur_ws/src/install/ur_simulation_gz/share/ur_simulation_gz/package.ps1'
[23.804s] INFO:colcon.colcon_core.shell:Creating package descriptor '/home/hasan-fashtouk/ur_ws/src/install/ur_simulation_gz/share/ur_simulation_gz/package.dsv'
[23.804s] INFO:colcon.colcon_core.shell:Creating package script '/home/hasan-fashtouk/ur_ws/src/install/ur_simulation_gz/share/ur_simulation_gz/package.sh'
[23.805s] INFO:colcon.colcon_core.shell:Creating package script '/home/hasan-fashtouk/ur_ws/src/install/ur_simulation_gz/share/ur_simulation_gz/package.bash'
[23.806s] INFO:colcon.colcon_core.shell:Creating package script '/home/hasan-fashtouk/ur_ws/src/install/ur_simulation_gz/share/ur_simulation_gz/package.zsh'
[23.806s] Level 1:colcon.colcon_core.environment:create_file_with_runtime_dependencies(/home/hasan-fashtouk/ur_ws/src/install/ur_simulation_gz/share/colcon-core/packages/ur_simulation_gz)
[36.390s] DEBUG:colcon.colcon_core.event_handler.log_command:Invoked command in '/home/hasan-fashtouk/ur_ws/src/build/robotiq_controllers' returned '0': CMAKE_PREFIX_PATH=${CMAKE_PREFIX_PATH}:/opt/ros/jazzy DEBUGINFOD_URLS=https://debuginfod.ubuntu.com /usr/bin/cmake --build /home/hasan-fashtouk/ur_ws/src/build/robotiq_controllers -- -j4 -l4
[36.392s] DEBUG:colcon.colcon_core.event_handler.log_command:Invoking command in '/home/hasan-fashtouk/ur_ws/src/build/robotiq_controllers': CMAKE_PREFIX_PATH=${CMAKE_PREFIX_PATH}:/opt/ros/jazzy DEBUGINFOD_URLS=https://debuginfod.ubuntu.com /usr/bin/cmake --install /home/hasan-fashtouk/ur_ws/src/build/robotiq_controllers
[36.416s] Level 1:colcon.colcon_core.environment:create_environment_scripts_only(robotiq_controllers)
[36.416s] Level 1:colcon.colcon_core.environment:checking '/home/hasan-fashtouk/ur_ws/src/install/robotiq_controllers' for CMake module files
[36.417s] DEBUG:colcon.colcon_core.event_handler.log_command:Invoked command in '/home/hasan-fashtouk/ur_ws/src/build/robotiq_controllers' returned '0': CMAKE_PREFIX_PATH=${CMAKE_PREFIX_PATH}:/opt/ros/jazzy DEBUGINFOD_URLS=https://debuginfod.ubuntu.com /usr/bin/cmake --install /home/hasan-fashtouk/ur_ws/src/build/robotiq_controllers
[36.418s] Level 1:colcon.colcon_core.environment:checking '/home/hasan-fashtouk/ur_ws/src/install/robotiq_controllers' for CMake config files
[36.418s] Level 1:colcon.colcon_core.shell:create_environment_hook('robotiq_controllers', 'cmake_prefix_path')
[36.419s] INFO:colcon.colcon_core.shell:Creating environment hook '/home/hasan-fashtouk/ur_ws/src/install/robotiq_controllers/share/robotiq_controllers/hook/cmake_prefix_path.ps1'
[36.419s] INFO:colcon.colcon_core.shell:Creating environment descriptor '/home/hasan-fashtouk/ur_ws/src/install/robotiq_controllers/share/robotiq_controllers/hook/cmake_prefix_path.dsv'
[36.420s] INFO:colcon.colcon_core.shell:Creating environment hook '/home/hasan-fashtouk/ur_ws/src/install/robotiq_controllers/share/robotiq_controllers/hook/cmake_prefix_path.sh'
[36.420s] Level 1:colcon.colcon_core.environment:checking '/home/hasan-fashtouk/ur_ws/src/install/robotiq_controllers/lib'
[36.421s] Level 1:colcon.colcon_core.shell:create_environment_hook('robotiq_controllers', 'ld_library_path_lib')
[36.421s] INFO:colcon.colcon_core.shell:Creating environment hook '/home/hasan-fashtouk/ur_ws/src/install/robotiq_controllers/share/robotiq_controllers/hook/ld_library_path_lib.ps1'
[36.421s] INFO:colcon.colcon_core.shell:Creating environment descriptor '/home/hasan-fashtouk/ur_ws/src/install/robotiq_controllers/share/robotiq_controllers/hook/ld_library_path_lib.dsv'
[36.422s] INFO:colcon.colcon_core.shell:Creating environment hook '/home/hasan-fashtouk/ur_ws/src/install/robotiq_controllers/share/robotiq_controllers/hook/ld_library_path_lib.sh'
[36.422s] Level 1:colcon.colcon_core.environment:checking '/home/hasan-fashtouk/ur_ws/src/install/robotiq_controllers/bin'
[36.423s] Level 1:colcon.colcon_core.environment:checking '/home/hasan-fashtouk/ur_ws/src/install/robotiq_controllers/lib/pkgconfig/robotiq_controllers.pc'
[36.423s] Level 1:colcon.colcon_core.environment:checking '/home/hasan-fashtouk/ur_ws/src/install/robotiq_controllers/lib/python3.12/site-packages'
[36.423s] Level 1:colcon.colcon_core.environment:checking '/home/hasan-fashtouk/ur_ws/src/install/robotiq_controllers/bin'
[36.424s] INFO:colcon.colcon_core.shell:Creating package script '/home/hasan-fashtouk/ur_ws/src/install/robotiq_controllers/share/robotiq_controllers/package.ps1'
[36.424s] INFO:colcon.colcon_core.shell:Creating package descriptor '/home/hasan-fashtouk/ur_ws/src/install/robotiq_controllers/share/robotiq_controllers/package.dsv'
[36.425s] INFO:colcon.colcon_core.shell:Creating package script '/home/hasan-fashtouk/ur_ws/src/install/robotiq_controllers/share/robotiq_controllers/package.sh'
[36.426s] INFO:colcon.colcon_core.shell:Creating package script '/home/hasan-fashtouk/ur_ws/src/install/robotiq_controllers/share/robotiq_controllers/package.bash'
[36.426s] INFO:colcon.colcon_core.shell:Creating package script '/home/hasan-fashtouk/ur_ws/src/install/robotiq_controllers/share/robotiq_controllers/package.zsh'
[36.426s] Level 1:colcon.colcon_core.environment:create_file_with_runtime_dependencies(/home/hasan-fashtouk/ur_ws/src/install/robotiq_controllers/share/colcon-core/packages/robotiq_controllers)
[36.427s] Level 1:colcon.colcon_core.environment:create_environment_scripts_only(robotiq_controllers)
[36.428s] Level 1:colcon.colcon_core.environment:checking '/home/hasan-fashtouk/ur_ws/src/install/robotiq_controllers' for CMake module files
[36.428s] Level 1:colcon.colcon_core.environment:checking '/home/hasan-fashtouk/ur_ws/src/install/robotiq_controllers' for CMake config files
[36.429s] Level 1:colcon.colcon_core.shell:create_environment_hook('robotiq_controllers', 'cmake_prefix_path')
[36.429s] INFO:colcon.colcon_core.shell:Creating environment hook '/home/hasan-fashtouk/ur_ws/src/install/robotiq_controllers/share/robotiq_controllers/hook/cmake_prefix_path.ps1'
[36.430s] INFO:colcon.colcon_core.shell:Creating environment descriptor '/home/hasan-fashtouk/ur_ws/src/install/robotiq_controllers/share/robotiq_controllers/hook/cmake_prefix_path.dsv'
[36.431s] INFO:colcon.colcon_core.shell:Creating environment hook '/home/hasan-fashtouk/ur_ws/src/install/robotiq_controllers/share/robotiq_controllers/hook/cmake_prefix_path.sh'
[36.431s] Level 1:colcon.colcon_core.environment:checking '/home/hasan-fashtouk/ur_ws/src/install/robotiq_controllers/lib'
[36.432s] Level 1:colcon.colcon_core.shell:create_environment_hook('robotiq_controllers', 'ld_library_path_lib')
[36.432s] INFO:colcon.colcon_core.shell:Creating environment hook '/home/hasan-fashtouk/ur_ws/src/install/robotiq_controllers/share/robotiq_controllers/hook/ld_library_path_lib.ps1'
[36.432s] INFO:colcon.colcon_core.shell:Creating environment descriptor '/home/hasan-fashtouk/ur_ws/src/install/robotiq_controllers/share/robotiq_controllers/hook/ld_library_path_lib.dsv'
[36.433s] INFO:colcon.colcon_core.shell:Creating environment hook '/home/hasan-fashtouk/ur_ws/src/install/robotiq_controllers/share/robotiq_controllers/hook/ld_library_path_lib.sh'
[36.433s] Level 1:colcon.colcon_core.environment:checking '/home/hasan-fashtouk/ur_ws/src/install/robotiq_controllers/bin'
[36.434s] Level 1:colcon.colcon_core.environment:checking '/home/hasan-fashtouk/ur_ws/src/install/robotiq_controllers/lib/pkgconfig/robotiq_controllers.pc'
[36.434s] Level 1:colcon.colcon_core.environment:checking '/home/hasan-fashtouk/ur_ws/src/install/robotiq_controllers/lib/python3.12/site-packages'
[36.435s] Level 1:colcon.colcon_core.environment:checking '/home/hasan-fashtouk/ur_ws/src/install/robotiq_controllers/bin'
[36.435s] INFO:colcon.colcon_core.shell:Creating package script '/home/hasan-fashtouk/ur_ws/src/install/robotiq_controllers/share/robotiq_controllers/package.ps1'
[36.436s] INFO:colcon.colcon_core.shell:Creating package descriptor '/home/hasan-fashtouk/ur_ws/src/install/robotiq_controllers/share/robotiq_controllers/package.dsv'
[36.436s] INFO:colcon.colcon_core.shell:Creating package script '/home/hasan-fashtouk/ur_ws/src/install/robotiq_controllers/share/robotiq_controllers/package.sh'
[36.437s] INFO:colcon.colcon_core.shell:Creating package script '/home/hasan-fashtouk/ur_ws/src/install/robotiq_controllers/share/robotiq_controllers/package.bash'
[36.438s] INFO:colcon.colcon_core.shell:Creating package script '/home/hasan-fashtouk/ur_ws/src/install/robotiq_controllers/share/robotiq_controllers/package.zsh'
[36.438s] Level 1:colcon.colcon_core.environment:create_file_with_runtime_dependencies(/home/hasan-fashtouk/ur_ws/src/install/robotiq_controllers/share/colcon-core/packages/robotiq_controllers)
[36.438s] DEBUG:colcon.colcon_parallel_executor.executor.parallel:closing loop
[36.439s] DEBUG:colcon.colcon_parallel_executor.executor.parallel:loop closed
[36.439s] DEBUG:colcon.colcon_parallel_executor.executor.parallel:run_until_complete finished with '0'
[36.439s] DEBUG:colcon.colcon_core.event_reactor:joining thread
[36.497s] INFO:colcon.colcon_core.plugin_system:Skipping extension 'colcon_notification.desktop_notification.terminal_notifier': Not used on non-Darwin systems
[36.497s] INFO:colcon.colcon_core.plugin_system:Skipping extension 'colcon_notification.desktop_notification.win32': Not used on non-Windows systems
[36.497s] INFO:colcon.colcon_notification.desktop_notification:Sending desktop notification using 'notify2'
[37.006s] DEBUG:colcon.colcon_core.event_reactor:joined thread
[37.006s] INFO:colcon.colcon_core.shell:Creating prefix script '/home/hasan-fashtouk/ur_ws/src/install/local_setup.ps1'
[37.017s] INFO:colcon.colcon_core.shell:Creating prefix util module '/home/hasan-fashtouk/ur_ws/src/install/_local_setup_util_ps1.py'
[37.036s] INFO:colcon.colcon_core.shell:Creating prefix chain script '/home/hasan-fashtouk/ur_ws/src/install/setup.ps1'
[37.038s] INFO:colcon.colcon_core.shell:Creating prefix script '/home/hasan-fashtouk/ur_ws/src/install/local_setup.sh'
[37.045s] INFO:colcon.colcon_core.shell:Creating prefix util module '/home/hasan-fashtouk/ur_ws/src/install/_local_setup_util_sh.py'
[37.046s] INFO:colcon.colcon_core.shell:Creating prefix chain script '/home/hasan-fashtouk/ur_ws/src/install/setup.sh'
[37.048s] INFO:colcon.colcon_core.shell:Creating prefix script '/home/hasan-fashtouk/ur_ws/src/install/local_setup.bash'
[37.053s] INFO:colcon.colcon_core.shell:Creating prefix chain script '/home/hasan-fashtouk/ur_ws/src/install/setup.bash'
[37.055s] INFO:colcon.colcon_core.shell:Creating prefix script '/home/hasan-fashtouk/ur_ws/src/install/local_setup.zsh'
[37.066s] INFO:colcon.colcon_core.shell:Creating prefix chain script '/home/hasan-fashtouk/ur_ws/src/install/setup.zsh'
