[0.080s] Invoking command in '/home/hasan-fashtouk/ur_ws/src/build/ur_description': CMAKE_PREFIX_PATH=${CMAKE_PREFIX_PATH}:/opt/ros/jazzy DEBUGINFOD_URLS=https://debuginfod.ubuntu.com /usr/bin/cmake /home/hasan-fashtouk/ur_ws/src/Universal_Robots_ROS2_Description -DCMAKE_INSTALL_PREFIX=/home/hasan-fashtouk/ur_ws/src/install/ur_description
[1.989s] -- The C compiler identification is GNU 13.3.0
[2.907s] -- The CXX compiler identification is GNU 13.3.0
[3.088s] -- Detecting C compiler ABI info
[3.526s] -- Detecting C compiler ABI info - done
[3.551s] -- Check for working C compiler: /usr/bin/cc - skipped
[3.552s] -- Detecting C compile features
[3.565s] -- Detecting C compile features - done
[3.627s] -- Detecting CXX compiler ABI info
[3.850s] -- Detecting CXX compiler ABI info - done
[3.874s] -- Check for working CXX compiler: /usr/bin/c++ - skipped
[3.875s] -- Detecting CXX compile features
[3.877s] -- Detecting CXX compile features - done
[4.198s] -- Found ament_cmake: 2.5.4 (/opt/ros/jazzy/share/ament_cmake/cmake)
[4.581s] -- Found Python3: /usr/bin/python3 (found version "3.12.3") found components: Interpreter 
[4.901s] -- Found ament_cmake_pytest: 2.5.4 (/opt/ros/jazzy/share/ament_cmake_pytest/cmake)
[10.767s] -- Configuring done (10.6s)
[10.772s] -- Generating done (0.0s)
[10.776s] -- Build files have been written to: /home/hasan-fashtouk/ur_ws/src/build/ur_description
[10.784s] Invoked command in '/home/hasan-fashtouk/ur_ws/src/build/ur_description' returned '0': CMAKE_PREFIX_PATH=${CMAKE_PREFIX_PATH}:/opt/ros/jazzy DEBUGINFOD_URLS=https://debuginfod.ubuntu.com /usr/bin/cmake /home/hasan-fashtouk/ur_ws/src/Universal_Robots_ROS2_Description -DCMAKE_INSTALL_PREFIX=/home/hasan-fashtouk/ur_ws/src/install/ur_description
[10.786s] Invoking command in '/home/hasan-fashtouk/ur_ws/src/build/ur_description': CMAKE_PREFIX_PATH=${CMAKE_PREFIX_PATH}:/opt/ros/jazzy DEBUGINFOD_URLS=https://debuginfod.ubuntu.com /usr/bin/cmake --build /home/hasan-fashtouk/ur_ws/src/build/ur_description -- -j4 -l4
[10.840s] Invoked command in '/home/hasan-fashtouk/ur_ws/src/build/ur_description' returned '0': CMAKE_PREFIX_PATH=${CMAKE_PREFIX_PATH}:/opt/ros/jazzy DEBUGINFOD_URLS=https://debuginfod.ubuntu.com /usr/bin/cmake --build /home/hasan-fashtouk/ur_ws/src/build/ur_description -- -j4 -l4
[10.841s] Invoking command in '/home/hasan-fashtouk/ur_ws/src/build/ur_description': CMAKE_PREFIX_PATH=${CMAKE_PREFIX_PATH}:/opt/ros/jazzy DEBUGINFOD_URLS=https://debuginfod.ubuntu.com /usr/bin/cmake --install /home/hasan-fashtouk/ur_ws/src/build/ur_description
[10.852s] -- Install configuration: ""
[10.853s] -- Installing: /home/hasan-fashtouk/ur_ws/src/install/ur_description/share/ur_description/config
[10.854s] -- Installing: /home/hasan-fashtouk/ur_ws/src/install/ur_description/share/ur_description/config/initial_positions.yaml
[10.855s] -- Installing: /home/hasan-fashtouk/ur_ws/src/install/ur_description/share/ur_description/config/ur3e
[10.855s] -- Installing: /home/hasan-fashtouk/ur_ws/src/install/ur_description/share/ur_description/config/ur3e/joint_limits.yaml
[10.855s] -- Installing: /home/hasan-fashtouk/ur_ws/src/install/ur_description/share/ur_description/config/ur3e/visual_parameters.yaml
[10.856s] -- Installing: /home/hasan-fashtouk/ur_ws/src/install/ur_description/share/ur_description/config/ur3e/default_kinematics.yaml
[10.856s] -- Installing: /home/hasan-fashtouk/ur_ws/src/install/ur_description/share/ur_description/config/ur3e/physical_parameters.yaml
[10.856s] -- Installing: /home/hasan-fashtouk/ur_ws/src/install/ur_description/share/ur_description/config/ur18
[10.856s] -- Installing: /home/hasan-fashtouk/ur_ws/src/install/ur_description/share/ur_description/config/ur18/joint_limits.yaml
[10.856s] -- Installing: /home/hasan-fashtouk/ur_ws/src/install/ur_description/share/ur_description/config/ur18/visual_parameters.yaml
[10.856s] -- Installing: /home/hasan-fashtouk/ur_ws/src/install/ur_description/share/ur_description/config/ur18/default_kinematics.yaml
[10.857s] -- Installing: /home/hasan-fashtouk/ur_ws/src/install/ur_description/share/ur_description/config/ur18/physical_parameters.yaml
[10.857s] -- Installing: /home/hasan-fashtouk/ur_ws/src/install/ur_description/share/ur_description/config/ur16e
[10.857s] -- Installing: /home/hasan-fashtouk/ur_ws/src/install/ur_description/share/ur_description/config/ur16e/joint_limits.yaml
[10.857s] -- Installing: /home/hasan-fashtouk/ur_ws/src/install/ur_description/share/ur_description/config/ur16e/visual_parameters.yaml
[10.858s] -- Installing: /home/hasan-fashtouk/ur_ws/src/install/ur_description/share/ur_description/config/ur16e/default_kinematics.yaml
[10.858s] -- Installing: /home/hasan-fashtouk/ur_ws/src/install/ur_description/share/ur_description/config/ur16e/physical_parameters.yaml
[10.858s] -- Installing: /home/hasan-fashtouk/ur_ws/src/install/ur_description/share/ur_description/config/ur12e
[10.859s] -- Installing: /home/hasan-fashtouk/ur_ws/src/install/ur_description/share/ur_description/config/ur12e/joint_limits.yaml
[10.859s] -- Installing: /home/hasan-fashtouk/ur_ws/src/install/ur_description/share/ur_description/config/ur12e/visual_parameters.yaml
[10.859s] -- Installing: /home/hasan-fashtouk/ur_ws/src/install/ur_description/share/ur_description/config/ur12e/default_kinematics.yaml
[10.860s] -- Installing: /home/hasan-fashtouk/ur_ws/src/install/ur_description/share/ur_description/config/ur12e/physical_parameters.yaml
[10.860s] -- Installing: /home/hasan-fashtouk/ur_ws/src/install/ur_description/share/ur_description/config/ur7e
[10.861s] -- Installing: /home/hasan-fashtouk/ur_ws/src/install/ur_description/share/ur_description/config/ur7e/joint_limits.yaml
[10.861s] -- Installing: /home/hasan-fashtouk/ur_ws/src/install/ur_description/share/ur_description/config/ur7e/visual_parameters.yaml
[10.861s] -- Installing: /home/hasan-fashtouk/ur_ws/src/install/ur_description/share/ur_description/config/ur7e/default_kinematics.yaml
[10.862s] -- Installing: /home/hasan-fashtouk/ur_ws/src/install/ur_description/share/ur_description/config/ur7e/physical_parameters.yaml
[10.862s] -- Installing: /home/hasan-fashtouk/ur_ws/src/install/ur_description/share/ur_description/config/ur15
[10.862s] -- Installing: /home/hasan-fashtouk/ur_ws/src/install/ur_description/share/ur_description/config/ur15/joint_limits.yaml
[10.862s] -- Installing: /home/hasan-fashtouk/ur_ws/src/install/ur_description/share/ur_description/config/ur15/visual_parameters.yaml
[10.862s] -- Installing: /home/hasan-fashtouk/ur_ws/src/install/ur_description/share/ur_description/config/ur15/default_kinematics.yaml
[10.863s] -- Installing: /home/hasan-fashtouk/ur_ws/src/install/ur_description/share/ur_description/config/ur15/physical_parameters.yaml
[10.863s] -- Installing: /home/hasan-fashtouk/ur_ws/src/install/ur_description/share/ur_description/config/ur20
[10.863s] -- Installing: /home/hasan-fashtouk/ur_ws/src/install/ur_description/share/ur_description/config/ur20/joint_limits.yaml
[10.863s] -- Installing: /home/hasan-fashtouk/ur_ws/src/install/ur_description/share/ur_description/config/ur20/visual_parameters.yaml
[10.863s] -- Installing: /home/hasan-fashtouk/ur_ws/src/install/ur_description/share/ur_description/config/ur20/default_kinematics.yaml
[10.863s] -- Installing: /home/hasan-fashtouk/ur_ws/src/install/ur_description/share/ur_description/config/ur20/physical_parameters.yaml
[10.864s] -- Installing: /home/hasan-fashtouk/ur_ws/src/install/ur_description/share/ur_description/config/ur10e
[10.864s] -- Installing: /home/hasan-fashtouk/ur_ws/src/install/ur_description/share/ur_description/config/ur10e/joint_limits.yaml
[10.864s] -- Installing: /home/hasan-fashtouk/ur_ws/src/install/ur_description/share/ur_description/config/ur10e/visual_parameters.yaml
[10.864s] -- Installing: /home/hasan-fashtouk/ur_ws/src/install/ur_description/share/ur_description/config/ur10e/default_kinematics.yaml
[10.865s] -- Installing: /home/hasan-fashtouk/ur_ws/src/install/ur_description/share/ur_description/config/ur10e/physical_parameters.yaml
[10.865s] -- Installing: /home/hasan-fashtouk/ur_ws/src/install/ur_description/share/ur_description/config/ur8long
[10.866s] -- Installing: /home/hasan-fashtouk/ur_ws/src/install/ur_description/share/ur_description/config/ur8long/joint_limits.yaml
[10.866s] -- Installing: /home/hasan-fashtouk/ur_ws/src/install/ur_description/share/ur_description/config/ur8long/visual_parameters.yaml
[10.866s] -- Installing: /home/hasan-fashtouk/ur_ws/src/install/ur_description/share/ur_description/config/ur8long/default_kinematics.yaml
[10.866s] -- Installing: /home/hasan-fashtouk/ur_ws/src/install/ur_description/share/ur_description/config/ur8long/physical_parameters.yaml
[10.867s] -- Installing: /home/hasan-fashtouk/ur_ws/src/install/ur_description/share/ur_description/config/ur5e
[10.867s] -- Installing: /home/hasan-fashtouk/ur_ws/src/install/ur_description/share/ur_description/config/ur5e/joint_limits.yaml
[10.867s] -- Installing: /home/hasan-fashtouk/ur_ws/src/install/ur_description/share/ur_description/config/ur5e/visual_parameters.yaml
[10.867s] -- Installing: /home/hasan-fashtouk/ur_ws/src/install/ur_description/share/ur_description/config/ur5e/default_kinematics.yaml
[10.867s] -- Installing: /home/hasan-fashtouk/ur_ws/src/install/ur_description/share/ur_description/config/ur5e/physical_parameters.yaml
[10.868s] -- Installing: /home/hasan-fashtouk/ur_ws/src/install/ur_description/share/ur_description/config/ur30
[10.868s] -- Installing: /home/hasan-fashtouk/ur_ws/src/install/ur_description/share/ur_description/config/ur30/joint_limits.yaml
[10.868s] -- Installing: /home/hasan-fashtouk/ur_ws/src/install/ur_description/share/ur_description/config/ur30/visual_parameters.yaml
[10.869s] -- Installing: /home/hasan-fashtouk/ur_ws/src/install/ur_description/share/ur_description/config/ur30/default_kinematics.yaml
[10.869s] -- Installing: /home/hasan-fashtouk/ur_ws/src/install/ur_description/share/ur_description/config/ur30/physical_parameters.yaml
[10.869s] -- Installing: /home/hasan-fashtouk/ur_ws/src/install/ur_description/share/ur_description/config/ur3
[10.869s] -- Installing: /home/hasan-fashtouk/ur_ws/src/install/ur_description/share/ur_description/config/ur3/joint_limits.yaml
[10.870s] -- Installing: /home/hasan-fashtouk/ur_ws/src/install/ur_description/share/ur_description/config/ur3/visual_parameters.yaml
[10.870s] -- Installing: /home/hasan-fashtouk/ur_ws/src/install/ur_description/share/ur_description/config/ur3/default_kinematics.yaml
[10.870s] -- Installing: /home/hasan-fashtouk/ur_ws/src/install/ur_description/share/ur_description/config/ur3/physical_parameters.yaml
[10.870s] -- Installing: /home/hasan-fashtouk/ur_ws/src/install/ur_description/share/ur_description/config/ur5
[10.870s] -- Installing: /home/hasan-fashtouk/ur_ws/src/install/ur_description/share/ur_description/config/ur5/joint_limits.yaml
[10.871s] -- Installing: /home/hasan-fashtouk/ur_ws/src/install/ur_description/share/ur_description/config/ur5/visual_parameters.yaml
[10.871s] -- Installing: /home/hasan-fashtouk/ur_ws/src/install/ur_description/share/ur_description/config/ur5/default_kinematics.yaml
[10.871s] -- Installing: /home/hasan-fashtouk/ur_ws/src/install/ur_description/share/ur_description/config/ur5/physical_parameters.yaml
[10.871s] -- Installing: /home/hasan-fashtouk/ur_ws/src/install/ur_description/share/ur_description/config/ur10
[10.872s] -- Installing: /home/hasan-fashtouk/ur_ws/src/install/ur_description/share/ur_description/config/ur10/joint_limits.yaml
[10.872s] -- Installing: /home/hasan-fashtouk/ur_ws/src/install/ur_description/share/ur_description/config/ur10/visual_parameters.yaml
[10.872s] -- Installing: /home/hasan-fashtouk/ur_ws/src/install/ur_description/share/ur_description/config/ur10/default_kinematics.yaml
[10.872s] -- Installing: /home/hasan-fashtouk/ur_ws/src/install/ur_description/share/ur_description/config/ur10/physical_parameters.yaml
[10.872s] -- Installing: /home/hasan-fashtouk/ur_ws/src/install/ur_description/share/ur_description/launch
[10.873s] -- Installing: /home/hasan-fashtouk/ur_ws/src/install/ur_description/share/ur_description/launch/view_ur.launch.py
[10.873s] -- Installing: /home/hasan-fashtouk/ur_ws/src/install/ur_description/share/ur_description/meshes
[10.873s] -- Installing: /home/hasan-fashtouk/ur_ws/src/install/ur_description/share/ur_description/meshes/ur3e
[10.873s] -- Installing: /home/hasan-fashtouk/ur_ws/src/install/ur_description/share/ur_description/meshes/ur3e/collision
[10.874s] -- Installing: /home/hasan-fashtouk/ur_ws/src/install/ur_description/share/ur_description/meshes/ur3e/collision/wrist1.stl
[10.874s] -- Installing: /home/hasan-fashtouk/ur_ws/src/install/ur_description/share/ur_description/meshes/ur3e/collision/base.stl
[10.874s] -- Installing: /home/hasan-fashtouk/ur_ws/src/install/ur_description/share/ur_description/meshes/ur3e/collision/forearm.stl
[10.874s] -- Installing: /home/hasan-fashtouk/ur_ws/src/install/ur_description/share/ur_description/meshes/ur3e/collision/wrist2.stl
[10.874s] -- Installing: /home/hasan-fashtouk/ur_ws/src/install/ur_description/share/ur_description/meshes/ur3e/collision/shoulder.stl
[10.874s] -- Installing: /home/hasan-fashtouk/ur_ws/src/install/ur_description/share/ur_description/meshes/ur3e/collision/wrist3.stl
[10.875s] -- Installing: /home/hasan-fashtouk/ur_ws/src/install/ur_description/share/ur_description/meshes/ur3e/collision/upperarm.stl
[10.875s] -- Installing: /home/hasan-fashtouk/ur_ws/src/install/ur_description/share/ur_description/meshes/ur3e/visual
[10.875s] -- Installing: /home/hasan-fashtouk/ur_ws/src/install/ur_description/share/ur_description/meshes/ur3e/visual/shoulder.dae
[10.875s] -- Installing: /home/hasan-fashtouk/ur_ws/src/install/ur_description/share/ur_description/meshes/ur3e/visual/wrist1.dae
[10.876s] -- Installing: /home/hasan-fashtouk/ur_ws/src/install/ur_description/share/ur_description/meshes/ur3e/visual/wrist3.dae
[10.876s] -- Installing: /home/hasan-fashtouk/ur_ws/src/install/ur_description/share/ur_description/meshes/ur3e/visual/wrist2.dae
[10.878s] -- Installing: /home/hasan-fashtouk/ur_ws/src/install/ur_description/share/ur_description/meshes/ur3e/visual/base.dae
[10.879s] -- Installing: /home/hasan-fashtouk/ur_ws/src/install/ur_description/share/ur_description/meshes/ur3e/visual/upperarm.dae
[10.886s] -- Installing: /home/hasan-fashtouk/ur_ws/src/install/ur_description/share/ur_description/meshes/ur3e/visual/forearm.dae
[10.890s] -- Installing: /home/hasan-fashtouk/ur_ws/src/install/ur_description/share/ur_description/meshes/ur18
[10.890s] -- Installing: /home/hasan-fashtouk/ur_ws/src/install/ur_description/share/ur_description/meshes/ur18/LICENSE.txt
[10.890s] -- Installing: /home/hasan-fashtouk/ur_ws/src/install/ur_description/share/ur_description/meshes/ur18/collision
[10.890s] -- Installing: /home/hasan-fashtouk/ur_ws/src/install/ur_description/share/ur_description/meshes/ur18/collision/forearm.stl
[10.891s] -- Installing: /home/hasan-fashtouk/ur_ws/src/install/ur_description/share/ur_description/meshes/ur18/collision/upperarm.stl
[10.891s] -- Installing: /home/hasan-fashtouk/ur_ws/src/install/ur_description/share/ur_description/meshes/ur18/visual
[10.891s] -- Installing: /home/hasan-fashtouk/ur_ws/src/install/ur_description/share/ur_description/meshes/ur18/visual/UR18_DIFF_8bit_2K.jpg
[10.891s] -- Installing: /home/hasan-fashtouk/ur_ws/src/install/ur_description/share/ur_description/meshes/ur18/visual/upperarm.dae
[10.892s] -- Installing: /home/hasan-fashtouk/ur_ws/src/install/ur_description/share/ur_description/meshes/ur18/visual/forearm.dae
[10.893s] -- Installing: /home/hasan-fashtouk/ur_ws/src/install/ur_description/share/ur_description/meshes/ur16e
[10.893s] -- Installing: /home/hasan-fashtouk/ur_ws/src/install/ur_description/share/ur_description/meshes/ur16e/collision
[10.893s] -- Installing: /home/hasan-fashtouk/ur_ws/src/install/ur_description/share/ur_description/meshes/ur16e/collision/forearm.stl
[10.894s] -- Installing: /home/hasan-fashtouk/ur_ws/src/install/ur_description/share/ur_description/meshes/ur16e/collision/upperarm.stl
[10.894s] -- Installing: /home/hasan-fashtouk/ur_ws/src/install/ur_description/share/ur_description/meshes/ur16e/visual
[10.894s] -- Installing: /home/hasan-fashtouk/ur_ws/src/install/ur_description/share/ur_description/meshes/ur16e/visual/upperarm.dae
[10.901s] -- Installing: /home/hasan-fashtouk/ur_ws/src/install/ur_description/share/ur_description/meshes/ur16e/visual/forearm.dae
[10.903s] -- Installing: /home/hasan-fashtouk/ur_ws/src/install/ur_description/share/ur_description/meshes/ur15
[10.903s] -- Installing: /home/hasan-fashtouk/ur_ws/src/install/ur_description/share/ur_description/meshes/ur15/LICENSE.txt
[10.904s] -- Installing: /home/hasan-fashtouk/ur_ws/src/install/ur_description/share/ur_description/meshes/ur15/collision
[10.904s] -- Installing: /home/hasan-fashtouk/ur_ws/src/install/ur_description/share/ur_description/meshes/ur15/collision/wrist1.stl
[10.913s] -- Installing: /home/hasan-fashtouk/ur_ws/src/install/ur_description/share/ur_description/meshes/ur15/collision/base.stl
[10.913s] -- Installing: /home/hasan-fashtouk/ur_ws/src/install/ur_description/share/ur_description/meshes/ur15/collision/forearm.stl
[10.914s] -- Installing: /home/hasan-fashtouk/ur_ws/src/install/ur_description/share/ur_description/meshes/ur15/collision/wrist2.stl
[10.914s] -- Installing: /home/hasan-fashtouk/ur_ws/src/install/ur_description/share/ur_description/meshes/ur15/collision/shoulder.stl
[10.914s] -- Installing: /home/hasan-fashtouk/ur_ws/src/install/ur_description/share/ur_description/meshes/ur15/collision/wrist3.stl
[10.914s] -- Installing: /home/hasan-fashtouk/ur_ws/src/install/ur_description/share/ur_description/meshes/ur15/collision/upperarm.stl
[10.915s] -- Installing: /home/hasan-fashtouk/ur_ws/src/install/ur_description/share/ur_description/meshes/ur15/visual
[10.915s] -- Installing: /home/hasan-fashtouk/ur_ws/src/install/ur_description/share/ur_description/meshes/ur15/visual/shoulder.dae
[10.915s] -- Installing: /home/hasan-fashtouk/ur_ws/src/install/ur_description/share/ur_description/meshes/ur15/visual/wrist1.dae
[10.915s] -- Installing: /home/hasan-fashtouk/ur_ws/src/install/ur_description/share/ur_description/meshes/ur15/visual/wrist3.dae
[10.916s] -- Installing: /home/hasan-fashtouk/ur_ws/src/install/ur_description/share/ur_description/meshes/ur15/visual/wrist2.dae
[10.916s] -- Installing: /home/hasan-fashtouk/ur_ws/src/install/ur_description/share/ur_description/meshes/ur15/visual/base.dae
[10.917s] -- Installing: /home/hasan-fashtouk/ur_ws/src/install/ur_description/share/ur_description/meshes/ur15/visual/upperarm.dae
[10.918s] -- Installing: /home/hasan-fashtouk/ur_ws/src/install/ur_description/share/ur_description/meshes/ur15/visual/UR15_DIFF_8bit_2K.jpg
[10.918s] -- Installing: /home/hasan-fashtouk/ur_ws/src/install/ur_description/share/ur_description/meshes/ur15/visual/forearm.dae
[10.919s] -- Installing: /home/hasan-fashtouk/ur_ws/src/install/ur_description/share/ur_description/meshes/ur20
[10.919s] -- Installing: /home/hasan-fashtouk/ur_ws/src/install/ur_description/share/ur_description/meshes/ur20/LICENSE.txt
[10.920s] -- Installing: /home/hasan-fashtouk/ur_ws/src/install/ur_description/share/ur_description/meshes/ur20/collision
[10.920s] -- Installing: /home/hasan-fashtouk/ur_ws/src/install/ur_description/share/ur_description/meshes/ur20/collision/wrist1.stl
[10.920s] -- Installing: /home/hasan-fashtouk/ur_ws/src/install/ur_description/share/ur_description/meshes/ur20/collision/base.stl
[10.920s] -- Installing: /home/hasan-fashtouk/ur_ws/src/install/ur_description/share/ur_description/meshes/ur20/collision/forearm.stl
[10.920s] -- Installing: /home/hasan-fashtouk/ur_ws/src/install/ur_description/share/ur_description/meshes/ur20/collision/wrist2.stl
[10.921s] -- Installing: /home/hasan-fashtouk/ur_ws/src/install/ur_description/share/ur_description/meshes/ur20/collision/shoulder.stl
[10.921s] -- Installing: /home/hasan-fashtouk/ur_ws/src/install/ur_description/share/ur_description/meshes/ur20/collision/wrist3.stl
[10.921s] -- Installing: /home/hasan-fashtouk/ur_ws/src/install/ur_description/share/ur_description/meshes/ur20/collision/upperarm.stl
[10.921s] -- Installing: /home/hasan-fashtouk/ur_ws/src/install/ur_description/share/ur_description/meshes/ur20/visual
[10.921s] -- Installing: /home/hasan-fashtouk/ur_ws/src/install/ur_description/share/ur_description/meshes/ur20/visual/shoulder.dae
[10.922s] -- Installing: /home/hasan-fashtouk/ur_ws/src/install/ur_description/share/ur_description/meshes/ur20/visual/wrist1.dae
[10.923s] -- Installing: /home/hasan-fashtouk/ur_ws/src/install/ur_description/share/ur_description/meshes/ur20/visual/wrist3.dae
[10.923s] -- Installing: /home/hasan-fashtouk/ur_ws/src/install/ur_description/share/ur_description/meshes/ur20/visual/wrist2.dae
[10.924s] -- Installing: /home/hasan-fashtouk/ur_ws/src/install/ur_description/share/ur_description/meshes/ur20/visual/base.dae
[10.925s] -- Installing: /home/hasan-fashtouk/ur_ws/src/install/ur_description/share/ur_description/meshes/ur20/visual/upperarm.dae
[10.926s] -- Installing: /home/hasan-fashtouk/ur_ws/src/install/ur_description/share/ur_description/meshes/ur20/visual/forearm.dae
[10.927s] -- Installing: /home/hasan-fashtouk/ur_ws/src/install/ur_description/share/ur_description/meshes/ur20/visual/UR20_DIFF_8bit_2K.png
[10.930s] -- Installing: /home/hasan-fashtouk/ur_ws/src/install/ur_description/share/ur_description/meshes/ur10e
[10.931s] -- Installing: /home/hasan-fashtouk/ur_ws/src/install/ur_description/share/ur_description/meshes/ur10e/collision
[10.931s] -- Installing: /home/hasan-fashtouk/ur_ws/src/install/ur_description/share/ur_description/meshes/ur10e/collision/wrist1.stl
[10.931s] -- Installing: /home/hasan-fashtouk/ur_ws/src/install/ur_description/share/ur_description/meshes/ur10e/collision/base.stl
[10.931s] -- Installing: /home/hasan-fashtouk/ur_ws/src/install/ur_description/share/ur_description/meshes/ur10e/collision/forearm.stl
[10.932s] -- Installing: /home/hasan-fashtouk/ur_ws/src/install/ur_description/share/ur_description/meshes/ur10e/collision/wrist2.stl
[10.932s] -- Installing: /home/hasan-fashtouk/ur_ws/src/install/ur_description/share/ur_description/meshes/ur10e/collision/shoulder.stl
[10.933s] -- Installing: /home/hasan-fashtouk/ur_ws/src/install/ur_description/share/ur_description/meshes/ur10e/collision/wrist3.stl
[10.934s] -- Installing: /home/hasan-fashtouk/ur_ws/src/install/ur_description/share/ur_description/meshes/ur10e/collision/upperarm.stl
[10.934s] -- Installing: /home/hasan-fashtouk/ur_ws/src/install/ur_description/share/ur_description/meshes/ur10e/visual
[10.934s] -- Installing: /home/hasan-fashtouk/ur_ws/src/install/ur_description/share/ur_description/meshes/ur10e/visual/shoulder.dae
[10.938s] -- Installing: /home/hasan-fashtouk/ur_ws/src/install/ur_description/share/ur_description/meshes/ur10e/visual/wrist1.dae
[10.938s] -- Installing: /home/hasan-fashtouk/ur_ws/src/install/ur_description/share/ur_description/meshes/ur10e/visual/wrist3.dae
[10.939s] -- Installing: /home/hasan-fashtouk/ur_ws/src/install/ur_description/share/ur_description/meshes/ur10e/visual/wrist2.dae
[10.941s] -- Installing: /home/hasan-fashtouk/ur_ws/src/install/ur_description/share/ur_description/meshes/ur10e/visual/base.dae
[10.941s] -- Installing: /home/hasan-fashtouk/ur_ws/src/install/ur_description/share/ur_description/meshes/ur10e/visual/upperarm.dae
[10.947s] -- Installing: /home/hasan-fashtouk/ur_ws/src/install/ur_description/share/ur_description/meshes/ur10e/visual/forearm.dae
[10.949s] -- Installing: /home/hasan-fashtouk/ur_ws/src/install/ur_description/share/ur_description/meshes/ur8long
[10.949s] -- Installing: /home/hasan-fashtouk/ur_ws/src/install/ur_description/share/ur_description/meshes/ur8long/LICENSE.txt
[10.950s] -- Installing: /home/hasan-fashtouk/ur_ws/src/install/ur_description/share/ur_description/meshes/ur8long/collision
[10.950s] -- Installing: /home/hasan-fashtouk/ur_ws/src/install/ur_description/share/ur_description/meshes/ur8long/collision/forearm.stl
[10.950s] -- Installing: /home/hasan-fashtouk/ur_ws/src/install/ur_description/share/ur_description/meshes/ur8long/collision/upperarm.stl
[10.951s] -- Installing: /home/hasan-fashtouk/ur_ws/src/install/ur_description/share/ur_description/meshes/ur8long/visual
[10.951s] -- Installing: /home/hasan-fashtouk/ur_ws/src/install/ur_description/share/ur_description/meshes/ur8long/visual/UR8Long_DIFF_8bit_2K.jpg
[10.951s] -- Installing: /home/hasan-fashtouk/ur_ws/src/install/ur_description/share/ur_description/meshes/ur8long/visual/upperarm.dae
[10.952s] -- Installing: /home/hasan-fashtouk/ur_ws/src/install/ur_description/share/ur_description/meshes/ur8long/visual/forearm.dae
[10.953s] -- Installing: /home/hasan-fashtouk/ur_ws/src/install/ur_description/share/ur_description/meshes/ur5e
[10.953s] -- Installing: /home/hasan-fashtouk/ur_ws/src/install/ur_description/share/ur_description/meshes/ur5e/collision
[10.953s] -- Installing: /home/hasan-fashtouk/ur_ws/src/install/ur_description/share/ur_description/meshes/ur5e/collision/wrist1.stl
[10.954s] -- Installing: /home/hasan-fashtouk/ur_ws/src/install/ur_description/share/ur_description/meshes/ur5e/collision/base.stl
[10.954s] -- Installing: /home/hasan-fashtouk/ur_ws/src/install/ur_description/share/ur_description/meshes/ur5e/collision/forearm.stl
[10.954s] -- Installing: /home/hasan-fashtouk/ur_ws/src/install/ur_description/share/ur_description/meshes/ur5e/collision/wrist2.stl
[10.954s] -- Installing: /home/hasan-fashtouk/ur_ws/src/install/ur_description/share/ur_description/meshes/ur5e/collision/shoulder.stl
[10.954s] -- Installing: /home/hasan-fashtouk/ur_ws/src/install/ur_description/share/ur_description/meshes/ur5e/collision/wrist3.stl
[10.955s] -- Installing: /home/hasan-fashtouk/ur_ws/src/install/ur_description/share/ur_description/meshes/ur5e/collision/upperarm.stl
[10.955s] -- Installing: /home/hasan-fashtouk/ur_ws/src/install/ur_description/share/ur_description/meshes/ur5e/visual
[10.955s] -- Installing: /home/hasan-fashtouk/ur_ws/src/install/ur_description/share/ur_description/meshes/ur5e/visual/shoulder.dae
[10.958s] -- Installing: /home/hasan-fashtouk/ur_ws/src/install/ur_description/share/ur_description/meshes/ur5e/visual/wrist1.dae
[10.960s] -- Installing: /home/hasan-fashtouk/ur_ws/src/install/ur_description/share/ur_description/meshes/ur5e/visual/wrist3.dae
[10.960s] -- Installing: /home/hasan-fashtouk/ur_ws/src/install/ur_description/share/ur_description/meshes/ur5e/visual/wrist2.dae
[10.963s] -- Installing: /home/hasan-fashtouk/ur_ws/src/install/ur_description/share/ur_description/meshes/ur5e/visual/base.dae
[10.964s] -- Installing: /home/hasan-fashtouk/ur_ws/src/install/ur_description/share/ur_description/meshes/ur5e/visual/upperarm.dae
[10.970s] -- Installing: /home/hasan-fashtouk/ur_ws/src/install/ur_description/share/ur_description/meshes/ur5e/visual/forearm.dae
[10.971s] -- Installing: /home/hasan-fashtouk/ur_ws/src/install/ur_description/share/ur_description/meshes/ur30
[10.972s] -- Installing: /home/hasan-fashtouk/ur_ws/src/install/ur_description/share/ur_description/meshes/ur30/LICENSE.txt
[10.972s] -- Installing: /home/hasan-fashtouk/ur_ws/src/install/ur_description/share/ur_description/meshes/ur30/collision
[10.973s] -- Installing: /home/hasan-fashtouk/ur_ws/src/install/ur_description/share/ur_description/meshes/ur30/collision/forearm.stl
[10.973s] -- Installing: /home/hasan-fashtouk/ur_ws/src/install/ur_description/share/ur_description/meshes/ur30/collision/upperarm.stl
[10.973s] -- Installing: /home/hasan-fashtouk/ur_ws/src/install/ur_description/share/ur_description/meshes/ur30/visual
[10.973s] -- Installing: /home/hasan-fashtouk/ur_ws/src/install/ur_description/share/ur_description/meshes/ur30/visual/upperarm.dae
[10.974s] -- Installing: /home/hasan-fashtouk/ur_ws/src/install/ur_description/share/ur_description/meshes/ur30/visual/UR30_DIFF_8bit_2K.png
[10.976s] -- Installing: /home/hasan-fashtouk/ur_ws/src/install/ur_description/share/ur_description/meshes/ur30/visual/forearm.dae
[10.978s] -- Installing: /home/hasan-fashtouk/ur_ws/src/install/ur_description/share/ur_description/meshes/ur3
[10.978s] -- Installing: /home/hasan-fashtouk/ur_ws/src/install/ur_description/share/ur_description/meshes/ur3/collision
[10.978s] -- Installing: /home/hasan-fashtouk/ur_ws/src/install/ur_description/share/ur_description/meshes/ur3/collision/wrist1.stl
[10.978s] -- Installing: /home/hasan-fashtouk/ur_ws/src/install/ur_description/share/ur_description/meshes/ur3/collision/base.stl
[10.979s] -- Installing: /home/hasan-fashtouk/ur_ws/src/install/ur_description/share/ur_description/meshes/ur3/collision/forearm.stl
[10.980s] -- Installing: /home/hasan-fashtouk/ur_ws/src/install/ur_description/share/ur_description/meshes/ur3/collision/wrist2.stl
[10.980s] -- Installing: /home/hasan-fashtouk/ur_ws/src/install/ur_description/share/ur_description/meshes/ur3/collision/shoulder.stl
[10.981s] -- Installing: /home/hasan-fashtouk/ur_ws/src/install/ur_description/share/ur_description/meshes/ur3/collision/wrist3.stl
[10.981s] -- Installing: /home/hasan-fashtouk/ur_ws/src/install/ur_description/share/ur_description/meshes/ur3/collision/upperarm.stl
[10.982s] -- Installing: /home/hasan-fashtouk/ur_ws/src/install/ur_description/share/ur_description/meshes/ur3/visual
[10.982s] -- Installing: /home/hasan-fashtouk/ur_ws/src/install/ur_description/share/ur_description/meshes/ur3/visual/shoulder.dae
[10.985s] -- Installing: /home/hasan-fashtouk/ur_ws/src/install/ur_description/share/ur_description/meshes/ur3/visual/wrist1.dae
[10.987s] -- Installing: /home/hasan-fashtouk/ur_ws/src/install/ur_description/share/ur_description/meshes/ur3/visual/wrist3.dae
[10.987s] -- Installing: /home/hasan-fashtouk/ur_ws/src/install/ur_description/share/ur_description/meshes/ur3/visual/wrist2.dae
[10.988s] -- Installing: /home/hasan-fashtouk/ur_ws/src/install/ur_description/share/ur_description/meshes/ur3/visual/base.dae
[10.989s] -- Installing: /home/hasan-fashtouk/ur_ws/src/install/ur_description/share/ur_description/meshes/ur3/visual/upperarm.dae
[10.992s] -- Installing: /home/hasan-fashtouk/ur_ws/src/install/ur_description/share/ur_description/meshes/ur3/visual/forearm.dae
[10.994s] -- Installing: /home/hasan-fashtouk/ur_ws/src/install/ur_description/share/ur_description/meshes/ur5
[10.995s] -- Installing: /home/hasan-fashtouk/ur_ws/src/install/ur_description/share/ur_description/meshes/ur5/collision
[10.996s] -- Installing: /home/hasan-fashtouk/ur_ws/src/install/ur_description/share/ur_description/meshes/ur5/collision/wrist1.stl
[10.996s] -- Installing: /home/hasan-fashtouk/ur_ws/src/install/ur_description/share/ur_description/meshes/ur5/collision/base.stl
[10.996s] -- Installing: /home/hasan-fashtouk/ur_ws/src/install/ur_description/share/ur_description/meshes/ur5/collision/forearm.stl
[10.996s] -- Installing: /home/hasan-fashtouk/ur_ws/src/install/ur_description/share/ur_description/meshes/ur5/collision/wrist2.stl
[10.996s] -- Installing: /home/hasan-fashtouk/ur_ws/src/install/ur_description/share/ur_description/meshes/ur5/collision/shoulder.stl
[10.997s] -- Installing: /home/hasan-fashtouk/ur_ws/src/install/ur_description/share/ur_description/meshes/ur5/collision/wrist3.stl
[10.997s] -- Installing: /home/hasan-fashtouk/ur_ws/src/install/ur_description/share/ur_description/meshes/ur5/collision/upperarm.stl
[10.997s] -- Installing: /home/hasan-fashtouk/ur_ws/src/install/ur_description/share/ur_description/meshes/ur5/visual
[10.997s] -- Installing: /home/hasan-fashtouk/ur_ws/src/install/ur_description/share/ur_description/meshes/ur5/visual/shoulder.dae
[11.000s] -- Installing: /home/hasan-fashtouk/ur_ws/src/install/ur_description/share/ur_description/meshes/ur5/visual/wrist1.dae
[11.000s] -- Installing: /home/hasan-fashtouk/ur_ws/src/install/ur_description/share/ur_description/meshes/ur5/visual/wrist3.dae
[11.000s] -- Installing: /home/hasan-fashtouk/ur_ws/src/install/ur_description/share/ur_description/meshes/ur5/visual/wrist2.dae
[11.002s] -- Installing: /home/hasan-fashtouk/ur_ws/src/install/ur_description/share/ur_description/meshes/ur5/visual/base.dae
[11.002s] -- Installing: /home/hasan-fashtouk/ur_ws/src/install/ur_description/share/ur_description/meshes/ur5/visual/upperarm.dae
[11.006s] -- Installing: /home/hasan-fashtouk/ur_ws/src/install/ur_description/share/ur_description/meshes/ur5/visual/forearm.dae
[11.009s] -- Installing: /home/hasan-fashtouk/ur_ws/src/install/ur_description/share/ur_description/meshes/ur10
[11.010s] -- Installing: /home/hasan-fashtouk/ur_ws/src/install/ur_description/share/ur_description/meshes/ur10/collision
[11.010s] -- Installing: /home/hasan-fashtouk/ur_ws/src/install/ur_description/share/ur_description/meshes/ur10/collision/wrist1.stl
[11.011s] -- Installing: /home/hasan-fashtouk/ur_ws/src/install/ur_description/share/ur_description/meshes/ur10/collision/base.stl
[11.011s] -- Installing: /home/hasan-fashtouk/ur_ws/src/install/ur_description/share/ur_description/meshes/ur10/collision/forearm.stl
[11.012s] -- Installing: /home/hasan-fashtouk/ur_ws/src/install/ur_description/share/ur_description/meshes/ur10/collision/wrist2.stl
[11.012s] -- Installing: /home/hasan-fashtouk/ur_ws/src/install/ur_description/share/ur_description/meshes/ur10/collision/shoulder.stl
[11.012s] -- Installing: /home/hasan-fashtouk/ur_ws/src/install/ur_description/share/ur_description/meshes/ur10/collision/wrist3.stl
[11.013s] -- Installing: /home/hasan-fashtouk/ur_ws/src/install/ur_description/share/ur_description/meshes/ur10/collision/upperarm.stl
[11.013s] -- Installing: /home/hasan-fashtouk/ur_ws/src/install/ur_description/share/ur_description/meshes/ur10/visual
[11.013s] -- Installing: /home/hasan-fashtouk/ur_ws/src/install/ur_description/share/ur_description/meshes/ur10/visual/shoulder.dae
[11.015s] -- Installing: /home/hasan-fashtouk/ur_ws/src/install/ur_description/share/ur_description/meshes/ur10/visual/wrist1.dae
[11.015s] -- Installing: /home/hasan-fashtouk/ur_ws/src/install/ur_description/share/ur_description/meshes/ur10/visual/wrist3.dae
[11.015s] -- Installing: /home/hasan-fashtouk/ur_ws/src/install/ur_description/share/ur_description/meshes/ur10/visual/wrist2.dae
[11.018s] -- Installing: /home/hasan-fashtouk/ur_ws/src/install/ur_description/share/ur_description/meshes/ur10/visual/base.dae
[11.019s] -- Installing: /home/hasan-fashtouk/ur_ws/src/install/ur_description/share/ur_description/meshes/ur10/visual/upperarm.dae
[11.023s] -- Installing: /home/hasan-fashtouk/ur_ws/src/install/ur_description/share/ur_description/meshes/ur10/visual/forearm.dae
[11.026s] -- Installing: /home/hasan-fashtouk/ur_ws/src/install/ur_description/share/ur_description/rviz
[11.027s] -- Installing: /home/hasan-fashtouk/ur_ws/src/install/ur_description/share/ur_description/rviz/view_robot.rviz
[11.027s] -- Installing: /home/hasan-fashtouk/ur_ws/src/install/ur_description/share/ur_description/urdf
[11.028s] -- Installing: /home/hasan-fashtouk/ur_ws/src/install/ur_description/share/ur_description/urdf/ur_mocked.urdf.xacro
[11.031s] -- Installing: /home/hasan-fashtouk/ur_ws/src/install/ur_description/share/ur_description/urdf/ros2_control_mock_hardware.xacro
[11.031s] -- Installing: /home/hasan-fashtouk/ur_ws/src/install/ur_description/share/ur_description/urdf/ur_macro.xacro
[11.031s] -- Installing: /home/hasan-fashtouk/ur_ws/src/install/ur_description/share/ur_description/urdf/ur.urdf.xacro
[11.032s] -- Installing: /home/hasan-fashtouk/ur_ws/src/install/ur_description/share/ur_description/urdf/inc
[11.033s] -- Installing: /home/hasan-fashtouk/ur_ws/src/install/ur_description/share/ur_description/urdf/inc/ur_sensors.xacro
[11.033s] -- Installing: /home/hasan-fashtouk/ur_ws/src/install/ur_description/share/ur_description/urdf/inc/ur_common.xacro
[11.033s] -- Installing: /home/hasan-fashtouk/ur_ws/src/install/ur_description/share/ur_description/urdf/inc/ur_transmissions.xacro
[11.033s] -- Installing: /home/hasan-fashtouk/ur_ws/src/install/ur_description/share/ur_description/urdf/inc/ur_joint_control.xacro
[11.034s] -- Installing: /home/hasan-fashtouk/ur_ws/src/install/ur_description/share/ur_description/test
[11.034s] -- Installing: /home/hasan-fashtouk/ur_ws/src/install/ur_description/share/ur_description/test/test_ur_urdf_xacro.py
[11.034s] -- Installing: /home/hasan-fashtouk/ur_ws/src/install/ur_description/share/ur_description/test/test_view_ur_launch.py
[11.034s] -- Installing: /home/hasan-fashtouk/ur_ws/src/install/ur_description/share/ament_index/resource_index/package_run_dependencies/ur_description
[11.035s] -- Installing: /home/hasan-fashtouk/ur_ws/src/install/ur_description/share/ament_index/resource_index/parent_prefix_path/ur_description
[11.035s] -- Installing: /home/hasan-fashtouk/ur_ws/src/install/ur_description/share/ur_description/environment/ament_prefix_path.sh
[11.035s] -- Installing: /home/hasan-fashtouk/ur_ws/src/install/ur_description/share/ur_description/environment/ament_prefix_path.dsv
[11.035s] -- Installing: /home/hasan-fashtouk/ur_ws/src/install/ur_description/share/ur_description/environment/path.sh
[11.036s] -- Installing: /home/hasan-fashtouk/ur_ws/src/install/ur_description/share/ur_description/environment/path.dsv
[11.036s] -- Installing: /home/hasan-fashtouk/ur_ws/src/install/ur_description/share/ur_description/local_setup.bash
[11.037s] -- Installing: /home/hasan-fashtouk/ur_ws/src/install/ur_description/share/ur_description/local_setup.sh
[11.038s] -- Installing: /home/hasan-fashtouk/ur_ws/src/install/ur_description/share/ur_description/local_setup.zsh
[11.039s] -- Installing: /home/hasan-fashtouk/ur_ws/src/install/ur_description/share/ur_description/local_setup.dsv
[11.040s] -- Installing: /home/hasan-fashtouk/ur_ws/src/install/ur_description/share/ur_description/package.dsv
[11.040s] -- Installing: /home/hasan-fashtouk/ur_ws/src/install/ur_description/share/ament_index/resource_index/packages/ur_description
[11.040s] -- Installing: /home/hasan-fashtouk/ur_ws/src/install/ur_description/share/ur_description/cmake/ur_descriptionConfig.cmake
[11.041s] -- Installing: /home/hasan-fashtouk/ur_ws/src/install/ur_description/share/ur_description/cmake/ur_descriptionConfig-version.cmake
[11.041s] -- Installing: /home/hasan-fashtouk/ur_ws/src/install/ur_description/share/ur_description/package.xml
[11.042s] Invoked command in '/home/hasan-fashtouk/ur_ws/src/build/ur_description' returned '0': CMAKE_PREFIX_PATH=${CMAKE_PREFIX_PATH}:/opt/ros/jazzy DEBUGINFOD_URLS=https://debuginfod.ubuntu.com /usr/bin/cmake --install /home/hasan-fashtouk/ur_ws/src/build/ur_description
