-- Install configuration: ""
-- Up-to-date: /home/hasan-fashtouk/ur_ws/src/install/ur5e_description/share/ur5e_description/launch
-- Up-to-date: /home/hasan-fashtouk/ur_ws/src/install/ur5e_description/share/ur5e_description/launch/display_ur_camera.launch.py
-- Installing: /home/hasan-fashtouk/ur_ws/src/install/ur5e_description/share/ur5e_description/launch/ur_sim_control.launch.py
-- Installing: /home/hasan-fashtouk/ur_ws/src/install/ur5e_description/share/ur5e_description/launch/ur_sim_moveit.launch.py
-- Up-to-date: /home/hasan-fashtouk/ur_ws/src/install/ur5e_description/share/ur5e_description/config
-- Up-to-date: /home/hasan-fashtouk/ur_ws/src/install/ur5e_description/share/ur5e_description/config/initial_positions.yaml
-- Up-to-date: /home/hasan-fashtouk/ur_ws/src/install/ur5e_description/share/ur5e_description/config/ur_controllers.yaml
-- Up-to-date: /home/hasan-fashtouk/ur_ws/src/install/ur5e_description/share/ur5e_description/urdf
-- Up-to-date: /home/hasan-fashtouk/ur_ws/src/install/ur5e_description/share/ur5e_description/urdf/ur.ros2_control.xacro
-- Up-to-date: /home/hasan-fashtouk/ur_ws/src/install/ur5e_description/share/ur5e_description/urdf/camera.xacro
-- Up-to-date: /home/hasan-fashtouk/ur_ws/src/install/ur5e_description/share/ur5e_description/urdf/2f_85.ros2_control.xacro
-- Up-to-date: /home/hasan-fashtouk/ur_ws/src/install/ur5e_description/share/ur5e_description/urdf/ur.urdf.xacro
-- Up-to-date: /home/hasan-fashtouk/ur_ws/src/install/ur5e_description/share/ur5e_description/urdf/robotiq_2f_85_macro.urdf.xacro
-- Up-to-date: /home/hasan-fashtouk/ur_ws/src/install/ur5e_description/share/ur5e_description/rviz
-- Up-to-date: /home/hasan-fashtouk/ur_ws/src/install/ur5e_description/share/ur5e_description/rviz/display_camera.rviz
-- Up-to-date: /home/hasan-fashtouk/ur_ws/src/install/ur5e_description/share/ur5e_description/rviz/display.rviz
-- Up-to-date: /home/hasan-fashtouk/ur_ws/src/install/ur5e_description/share/ur5e_description/meshes
-- Up-to-date: /home/hasan-fashtouk/ur_ws/src/install/ur5e_description/share/ur5e_description/meshes/sensors
-- Up-to-date: /home/hasan-fashtouk/ur_ws/src/install/ur5e_description/share/ur5e_description/meshes/sensors/camera
-- Up-to-date: /home/hasan-fashtouk/ur_ws/src/install/ur5e_description/share/ur5e_description/meshes/sensors/camera/kinetic.png
-- Up-to-date: /home/hasan-fashtouk/ur_ws/src/install/ur5e_description/share/ur5e_description/meshes/sensors/camera/kinetic.stl
-- Up-to-date: /home/hasan-fashtouk/ur_ws/src/install/ur5e_description/share/ur5e_description/meshes/sensors/camera/kinetic.dae
-- Up-to-date: /home/hasan-fashtouk/ur_ws/src/install/ur5e_description/share/ament_index/resource_index/package_run_dependencies/ur5e_description
-- Up-to-date: /home/hasan-fashtouk/ur_ws/src/install/ur5e_description/share/ament_index/resource_index/parent_prefix_path/ur5e_description
-- Up-to-date: /home/hasan-fashtouk/ur_ws/src/install/ur5e_description/share/ur5e_description/environment/ament_prefix_path.sh
-- Up-to-date: /home/hasan-fashtouk/ur_ws/src/install/ur5e_description/share/ur5e_description/environment/ament_prefix_path.dsv
-- Up-to-date: /home/hasan-fashtouk/ur_ws/src/install/ur5e_description/share/ur5e_description/environment/path.sh
-- Up-to-date: /home/hasan-fashtouk/ur_ws/src/install/ur5e_description/share/ur5e_description/environment/path.dsv
-- Up-to-date: /home/hasan-fashtouk/ur_ws/src/install/ur5e_description/share/ur5e_description/local_setup.bash
-- Up-to-date: /home/hasan-fashtouk/ur_ws/src/install/ur5e_description/share/ur5e_description/local_setup.sh
-- Up-to-date: /home/hasan-fashtouk/ur_ws/src/install/ur5e_description/share/ur5e_description/local_setup.zsh
-- Up-to-date: /home/hasan-fashtouk/ur_ws/src/install/ur5e_description/share/ur5e_description/local_setup.dsv
-- Up-to-date: /home/hasan-fashtouk/ur_ws/src/install/ur5e_description/share/ur5e_description/package.dsv
-- Up-to-date: /home/hasan-fashtouk/ur_ws/src/install/ur5e_description/share/ament_index/resource_index/packages/ur5e_description
-- Up-to-date: /home/hasan-fashtouk/ur_ws/src/install/ur5e_description/share/ur5e_description/cmake/ur5e_descriptionConfig.cmake
-- Up-to-date: /home/hasan-fashtouk/ur_ws/src/install/ur5e_description/share/ur5e_description/cmake/ur5e_descriptionConfig-version.cmake
-- Up-to-date: /home/hasan-fashtouk/ur_ws/src/install/ur5e_description/share/ur5e_description/package.xml
