[0.034s] Invoking command in '/home/hasan-fashtouk/ur_ws/src/build/ur_description': CMAKE_PREFIX_PATH=${CMAKE_PREFIX_PATH}:/opt/ros/jazzy DEBUGINFOD_URLS=https://debuginfod.ubuntu.com /usr/bin/cmake --build /home/hasan-fashtouk/ur_ws/src/build/ur_description -- -j4 -l4
[0.196s] Invoked command in '/home/hasan-fashtouk/ur_ws/src/build/ur_description' returned '0': CMAKE_PREFIX_PATH=${CMAKE_PREFIX_PATH}:/opt/ros/jazzy DEBUGINFOD_URLS=https://debuginfod.ubuntu.com /usr/bin/cmake --build /home/hasan-fashtouk/ur_ws/src/build/ur_description -- -j4 -l4
[0.213s] Invoking command in '/home/hasan-fashtouk/ur_ws/src/build/ur_description': CMAKE_PREFIX_PATH=${CMAKE_PREFIX_PATH}:/opt/ros/jazzy DEBUGINFOD_URLS=https://debuginfod.ubuntu.com /usr/bin/cmake --install /home/hasan-fashtouk/ur_ws/src/build/ur_description
[0.288s] -- Install configuration: ""
[0.289s] -- Up-to-date: /home/hasan-fashtouk/ur_ws/src/install/ur_description/share/ur_description/config
[0.290s] -- Up-to-date: /home/hasan-fashtouk/ur_ws/src/install/ur_description/share/ur_description/config/initial_positions.yaml
[0.291s] -- Up-to-date: /home/hasan-fashtouk/ur_ws/src/install/ur_description/share/ur_description/config/ur3e
[0.291s] -- Up-to-date: /home/hasan-fashtouk/ur_ws/src/install/ur_description/share/ur_description/config/ur3e/joint_limits.yaml
[0.291s] -- Up-to-date: /home/hasan-fashtouk/ur_ws/src/install/ur_description/share/ur_description/config/ur3e/visual_parameters.yaml
[0.292s] -- Up-to-date: /home/hasan-fashtouk/ur_ws/src/install/ur_description/share/ur_description/config/ur3e/default_kinematics.yaml
[0.292s] -- Up-to-date: /home/hasan-fashtouk/ur_ws/src/install/ur_description/share/ur_description/config/ur3e/physical_parameters.yaml
[0.292s] -- Up-to-date: /home/hasan-fashtouk/ur_ws/src/install/ur_description/share/ur_description/config/ur18
[0.292s] -- Up-to-date: /home/hasan-fashtouk/ur_ws/src/install/ur_description/share/ur_description/config/ur18/joint_limits.yaml
[0.292s] -- Up-to-date: /home/hasan-fashtouk/ur_ws/src/install/ur_description/share/ur_description/config/ur18/visual_parameters.yaml
[0.293s] -- Up-to-date: /home/hasan-fashtouk/ur_ws/src/install/ur_description/share/ur_description/config/ur18/default_kinematics.yaml
[0.293s] -- Up-to-date: /home/hasan-fashtouk/ur_ws/src/install/ur_description/share/ur_description/config/ur18/physical_parameters.yaml
[0.296s] -- Up-to-date: /home/hasan-fashtouk/ur_ws/src/install/ur_description/share/ur_description/config/ur16e
[0.296s] -- Up-to-date: /home/hasan-fashtouk/ur_ws/src/install/ur_description/share/ur_description/config/ur16e/joint_limits.yaml
[0.297s] -- Up-to-date: /home/hasan-fashtouk/ur_ws/src/install/ur_description/share/ur_description/config/ur16e/visual_parameters.yaml
[0.297s] -- Up-to-date: /home/hasan-fashtouk/ur_ws/src/install/ur_description/share/ur_description/config/ur16e/default_kinematics.yaml
[0.299s] -- Up-to-date: /home/hasan-fashtouk/ur_ws/src/install/ur_description/share/ur_description/config/ur16e/physical_parameters.yaml
[0.299s] -- Up-to-date: /home/hasan-fashtouk/ur_ws/src/install/ur_description/share/ur_description/config/ur12e
[0.299s] -- Up-to-date: /home/hasan-fashtouk/ur_ws/src/install/ur_description/share/ur_description/config/ur12e/joint_limits.yaml
[0.299s] -- Up-to-date: /home/hasan-fashtouk/ur_ws/src/install/ur_description/share/ur_description/config/ur12e/visual_parameters.yaml
[0.300s] -- Up-to-date: /home/hasan-fashtouk/ur_ws/src/install/ur_description/share/ur_description/config/ur12e/default_kinematics.yaml
[0.308s] -- Up-to-date: /home/hasan-fashtouk/ur_ws/src/install/ur_description/share/ur_description/config/ur12e/physical_parameters.yaml
[0.308s] -- Up-to-date: /home/hasan-fashtouk/ur_ws/src/install/ur_description/share/ur_description/config/ur7e
[0.309s] -- Up-to-date: /home/hasan-fashtouk/ur_ws/src/install/ur_description/share/ur_description/config/ur7e/joint_limits.yaml
[0.309s] -- Up-to-date: /home/hasan-fashtouk/ur_ws/src/install/ur_description/share/ur_description/config/ur7e/visual_parameters.yaml
[0.309s] -- Up-to-date: /home/hasan-fashtouk/ur_ws/src/install/ur_description/share/ur_description/config/ur7e/default_kinematics.yaml
[0.310s] -- Up-to-date: /home/hasan-fashtouk/ur_ws/src/install/ur_description/share/ur_description/config/ur7e/physical_parameters.yaml
[0.311s] -- Up-to-date: /home/hasan-fashtouk/ur_ws/src/install/ur_description/share/ur_description/config/ur15
[0.311s] -- Up-to-date: /home/hasan-fashtouk/ur_ws/src/install/ur_description/share/ur_description/config/ur15/joint_limits.yaml
[0.311s] -- Up-to-date: /home/hasan-fashtouk/ur_ws/src/install/ur_description/share/ur_description/config/ur15/visual_parameters.yaml
[0.312s] -- Up-to-date: /home/hasan-fashtouk/ur_ws/src/install/ur_description/share/ur_description/config/ur15/default_kinematics.yaml
[0.312s] -- Up-to-date: /home/hasan-fashtouk/ur_ws/src/install/ur_description/share/ur_description/config/ur15/physical_parameters.yaml
[0.318s] -- Up-to-date: /home/hasan-fashtouk/ur_ws/src/install/ur_description/share/ur_description/config/ur20
[0.318s] -- Up-to-date: /home/hasan-fashtouk/ur_ws/src/install/ur_description/share/ur_description/config/ur20/joint_limits.yaml
[0.319s] -- Up-to-date: /home/hasan-fashtouk/ur_ws/src/install/ur_description/share/ur_description/config/ur20/visual_parameters.yaml
[0.319s] -- Up-to-date: /home/hasan-fashtouk/ur_ws/src/install/ur_description/share/ur_description/config/ur20/default_kinematics.yaml
[0.321s] -- Up-to-date: /home/hasan-fashtouk/ur_ws/src/install/ur_description/share/ur_description/config/ur20/physical_parameters.yaml
[0.321s] -- Up-to-date: /home/hasan-fashtouk/ur_ws/src/install/ur_description/share/ur_description/config/ur10e
[0.322s] -- Up-to-date: /home/hasan-fashtouk/ur_ws/src/install/ur_description/share/ur_description/config/ur10e/joint_limits.yaml
[0.322s] -- Up-to-date: /home/hasan-fashtouk/ur_ws/src/install/ur_description/share/ur_description/config/ur10e/visual_parameters.yaml
[0.322s] -- Up-to-date: /home/hasan-fashtouk/ur_ws/src/install/ur_description/share/ur_description/config/ur10e/default_kinematics.yaml
[0.322s] -- Up-to-date: /home/hasan-fashtouk/ur_ws/src/install/ur_description/share/ur_description/config/ur10e/physical_parameters.yaml
[0.323s] -- Up-to-date: /home/hasan-fashtouk/ur_ws/src/install/ur_description/share/ur_description/config/ur8long
[0.323s] -- Up-to-date: /home/hasan-fashtouk/ur_ws/src/install/ur_description/share/ur_description/config/ur8long/joint_limits.yaml
[0.335s] -- Up-to-date: /home/hasan-fashtouk/ur_ws/src/install/ur_description/share/ur_description/config/ur8long/visual_parameters.yaml
[0.335s] -- Up-to-date: /home/hasan-fashtouk/ur_ws/src/install/ur_description/share/ur_description/config/ur8long/default_kinematics.yaml
[0.335s] -- Up-to-date: /home/hasan-fashtouk/ur_ws/src/install/ur_description/share/ur_description/config/ur8long/physical_parameters.yaml
[0.336s] -- Up-to-date: /home/hasan-fashtouk/ur_ws/src/install/ur_description/share/ur_description/config/ur5e
[0.336s] -- Up-to-date: /home/hasan-fashtouk/ur_ws/src/install/ur_description/share/ur_description/config/ur5e/joint_limits.yaml
[0.336s] -- Up-to-date: /home/hasan-fashtouk/ur_ws/src/install/ur_description/share/ur_description/config/ur5e/visual_parameters.yaml
[0.336s] -- Up-to-date: /home/hasan-fashtouk/ur_ws/src/install/ur_description/share/ur_description/config/ur5e/default_kinematics.yaml
[0.336s] -- Up-to-date: /home/hasan-fashtouk/ur_ws/src/install/ur_description/share/ur_description/config/ur5e/physical_parameters.yaml
[0.337s] -- Up-to-date: /home/hasan-fashtouk/ur_ws/src/install/ur_description/share/ur_description/config/ur30
[0.337s] -- Up-to-date: /home/hasan-fashtouk/ur_ws/src/install/ur_description/share/ur_description/config/ur30/joint_limits.yaml
[0.341s] -- Up-to-date: /home/hasan-fashtouk/ur_ws/src/install/ur_description/share/ur_description/config/ur30/visual_parameters.yaml
[0.341s] -- Up-to-date: /home/hasan-fashtouk/ur_ws/src/install/ur_description/share/ur_description/config/ur30/default_kinematics.yaml
[0.341s] -- Up-to-date: /home/hasan-fashtouk/ur_ws/src/install/ur_description/share/ur_description/config/ur30/physical_parameters.yaml
[0.342s] -- Up-to-date: /home/hasan-fashtouk/ur_ws/src/install/ur_description/share/ur_description/config/ur3
[0.342s] -- Up-to-date: /home/hasan-fashtouk/ur_ws/src/install/ur_description/share/ur_description/config/ur3/joint_limits.yaml
[0.342s] -- Up-to-date: /home/hasan-fashtouk/ur_ws/src/install/ur_description/share/ur_description/config/ur3/visual_parameters.yaml
[0.342s] -- Up-to-date: /home/hasan-fashtouk/ur_ws/src/install/ur_description/share/ur_description/config/ur3/default_kinematics.yaml
[0.343s] -- Up-to-date: /home/hasan-fashtouk/ur_ws/src/install/ur_description/share/ur_description/config/ur3/physical_parameters.yaml
[0.343s] -- Up-to-date: /home/hasan-fashtouk/ur_ws/src/install/ur_description/share/ur_description/config/ur5
[0.351s] -- Up-to-date: /home/hasan-fashtouk/ur_ws/src/install/ur_description/share/ur_description/config/ur5/joint_limits.yaml
[0.351s] -- Up-to-date: /home/hasan-fashtouk/ur_ws/src/install/ur_description/share/ur_description/config/ur5/visual_parameters.yaml
[0.352s] -- Up-to-date: /home/hasan-fashtouk/ur_ws/src/install/ur_description/share/ur_description/config/ur5/default_kinematics.yaml
[0.352s] -- Up-to-date: /home/hasan-fashtouk/ur_ws/src/install/ur_description/share/ur_description/config/ur5/physical_parameters.yaml
[0.352s] -- Up-to-date: /home/hasan-fashtouk/ur_ws/src/install/ur_description/share/ur_description/config/ur10
[0.352s] -- Up-to-date: /home/hasan-fashtouk/ur_ws/src/install/ur_description/share/ur_description/config/ur10/joint_limits.yaml
[0.353s] -- Up-to-date: /home/hasan-fashtouk/ur_ws/src/install/ur_description/share/ur_description/config/ur10/visual_parameters.yaml
[0.353s] -- Up-to-date: /home/hasan-fashtouk/ur_ws/src/install/ur_description/share/ur_description/config/ur10/default_kinematics.yaml
[0.363s] -- Up-to-date: /home/hasan-fashtouk/ur_ws/src/install/ur_description/share/ur_description/config/ur10/physical_parameters.yaml
[0.364s] -- Up-to-date: /home/hasan-fashtouk/ur_ws/src/install/ur_description/share/ur_description/launch
[0.364s] -- Up-to-date: /home/hasan-fashtouk/ur_ws/src/install/ur_description/share/ur_description/launch/view_ur.launch.py
[0.364s] -- Up-to-date: /home/hasan-fashtouk/ur_ws/src/install/ur_description/share/ur_description/meshes
[0.364s] -- Up-to-date: /home/hasan-fashtouk/ur_ws/src/install/ur_description/share/ur_description/meshes/ur3e
[0.365s] -- Up-to-date: /home/hasan-fashtouk/ur_ws/src/install/ur_description/share/ur_description/meshes/ur3e/collision
[0.365s] -- Up-to-date: /home/hasan-fashtouk/ur_ws/src/install/ur_description/share/ur_description/meshes/ur3e/collision/wrist1.stl
[0.365s] -- Up-to-date: /home/hasan-fashtouk/ur_ws/src/install/ur_description/share/ur_description/meshes/ur3e/collision/base.stl
[0.365s] -- Up-to-date: /home/hasan-fashtouk/ur_ws/src/install/ur_description/share/ur_description/meshes/ur3e/collision/forearm.stl
[0.366s] -- Up-to-date: /home/hasan-fashtouk/ur_ws/src/install/ur_description/share/ur_description/meshes/ur3e/collision/wrist2.stl
[0.366s] -- Up-to-date: /home/hasan-fashtouk/ur_ws/src/install/ur_description/share/ur_description/meshes/ur3e/collision/shoulder.stl
[0.370s] -- Up-to-date: /home/hasan-fashtouk/ur_ws/src/install/ur_description/share/ur_description/meshes/ur3e/collision/wrist3.stl
[0.371s] -- Up-to-date: /home/hasan-fashtouk/ur_ws/src/install/ur_description/share/ur_description/meshes/ur3e/collision/upperarm.stl
[0.371s] -- Up-to-date: /home/hasan-fashtouk/ur_ws/src/install/ur_description/share/ur_description/meshes/ur3e/visual
[0.371s] -- Up-to-date: /home/hasan-fashtouk/ur_ws/src/install/ur_description/share/ur_description/meshes/ur3e/visual/shoulder.dae
[0.371s] -- Up-to-date: /home/hasan-fashtouk/ur_ws/src/install/ur_description/share/ur_description/meshes/ur3e/visual/wrist1.dae
[0.371s] -- Up-to-date: /home/hasan-fashtouk/ur_ws/src/install/ur_description/share/ur_description/meshes/ur3e/visual/wrist3.dae
[0.372s] -- Up-to-date: /home/hasan-fashtouk/ur_ws/src/install/ur_description/share/ur_description/meshes/ur3e/visual/wrist2.dae
[0.372s] -- Up-to-date: /home/hasan-fashtouk/ur_ws/src/install/ur_description/share/ur_description/meshes/ur3e/visual/base.dae
[0.372s] -- Up-to-date: /home/hasan-fashtouk/ur_ws/src/install/ur_description/share/ur_description/meshes/ur3e/visual/upperarm.dae
[0.372s] -- Up-to-date: /home/hasan-fashtouk/ur_ws/src/install/ur_description/share/ur_description/meshes/ur3e/visual/forearm.dae
[0.372s] -- Up-to-date: /home/hasan-fashtouk/ur_ws/src/install/ur_description/share/ur_description/meshes/ur18
[0.373s] -- Up-to-date: /home/hasan-fashtouk/ur_ws/src/install/ur_description/share/ur_description/meshes/ur18/LICENSE.txt
[0.373s] -- Up-to-date: /home/hasan-fashtouk/ur_ws/src/install/ur_description/share/ur_description/meshes/ur18/collision
[0.380s] -- Up-to-date: /home/hasan-fashtouk/ur_ws/src/install/ur_description/share/ur_description/meshes/ur18/collision/forearm.stl
[0.381s] -- Up-to-date: /home/hasan-fashtouk/ur_ws/src/install/ur_description/share/ur_description/meshes/ur18/collision/upperarm.stl
[0.381s] -- Up-to-date: /home/hasan-fashtouk/ur_ws/src/install/ur_description/share/ur_description/meshes/ur18/visual
[0.381s] -- Up-to-date: /home/hasan-fashtouk/ur_ws/src/install/ur_description/share/ur_description/meshes/ur18/visual/UR18_DIFF_8bit_2K.jpg
[0.382s] -- Up-to-date: /home/hasan-fashtouk/ur_ws/src/install/ur_description/share/ur_description/meshes/ur18/visual/upperarm.dae
[0.382s] -- Up-to-date: /home/hasan-fashtouk/ur_ws/src/install/ur_description/share/ur_description/meshes/ur18/visual/forearm.dae
[0.382s] -- Up-to-date: /home/hasan-fashtouk/ur_ws/src/install/ur_description/share/ur_description/meshes/ur16e
[0.382s] -- Up-to-date: /home/hasan-fashtouk/ur_ws/src/install/ur_description/share/ur_description/meshes/ur16e/collision
[0.383s] -- Up-to-date: /home/hasan-fashtouk/ur_ws/src/install/ur_description/share/ur_description/meshes/ur16e/collision/forearm.stl
[0.383s] -- Up-to-date: /home/hasan-fashtouk/ur_ws/src/install/ur_description/share/ur_description/meshes/ur16e/collision/upperarm.stl
[0.389s] -- Up-to-date: /home/hasan-fashtouk/ur_ws/src/install/ur_description/share/ur_description/meshes/ur16e/visual
[0.390s] -- Up-to-date: /home/hasan-fashtouk/ur_ws/src/install/ur_description/share/ur_description/meshes/ur16e/visual/upperarm.dae
[0.390s] -- Up-to-date: /home/hasan-fashtouk/ur_ws/src/install/ur_description/share/ur_description/meshes/ur16e/visual/forearm.dae
[0.390s] -- Up-to-date: /home/hasan-fashtouk/ur_ws/src/install/ur_description/share/ur_description/meshes/ur15
[0.390s] -- Up-to-date: /home/hasan-fashtouk/ur_ws/src/install/ur_description/share/ur_description/meshes/ur15/LICENSE.txt
[0.391s] -- Up-to-date: /home/hasan-fashtouk/ur_ws/src/install/ur_description/share/ur_description/meshes/ur15/collision
[0.391s] -- Up-to-date: /home/hasan-fashtouk/ur_ws/src/install/ur_description/share/ur_description/meshes/ur15/collision/wrist1.stl
[0.391s] -- Up-to-date: /home/hasan-fashtouk/ur_ws/src/install/ur_description/share/ur_description/meshes/ur15/collision/base.stl
[0.392s] -- Up-to-date: /home/hasan-fashtouk/ur_ws/src/install/ur_description/share/ur_description/meshes/ur15/collision/forearm.stl
[0.392s] -- Up-to-date: /home/hasan-fashtouk/ur_ws/src/install/ur_description/share/ur_description/meshes/ur15/collision/wrist2.stl
[0.402s] -- Up-to-date: /home/hasan-fashtouk/ur_ws/src/install/ur_description/share/ur_description/meshes/ur15/collision/shoulder.stl
[0.402s] -- Up-to-date: /home/hasan-fashtouk/ur_ws/src/install/ur_description/share/ur_description/meshes/ur15/collision/wrist3.stl
[0.402s] -- Up-to-date: /home/hasan-fashtouk/ur_ws/src/install/ur_description/share/ur_description/meshes/ur15/collision/upperarm.stl
[0.402s] -- Up-to-date: /home/hasan-fashtouk/ur_ws/src/install/ur_description/share/ur_description/meshes/ur15/visual
[0.402s] -- Up-to-date: /home/hasan-fashtouk/ur_ws/src/install/ur_description/share/ur_description/meshes/ur15/visual/shoulder.dae
[0.402s] -- Up-to-date: /home/hasan-fashtouk/ur_ws/src/install/ur_description/share/ur_description/meshes/ur15/visual/wrist1.dae
[0.403s] -- Up-to-date: /home/hasan-fashtouk/ur_ws/src/install/ur_description/share/ur_description/meshes/ur15/visual/wrist3.dae
[0.403s] -- Up-to-date: /home/hasan-fashtouk/ur_ws/src/install/ur_description/share/ur_description/meshes/ur15/visual/wrist2.dae
[0.403s] -- Up-to-date: /home/hasan-fashtouk/ur_ws/src/install/ur_description/share/ur_description/meshes/ur15/visual/base.dae
[0.403s] -- Up-to-date: /home/hasan-fashtouk/ur_ws/src/install/ur_description/share/ur_description/meshes/ur15/visual/upperarm.dae
[0.403s] -- Up-to-date: /home/hasan-fashtouk/ur_ws/src/install/ur_description/share/ur_description/meshes/ur15/visual/UR15_DIFF_8bit_2K.jpg
[0.404s] -- Up-to-date: /home/hasan-fashtouk/ur_ws/src/install/ur_description/share/ur_description/meshes/ur15/visual/forearm.dae
[0.409s] -- Up-to-date: /home/hasan-fashtouk/ur_ws/src/install/ur_description/share/ur_description/meshes/ur20
[0.410s] -- Up-to-date: /home/hasan-fashtouk/ur_ws/src/install/ur_description/share/ur_description/meshes/ur20/LICENSE.txt
[0.410s] -- Up-to-date: /home/hasan-fashtouk/ur_ws/src/install/ur_description/share/ur_description/meshes/ur20/collision
[0.410s] -- Up-to-date: /home/hasan-fashtouk/ur_ws/src/install/ur_description/share/ur_description/meshes/ur20/collision/wrist1.stl
[0.410s] -- Up-to-date: /home/hasan-fashtouk/ur_ws/src/install/ur_description/share/ur_description/meshes/ur20/collision/base.stl
[0.410s] -- Up-to-date: /home/hasan-fashtouk/ur_ws/src/install/ur_description/share/ur_description/meshes/ur20/collision/forearm.stl
[0.422s] -- Up-to-date: /home/hasan-fashtouk/ur_ws/src/install/ur_description/share/ur_description/meshes/ur20/collision/wrist2.stl
[0.422s] -- Up-to-date: /home/hasan-fashtouk/ur_ws/src/install/ur_description/share/ur_description/meshes/ur20/collision/shoulder.stl
[0.422s] -- Up-to-date: /home/hasan-fashtouk/ur_ws/src/install/ur_description/share/ur_description/meshes/ur20/collision/wrist3.stl
[0.422s] -- Up-to-date: /home/hasan-fashtouk/ur_ws/src/install/ur_description/share/ur_description/meshes/ur20/collision/upperarm.stl
[0.423s] -- Up-to-date: /home/hasan-fashtouk/ur_ws/src/install/ur_description/share/ur_description/meshes/ur20/visual
[0.423s] -- Up-to-date: /home/hasan-fashtouk/ur_ws/src/install/ur_description/share/ur_description/meshes/ur20/visual/shoulder.dae
[0.423s] -- Up-to-date: /home/hasan-fashtouk/ur_ws/src/install/ur_description/share/ur_description/meshes/ur20/visual/wrist1.dae
[0.423s] -- Up-to-date: /home/hasan-fashtouk/ur_ws/src/install/ur_description/share/ur_description/meshes/ur20/visual/wrist3.dae
[0.423s] -- Up-to-date: /home/hasan-fashtouk/ur_ws/src/install/ur_description/share/ur_description/meshes/ur20/visual/wrist2.dae
[0.424s] -- Up-to-date: /home/hasan-fashtouk/ur_ws/src/install/ur_description/share/ur_description/meshes/ur20/visual/base.dae
[0.424s] -- Up-to-date: /home/hasan-fashtouk/ur_ws/src/install/ur_description/share/ur_description/meshes/ur20/visual/upperarm.dae
[0.426s] -- Up-to-date: /home/hasan-fashtouk/ur_ws/src/install/ur_description/share/ur_description/meshes/ur20/visual/forearm.dae
[0.426s] -- Up-to-date: /home/hasan-fashtouk/ur_ws/src/install/ur_description/share/ur_description/meshes/ur20/visual/UR20_DIFF_8bit_2K.png
[0.426s] -- Up-to-date: /home/hasan-fashtouk/ur_ws/src/install/ur_description/share/ur_description/meshes/ur10e
[0.426s] -- Up-to-date: /home/hasan-fashtouk/ur_ws/src/install/ur_description/share/ur_description/meshes/ur10e/collision
[0.426s] -- Up-to-date: /home/hasan-fashtouk/ur_ws/src/install/ur_description/share/ur_description/meshes/ur10e/collision/wrist1.stl
[0.427s] -- Up-to-date: /home/hasan-fashtouk/ur_ws/src/install/ur_description/share/ur_description/meshes/ur10e/collision/base.stl
[0.427s] -- Up-to-date: /home/hasan-fashtouk/ur_ws/src/install/ur_description/share/ur_description/meshes/ur10e/collision/forearm.stl
[0.427s] -- Up-to-date: /home/hasan-fashtouk/ur_ws/src/install/ur_description/share/ur_description/meshes/ur10e/collision/wrist2.stl
[0.427s] -- Up-to-date: /home/hasan-fashtouk/ur_ws/src/install/ur_description/share/ur_description/meshes/ur10e/collision/shoulder.stl
[0.427s] -- Up-to-date: /home/hasan-fashtouk/ur_ws/src/install/ur_description/share/ur_description/meshes/ur10e/collision/wrist3.stl
[0.428s] -- Up-to-date: /home/hasan-fashtouk/ur_ws/src/install/ur_description/share/ur_description/meshes/ur10e/collision/upperarm.stl
[0.431s] -- Up-to-date: /home/hasan-fashtouk/ur_ws/src/install/ur_description/share/ur_description/meshes/ur10e/visual
[0.439s] -- Up-to-date: /home/hasan-fashtouk/ur_ws/src/install/ur_description/share/ur_description/meshes/ur10e/visual/shoulder.dae
[0.439s] -- Up-to-date: /home/hasan-fashtouk/ur_ws/src/install/ur_description/share/ur_description/meshes/ur10e/visual/wrist1.dae
[0.439s] -- Up-to-date: /home/hasan-fashtouk/ur_ws/src/install/ur_description/share/ur_description/meshes/ur10e/visual/wrist3.dae
[0.439s] -- Up-to-date: /home/hasan-fashtouk/ur_ws/src/install/ur_description/share/ur_description/meshes/ur10e/visual/wrist2.dae
[0.439s] -- Up-to-date: /home/hasan-fashtouk/ur_ws/src/install/ur_description/share/ur_description/meshes/ur10e/visual/base.dae
[0.440s] -- Up-to-date: /home/hasan-fashtouk/ur_ws/src/install/ur_description/share/ur_description/meshes/ur10e/visual/upperarm.dae
[0.440s] -- Up-to-date: /home/hasan-fashtouk/ur_ws/src/install/ur_description/share/ur_description/meshes/ur10e/visual/forearm.dae
[0.440s] -- Up-to-date: /home/hasan-fashtouk/ur_ws/src/install/ur_description/share/ur_description/meshes/ur8long
[0.440s] -- Up-to-date: /home/hasan-fashtouk/ur_ws/src/install/ur_description/share/ur_description/meshes/ur8long/LICENSE.txt
[0.440s] -- Up-to-date: /home/hasan-fashtouk/ur_ws/src/install/ur_description/share/ur_description/meshes/ur8long/collision
[0.441s] -- Up-to-date: /home/hasan-fashtouk/ur_ws/src/install/ur_description/share/ur_description/meshes/ur8long/collision/forearm.stl
[0.441s] -- Up-to-date: /home/hasan-fashtouk/ur_ws/src/install/ur_description/share/ur_description/meshes/ur8long/collision/upperarm.stl
[0.441s] -- Up-to-date: /home/hasan-fashtouk/ur_ws/src/install/ur_description/share/ur_description/meshes/ur8long/visual
[0.441s] -- Up-to-date: /home/hasan-fashtouk/ur_ws/src/install/ur_description/share/ur_description/meshes/ur8long/visual/UR8Long_DIFF_8bit_2K.jpg
[0.441s] -- Up-to-date: /home/hasan-fashtouk/ur_ws/src/install/ur_description/share/ur_description/meshes/ur8long/visual/upperarm.dae
[0.442s] -- Up-to-date: /home/hasan-fashtouk/ur_ws/src/install/ur_description/share/ur_description/meshes/ur8long/visual/forearm.dae
[0.442s] -- Up-to-date: /home/hasan-fashtouk/ur_ws/src/install/ur_description/share/ur_description/meshes/ur5e
[0.444s] -- Up-to-date: /home/hasan-fashtouk/ur_ws/src/install/ur_description/share/ur_description/meshes/ur5e/collision
[0.444s] -- Up-to-date: /home/hasan-fashtouk/ur_ws/src/install/ur_description/share/ur_description/meshes/ur5e/collision/wrist1.stl
[0.445s] -- Up-to-date: /home/hasan-fashtouk/ur_ws/src/install/ur_description/share/ur_description/meshes/ur5e/collision/base.stl
[0.445s] -- Up-to-date: /home/hasan-fashtouk/ur_ws/src/install/ur_description/share/ur_description/meshes/ur5e/collision/forearm.stl
[0.445s] -- Up-to-date: /home/hasan-fashtouk/ur_ws/src/install/ur_description/share/ur_description/meshes/ur5e/collision/wrist2.stl
[0.445s] -- Up-to-date: /home/hasan-fashtouk/ur_ws/src/install/ur_description/share/ur_description/meshes/ur5e/collision/shoulder.stl
[0.446s] -- Up-to-date: /home/hasan-fashtouk/ur_ws/src/install/ur_description/share/ur_description/meshes/ur5e/collision/wrist3.stl
[0.446s] -- Up-to-date: /home/hasan-fashtouk/ur_ws/src/install/ur_description/share/ur_description/meshes/ur5e/collision/upperarm.stl
[0.446s] -- Up-to-date: /home/hasan-fashtouk/ur_ws/src/install/ur_description/share/ur_description/meshes/ur5e/visual
[0.446s] -- Up-to-date: /home/hasan-fashtouk/ur_ws/src/install/ur_description/share/ur_description/meshes/ur5e/visual/shoulder.dae
[0.447s] -- Up-to-date: /home/hasan-fashtouk/ur_ws/src/install/ur_description/share/ur_description/meshes/ur5e/visual/wrist1.dae
[0.450s] -- Up-to-date: /home/hasan-fashtouk/ur_ws/src/install/ur_description/share/ur_description/meshes/ur5e/visual/wrist3.dae
[0.450s] -- Up-to-date: /home/hasan-fashtouk/ur_ws/src/install/ur_description/share/ur_description/meshes/ur5e/visual/wrist2.dae
[0.450s] -- Up-to-date: /home/hasan-fashtouk/ur_ws/src/install/ur_description/share/ur_description/meshes/ur5e/visual/base.dae
[0.450s] -- Up-to-date: /home/hasan-fashtouk/ur_ws/src/install/ur_description/share/ur_description/meshes/ur5e/visual/upperarm.dae
[0.450s] -- Up-to-date: /home/hasan-fashtouk/ur_ws/src/install/ur_description/share/ur_description/meshes/ur5e/visual/forearm.dae
[0.451s] -- Up-to-date: /home/hasan-fashtouk/ur_ws/src/install/ur_description/share/ur_description/meshes/ur30
[0.451s] -- Up-to-date: /home/hasan-fashtouk/ur_ws/src/install/ur_description/share/ur_description/meshes/ur30/LICENSE.txt
[0.451s] -- Up-to-date: /home/hasan-fashtouk/ur_ws/src/install/ur_description/share/ur_description/meshes/ur30/collision
[0.451s] -- Up-to-date: /home/hasan-fashtouk/ur_ws/src/install/ur_description/share/ur_description/meshes/ur30/collision/forearm.stl
[0.451s] -- Up-to-date: /home/hasan-fashtouk/ur_ws/src/install/ur_description/share/ur_description/meshes/ur30/collision/upperarm.stl
[0.451s] -- Up-to-date: /home/hasan-fashtouk/ur_ws/src/install/ur_description/share/ur_description/meshes/ur30/visual
[0.452s] -- Up-to-date: /home/hasan-fashtouk/ur_ws/src/install/ur_description/share/ur_description/meshes/ur30/visual/upperarm.dae
[0.452s] -- Up-to-date: /home/hasan-fashtouk/ur_ws/src/install/ur_description/share/ur_description/meshes/ur30/visual/UR30_DIFF_8bit_2K.png
[0.452s] -- Up-to-date: /home/hasan-fashtouk/ur_ws/src/install/ur_description/share/ur_description/meshes/ur30/visual/forearm.dae
[0.452s] -- Up-to-date: /home/hasan-fashtouk/ur_ws/src/install/ur_description/share/ur_description/meshes/ur3
[0.452s] -- Up-to-date: /home/hasan-fashtouk/ur_ws/src/install/ur_description/share/ur_description/meshes/ur3/collision
[0.452s] -- Up-to-date: /home/hasan-fashtouk/ur_ws/src/install/ur_description/share/ur_description/meshes/ur3/collision/wrist1.stl
[0.453s] -- Up-to-date: /home/hasan-fashtouk/ur_ws/src/install/ur_description/share/ur_description/meshes/ur3/collision/base.stl
[0.453s] -- Up-to-date: /home/hasan-fashtouk/ur_ws/src/install/ur_description/share/ur_description/meshes/ur3/collision/forearm.stl
[0.453s] -- Up-to-date: /home/hasan-fashtouk/ur_ws/src/install/ur_description/share/ur_description/meshes/ur3/collision/wrist2.stl
[0.453s] -- Up-to-date: /home/hasan-fashtouk/ur_ws/src/install/ur_description/share/ur_description/meshes/ur3/collision/shoulder.stl
[0.453s] -- Up-to-date: /home/hasan-fashtouk/ur_ws/src/install/ur_description/share/ur_description/meshes/ur3/collision/wrist3.stl
[0.453s] -- Up-to-date: /home/hasan-fashtouk/ur_ws/src/install/ur_description/share/ur_description/meshes/ur3/collision/upperarm.stl
[0.454s] -- Up-to-date: /home/hasan-fashtouk/ur_ws/src/install/ur_description/share/ur_description/meshes/ur3/visual
[0.454s] -- Up-to-date: /home/hasan-fashtouk/ur_ws/src/install/ur_description/share/ur_description/meshes/ur3/visual/shoulder.dae
[0.454s] -- Up-to-date: /home/hasan-fashtouk/ur_ws/src/install/ur_description/share/ur_description/meshes/ur3/visual/wrist1.dae
[0.454s] -- Up-to-date: /home/hasan-fashtouk/ur_ws/src/install/ur_description/share/ur_description/meshes/ur3/visual/wrist3.dae
[0.454s] -- Up-to-date: /home/hasan-fashtouk/ur_ws/src/install/ur_description/share/ur_description/meshes/ur3/visual/wrist2.dae
[0.454s] -- Up-to-date: /home/hasan-fashtouk/ur_ws/src/install/ur_description/share/ur_description/meshes/ur3/visual/base.dae
[0.455s] -- Up-to-date: /home/hasan-fashtouk/ur_ws/src/install/ur_description/share/ur_description/meshes/ur3/visual/upperarm.dae
[0.455s] -- Up-to-date: /home/hasan-fashtouk/ur_ws/src/install/ur_description/share/ur_description/meshes/ur3/visual/forearm.dae
[0.455s] -- Up-to-date: /home/hasan-fashtouk/ur_ws/src/install/ur_description/share/ur_description/meshes/ur5
[0.455s] -- Up-to-date: /home/hasan-fashtouk/ur_ws/src/install/ur_description/share/ur_description/meshes/ur5/collision
[0.458s] -- Up-to-date: /home/hasan-fashtouk/ur_ws/src/install/ur_description/share/ur_description/meshes/ur5/collision/wrist1.stl
[0.462s] -- Up-to-date: /home/hasan-fashtouk/ur_ws/src/install/ur_description/share/ur_description/meshes/ur5/collision/base.stl
[0.465s] -- Up-to-date: /home/hasan-fashtouk/ur_ws/src/install/ur_description/share/ur_description/meshes/ur5/collision/forearm.stl
[0.466s] -- Up-to-date: /home/hasan-fashtouk/ur_ws/src/install/ur_description/share/ur_description/meshes/ur5/collision/wrist2.stl
[0.466s] -- Up-to-date: /home/hasan-fashtouk/ur_ws/src/install/ur_description/share/ur_description/meshes/ur5/collision/shoulder.stl
[0.467s] -- Up-to-date: /home/hasan-fashtouk/ur_ws/src/install/ur_description/share/ur_description/meshes/ur5/collision/wrist3.stl
[0.468s] -- Up-to-date: /home/hasan-fashtouk/ur_ws/src/install/ur_description/share/ur_description/meshes/ur5/collision/upperarm.stl
[0.469s] -- Up-to-date: /home/hasan-fashtouk/ur_ws/src/install/ur_description/share/ur_description/meshes/ur5/visual
[0.472s] -- Up-to-date: /home/hasan-fashtouk/ur_ws/src/install/ur_description/share/ur_description/meshes/ur5/visual/shoulder.dae
[0.473s] -- Up-to-date: /home/hasan-fashtouk/ur_ws/src/install/ur_description/share/ur_description/meshes/ur5/visual/wrist1.dae
[0.473s] -- Up-to-date: /home/hasan-fashtouk/ur_ws/src/install/ur_description/share/ur_description/meshes/ur5/visual/wrist3.dae
[0.474s] -- Up-to-date: /home/hasan-fashtouk/ur_ws/src/install/ur_description/share/ur_description/meshes/ur5/visual/wrist2.dae
[0.475s] -- Up-to-date: /home/hasan-fashtouk/ur_ws/src/install/ur_description/share/ur_description/meshes/ur5/visual/base.dae
[0.477s] -- Up-to-date: /home/hasan-fashtouk/ur_ws/src/install/ur_description/share/ur_description/meshes/ur5/visual/upperarm.dae
[0.478s] -- Up-to-date: /home/hasan-fashtouk/ur_ws/src/install/ur_description/share/ur_description/meshes/ur5/visual/forearm.dae
[0.479s] -- Up-to-date: /home/hasan-fashtouk/ur_ws/src/install/ur_description/share/ur_description/meshes/ur10
[0.479s] -- Up-to-date: /home/hasan-fashtouk/ur_ws/src/install/ur_description/share/ur_description/meshes/ur10/collision
[0.479s] -- Up-to-date: /home/hasan-fashtouk/ur_ws/src/install/ur_description/share/ur_description/meshes/ur10/collision/wrist1.stl
[0.480s] -- Up-to-date: /home/hasan-fashtouk/ur_ws/src/install/ur_description/share/ur_description/meshes/ur10/collision/base.stl
[0.480s] -- Up-to-date: /home/hasan-fashtouk/ur_ws/src/install/ur_description/share/ur_description/meshes/ur10/collision/forearm.stl
[0.480s] -- Up-to-date: /home/hasan-fashtouk/ur_ws/src/install/ur_description/share/ur_description/meshes/ur10/collision/wrist2.stl
[0.480s] -- Up-to-date: /home/hasan-fashtouk/ur_ws/src/install/ur_description/share/ur_description/meshes/ur10/collision/shoulder.stl
[0.480s] -- Up-to-date: /home/hasan-fashtouk/ur_ws/src/install/ur_description/share/ur_description/meshes/ur10/collision/wrist3.stl
[0.481s] -- Up-to-date: /home/hasan-fashtouk/ur_ws/src/install/ur_description/share/ur_description/meshes/ur10/collision/upperarm.stl
[0.481s] -- Up-to-date: /home/hasan-fashtouk/ur_ws/src/install/ur_description/share/ur_description/meshes/ur10/visual
[0.481s] -- Up-to-date: /home/hasan-fashtouk/ur_ws/src/install/ur_description/share/ur_description/meshes/ur10/visual/shoulder.dae
[0.484s] -- Up-to-date: /home/hasan-fashtouk/ur_ws/src/install/ur_description/share/ur_description/meshes/ur10/visual/wrist1.dae
[0.484s] -- Up-to-date: /home/hasan-fashtouk/ur_ws/src/install/ur_description/share/ur_description/meshes/ur10/visual/wrist3.dae
[0.484s] -- Up-to-date: /home/hasan-fashtouk/ur_ws/src/install/ur_description/share/ur_description/meshes/ur10/visual/wrist2.dae
[0.484s] -- Up-to-date: /home/hasan-fashtouk/ur_ws/src/install/ur_description/share/ur_description/meshes/ur10/visual/base.dae
[0.484s] -- Up-to-date: /home/hasan-fashtouk/ur_ws/src/install/ur_description/share/ur_description/meshes/ur10/visual/upperarm.dae
[0.485s] -- Up-to-date: /home/hasan-fashtouk/ur_ws/src/install/ur_description/share/ur_description/meshes/ur10/visual/forearm.dae
[0.485s] -- Up-to-date: /home/hasan-fashtouk/ur_ws/src/install/ur_description/share/ur_description/rviz
[0.485s] -- Up-to-date: /home/hasan-fashtouk/ur_ws/src/install/ur_description/share/ur_description/rviz/view_robot.rviz
[0.485s] -- Up-to-date: /home/hasan-fashtouk/ur_ws/src/install/ur_description/share/ur_description/urdf
[0.485s] -- Up-to-date: /home/hasan-fashtouk/ur_ws/src/install/ur_description/share/ur_description/urdf/ur_mocked.urdf.xacro
[0.485s] -- Up-to-date: /home/hasan-fashtouk/ur_ws/src/install/ur_description/share/ur_description/urdf/ros2_control_mock_hardware.xacro
[0.485s] -- Up-to-date: /home/hasan-fashtouk/ur_ws/src/install/ur_description/share/ur_description/urdf/ur_macro.xacro
[0.486s] -- Up-to-date: /home/hasan-fashtouk/ur_ws/src/install/ur_description/share/ur_description/urdf/ur.urdf.xacro
[0.486s] -- Up-to-date: /home/hasan-fashtouk/ur_ws/src/install/ur_description/share/ur_description/urdf/inc
[0.486s] -- Up-to-date: /home/hasan-fashtouk/ur_ws/src/install/ur_description/share/ur_description/urdf/inc/ur_sensors.xacro
[0.487s] -- Up-to-date: /home/hasan-fashtouk/ur_ws/src/install/ur_description/share/ur_description/urdf/inc/ur_common.xacro
[0.487s] -- Up-to-date: /home/hasan-fashtouk/ur_ws/src/install/ur_description/share/ur_description/urdf/inc/ur_transmissions.xacro
[0.488s] -- Up-to-date: /home/hasan-fashtouk/ur_ws/src/install/ur_description/share/ur_description/urdf/inc/ur_joint_control.xacro
[0.489s] -- Up-to-date: /home/hasan-fashtouk/ur_ws/src/install/ur_description/share/ur_description/test
[0.489s] -- Up-to-date: /home/hasan-fashtouk/ur_ws/src/install/ur_description/share/ur_description/test/test_ur_urdf_xacro.py
[0.489s] -- Up-to-date: /home/hasan-fashtouk/ur_ws/src/install/ur_description/share/ur_description/test/test_view_ur_launch.py
[0.490s] -- Up-to-date: /home/hasan-fashtouk/ur_ws/src/install/ur_description/share/ament_index/resource_index/package_run_dependencies/ur_description
[0.490s] -- Up-to-date: /home/hasan-fashtouk/ur_ws/src/install/ur_description/share/ament_index/resource_index/parent_prefix_path/ur_description
[0.491s] -- Up-to-date: /home/hasan-fashtouk/ur_ws/src/install/ur_description/share/ur_description/environment/ament_prefix_path.sh
[0.493s] -- Up-to-date: /home/hasan-fashtouk/ur_ws/src/install/ur_description/share/ur_description/environment/ament_prefix_path.dsv
[0.495s] -- Up-to-date: /home/hasan-fashtouk/ur_ws/src/install/ur_description/share/ur_description/environment/path.sh
[0.496s] -- Up-to-date: /home/hasan-fashtouk/ur_ws/src/install/ur_description/share/ur_description/environment/path.dsv
[0.498s] -- Up-to-date: /home/hasan-fashtouk/ur_ws/src/install/ur_description/share/ur_description/local_setup.bash
[0.499s] -- Up-to-date: /home/hasan-fashtouk/ur_ws/src/install/ur_description/share/ur_description/local_setup.sh
[0.500s] -- Up-to-date: /home/hasan-fashtouk/ur_ws/src/install/ur_description/share/ur_description/local_setup.zsh
[0.500s] -- Up-to-date: /home/hasan-fashtouk/ur_ws/src/install/ur_description/share/ur_description/local_setup.dsv
[0.500s] -- Installing: /home/hasan-fashtouk/ur_ws/src/install/ur_description/share/ur_description/package.dsv
[0.500s] -- Up-to-date: /home/hasan-fashtouk/ur_ws/src/install/ur_description/share/ament_index/resource_index/packages/ur_description
[0.505s] -- Up-to-date: /home/hasan-fashtouk/ur_ws/src/install/ur_description/share/ur_description/cmake/ur_descriptionConfig.cmake
[0.505s] -- Up-to-date: /home/hasan-fashtouk/ur_ws/src/install/ur_description/share/ur_description/cmake/ur_descriptionConfig-version.cmake
[0.505s] -- Up-to-date: /home/hasan-fashtouk/ur_ws/src/install/ur_description/share/ur_description/package.xml
[0.512s] Invoked command in '/home/hasan-fashtouk/ur_ws/src/build/ur_description' returned '0': CMAKE_PREFIX_PATH=${CMAKE_PREFIX_PATH}:/opt/ros/jazzy DEBUGINFOD_URLS=https://debuginfod.ubuntu.com /usr/bin/cmake --install /home/hasan-fashtouk/ur_ws/src/build/ur_description
