[0.051s] Invoking command in '/home/hasan-fashtouk/ur_ws/src/build/robotiq_description': CMAKE_PREFIX_PATH=${CMAKE_PREFIX_PATH}:/opt/ros/jazzy DEBUGINFOD_URLS=https://debuginfod.ubuntu.com /usr/bin/cmake --build /home/hasan-fashtouk/ur_ws/src/build/robotiq_description -- -j4 -l4
[1.096s] Invoked command in '/home/hasan-fashtouk/ur_ws/src/build/robotiq_description' returned '0': CMAKE_PREFIX_PATH=${CMAKE_PREFIX_PATH}:/opt/ros/jazzy DEBUGINFOD_URLS=https://debuginfod.ubuntu.com /usr/bin/cmake --build /home/hasan-fashtouk/ur_ws/src/build/robotiq_description -- -j4 -l4
[1.099s] Invoking command in '/home/hasan-fashtouk/ur_ws/src/build/robotiq_description': CMAKE_PREFIX_PATH=${CMAKE_PREFIX_PATH}:/opt/ros/jazzy DEBUGINFOD_URLS=https://debuginfod.ubuntu.com /usr/bin/cmake --install /home/hasan-fashtouk/ur_ws/src/build/robotiq_description
[1.120s] -- Install configuration: ""
[1.139s] -- Up-to-date: /home/hasan-fashtouk/ur_ws/src/install/robotiq_description/share/robotiq_description/config
[1.149s] -- Up-to-date: /home/hasan-fashtouk/ur_ws/src/install/robotiq_description/share/robotiq_description/config/robotiq_controllers.yaml
[1.149s] -- Up-to-date: /home/hasan-fashtouk/ur_ws/src/install/robotiq_description/share/robotiq_description/launch
[1.149s] -- Up-to-date: /home/hasan-fashtouk/ur_ws/src/install/robotiq_description/share/robotiq_description/launch/view_gripper.launch.py
[1.149s] -- Up-to-date: /home/hasan-fashtouk/ur_ws/src/install/robotiq_description/share/robotiq_description/launch/robotiq_control.launch.py
[1.149s] -- Up-to-date: /home/hasan-fashtouk/ur_ws/src/install/robotiq_description/share/robotiq_description/meshes
[1.150s] -- Up-to-date: /home/hasan-fashtouk/ur_ws/src/install/robotiq_description/share/robotiq_description/meshes/collision
[1.150s] -- Up-to-date: /home/hasan-fashtouk/ur_ws/src/install/robotiq_description/share/robotiq_description/meshes/collision/2f_140
[1.150s] -- Up-to-date: /home/hasan-fashtouk/ur_ws/src/install/robotiq_description/share/robotiq_description/meshes/collision/2f_140/robotiq_2f_140_base_link.stl
[1.151s] -- Up-to-date: /home/hasan-fashtouk/ur_ws/src/install/robotiq_description/share/robotiq_description/meshes/collision/2f_140/robotiq_2f_140_inner_knuckle.stl
[1.151s] -- Up-to-date: /home/hasan-fashtouk/ur_ws/src/install/robotiq_description/share/robotiq_description/meshes/collision/2f_140/robotiq_2f_140_coupling.stl
[1.152s] -- Up-to-date: /home/hasan-fashtouk/ur_ws/src/install/robotiq_description/share/robotiq_description/meshes/collision/2f_140/robotiq_2f_140_outer_finger.stl
[1.152s] -- Up-to-date: /home/hasan-fashtouk/ur_ws/src/install/robotiq_description/share/robotiq_description/meshes/collision/2f_140/robotiq_2f_140_inner_finger.stl
[1.152s] -- Up-to-date: /home/hasan-fashtouk/ur_ws/src/install/robotiq_description/share/robotiq_description/meshes/collision/2f_140/robotiq_2f_140_outer_knuckle.stl
[1.152s] -- Up-to-date: /home/hasan-fashtouk/ur_ws/src/install/robotiq_description/share/robotiq_description/meshes/collision/2f_85
[1.153s] -- Up-to-date: /home/hasan-fashtouk/ur_ws/src/install/robotiq_description/share/robotiq_description/meshes/collision/2f_85/left_finger_tip.stl
[1.153s] -- Up-to-date: /home/hasan-fashtouk/ur_ws/src/install/robotiq_description/share/robotiq_description/meshes/collision/2f_85/right_inner_knuckle.stl
[1.153s] -- Up-to-date: /home/hasan-fashtouk/ur_ws/src/install/robotiq_description/share/robotiq_description/meshes/collision/2f_85/left_knuckle.stl
[1.153s] -- Up-to-date: /home/hasan-fashtouk/ur_ws/src/install/robotiq_description/share/robotiq_description/meshes/collision/2f_85/left_inner_knuckle.stl
[1.153s] -- Up-to-date: /home/hasan-fashtouk/ur_ws/src/install/robotiq_description/share/robotiq_description/meshes/collision/2f_85/left_finger.stl
[1.153s] -- Up-to-date: /home/hasan-fashtouk/ur_ws/src/install/robotiq_description/share/robotiq_description/meshes/collision/2f_85/robotiq_base.stl
[1.154s] -- Up-to-date: /home/hasan-fashtouk/ur_ws/src/install/robotiq_description/share/robotiq_description/meshes/collision/2f_85/right_finger.stl
[1.154s] -- Up-to-date: /home/hasan-fashtouk/ur_ws/src/install/robotiq_description/share/robotiq_description/meshes/collision/2f_85/right_finger_tip.stl
[1.154s] -- Up-to-date: /home/hasan-fashtouk/ur_ws/src/install/robotiq_description/share/robotiq_description/meshes/collision/2f_85/right_knuckle.stl
[1.154s] -- Up-to-date: /home/hasan-fashtouk/ur_ws/src/install/robotiq_description/share/robotiq_description/meshes/collision/2f_85/ur_to_robotiq_adapter.stl
[1.155s] -- Up-to-date: /home/hasan-fashtouk/ur_ws/src/install/robotiq_description/share/robotiq_description/meshes/visual
[1.155s] -- Up-to-date: /home/hasan-fashtouk/ur_ws/src/install/robotiq_description/share/robotiq_description/meshes/visual/2f_140
[1.161s] -- Up-to-date: /home/hasan-fashtouk/ur_ws/src/install/robotiq_description/share/robotiq_description/meshes/visual/2f_140/robotiq_2f_140_base_link.stl
[1.161s] -- Up-to-date: /home/hasan-fashtouk/ur_ws/src/install/robotiq_description/share/robotiq_description/meshes/visual/2f_140/robotiq_2f_140_inner_knuckle.stl
[1.162s] -- Up-to-date: /home/hasan-fashtouk/ur_ws/src/install/robotiq_description/share/robotiq_description/meshes/visual/2f_140/robotiq_2f_140_coupling.stl
[1.162s] -- Up-to-date: /home/hasan-fashtouk/ur_ws/src/install/robotiq_description/share/robotiq_description/meshes/visual/2f_140/robotiq_2f_140_outer_finger.stl
[1.162s] -- Up-to-date: /home/hasan-fashtouk/ur_ws/src/install/robotiq_description/share/robotiq_description/meshes/visual/2f_140/robotiq_2f_140_inner_finger.stl
[1.162s] -- Up-to-date: /home/hasan-fashtouk/ur_ws/src/install/robotiq_description/share/robotiq_description/meshes/visual/2f_140/robotiq_2f_140_outer_knuckle.stl
[1.163s] -- Up-to-date: /home/hasan-fashtouk/ur_ws/src/install/robotiq_description/share/robotiq_description/meshes/visual/2f_85
[1.163s] -- Up-to-date: /home/hasan-fashtouk/ur_ws/src/install/robotiq_description/share/robotiq_description/meshes/visual/2f_85/right_inner_knuckle.dae
[1.163s] -- Up-to-date: /home/hasan-fashtouk/ur_ws/src/install/robotiq_description/share/robotiq_description/meshes/visual/2f_85/left_finger.dae
[1.164s] -- Up-to-date: /home/hasan-fashtouk/ur_ws/src/install/robotiq_description/share/robotiq_description/meshes/visual/2f_85/left_finger_tip.dae
[1.164s] -- Up-to-date: /home/hasan-fashtouk/ur_ws/src/install/robotiq_description/share/robotiq_description/meshes/visual/2f_85/right_knuckle.dae
[1.164s] -- Up-to-date: /home/hasan-fashtouk/ur_ws/src/install/robotiq_description/share/robotiq_description/meshes/visual/2f_85/right_finger.dae
[1.164s] -- Up-to-date: /home/hasan-fashtouk/ur_ws/src/install/robotiq_description/share/robotiq_description/meshes/visual/2f_85/robotiq_base.dae
[1.165s] -- Up-to-date: /home/hasan-fashtouk/ur_ws/src/install/robotiq_description/share/robotiq_description/meshes/visual/2f_85/right_finger_tip.dae
[1.165s] -- Up-to-date: /home/hasan-fashtouk/ur_ws/src/install/robotiq_description/share/robotiq_description/meshes/visual/2f_85/ur_to_robotiq_adapter.dae
[1.165s] -- Up-to-date: /home/hasan-fashtouk/ur_ws/src/install/robotiq_description/share/robotiq_description/meshes/visual/2f_85/left_knuckle.dae
[1.165s] -- Up-to-date: /home/hasan-fashtouk/ur_ws/src/install/robotiq_description/share/robotiq_description/meshes/visual/2f_85/left_inner_knuckle.dae
[1.165s] -- Up-to-date: /home/hasan-fashtouk/ur_ws/src/install/robotiq_description/share/robotiq_description/rviz
[1.165s] -- Up-to-date: /home/hasan-fashtouk/ur_ws/src/install/robotiq_description/share/robotiq_description/rviz/view_urdf.rviz
[1.166s] -- Up-to-date: /home/hasan-fashtouk/ur_ws/src/install/robotiq_description/share/robotiq_description/urdf
[1.166s] -- Up-to-date: /home/hasan-fashtouk/ur_ws/src/install/robotiq_description/share/robotiq_description/urdf/robotiq_2f_140_gripper.urdf.xacro
[1.166s] -- Up-to-date: /home/hasan-fashtouk/ur_ws/src/install/robotiq_description/share/robotiq_description/urdf/2f_140.ros2_control.xacro
[1.166s] -- Up-to-date: /home/hasan-fashtouk/ur_ws/src/install/robotiq_description/share/robotiq_description/urdf/robotiq_2f_85_gripper.urdf.xacro
[1.166s] -- Up-to-date: /home/hasan-fashtouk/ur_ws/src/install/robotiq_description/share/robotiq_description/urdf/2f_85.ros2_control.xacro
[1.166s] -- Up-to-date: /home/hasan-fashtouk/ur_ws/src/install/robotiq_description/share/robotiq_description/urdf/ur_to_robotiq_adapter.urdf.xacro
[1.167s] -- Up-to-date: /home/hasan-fashtouk/ur_ws/src/install/robotiq_description/share/robotiq_description/urdf/robotiq_2f_85_macro.urdf.xacro
[1.167s] -- Up-to-date: /home/hasan-fashtouk/ur_ws/src/install/robotiq_description/share/robotiq_description/urdf/robotiq_2f_140_macro.urdf.xacro
[1.167s] -- Up-to-date: /home/hasan-fashtouk/ur_ws/src/install/robotiq_description/share/robotiq_description/urdf/robotiq_2f_140.xacro
[1.167s] -- Up-to-date: /home/hasan-fashtouk/ur_ws/src/install/robotiq_description/share/ament_index/resource_index/package_run_dependencies/robotiq_description
[1.167s] -- Up-to-date: /home/hasan-fashtouk/ur_ws/src/install/robotiq_description/share/ament_index/resource_index/parent_prefix_path/robotiq_description
[1.167s] -- Up-to-date: /home/hasan-fashtouk/ur_ws/src/install/robotiq_description/share/robotiq_description/environment/ament_prefix_path.sh
[1.168s] -- Up-to-date: /home/hasan-fashtouk/ur_ws/src/install/robotiq_description/share/robotiq_description/environment/ament_prefix_path.dsv
[1.168s] -- Up-to-date: /home/hasan-fashtouk/ur_ws/src/install/robotiq_description/share/robotiq_description/environment/path.sh
[1.168s] -- Up-to-date: /home/hasan-fashtouk/ur_ws/src/install/robotiq_description/share/robotiq_description/environment/path.dsv
[1.168s] -- Up-to-date: /home/hasan-fashtouk/ur_ws/src/install/robotiq_description/share/robotiq_description/local_setup.bash
[1.168s] -- Up-to-date: /home/hasan-fashtouk/ur_ws/src/install/robotiq_description/share/robotiq_description/local_setup.sh
[1.168s] -- Up-to-date: /home/hasan-fashtouk/ur_ws/src/install/robotiq_description/share/robotiq_description/local_setup.zsh
[1.169s] -- Up-to-date: /home/hasan-fashtouk/ur_ws/src/install/robotiq_description/share/robotiq_description/local_setup.dsv
[1.169s] -- Installing: /home/hasan-fashtouk/ur_ws/src/install/robotiq_description/share/robotiq_description/package.dsv
[1.169s] -- Up-to-date: /home/hasan-fashtouk/ur_ws/src/install/robotiq_description/share/ament_index/resource_index/packages/robotiq_description
[1.169s] -- Up-to-date: /home/hasan-fashtouk/ur_ws/src/install/robotiq_description/share/robotiq_description/cmake/robotiq_descriptionConfig.cmake
[1.169s] -- Up-to-date: /home/hasan-fashtouk/ur_ws/src/install/robotiq_description/share/robotiq_description/cmake/robotiq_descriptionConfig-version.cmake
[1.170s] -- Up-to-date: /home/hasan-fashtouk/ur_ws/src/install/robotiq_description/share/robotiq_description/package.xml
[1.191s] Invoked command in '/home/hasan-fashtouk/ur_ws/src/build/robotiq_description' returned '0': CMAKE_PREFIX_PATH=${CMAKE_PREFIX_PATH}:/opt/ros/jazzy DEBUGINFOD_URLS=https://debuginfod.ubuntu.com /usr/bin/cmake --install /home/hasan-fashtouk/ur_ws/src/build/robotiq_description
