[0.354s] DEBUG:colcon:Command line arguments: ['/usr/bin/colcon', 'build']
[0.355s] DEBUG:colcon:Parsed command line arguments: Namespace(log_base=None, log_level=None, verb_name='build', build_base='build', install_base='install', merge_install=False, symlink_install=False, test_result_base=None, continue_on_error=False, executor='parallel', parallel_workers=4, event_handlers=None, ignore_user_meta=False, metas=['./colcon.meta'], base_paths=['.'], packages_ignore=None, packages_ignore_regex=None, paths=None, packages_up_to=None, packages_up_to_regex=None, packages_above=None, packages_above_and_dependencies=None, packages_above_depth=None, packages_select_by_dep=None, packages_skip_by_dep=None, packages_skip_up_to=None, packages_select_build_failed=False, packages_skip_build_finished=False, packages_select_test_failures=False, packages_skip_test_passed=False, packages_select=None, packages_skip=None, packages_select_regex=None, packages_skip_regex=None, packages_start=None, packages_end=None, allow_overriding=[], cmake_args=None, cmake_target=None, cmake_target_skip_unavailable=False, cmake_clean_cache=False, cmake_clean_first=False, cmake_force_configure=False, ament_cmake_args=None, catkin_cmake_args=None, catkin_skip_building_tests=False, mixin_files=None, mixin=None, verb_parser=<colcon_mixin.mixin.mixin_argument.MixinArgumentDecorator object at 0x79f4a914e0c0>, verb_extension=<colcon_core.verb.build.BuildVerb object at 0x79f4a90bbce0>, main=<bound method BuildVerb.main of <colcon_core.verb.build.BuildVerb object at 0x79f4a90bbce0>>, mixin_verb=('build',))
[0.581s] Level 1:colcon.colcon_core.package_discovery:discover_packages(colcon_meta) check parameters
[0.581s] Level 1:colcon.colcon_core.package_discovery:discover_packages(recursive) check parameters
[0.581s] Level 1:colcon.colcon_core.package_discovery:discover_packages(ignore) check parameters
[0.581s] Level 1:colcon.colcon_core.package_discovery:discover_packages(path) check parameters
[0.581s] Level 1:colcon.colcon_core.package_discovery:discover_packages(colcon_meta) discover
[0.582s] Level 1:colcon.colcon_core.package_discovery:discover_packages(recursive) discover
[0.582s] INFO:colcon.colcon_core.package_discovery:Crawling recursively for packages in '/home/hasan-fashtouk/ur_ws/src'
[0.582s] Level 1:colcon.colcon_core.package_identification:_identify(.) by extensions ['ignore', 'ignore_ament_install']
[0.582s] Level 1:colcon.colcon_core.package_identification:_identify(.) by extension 'ignore'
[0.582s] Level 1:colcon.colcon_core.package_identification:_identify(.) by extension 'ignore_ament_install'
[0.582s] Level 1:colcon.colcon_core.package_identification:_identify(.) by extensions ['colcon_pkg']
[0.583s] Level 1:colcon.colcon_core.package_identification:_identify(.) by extension 'colcon_pkg'
[0.583s] Level 1:colcon.colcon_core.package_identification:_identify(.) by extensions ['colcon_meta']
[0.583s] Level 1:colcon.colcon_core.package_identification:_identify(.) by extension 'colcon_meta'
[0.583s] Level 1:colcon.colcon_core.package_identification:_identify(.) by extensions ['ros']
[0.583s] Level 1:colcon.colcon_core.package_identification:_identify(.) by extension 'ros'
[0.673s] Level 1:colcon.colcon_core.package_identification:_identify(.) by extensions ['cmake', 'python']
[0.673s] Level 1:colcon.colcon_core.package_identification:_identify(.) by extension 'cmake'
[0.673s] Level 1:colcon.colcon_core.package_identification:_identify(.) by extension 'python'
[0.673s] Level 1:colcon.colcon_core.package_identification:_identify(.) by extensions ['python_setup_py']
[0.673s] Level 1:colcon.colcon_core.package_identification:_identify(.) by extension 'python_setup_py'
[0.673s] Level 1:colcon.colcon_core.package_identification:_identify(Universal_Robots_ROS2_Description) by extensions ['ignore', 'ignore_ament_install']
[0.674s] Level 1:colcon.colcon_core.package_identification:_identify(Universal_Robots_ROS2_Description) by extension 'ignore'
[0.674s] Level 1:colcon.colcon_core.package_identification:_identify(Universal_Robots_ROS2_Description) by extension 'ignore_ament_install'
[0.674s] Level 1:colcon.colcon_core.package_identification:_identify(Universal_Robots_ROS2_Description) by extensions ['colcon_pkg']
[0.674s] Level 1:colcon.colcon_core.package_identification:_identify(Universal_Robots_ROS2_Description) by extension 'colcon_pkg'
[0.674s] Level 1:colcon.colcon_core.package_identification:_identify(Universal_Robots_ROS2_Description) by extensions ['colcon_meta']
[0.674s] Level 1:colcon.colcon_core.package_identification:_identify(Universal_Robots_ROS2_Description) by extension 'colcon_meta'
[0.674s] Level 1:colcon.colcon_core.package_identification:_identify(Universal_Robots_ROS2_Description) by extensions ['ros']
[0.674s] Level 1:colcon.colcon_core.package_identification:_identify(Universal_Robots_ROS2_Description) by extension 'ros'
[0.686s] DEBUG:colcon.colcon_core.package_identification:Package 'Universal_Robots_ROS2_Description' with type 'ros.ament_cmake' and name 'ur_description'
[0.687s] Level 1:colcon.colcon_core.package_identification:_identify(Universal_Robots_ROS2_GZ_Simulation) by extensions ['ignore', 'ignore_ament_install']
[0.687s] Level 1:colcon.colcon_core.package_identification:_identify(Universal_Robots_ROS2_GZ_Simulation) by extension 'ignore'
[0.687s] Level 1:colcon.colcon_core.package_identification:_identify(Universal_Robots_ROS2_GZ_Simulation) by extension 'ignore_ament_install'
[0.687s] Level 1:colcon.colcon_core.package_identification:_identify(Universal_Robots_ROS2_GZ_Simulation) by extensions ['colcon_pkg']
[0.687s] Level 1:colcon.colcon_core.package_identification:_identify(Universal_Robots_ROS2_GZ_Simulation) by extension 'colcon_pkg'
[0.687s] Level 1:colcon.colcon_core.package_identification:_identify(Universal_Robots_ROS2_GZ_Simulation) by extensions ['colcon_meta']
[0.687s] Level 1:colcon.colcon_core.package_identification:_identify(Universal_Robots_ROS2_GZ_Simulation) by extension 'colcon_meta'
[0.687s] Level 1:colcon.colcon_core.package_identification:_identify(Universal_Robots_ROS2_GZ_Simulation) by extensions ['ros']
[0.687s] Level 1:colcon.colcon_core.package_identification:_identify(Universal_Robots_ROS2_GZ_Simulation) by extension 'ros'
[0.688s] Level 1:colcon.colcon_core.package_identification:_identify(Universal_Robots_ROS2_GZ_Simulation) by extensions ['cmake', 'python']
[0.688s] Level 1:colcon.colcon_core.package_identification:_identify(Universal_Robots_ROS2_GZ_Simulation) by extension 'cmake'
[0.688s] Level 1:colcon.colcon_core.package_identification:_identify(Universal_Robots_ROS2_GZ_Simulation) by extension 'python'
[0.688s] Level 1:colcon.colcon_core.package_identification:_identify(Universal_Robots_ROS2_GZ_Simulation) by extensions ['python_setup_py']
[0.688s] Level 1:colcon.colcon_core.package_identification:_identify(Universal_Robots_ROS2_GZ_Simulation) by extension 'python_setup_py'
[0.688s] Level 1:colcon.colcon_core.package_identification:_identify(Universal_Robots_ROS2_GZ_Simulation/ur_simulation_gz) by extensions ['ignore', 'ignore_ament_install']
[0.688s] Level 1:colcon.colcon_core.package_identification:_identify(Universal_Robots_ROS2_GZ_Simulation/ur_simulation_gz) by extension 'ignore'
[0.688s] Level 1:colcon.colcon_core.package_identification:_identify(Universal_Robots_ROS2_GZ_Simulation/ur_simulation_gz) by extension 'ignore_ament_install'
[0.688s] Level 1:colcon.colcon_core.package_identification:_identify(Universal_Robots_ROS2_GZ_Simulation/ur_simulation_gz) by extensions ['colcon_pkg']
[0.689s] Level 1:colcon.colcon_core.package_identification:_identify(Universal_Robots_ROS2_GZ_Simulation/ur_simulation_gz) by extension 'colcon_pkg'
[0.689s] Level 1:colcon.colcon_core.package_identification:_identify(Universal_Robots_ROS2_GZ_Simulation/ur_simulation_gz) by extensions ['colcon_meta']
[0.689s] Level 1:colcon.colcon_core.package_identification:_identify(Universal_Robots_ROS2_GZ_Simulation/ur_simulation_gz) by extension 'colcon_meta'
[0.689s] Level 1:colcon.colcon_core.package_identification:_identify(Universal_Robots_ROS2_GZ_Simulation/ur_simulation_gz) by extensions ['ros']
[0.689s] Level 1:colcon.colcon_core.package_identification:_identify(Universal_Robots_ROS2_GZ_Simulation/ur_simulation_gz) by extension 'ros'
[0.690s] DEBUG:colcon.colcon_core.package_identification:Package 'Universal_Robots_ROS2_GZ_Simulation/ur_simulation_gz' with type 'ros.ament_cmake' and name 'ur_simulation_gz'
[0.691s] Level 1:colcon.colcon_core.package_identification:_identify(build) by extensions ['ignore', 'ignore_ament_install']
[0.691s] Level 1:colcon.colcon_core.package_identification:_identify(build) by extension 'ignore'
[0.691s] Level 1:colcon.colcon_core.package_identification:_identify(build) ignored
[0.691s] Level 1:colcon.colcon_core.package_identification:_identify(install) by extensions ['ignore', 'ignore_ament_install']
[0.691s] Level 1:colcon.colcon_core.package_identification:_identify(install) by extension 'ignore'
[0.691s] Level 1:colcon.colcon_core.package_identification:_identify(install) ignored
[0.691s] Level 1:colcon.colcon_core.package_identification:_identify(log) by extensions ['ignore', 'ignore_ament_install']
[0.692s] Level 1:colcon.colcon_core.package_identification:_identify(log) by extension 'ignore'
[0.692s] Level 1:colcon.colcon_core.package_identification:_identify(log) ignored
[0.692s] Level 1:colcon.colcon_core.package_identification:_identify(ros2_robotiq_gripper) by extensions ['ignore', 'ignore_ament_install']
[0.692s] Level 1:colcon.colcon_core.package_identification:_identify(ros2_robotiq_gripper) by extension 'ignore'
[0.692s] Level 1:colcon.colcon_core.package_identification:_identify(ros2_robotiq_gripper) by extension 'ignore_ament_install'
[0.692s] Level 1:colcon.colcon_core.package_identification:_identify(ros2_robotiq_gripper) by extensions ['colcon_pkg']
[0.692s] Level 1:colcon.colcon_core.package_identification:_identify(ros2_robotiq_gripper) by extension 'colcon_pkg'
[0.692s] Level 1:colcon.colcon_core.package_identification:_identify(ros2_robotiq_gripper) by extensions ['colcon_meta']
[0.692s] Level 1:colcon.colcon_core.package_identification:_identify(ros2_robotiq_gripper) by extension 'colcon_meta'
[0.692s] Level 1:colcon.colcon_core.package_identification:_identify(ros2_robotiq_gripper) by extensions ['ros']
[0.692s] Level 1:colcon.colcon_core.package_identification:_identify(ros2_robotiq_gripper) by extension 'ros'
[0.693s] Level 1:colcon.colcon_core.package_identification:_identify(ros2_robotiq_gripper) by extensions ['cmake', 'python']
[0.693s] Level 1:colcon.colcon_core.package_identification:_identify(ros2_robotiq_gripper) by extension 'cmake'
[0.693s] Level 1:colcon.colcon_core.package_identification:_identify(ros2_robotiq_gripper) by extension 'python'
[0.693s] Level 1:colcon.colcon_core.package_identification:_identify(ros2_robotiq_gripper) by extensions ['python_setup_py']
[0.693s] Level 1:colcon.colcon_core.package_identification:_identify(ros2_robotiq_gripper) by extension 'python_setup_py'
[0.693s] Level 1:colcon.colcon_core.package_identification:_identify(ros2_robotiq_gripper/robotiq_controllers) by extensions ['ignore', 'ignore_ament_install']
[0.693s] Level 1:colcon.colcon_core.package_identification:_identify(ros2_robotiq_gripper/robotiq_controllers) by extension 'ignore'
[0.693s] Level 1:colcon.colcon_core.package_identification:_identify(ros2_robotiq_gripper/robotiq_controllers) by extension 'ignore_ament_install'
[0.693s] Level 1:colcon.colcon_core.package_identification:_identify(ros2_robotiq_gripper/robotiq_controllers) by extensions ['colcon_pkg']
[0.694s] Level 1:colcon.colcon_core.package_identification:_identify(ros2_robotiq_gripper/robotiq_controllers) by extension 'colcon_pkg'
[0.694s] Level 1:colcon.colcon_core.package_identification:_identify(ros2_robotiq_gripper/robotiq_controllers) by extensions ['colcon_meta']
[0.694s] Level 1:colcon.colcon_core.package_identification:_identify(ros2_robotiq_gripper/robotiq_controllers) by extension 'colcon_meta'
[0.694s] Level 1:colcon.colcon_core.package_identification:_identify(ros2_robotiq_gripper/robotiq_controllers) by extensions ['ros']
[0.694s] Level 1:colcon.colcon_core.package_identification:_identify(ros2_robotiq_gripper/robotiq_controllers) by extension 'ros'
[0.695s] DEBUG:colcon.colcon_core.package_identification:Package 'ros2_robotiq_gripper/robotiq_controllers' with type 'ros.ament_cmake' and name 'robotiq_controllers'
[0.695s] Level 1:colcon.colcon_core.package_identification:_identify(ros2_robotiq_gripper/robotiq_description) by extensions ['ignore', 'ignore_ament_install']
[0.695s] Level 1:colcon.colcon_core.package_identification:_identify(ros2_robotiq_gripper/robotiq_description) by extension 'ignore'
[0.696s] Level 1:colcon.colcon_core.package_identification:_identify(ros2_robotiq_gripper/robotiq_description) by extension 'ignore_ament_install'
[0.696s] Level 1:colcon.colcon_core.package_identification:_identify(ros2_robotiq_gripper/robotiq_description) by extensions ['colcon_pkg']
[0.696s] Level 1:colcon.colcon_core.package_identification:_identify(ros2_robotiq_gripper/robotiq_description) by extension 'colcon_pkg'
[0.696s] Level 1:colcon.colcon_core.package_identification:_identify(ros2_robotiq_gripper/robotiq_description) by extensions ['colcon_meta']
[0.696s] Level 1:colcon.colcon_core.package_identification:_identify(ros2_robotiq_gripper/robotiq_description) by extension 'colcon_meta'
[0.696s] Level 1:colcon.colcon_core.package_identification:_identify(ros2_robotiq_gripper/robotiq_description) by extensions ['ros']
[0.696s] Level 1:colcon.colcon_core.package_identification:_identify(ros2_robotiq_gripper/robotiq_description) by extension 'ros'
[0.697s] DEBUG:colcon.colcon_core.package_identification:Package 'ros2_robotiq_gripper/robotiq_description' with type 'ros.ament_cmake' and name 'robotiq_description'
[0.697s] Level 1:colcon.colcon_core.package_identification:_identify(ur5e_description) by extensions ['ignore', 'ignore_ament_install']
[0.698s] Level 1:colcon.colcon_core.package_identification:_identify(ur5e_description) by extension 'ignore'
[0.698s] Level 1:colcon.colcon_core.package_identification:_identify(ur5e_description) by extension 'ignore_ament_install'
[0.698s] Level 1:colcon.colcon_core.package_identification:_identify(ur5e_description) by extensions ['colcon_pkg']
[0.698s] Level 1:colcon.colcon_core.package_identification:_identify(ur5e_description) by extension 'colcon_pkg'
[0.698s] Level 1:colcon.colcon_core.package_identification:_identify(ur5e_description) by extensions ['colcon_meta']
[0.698s] Level 1:colcon.colcon_core.package_identification:_identify(ur5e_description) by extension 'colcon_meta'
[0.698s] Level 1:colcon.colcon_core.package_identification:_identify(ur5e_description) by extensions ['ros']
[0.698s] Level 1:colcon.colcon_core.package_identification:_identify(ur5e_description) by extension 'ros'
[0.700s] DEBUG:colcon.colcon_core.package_identification:Package 'ur5e_description' with type 'ros.ament_cmake' and name 'ur5e_description'
[0.700s] Level 1:colcon.colcon_core.package_identification:_identify(ur_moveit_config) by extensions ['ignore', 'ignore_ament_install']
[0.700s] Level 1:colcon.colcon_core.package_identification:_identify(ur_moveit_config) by extension 'ignore'
[0.700s] Level 1:colcon.colcon_core.package_identification:_identify(ur_moveit_config) by extension 'ignore_ament_install'
[0.701s] Level 1:colcon.colcon_core.package_identification:_identify(ur_moveit_config) by extensions ['colcon_pkg']
[0.701s] Level 1:colcon.colcon_core.package_identification:_identify(ur_moveit_config) by extension 'colcon_pkg'
[0.701s] Level 1:colcon.colcon_core.package_identification:_identify(ur_moveit_config) by extensions ['colcon_meta']
[0.701s] Level 1:colcon.colcon_core.package_identification:_identify(ur_moveit_config) by extension 'colcon_meta'
[0.701s] Level 1:colcon.colcon_core.package_identification:_identify(ur_moveit_config) by extensions ['ros']
[0.701s] Level 1:colcon.colcon_core.package_identification:_identify(ur_moveit_config) by extension 'ros'
[0.703s] DEBUG:colcon.colcon_core.package_identification:Package 'ur_moveit_config' with type 'ros.ament_cmake' and name 'ur_moveit_config'
[0.703s] Level 1:colcon.colcon_core.package_discovery:discover_packages(recursive) using defaults
[0.703s] Level 1:colcon.colcon_core.package_discovery:discover_packages(ignore) discover
[0.703s] Level 1:colcon.colcon_core.package_discovery:discover_packages(ignore) using defaults
[0.703s] Level 1:colcon.colcon_core.package_discovery:discover_packages(path) discover
[0.703s] Level 1:colcon.colcon_core.package_discovery:discover_packages(path) using defaults
[0.851s] Level 1:colcon.colcon_core.package_discovery:discover_packages(prefix_path) check parameters
[0.851s] Level 1:colcon.colcon_core.package_discovery:discover_packages(prefix_path) discover
[0.878s] DEBUG:colcon.colcon_installed_package_information.package_discovery:Found 435 installed packages in /opt/ros/jazzy
[0.879s] Level 1:colcon.colcon_core.package_discovery:discover_packages(prefix_path) using defaults
[1.009s] Level 5:colcon.colcon_core.verb:set package 'robotiq_controllers' build argument 'cmake_args' from command line to 'None'
[1.009s] Level 5:colcon.colcon_core.verb:set package 'robotiq_controllers' build argument 'cmake_target' from command line to 'None'
[1.009s] Level 5:colcon.colcon_core.verb:set package 'robotiq_controllers' build argument 'cmake_target_skip_unavailable' from command line to 'False'
[1.009s] Level 5:colcon.colcon_core.verb:set package 'robotiq_controllers' build argument 'cmake_clean_cache' from command line to 'False'
[1.009s] Level 5:colcon.colcon_core.verb:set package 'robotiq_controllers' build argument 'cmake_clean_first' from command line to 'False'
[1.009s] Level 5:colcon.colcon_core.verb:set package 'robotiq_controllers' build argument 'cmake_force_configure' from command line to 'False'
[1.009s] Level 5:colcon.colcon_core.verb:set package 'robotiq_controllers' build argument 'ament_cmake_args' from command line to 'None'
[1.009s] Level 5:colcon.colcon_core.verb:set package 'robotiq_controllers' build argument 'catkin_cmake_args' from command line to 'None'
[1.009s] Level 5:colcon.colcon_core.verb:set package 'robotiq_controllers' build argument 'catkin_skip_building_tests' from command line to 'False'
[1.010s] DEBUG:colcon.colcon_core.verb:Building package 'robotiq_controllers' with the following arguments: {'ament_cmake_args': None, 'build_base': '/home/hasan-fashtouk/ur_ws/src/build/robotiq_controllers', 'catkin_cmake_args': None, 'catkin_skip_building_tests': False, 'cmake_args': None, 'cmake_clean_cache': False, 'cmake_clean_first': False, 'cmake_force_configure': False, 'cmake_target': None, 'cmake_target_skip_unavailable': False, 'install_base': '/home/hasan-fashtouk/ur_ws/src/install/robotiq_controllers', 'merge_install': False, 'path': '/home/hasan-fashtouk/ur_ws/src/ros2_robotiq_gripper/robotiq_controllers', 'symlink_install': False, 'test_result_base': None}
[1.010s] Level 5:colcon.colcon_core.verb:set package 'robotiq_description' build argument 'cmake_args' from command line to 'None'
[1.010s] Level 5:colcon.colcon_core.verb:set package 'robotiq_description' build argument 'cmake_target' from command line to 'None'
[1.010s] Level 5:colcon.colcon_core.verb:set package 'robotiq_description' build argument 'cmake_target_skip_unavailable' from command line to 'False'
[1.010s] Level 5:colcon.colcon_core.verb:set package 'robotiq_description' build argument 'cmake_clean_cache' from command line to 'False'
[1.011s] Level 5:colcon.colcon_core.verb:set package 'robotiq_description' build argument 'cmake_clean_first' from command line to 'False'
[1.011s] Level 5:colcon.colcon_core.verb:set package 'robotiq_description' build argument 'cmake_force_configure' from command line to 'False'
[1.011s] Level 5:colcon.colcon_core.verb:set package 'robotiq_description' build argument 'ament_cmake_args' from command line to 'None'
[1.011s] Level 5:colcon.colcon_core.verb:set package 'robotiq_description' build argument 'catkin_cmake_args' from command line to 'None'
[1.011s] Level 5:colcon.colcon_core.verb:set package 'robotiq_description' build argument 'catkin_skip_building_tests' from command line to 'False'
[1.011s] DEBUG:colcon.colcon_core.verb:Building package 'robotiq_description' with the following arguments: {'ament_cmake_args': None, 'build_base': '/home/hasan-fashtouk/ur_ws/src/build/robotiq_description', 'catkin_cmake_args': None, 'catkin_skip_building_tests': False, 'cmake_args': None, 'cmake_clean_cache': False, 'cmake_clean_first': False, 'cmake_force_configure': False, 'cmake_target': None, 'cmake_target_skip_unavailable': False, 'install_base': '/home/hasan-fashtouk/ur_ws/src/install/robotiq_description', 'merge_install': False, 'path': '/home/hasan-fashtouk/ur_ws/src/ros2_robotiq_gripper/robotiq_description', 'symlink_install': False, 'test_result_base': None}
[1.012s] Level 5:colcon.colcon_core.verb:set package 'ur_description' build argument 'cmake_args' from command line to 'None'
[1.012s] Level 5:colcon.colcon_core.verb:set package 'ur_description' build argument 'cmake_target' from command line to 'None'
[1.012s] Level 5:colcon.colcon_core.verb:set package 'ur_description' build argument 'cmake_target_skip_unavailable' from command line to 'False'
[1.012s] Level 5:colcon.colcon_core.verb:set package 'ur_description' build argument 'cmake_clean_cache' from command line to 'False'
[1.012s] Level 5:colcon.colcon_core.verb:set package 'ur_description' build argument 'cmake_clean_first' from command line to 'False'
[1.012s] Level 5:colcon.colcon_core.verb:set package 'ur_description' build argument 'cmake_force_configure' from command line to 'False'
[1.012s] Level 5:colcon.colcon_core.verb:set package 'ur_description' build argument 'ament_cmake_args' from command line to 'None'
[1.012s] Level 5:colcon.colcon_core.verb:set package 'ur_description' build argument 'catkin_cmake_args' from command line to 'None'
[1.012s] Level 5:colcon.colcon_core.verb:set package 'ur_description' build argument 'catkin_skip_building_tests' from command line to 'False'
[1.012s] DEBUG:colcon.colcon_core.verb:Building package 'ur_description' with the following arguments: {'ament_cmake_args': None, 'build_base': '/home/hasan-fashtouk/ur_ws/src/build/ur_description', 'catkin_cmake_args': None, 'catkin_skip_building_tests': False, 'cmake_args': None, 'cmake_clean_cache': False, 'cmake_clean_first': False, 'cmake_force_configure': False, 'cmake_target': None, 'cmake_target_skip_unavailable': False, 'install_base': '/home/hasan-fashtouk/ur_ws/src/install/ur_description', 'merge_install': False, 'path': '/home/hasan-fashtouk/ur_ws/src/Universal_Robots_ROS2_Description', 'symlink_install': False, 'test_result_base': None}
[1.013s] Level 5:colcon.colcon_core.verb:set package 'ur5e_description' build argument 'cmake_args' from command line to 'None'
[1.013s] Level 5:colcon.colcon_core.verb:set package 'ur5e_description' build argument 'cmake_target' from command line to 'None'
[1.013s] Level 5:colcon.colcon_core.verb:set package 'ur5e_description' build argument 'cmake_target_skip_unavailable' from command line to 'False'
[1.013s] Level 5:colcon.colcon_core.verb:set package 'ur5e_description' build argument 'cmake_clean_cache' from command line to 'False'
[1.013s] Level 5:colcon.colcon_core.verb:set package 'ur5e_description' build argument 'cmake_clean_first' from command line to 'False'
[1.013s] Level 5:colcon.colcon_core.verb:set package 'ur5e_description' build argument 'cmake_force_configure' from command line to 'False'
[1.013s] Level 5:colcon.colcon_core.verb:set package 'ur5e_description' build argument 'ament_cmake_args' from command line to 'None'
[1.013s] Level 5:colcon.colcon_core.verb:set package 'ur5e_description' build argument 'catkin_cmake_args' from command line to 'None'
[1.013s] Level 5:colcon.colcon_core.verb:set package 'ur5e_description' build argument 'catkin_skip_building_tests' from command line to 'False'
[1.014s] DEBUG:colcon.colcon_core.verb:Building package 'ur5e_description' with the following arguments: {'ament_cmake_args': None, 'build_base': '/home/hasan-fashtouk/ur_ws/src/build/ur5e_description', 'catkin_cmake_args': None, 'catkin_skip_building_tests': False, 'cmake_args': None, 'cmake_clean_cache': False, 'cmake_clean_first': False, 'cmake_force_configure': False, 'cmake_target': None, 'cmake_target_skip_unavailable': False, 'install_base': '/home/hasan-fashtouk/ur_ws/src/install/ur5e_description', 'merge_install': False, 'path': '/home/hasan-fashtouk/ur_ws/src/ur5e_description', 'symlink_install': False, 'test_result_base': None}
[1.014s] Level 5:colcon.colcon_core.verb:set package 'ur_moveit_config' build argument 'cmake_args' from command line to 'None'
[1.014s] Level 5:colcon.colcon_core.verb:set package 'ur_moveit_config' build argument 'cmake_target' from command line to 'None'
[1.014s] Level 5:colcon.colcon_core.verb:set package 'ur_moveit_config' build argument 'cmake_target_skip_unavailable' from command line to 'False'
[1.014s] Level 5:colcon.colcon_core.verb:set package 'ur_moveit_config' build argument 'cmake_clean_cache' from command line to 'False'
[1.014s] Level 5:colcon.colcon_core.verb:set package 'ur_moveit_config' build argument 'cmake_clean_first' from command line to 'False'
[1.015s] Level 5:colcon.colcon_core.verb:set package 'ur_moveit_config' build argument 'cmake_force_configure' from command line to 'False'
[1.015s] Level 5:colcon.colcon_core.verb:set package 'ur_moveit_config' build argument 'ament_cmake_args' from command line to 'None'
[1.015s] Level 5:colcon.colcon_core.verb:set package 'ur_moveit_config' build argument 'catkin_cmake_args' from command line to 'None'
[1.015s] Level 5:colcon.colcon_core.verb:set package 'ur_moveit_config' build argument 'catkin_skip_building_tests' from command line to 'False'
[1.015s] DEBUG:colcon.colcon_core.verb:Building package 'ur_moveit_config' with the following arguments: {'ament_cmake_args': None, 'build_base': '/home/hasan-fashtouk/ur_ws/src/build/ur_moveit_config', 'catkin_cmake_args': None, 'catkin_skip_building_tests': False, 'cmake_args': None, 'cmake_clean_cache': False, 'cmake_clean_first': False, 'cmake_force_configure': False, 'cmake_target': None, 'cmake_target_skip_unavailable': False, 'install_base': '/home/hasan-fashtouk/ur_ws/src/install/ur_moveit_config', 'merge_install': False, 'path': '/home/hasan-fashtouk/ur_ws/src/ur_moveit_config', 'symlink_install': False, 'test_result_base': None}
[1.015s] Level 5:colcon.colcon_core.verb:set package 'ur_simulation_gz' build argument 'cmake_args' from command line to 'None'
[1.015s] Level 5:colcon.colcon_core.verb:set package 'ur_simulation_gz' build argument 'cmake_target' from command line to 'None'
[1.016s] Level 5:colcon.colcon_core.verb:set package 'ur_simulation_gz' build argument 'cmake_target_skip_unavailable' from command line to 'False'
[1.016s] Level 5:colcon.colcon_core.verb:set package 'ur_simulation_gz' build argument 'cmake_clean_cache' from command line to 'False'
[1.016s] Level 5:colcon.colcon_core.verb:set package 'ur_simulation_gz' build argument 'cmake_clean_first' from command line to 'False'
[1.016s] Level 5:colcon.colcon_core.verb:set package 'ur_simulation_gz' build argument 'cmake_force_configure' from command line to 'False'
[1.016s] Level 5:colcon.colcon_core.verb:set package 'ur_simulation_gz' build argument 'ament_cmake_args' from command line to 'None'
[1.016s] Level 5:colcon.colcon_core.verb:set package 'ur_simulation_gz' build argument 'catkin_cmake_args' from command line to 'None'
[1.016s] Level 5:colcon.colcon_core.verb:set package 'ur_simulation_gz' build argument 'catkin_skip_building_tests' from command line to 'False'
[1.016s] DEBUG:colcon.colcon_core.verb:Building package 'ur_simulation_gz' with the following arguments: {'ament_cmake_args': None, 'build_base': '/home/hasan-fashtouk/ur_ws/src/build/ur_simulation_gz', 'catkin_cmake_args': None, 'catkin_skip_building_tests': False, 'cmake_args': None, 'cmake_clean_cache': False, 'cmake_clean_first': False, 'cmake_force_configure': False, 'cmake_target': None, 'cmake_target_skip_unavailable': False, 'install_base': '/home/hasan-fashtouk/ur_ws/src/install/ur_simulation_gz', 'merge_install': False, 'path': '/home/hasan-fashtouk/ur_ws/src/Universal_Robots_ROS2_GZ_Simulation/ur_simulation_gz', 'symlink_install': False, 'test_result_base': None}
[1.016s] INFO:colcon.colcon_core.executor:Executing jobs using 'parallel' executor
[1.018s] DEBUG:colcon.colcon_parallel_executor.executor.parallel:run_until_complete
[1.018s] INFO:colcon.colcon_ros.task.ament_cmake.build:Building ROS package in '/home/hasan-fashtouk/ur_ws/src/Universal_Robots_ROS2_Description' with build type 'ament_cmake'
[1.019s] INFO:colcon.colcon_cmake.task.cmake.build:Building CMake package in '/home/hasan-fashtouk/ur_ws/src/Universal_Robots_ROS2_Description'
[1.052s] INFO:colcon.colcon_core.plugin_system:Skipping extension 'colcon_core.shell.bat': Not used on non-Windows systems
[1.052s] INFO:colcon.colcon_core.shell:Skip shell extension 'powershell' for command environment: Not usable outside of PowerShell
[1.052s] DEBUG:colcon.colcon_core.shell:Skip shell extension 'dsv' for command environment
[1.068s] INFO:colcon.colcon_ros.task.ament_cmake.build:Building ROS package in '/home/hasan-fashtouk/ur_ws/src/ros2_robotiq_gripper/robotiq_controllers' with build type 'ament_cmake'
[1.068s] INFO:colcon.colcon_cmake.task.cmake.build:Building CMake package in '/home/hasan-fashtouk/ur_ws/src/ros2_robotiq_gripper/robotiq_controllers'
[1.069s] INFO:colcon.colcon_core.shell:Skip shell extension 'powershell' for command environment: Not usable outside of PowerShell
[1.069s] DEBUG:colcon.colcon_core.shell:Skip shell extension 'dsv' for command environment
[1.076s] INFO:colcon.colcon_ros.task.ament_cmake.build:Building ROS package in '/home/hasan-fashtouk/ur_ws/src/ros2_robotiq_gripper/robotiq_description' with build type 'ament_cmake'
[1.076s] INFO:colcon.colcon_cmake.task.cmake.build:Building CMake package in '/home/hasan-fashtouk/ur_ws/src/ros2_robotiq_gripper/robotiq_description'
[1.077s] INFO:colcon.colcon_core.shell:Skip shell extension 'powershell' for command environment: Not usable outside of PowerShell
[1.077s] DEBUG:colcon.colcon_core.shell:Skip shell extension 'dsv' for command environment
[1.094s] DEBUG:colcon.colcon_core.event_handler.log_command:Invoking command in '/home/hasan-fashtouk/ur_ws/src/build/ur_description': CMAKE_PREFIX_PATH=${CMAKE_PREFIX_PATH}:/opt/ros/jazzy DEBUGINFOD_URLS=https://debuginfod.ubuntu.com /usr/bin/cmake --build /home/hasan-fashtouk/ur_ws/src/build/ur_description -- -j4 -l4
[1.116s] DEBUG:colcon.colcon_core.event_handler.log_command:Invoking command in '/home/hasan-fashtouk/ur_ws/src/build/robotiq_controllers': CMAKE_PREFIX_PATH=${CMAKE_PREFIX_PATH}:/opt/ros/jazzy DEBUGINFOD_URLS=https://debuginfod.ubuntu.com /usr/bin/cmake --build /home/hasan-fashtouk/ur_ws/src/build/robotiq_controllers -- -j4 -l4
[1.121s] DEBUG:colcon.colcon_core.event_handler.log_command:Invoking command in '/home/hasan-fashtouk/ur_ws/src/build/robotiq_description': CMAKE_PREFIX_PATH=${CMAKE_PREFIX_PATH}:/opt/ros/jazzy DEBUGINFOD_URLS=https://debuginfod.ubuntu.com /usr/bin/cmake --build /home/hasan-fashtouk/ur_ws/src/build/robotiq_description -- -j4 -l4
[1.246s] DEBUG:colcon.colcon_core.event_handler.log_command:Invoked command in '/home/hasan-fashtouk/ur_ws/src/build/robotiq_description' returned '0': CMAKE_PREFIX_PATH=${CMAKE_PREFIX_PATH}:/opt/ros/jazzy DEBUGINFOD_URLS=https://debuginfod.ubuntu.com /usr/bin/cmake --build /home/hasan-fashtouk/ur_ws/src/build/robotiq_description -- -j4 -l4
[1.264s] DEBUG:colcon.colcon_core.event_handler.log_command:Invoking command in '/home/hasan-fashtouk/ur_ws/src/build/robotiq_description': CMAKE_PREFIX_PATH=${CMAKE_PREFIX_PATH}:/opt/ros/jazzy DEBUGINFOD_URLS=https://debuginfod.ubuntu.com /usr/bin/cmake --install /home/hasan-fashtouk/ur_ws/src/build/robotiq_description
[1.273s] DEBUG:colcon.colcon_core.event_handler.log_command:Invoked command in '/home/hasan-fashtouk/ur_ws/src/build/ur_description' returned '0': CMAKE_PREFIX_PATH=${CMAKE_PREFIX_PATH}:/opt/ros/jazzy DEBUGINFOD_URLS=https://debuginfod.ubuntu.com /usr/bin/cmake --build /home/hasan-fashtouk/ur_ws/src/build/ur_description -- -j4 -l4
[1.274s] DEBUG:colcon.colcon_core.event_handler.log_command:Invoking command in '/home/hasan-fashtouk/ur_ws/src/build/ur_description': CMAKE_PREFIX_PATH=${CMAKE_PREFIX_PATH}:/opt/ros/jazzy DEBUGINFOD_URLS=https://debuginfod.ubuntu.com /usr/bin/cmake --install /home/hasan-fashtouk/ur_ws/src/build/ur_description
[1.300s] Level 1:colcon.colcon_core.environment:create_environment_scripts_only(robotiq_description)
[1.314s] DEBUG:colcon.colcon_core.event_handler.log_command:Invoked command in '/home/hasan-fashtouk/ur_ws/src/build/robotiq_description' returned '0': CMAKE_PREFIX_PATH=${CMAKE_PREFIX_PATH}:/opt/ros/jazzy DEBUGINFOD_URLS=https://debuginfod.ubuntu.com /usr/bin/cmake --install /home/hasan-fashtouk/ur_ws/src/build/robotiq_description
[1.345s] Level 1:colcon.colcon_core.environment:checking '/home/hasan-fashtouk/ur_ws/src/install/robotiq_description' for CMake module files
[1.348s] Level 1:colcon.colcon_core.environment:checking '/home/hasan-fashtouk/ur_ws/src/install/robotiq_description' for CMake config files
[1.353s] Level 1:colcon.colcon_core.shell:create_environment_hook('robotiq_description', 'cmake_prefix_path')
[1.353s] INFO:colcon.colcon_core.shell:Creating environment hook '/home/hasan-fashtouk/ur_ws/src/install/robotiq_description/share/robotiq_description/hook/cmake_prefix_path.ps1'
[1.383s] INFO:colcon.colcon_core.shell:Creating environment descriptor '/home/hasan-fashtouk/ur_ws/src/install/robotiq_description/share/robotiq_description/hook/cmake_prefix_path.dsv'
[1.384s] INFO:colcon.colcon_core.shell:Creating environment hook '/home/hasan-fashtouk/ur_ws/src/install/robotiq_description/share/robotiq_description/hook/cmake_prefix_path.sh'
[1.385s] Level 1:colcon.colcon_core.environment:checking '/home/hasan-fashtouk/ur_ws/src/install/robotiq_description/bin'
[1.386s] Level 1:colcon.colcon_core.environment:checking '/home/hasan-fashtouk/ur_ws/src/install/robotiq_description/lib/pkgconfig/robotiq_description.pc'
[1.386s] Level 1:colcon.colcon_core.environment:checking '/home/hasan-fashtouk/ur_ws/src/install/robotiq_description/lib/python3.12/site-packages'
[1.387s] Level 1:colcon.colcon_core.environment:checking '/home/hasan-fashtouk/ur_ws/src/install/robotiq_description/bin'
[1.387s] INFO:colcon.colcon_core.shell:Creating package script '/home/hasan-fashtouk/ur_ws/src/install/robotiq_description/share/robotiq_description/package.ps1'
[1.388s] INFO:colcon.colcon_core.shell:Creating package descriptor '/home/hasan-fashtouk/ur_ws/src/install/robotiq_description/share/robotiq_description/package.dsv'
[1.389s] INFO:colcon.colcon_core.shell:Creating package script '/home/hasan-fashtouk/ur_ws/src/install/robotiq_description/share/robotiq_description/package.sh'
[1.390s] INFO:colcon.colcon_core.shell:Creating package script '/home/hasan-fashtouk/ur_ws/src/install/robotiq_description/share/robotiq_description/package.bash'
[1.408s] INFO:colcon.colcon_core.shell:Creating package script '/home/hasan-fashtouk/ur_ws/src/install/robotiq_description/share/robotiq_description/package.zsh'
[1.421s] Level 1:colcon.colcon_core.environment:create_file_with_runtime_dependencies(/home/hasan-fashtouk/ur_ws/src/install/robotiq_description/share/colcon-core/packages/robotiq_description)
[1.422s] Level 1:colcon.colcon_core.environment:create_environment_scripts_only(robotiq_description)
[1.422s] Level 1:colcon.colcon_core.environment:checking '/home/hasan-fashtouk/ur_ws/src/install/robotiq_description' for CMake module files
[1.423s] Level 1:colcon.colcon_core.environment:checking '/home/hasan-fashtouk/ur_ws/src/install/robotiq_description' for CMake config files
[1.424s] Level 1:colcon.colcon_core.shell:create_environment_hook('robotiq_description', 'cmake_prefix_path')
[1.424s] INFO:colcon.colcon_core.shell:Creating environment hook '/home/hasan-fashtouk/ur_ws/src/install/robotiq_description/share/robotiq_description/hook/cmake_prefix_path.ps1'
[1.425s] INFO:colcon.colcon_core.shell:Creating environment descriptor '/home/hasan-fashtouk/ur_ws/src/install/robotiq_description/share/robotiq_description/hook/cmake_prefix_path.dsv'
[1.426s] INFO:colcon.colcon_core.shell:Creating environment hook '/home/hasan-fashtouk/ur_ws/src/install/robotiq_description/share/robotiq_description/hook/cmake_prefix_path.sh'
[1.427s] Level 1:colcon.colcon_core.environment:checking '/home/hasan-fashtouk/ur_ws/src/install/robotiq_description/bin'
[1.427s] Level 1:colcon.colcon_core.environment:checking '/home/hasan-fashtouk/ur_ws/src/install/robotiq_description/lib/pkgconfig/robotiq_description.pc'
[1.427s] Level 1:colcon.colcon_core.environment:checking '/home/hasan-fashtouk/ur_ws/src/install/robotiq_description/lib/python3.12/site-packages'
[1.428s] Level 1:colcon.colcon_core.environment:checking '/home/hasan-fashtouk/ur_ws/src/install/robotiq_description/bin'
[1.429s] INFO:colcon.colcon_core.shell:Creating package script '/home/hasan-fashtouk/ur_ws/src/install/robotiq_description/share/robotiq_description/package.ps1'
[1.430s] INFO:colcon.colcon_core.shell:Creating package descriptor '/home/hasan-fashtouk/ur_ws/src/install/robotiq_description/share/robotiq_description/package.dsv'
[1.431s] INFO:colcon.colcon_core.shell:Creating package script '/home/hasan-fashtouk/ur_ws/src/install/robotiq_description/share/robotiq_description/package.sh'
[1.433s] INFO:colcon.colcon_core.shell:Creating package script '/home/hasan-fashtouk/ur_ws/src/install/robotiq_description/share/robotiq_description/package.bash'
[1.433s] INFO:colcon.colcon_core.shell:Creating package script '/home/hasan-fashtouk/ur_ws/src/install/robotiq_description/share/robotiq_description/package.zsh'
[1.434s] Level 1:colcon.colcon_core.environment:create_file_with_runtime_dependencies(/home/hasan-fashtouk/ur_ws/src/install/robotiq_description/share/colcon-core/packages/robotiq_description)
[1.437s] DEBUG:colcon.colcon_core.event_handler.log_command:Invoked command in '/home/hasan-fashtouk/ur_ws/src/build/robotiq_controllers' returned '0': CMAKE_PREFIX_PATH=${CMAKE_PREFIX_PATH}:/opt/ros/jazzy DEBUGINFOD_URLS=https://debuginfod.ubuntu.com /usr/bin/cmake --build /home/hasan-fashtouk/ur_ws/src/build/robotiq_controllers -- -j4 -l4
[1.438s] DEBUG:colcon.colcon_core.event_handler.log_command:Invoking command in '/home/hasan-fashtouk/ur_ws/src/build/robotiq_controllers': CMAKE_PREFIX_PATH=${CMAKE_PREFIX_PATH}:/opt/ros/jazzy DEBUGINFOD_URLS=https://debuginfod.ubuntu.com /usr/bin/cmake --install /home/hasan-fashtouk/ur_ws/src/build/robotiq_controllers
[1.439s] Level 1:colcon.colcon_core.environment:create_environment_scripts_only(ur_description)
[1.439s] Level 1:colcon.colcon_core.environment:checking '/home/hasan-fashtouk/ur_ws/src/install/ur_description' for CMake module files
[1.442s] Level 1:colcon.colcon_core.environment:checking '/home/hasan-fashtouk/ur_ws/src/install/ur_description' for CMake config files
[1.444s] DEBUG:colcon.colcon_core.event_handler.log_command:Invoked command in '/home/hasan-fashtouk/ur_ws/src/build/ur_description' returned '0': CMAKE_PREFIX_PATH=${CMAKE_PREFIX_PATH}:/opt/ros/jazzy DEBUGINFOD_URLS=https://debuginfod.ubuntu.com /usr/bin/cmake --install /home/hasan-fashtouk/ur_ws/src/build/ur_description
[1.446s] Level 1:colcon.colcon_core.shell:create_environment_hook('ur_description', 'cmake_prefix_path')
[1.447s] INFO:colcon.colcon_core.shell:Creating environment hook '/home/hasan-fashtouk/ur_ws/src/install/ur_description/share/ur_description/hook/cmake_prefix_path.ps1'
[1.449s] INFO:colcon.colcon_core.shell:Creating environment descriptor '/home/hasan-fashtouk/ur_ws/src/install/ur_description/share/ur_description/hook/cmake_prefix_path.dsv'
[1.450s] INFO:colcon.colcon_core.shell:Creating environment hook '/home/hasan-fashtouk/ur_ws/src/install/ur_description/share/ur_description/hook/cmake_prefix_path.sh'
[1.451s] Level 1:colcon.colcon_core.environment:checking '/home/hasan-fashtouk/ur_ws/src/install/ur_description/bin'
[1.451s] Level 1:colcon.colcon_core.environment:checking '/home/hasan-fashtouk/ur_ws/src/install/ur_description/lib/pkgconfig/ur_description.pc'
[1.451s] Level 1:colcon.colcon_core.environment:checking '/home/hasan-fashtouk/ur_ws/src/install/ur_description/lib/python3.12/site-packages'
[1.452s] Level 1:colcon.colcon_core.environment:checking '/home/hasan-fashtouk/ur_ws/src/install/ur_description/bin'
[1.453s] INFO:colcon.colcon_core.shell:Creating package script '/home/hasan-fashtouk/ur_ws/src/install/ur_description/share/ur_description/package.ps1'
[1.454s] INFO:colcon.colcon_core.shell:Creating package descriptor '/home/hasan-fashtouk/ur_ws/src/install/ur_description/share/ur_description/package.dsv'
[1.454s] INFO:colcon.colcon_core.shell:Creating package script '/home/hasan-fashtouk/ur_ws/src/install/ur_description/share/ur_description/package.sh'
[1.455s] INFO:colcon.colcon_core.shell:Creating package script '/home/hasan-fashtouk/ur_ws/src/install/ur_description/share/ur_description/package.bash'
[1.456s] INFO:colcon.colcon_core.shell:Creating package script '/home/hasan-fashtouk/ur_ws/src/install/ur_description/share/ur_description/package.zsh'
[1.457s] Level 1:colcon.colcon_core.environment:create_file_with_runtime_dependencies(/home/hasan-fashtouk/ur_ws/src/install/ur_description/share/colcon-core/packages/ur_description)
[1.459s] Level 1:colcon.colcon_core.environment:create_environment_scripts_only(ur_description)
[1.459s] Level 1:colcon.colcon_core.environment:checking '/home/hasan-fashtouk/ur_ws/src/install/ur_description' for CMake module files
[1.461s] Level 1:colcon.colcon_core.environment:checking '/home/hasan-fashtouk/ur_ws/src/install/ur_description' for CMake config files
[1.463s] Level 1:colcon.colcon_core.shell:create_environment_hook('ur_description', 'cmake_prefix_path')
[1.463s] INFO:colcon.colcon_core.shell:Creating environment hook '/home/hasan-fashtouk/ur_ws/src/install/ur_description/share/ur_description/hook/cmake_prefix_path.ps1'
[1.464s] INFO:colcon.colcon_core.shell:Creating environment descriptor '/home/hasan-fashtouk/ur_ws/src/install/ur_description/share/ur_description/hook/cmake_prefix_path.dsv'
[1.464s] INFO:colcon.colcon_core.shell:Creating environment hook '/home/hasan-fashtouk/ur_ws/src/install/ur_description/share/ur_description/hook/cmake_prefix_path.sh'
[1.465s] Level 1:colcon.colcon_core.environment:checking '/home/hasan-fashtouk/ur_ws/src/install/ur_description/bin'
[1.466s] Level 1:colcon.colcon_core.environment:checking '/home/hasan-fashtouk/ur_ws/src/install/ur_description/lib/pkgconfig/ur_description.pc'
[1.466s] Level 1:colcon.colcon_core.environment:checking '/home/hasan-fashtouk/ur_ws/src/install/ur_description/lib/python3.12/site-packages'
[1.467s] Level 1:colcon.colcon_core.environment:checking '/home/hasan-fashtouk/ur_ws/src/install/ur_description/bin'
[1.467s] INFO:colcon.colcon_core.shell:Creating package script '/home/hasan-fashtouk/ur_ws/src/install/ur_description/share/ur_description/package.ps1'
[1.469s] INFO:colcon.colcon_core.shell:Creating package descriptor '/home/hasan-fashtouk/ur_ws/src/install/ur_description/share/ur_description/package.dsv'
[1.470s] INFO:colcon.colcon_core.shell:Creating package script '/home/hasan-fashtouk/ur_ws/src/install/ur_description/share/ur_description/package.sh'
[1.470s] INFO:colcon.colcon_core.shell:Creating package script '/home/hasan-fashtouk/ur_ws/src/install/ur_description/share/ur_description/package.bash'
[1.471s] INFO:colcon.colcon_core.shell:Creating package script '/home/hasan-fashtouk/ur_ws/src/install/ur_description/share/ur_description/package.zsh'
[1.472s] Level 1:colcon.colcon_core.environment:create_file_with_runtime_dependencies(/home/hasan-fashtouk/ur_ws/src/install/ur_description/share/colcon-core/packages/ur_description)
[1.472s] INFO:colcon.colcon_ros.task.ament_cmake.build:Building ROS package in '/home/hasan-fashtouk/ur_ws/src/ur5e_description' with build type 'ament_cmake'
[1.472s] INFO:colcon.colcon_cmake.task.cmake.build:Building CMake package in '/home/hasan-fashtouk/ur_ws/src/ur5e_description'
[1.473s] INFO:colcon.colcon_core.shell:Skip shell extension 'powershell' for command environment: Not usable outside of PowerShell
[1.473s] DEBUG:colcon.colcon_core.shell:Skip shell extension 'dsv' for command environment
[1.498s] DEBUG:colcon.colcon_core.event_handler.log_command:Invoking command in '/home/hasan-fashtouk/ur_ws/src/build/ur5e_description': AMENT_PREFIX_PATH=/home/hasan-fashtouk/ur_ws/src/install/ur_description:${AMENT_PREFIX_PATH} CMAKE_PREFIX_PATH=/home/hasan-fashtouk/ur_ws/src/install/ur_description:/opt/ros/jazzy/opt/gz_sim_vendor:/opt/ros/jazzy/opt/gz_sensors_vendor:/opt/ros/jazzy/opt/gz_physics_vendor:/opt/ros/jazzy/opt/sdformat_vendor:/opt/ros/jazzy/opt/gz_gui_vendor:/opt/ros/jazzy/opt/gz_transport_vendor:/opt/ros/jazzy/opt/gz_rendering_vendor:/opt/ros/jazzy/opt/gz_plugin_vendor:/opt/ros/jazzy/opt/gz_fuel_tools_vendor:/opt/ros/jazzy/opt/gz_msgs_vendor:/opt/ros/jazzy/opt/gz_common_vendor:/opt/ros/jazzy/opt/gz_math_vendor:/opt/ros/jazzy/opt/gz_utils_vendor:/opt/ros/jazzy/opt/gz_tools_vendor:/opt/ros/jazzy/opt/gz_ogre_next_vendor:/opt/ros/jazzy/opt/gz_dartsim_vendor:/opt/ros/jazzy/opt/gz_cmake_vendor:/opt/ros/jazzy DEBUGINFOD_URLS=https://debuginfod.ubuntu.com /usr/bin/cmake --build /home/hasan-fashtouk/ur_ws/src/build/ur5e_description -- -j4 -l4
[1.512s] Level 1:colcon.colcon_core.environment:create_environment_scripts_only(robotiq_controllers)
[1.512s] Level 1:colcon.colcon_core.environment:checking '/home/hasan-fashtouk/ur_ws/src/install/robotiq_controllers' for CMake module files
[1.517s] Level 1:colcon.colcon_core.environment:checking '/home/hasan-fashtouk/ur_ws/src/install/robotiq_controllers' for CMake config files
[1.518s] Level 1:colcon.colcon_core.shell:create_environment_hook('robotiq_controllers', 'cmake_prefix_path')
[1.518s] INFO:colcon.colcon_core.shell:Creating environment hook '/home/hasan-fashtouk/ur_ws/src/install/robotiq_controllers/share/robotiq_controllers/hook/cmake_prefix_path.ps1'
[1.519s] INFO:colcon.colcon_core.shell:Creating environment descriptor '/home/hasan-fashtouk/ur_ws/src/install/robotiq_controllers/share/robotiq_controllers/hook/cmake_prefix_path.dsv'
[1.522s] INFO:colcon.colcon_core.shell:Creating environment hook '/home/hasan-fashtouk/ur_ws/src/install/robotiq_controllers/share/robotiq_controllers/hook/cmake_prefix_path.sh'
[1.523s] Level 1:colcon.colcon_core.environment:checking '/home/hasan-fashtouk/ur_ws/src/install/robotiq_controllers/lib'
[1.523s] Level 1:colcon.colcon_core.shell:create_environment_hook('robotiq_controllers', 'ld_library_path_lib')
[1.524s] INFO:colcon.colcon_core.shell:Creating environment hook '/home/hasan-fashtouk/ur_ws/src/install/robotiq_controllers/share/robotiq_controllers/hook/ld_library_path_lib.ps1'
[1.521s] DEBUG:colcon.colcon_core.event_handler.log_command:Invoked command in '/home/hasan-fashtouk/ur_ws/src/build/robotiq_controllers' returned '0': CMAKE_PREFIX_PATH=${CMAKE_PREFIX_PATH}:/opt/ros/jazzy DEBUGINFOD_URLS=https://debuginfod.ubuntu.com /usr/bin/cmake --install /home/hasan-fashtouk/ur_ws/src/build/robotiq_controllers
[1.525s] INFO:colcon.colcon_core.shell:Creating environment descriptor '/home/hasan-fashtouk/ur_ws/src/install/robotiq_controllers/share/robotiq_controllers/hook/ld_library_path_lib.dsv'
[1.526s] INFO:colcon.colcon_core.shell:Creating environment hook '/home/hasan-fashtouk/ur_ws/src/install/robotiq_controllers/share/robotiq_controllers/hook/ld_library_path_lib.sh'
[1.527s] Level 1:colcon.colcon_core.environment:checking '/home/hasan-fashtouk/ur_ws/src/install/robotiq_controllers/bin'
[1.528s] Level 1:colcon.colcon_core.environment:checking '/home/hasan-fashtouk/ur_ws/src/install/robotiq_controllers/lib/pkgconfig/robotiq_controllers.pc'
[1.528s] Level 1:colcon.colcon_core.environment:checking '/home/hasan-fashtouk/ur_ws/src/install/robotiq_controllers/lib/python3.12/site-packages'
[1.529s] Level 1:colcon.colcon_core.environment:checking '/home/hasan-fashtouk/ur_ws/src/install/robotiq_controllers/bin'
[1.530s] INFO:colcon.colcon_core.shell:Creating package script '/home/hasan-fashtouk/ur_ws/src/install/robotiq_controllers/share/robotiq_controllers/package.ps1'
[1.531s] INFO:colcon.colcon_core.shell:Creating package descriptor '/home/hasan-fashtouk/ur_ws/src/install/robotiq_controllers/share/robotiq_controllers/package.dsv'
[1.532s] INFO:colcon.colcon_core.shell:Creating package script '/home/hasan-fashtouk/ur_ws/src/install/robotiq_controllers/share/robotiq_controllers/package.sh'
[1.534s] INFO:colcon.colcon_core.shell:Creating package script '/home/hasan-fashtouk/ur_ws/src/install/robotiq_controllers/share/robotiq_controllers/package.bash'
[1.535s] INFO:colcon.colcon_core.shell:Creating package script '/home/hasan-fashtouk/ur_ws/src/install/robotiq_controllers/share/robotiq_controllers/package.zsh'
[1.535s] Level 1:colcon.colcon_core.environment:create_file_with_runtime_dependencies(/home/hasan-fashtouk/ur_ws/src/install/robotiq_controllers/share/colcon-core/packages/robotiq_controllers)
[1.536s] Level 1:colcon.colcon_core.environment:create_environment_scripts_only(robotiq_controllers)
[1.537s] Level 1:colcon.colcon_core.environment:checking '/home/hasan-fashtouk/ur_ws/src/install/robotiq_controllers' for CMake module files
[1.538s] Level 1:colcon.colcon_core.environment:checking '/home/hasan-fashtouk/ur_ws/src/install/robotiq_controllers' for CMake config files
[1.538s] Level 1:colcon.colcon_core.shell:create_environment_hook('robotiq_controllers', 'cmake_prefix_path')
[1.539s] INFO:colcon.colcon_core.shell:Creating environment hook '/home/hasan-fashtouk/ur_ws/src/install/robotiq_controllers/share/robotiq_controllers/hook/cmake_prefix_path.ps1'
[1.539s] INFO:colcon.colcon_core.shell:Creating environment descriptor '/home/hasan-fashtouk/ur_ws/src/install/robotiq_controllers/share/robotiq_controllers/hook/cmake_prefix_path.dsv'
[1.540s] INFO:colcon.colcon_core.shell:Creating environment hook '/home/hasan-fashtouk/ur_ws/src/install/robotiq_controllers/share/robotiq_controllers/hook/cmake_prefix_path.sh'
[1.542s] Level 1:colcon.colcon_core.environment:checking '/home/hasan-fashtouk/ur_ws/src/install/robotiq_controllers/lib'
[1.542s] Level 1:colcon.colcon_core.shell:create_environment_hook('robotiq_controllers', 'ld_library_path_lib')
[1.543s] INFO:colcon.colcon_core.shell:Creating environment hook '/home/hasan-fashtouk/ur_ws/src/install/robotiq_controllers/share/robotiq_controllers/hook/ld_library_path_lib.ps1'
[1.544s] INFO:colcon.colcon_core.shell:Creating environment descriptor '/home/hasan-fashtouk/ur_ws/src/install/robotiq_controllers/share/robotiq_controllers/hook/ld_library_path_lib.dsv'
[1.545s] INFO:colcon.colcon_core.shell:Creating environment hook '/home/hasan-fashtouk/ur_ws/src/install/robotiq_controllers/share/robotiq_controllers/hook/ld_library_path_lib.sh'
[1.546s] Level 1:colcon.colcon_core.environment:checking '/home/hasan-fashtouk/ur_ws/src/install/robotiq_controllers/bin'
[1.546s] Level 1:colcon.colcon_core.environment:checking '/home/hasan-fashtouk/ur_ws/src/install/robotiq_controllers/lib/pkgconfig/robotiq_controllers.pc'
[1.546s] Level 1:colcon.colcon_core.environment:checking '/home/hasan-fashtouk/ur_ws/src/install/robotiq_controllers/lib/python3.12/site-packages'
[1.548s] Level 1:colcon.colcon_core.environment:checking '/home/hasan-fashtouk/ur_ws/src/install/robotiq_controllers/bin'
[1.548s] INFO:colcon.colcon_core.shell:Creating package script '/home/hasan-fashtouk/ur_ws/src/install/robotiq_controllers/share/robotiq_controllers/package.ps1'
[1.576s] INFO:colcon.colcon_core.shell:Creating package descriptor '/home/hasan-fashtouk/ur_ws/src/install/robotiq_controllers/share/robotiq_controllers/package.dsv'
[1.578s] INFO:colcon.colcon_core.shell:Creating package script '/home/hasan-fashtouk/ur_ws/src/install/robotiq_controllers/share/robotiq_controllers/package.sh'
[1.579s] INFO:colcon.colcon_core.shell:Creating package script '/home/hasan-fashtouk/ur_ws/src/install/robotiq_controllers/share/robotiq_controllers/package.bash'
[1.580s] INFO:colcon.colcon_core.shell:Creating package script '/home/hasan-fashtouk/ur_ws/src/install/robotiq_controllers/share/robotiq_controllers/package.zsh'
[1.580s] Level 1:colcon.colcon_core.environment:create_file_with_runtime_dependencies(/home/hasan-fashtouk/ur_ws/src/install/robotiq_controllers/share/colcon-core/packages/robotiq_controllers)
[1.583s] DEBUG:colcon.colcon_core.event_handler.log_command:Invoked command in '/home/hasan-fashtouk/ur_ws/src/build/ur5e_description' returned '0': AMENT_PREFIX_PATH=/home/hasan-fashtouk/ur_ws/src/install/ur_description:${AMENT_PREFIX_PATH} CMAKE_PREFIX_PATH=/home/hasan-fashtouk/ur_ws/src/install/ur_description:/opt/ros/jazzy/opt/gz_sim_vendor:/opt/ros/jazzy/opt/gz_sensors_vendor:/opt/ros/jazzy/opt/gz_physics_vendor:/opt/ros/jazzy/opt/sdformat_vendor:/opt/ros/jazzy/opt/gz_gui_vendor:/opt/ros/jazzy/opt/gz_transport_vendor:/opt/ros/jazzy/opt/gz_rendering_vendor:/opt/ros/jazzy/opt/gz_plugin_vendor:/opt/ros/jazzy/opt/gz_fuel_tools_vendor:/opt/ros/jazzy/opt/gz_msgs_vendor:/opt/ros/jazzy/opt/gz_common_vendor:/opt/ros/jazzy/opt/gz_math_vendor:/opt/ros/jazzy/opt/gz_utils_vendor:/opt/ros/jazzy/opt/gz_tools_vendor:/opt/ros/jazzy/opt/gz_ogre_next_vendor:/opt/ros/jazzy/opt/gz_dartsim_vendor:/opt/ros/jazzy/opt/gz_cmake_vendor:/opt/ros/jazzy DEBUGINFOD_URLS=https://debuginfod.ubuntu.com /usr/bin/cmake --build /home/hasan-fashtouk/ur_ws/src/build/ur5e_description -- -j4 -l4
[1.585s] DEBUG:colcon.colcon_core.event_handler.log_command:Invoking command in '/home/hasan-fashtouk/ur_ws/src/build/ur5e_description': AMENT_PREFIX_PATH=/home/hasan-fashtouk/ur_ws/src/install/ur_description:${AMENT_PREFIX_PATH} CMAKE_PREFIX_PATH=/home/hasan-fashtouk/ur_ws/src/install/ur_description:/opt/ros/jazzy/opt/gz_sim_vendor:/opt/ros/jazzy/opt/gz_sensors_vendor:/opt/ros/jazzy/opt/gz_physics_vendor:/opt/ros/jazzy/opt/sdformat_vendor:/opt/ros/jazzy/opt/gz_gui_vendor:/opt/ros/jazzy/opt/gz_transport_vendor:/opt/ros/jazzy/opt/gz_rendering_vendor:/opt/ros/jazzy/opt/gz_plugin_vendor:/opt/ros/jazzy/opt/gz_fuel_tools_vendor:/opt/ros/jazzy/opt/gz_msgs_vendor:/opt/ros/jazzy/opt/gz_common_vendor:/opt/ros/jazzy/opt/gz_math_vendor:/opt/ros/jazzy/opt/gz_utils_vendor:/opt/ros/jazzy/opt/gz_tools_vendor:/opt/ros/jazzy/opt/gz_ogre_next_vendor:/opt/ros/jazzy/opt/gz_dartsim_vendor:/opt/ros/jazzy/opt/gz_cmake_vendor:/opt/ros/jazzy DEBUGINFOD_URLS=https://debuginfod.ubuntu.com /usr/bin/cmake --install /home/hasan-fashtouk/ur_ws/src/build/ur5e_description
[1.605s] Level 1:colcon.colcon_core.environment:create_environment_scripts_only(ur5e_description)
[1.606s] Level 1:colcon.colcon_core.environment:checking '/home/hasan-fashtouk/ur_ws/src/install/ur5e_description' for CMake module files
[1.608s] Level 1:colcon.colcon_core.environment:checking '/home/hasan-fashtouk/ur_ws/src/install/ur5e_description' for CMake config files
[1.609s] Level 1:colcon.colcon_core.shell:create_environment_hook('ur5e_description', 'cmake_prefix_path')
[1.609s] INFO:colcon.colcon_core.shell:Creating environment hook '/home/hasan-fashtouk/ur_ws/src/install/ur5e_description/share/ur5e_description/hook/cmake_prefix_path.ps1'
[1.610s] INFO:colcon.colcon_core.shell:Creating environment descriptor '/home/hasan-fashtouk/ur_ws/src/install/ur5e_description/share/ur5e_description/hook/cmake_prefix_path.dsv'
[1.613s] INFO:colcon.colcon_core.shell:Creating environment hook '/home/hasan-fashtouk/ur_ws/src/install/ur5e_description/share/ur5e_description/hook/cmake_prefix_path.sh'
[1.614s] Level 1:colcon.colcon_core.environment:checking '/home/hasan-fashtouk/ur_ws/src/install/ur5e_description/bin'
[1.615s] Level 1:colcon.colcon_core.environment:checking '/home/hasan-fashtouk/ur_ws/src/install/ur5e_description/lib/pkgconfig/ur5e_description.pc'
[1.615s] Level 1:colcon.colcon_core.environment:checking '/home/hasan-fashtouk/ur_ws/src/install/ur5e_description/lib/python3.12/site-packages'
[1.616s] Level 1:colcon.colcon_core.environment:checking '/home/hasan-fashtouk/ur_ws/src/install/ur5e_description/bin'
[1.616s] INFO:colcon.colcon_core.shell:Creating package script '/home/hasan-fashtouk/ur_ws/src/install/ur5e_description/share/ur5e_description/package.ps1'
[1.618s] INFO:colcon.colcon_core.shell:Creating package descriptor '/home/hasan-fashtouk/ur_ws/src/install/ur5e_description/share/ur5e_description/package.dsv'
[1.619s] INFO:colcon.colcon_core.shell:Creating package script '/home/hasan-fashtouk/ur_ws/src/install/ur5e_description/share/ur5e_description/package.sh'
[1.620s] INFO:colcon.colcon_core.shell:Creating package script '/home/hasan-fashtouk/ur_ws/src/install/ur5e_description/share/ur5e_description/package.bash'
[1.621s] INFO:colcon.colcon_core.shell:Creating package script '/home/hasan-fashtouk/ur_ws/src/install/ur5e_description/share/ur5e_description/package.zsh'
[1.622s] Level 1:colcon.colcon_core.environment:create_file_with_runtime_dependencies(/home/hasan-fashtouk/ur_ws/src/install/ur5e_description/share/colcon-core/packages/ur5e_description)
[1.623s] DEBUG:colcon.colcon_core.event_handler.log_command:Invoked command in '/home/hasan-fashtouk/ur_ws/src/build/ur5e_description' returned '0': AMENT_PREFIX_PATH=/home/hasan-fashtouk/ur_ws/src/install/ur_description:${AMENT_PREFIX_PATH} CMAKE_PREFIX_PATH=/home/hasan-fashtouk/ur_ws/src/install/ur_description:/opt/ros/jazzy/opt/gz_sim_vendor:/opt/ros/jazzy/opt/gz_sensors_vendor:/opt/ros/jazzy/opt/gz_physics_vendor:/opt/ros/jazzy/opt/sdformat_vendor:/opt/ros/jazzy/opt/gz_gui_vendor:/opt/ros/jazzy/opt/gz_transport_vendor:/opt/ros/jazzy/opt/gz_rendering_vendor:/opt/ros/jazzy/opt/gz_plugin_vendor:/opt/ros/jazzy/opt/gz_fuel_tools_vendor:/opt/ros/jazzy/opt/gz_msgs_vendor:/opt/ros/jazzy/opt/gz_common_vendor:/opt/ros/jazzy/opt/gz_math_vendor:/opt/ros/jazzy/opt/gz_utils_vendor:/opt/ros/jazzy/opt/gz_tools_vendor:/opt/ros/jazzy/opt/gz_ogre_next_vendor:/opt/ros/jazzy/opt/gz_dartsim_vendor:/opt/ros/jazzy/opt/gz_cmake_vendor:/opt/ros/jazzy DEBUGINFOD_URLS=https://debuginfod.ubuntu.com /usr/bin/cmake --install /home/hasan-fashtouk/ur_ws/src/build/ur5e_description
[1.624s] Level 1:colcon.colcon_core.environment:create_environment_scripts_only(ur5e_description)
[1.625s] Level 1:colcon.colcon_core.environment:checking '/home/hasan-fashtouk/ur_ws/src/install/ur5e_description' for CMake module files
[1.626s] Level 1:colcon.colcon_core.environment:checking '/home/hasan-fashtouk/ur_ws/src/install/ur5e_description' for CMake config files
[1.626s] Level 1:colcon.colcon_core.shell:create_environment_hook('ur5e_description', 'cmake_prefix_path')
[1.627s] INFO:colcon.colcon_core.shell:Creating environment hook '/home/hasan-fashtouk/ur_ws/src/install/ur5e_description/share/ur5e_description/hook/cmake_prefix_path.ps1'
[1.628s] INFO:colcon.colcon_core.shell:Creating environment descriptor '/home/hasan-fashtouk/ur_ws/src/install/ur5e_description/share/ur5e_description/hook/cmake_prefix_path.dsv'
[1.629s] INFO:colcon.colcon_core.shell:Creating environment hook '/home/hasan-fashtouk/ur_ws/src/install/ur5e_description/share/ur5e_description/hook/cmake_prefix_path.sh'
[1.630s] Level 1:colcon.colcon_core.environment:checking '/home/hasan-fashtouk/ur_ws/src/install/ur5e_description/bin'
[1.630s] Level 1:colcon.colcon_core.environment:checking '/home/hasan-fashtouk/ur_ws/src/install/ur5e_description/lib/pkgconfig/ur5e_description.pc'
[1.631s] Level 1:colcon.colcon_core.environment:checking '/home/hasan-fashtouk/ur_ws/src/install/ur5e_description/lib/python3.12/site-packages'
[1.631s] Level 1:colcon.colcon_core.environment:checking '/home/hasan-fashtouk/ur_ws/src/install/ur5e_description/bin'
[1.632s] INFO:colcon.colcon_core.shell:Creating package script '/home/hasan-fashtouk/ur_ws/src/install/ur5e_description/share/ur5e_description/package.ps1'
[1.653s] INFO:colcon.colcon_core.shell:Creating package descriptor '/home/hasan-fashtouk/ur_ws/src/install/ur5e_description/share/ur5e_description/package.dsv'
[1.654s] INFO:colcon.colcon_core.shell:Creating package script '/home/hasan-fashtouk/ur_ws/src/install/ur5e_description/share/ur5e_description/package.sh'
[1.655s] INFO:colcon.colcon_core.shell:Creating package script '/home/hasan-fashtouk/ur_ws/src/install/ur5e_description/share/ur5e_description/package.bash'
[1.656s] INFO:colcon.colcon_core.shell:Creating package script '/home/hasan-fashtouk/ur_ws/src/install/ur5e_description/share/ur5e_description/package.zsh'
[1.656s] Level 1:colcon.colcon_core.environment:create_file_with_runtime_dependencies(/home/hasan-fashtouk/ur_ws/src/install/ur5e_description/share/colcon-core/packages/ur5e_description)
[1.657s] INFO:colcon.colcon_ros.task.ament_cmake.build:Building ROS package in '/home/hasan-fashtouk/ur_ws/src/ur_moveit_config' with build type 'ament_cmake'
[1.658s] INFO:colcon.colcon_cmake.task.cmake.build:Building CMake package in '/home/hasan-fashtouk/ur_ws/src/ur_moveit_config'
[1.659s] INFO:colcon.colcon_core.shell:Skip shell extension 'powershell' for command environment: Not usable outside of PowerShell
[1.659s] DEBUG:colcon.colcon_core.shell:Skip shell extension 'dsv' for command environment
[1.678s] DEBUG:colcon.colcon_core.event_handler.log_command:Invoking command in '/home/hasan-fashtouk/ur_ws/src/build/ur_moveit_config': AMENT_PREFIX_PATH=/home/hasan-fashtouk/ur_ws/src/install/ur5e_description:/home/hasan-fashtouk/ur_ws/src/install/ur_description:${AMENT_PREFIX_PATH} CMAKE_PREFIX_PATH=/home/hasan-fashtouk/ur_ws/src/install/ur5e_description:/home/hasan-fashtouk/ur_ws/src/install/ur_description:/opt/ros/jazzy/opt/gz_sim_vendor:/opt/ros/jazzy/opt/gz_sensors_vendor:/opt/ros/jazzy/opt/gz_physics_vendor:/opt/ros/jazzy/opt/sdformat_vendor:/opt/ros/jazzy/opt/gz_gui_vendor:/opt/ros/jazzy/opt/gz_transport_vendor:/opt/ros/jazzy/opt/gz_rendering_vendor:/opt/ros/jazzy/opt/gz_plugin_vendor:/opt/ros/jazzy/opt/gz_fuel_tools_vendor:/opt/ros/jazzy/opt/gz_msgs_vendor:/opt/ros/jazzy/opt/gz_common_vendor:/opt/ros/jazzy/opt/gz_math_vendor:/opt/ros/jazzy/opt/gz_utils_vendor:/opt/ros/jazzy/opt/gz_tools_vendor:/opt/ros/jazzy/opt/gz_ogre_next_vendor:/opt/ros/jazzy/opt/gz_dartsim_vendor:/opt/ros/jazzy/opt/gz_cmake_vendor:/opt/ros/jazzy DEBUGINFOD_URLS=https://debuginfod.ubuntu.com /usr/bin/cmake --build /home/hasan-fashtouk/ur_ws/src/build/ur_moveit_config -- -j4 -l4
[1.737s] DEBUG:colcon.colcon_core.event_handler.log_command:Invoked command in '/home/hasan-fashtouk/ur_ws/src/build/ur_moveit_config' returned '0': AMENT_PREFIX_PATH=/home/hasan-fashtouk/ur_ws/src/install/ur5e_description:/home/hasan-fashtouk/ur_ws/src/install/ur_description:${AMENT_PREFIX_PATH} CMAKE_PREFIX_PATH=/home/hasan-fashtouk/ur_ws/src/install/ur5e_description:/home/hasan-fashtouk/ur_ws/src/install/ur_description:/opt/ros/jazzy/opt/gz_sim_vendor:/opt/ros/jazzy/opt/gz_sensors_vendor:/opt/ros/jazzy/opt/gz_physics_vendor:/opt/ros/jazzy/opt/sdformat_vendor:/opt/ros/jazzy/opt/gz_gui_vendor:/opt/ros/jazzy/opt/gz_transport_vendor:/opt/ros/jazzy/opt/gz_rendering_vendor:/opt/ros/jazzy/opt/gz_plugin_vendor:/opt/ros/jazzy/opt/gz_fuel_tools_vendor:/opt/ros/jazzy/opt/gz_msgs_vendor:/opt/ros/jazzy/opt/gz_common_vendor:/opt/ros/jazzy/opt/gz_math_vendor:/opt/ros/jazzy/opt/gz_utils_vendor:/opt/ros/jazzy/opt/gz_tools_vendor:/opt/ros/jazzy/opt/gz_ogre_next_vendor:/opt/ros/jazzy/opt/gz_dartsim_vendor:/opt/ros/jazzy/opt/gz_cmake_vendor:/opt/ros/jazzy DEBUGINFOD_URLS=https://debuginfod.ubuntu.com /usr/bin/cmake --build /home/hasan-fashtouk/ur_ws/src/build/ur_moveit_config -- -j4 -l4
[1.739s] DEBUG:colcon.colcon_core.event_handler.log_command:Invoking command in '/home/hasan-fashtouk/ur_ws/src/build/ur_moveit_config': AMENT_PREFIX_PATH=/home/hasan-fashtouk/ur_ws/src/install/ur5e_description:/home/hasan-fashtouk/ur_ws/src/install/ur_description:${AMENT_PREFIX_PATH} CMAKE_PREFIX_PATH=/home/hasan-fashtouk/ur_ws/src/install/ur5e_description:/home/hasan-fashtouk/ur_ws/src/install/ur_description:/opt/ros/jazzy/opt/gz_sim_vendor:/opt/ros/jazzy/opt/gz_sensors_vendor:/opt/ros/jazzy/opt/gz_physics_vendor:/opt/ros/jazzy/opt/sdformat_vendor:/opt/ros/jazzy/opt/gz_gui_vendor:/opt/ros/jazzy/opt/gz_transport_vendor:/opt/ros/jazzy/opt/gz_rendering_vendor:/opt/ros/jazzy/opt/gz_plugin_vendor:/opt/ros/jazzy/opt/gz_fuel_tools_vendor:/opt/ros/jazzy/opt/gz_msgs_vendor:/opt/ros/jazzy/opt/gz_common_vendor:/opt/ros/jazzy/opt/gz_math_vendor:/opt/ros/jazzy/opt/gz_utils_vendor:/opt/ros/jazzy/opt/gz_tools_vendor:/opt/ros/jazzy/opt/gz_ogre_next_vendor:/opt/ros/jazzy/opt/gz_dartsim_vendor:/opt/ros/jazzy/opt/gz_cmake_vendor:/opt/ros/jazzy DEBUGINFOD_URLS=https://debuginfod.ubuntu.com /usr/bin/cmake --install /home/hasan-fashtouk/ur_ws/src/build/ur_moveit_config
[1.756s] Level 1:colcon.colcon_core.environment:create_environment_scripts_only(ur_moveit_config)
[1.757s] Level 1:colcon.colcon_core.environment:checking '/home/hasan-fashtouk/ur_ws/src/install/ur_moveit_config' for CMake module files
[1.761s] Level 1:colcon.colcon_core.environment:checking '/home/hasan-fashtouk/ur_ws/src/install/ur_moveit_config' for CMake config files
[1.762s] Level 1:colcon.colcon_core.shell:create_environment_hook('ur_moveit_config', 'cmake_prefix_path')
[1.763s] INFO:colcon.colcon_core.shell:Creating environment hook '/home/hasan-fashtouk/ur_ws/src/install/ur_moveit_config/share/ur_moveit_config/hook/cmake_prefix_path.ps1'
[1.764s] INFO:colcon.colcon_core.shell:Creating environment descriptor '/home/hasan-fashtouk/ur_ws/src/install/ur_moveit_config/share/ur_moveit_config/hook/cmake_prefix_path.dsv'
[1.765s] DEBUG:colcon.colcon_core.event_handler.log_command:Invoked command in '/home/hasan-fashtouk/ur_ws/src/build/ur_moveit_config' returned '0': AMENT_PREFIX_PATH=/home/hasan-fashtouk/ur_ws/src/install/ur5e_description:/home/hasan-fashtouk/ur_ws/src/install/ur_description:${AMENT_PREFIX_PATH} CMAKE_PREFIX_PATH=/home/hasan-fashtouk/ur_ws/src/install/ur5e_description:/home/hasan-fashtouk/ur_ws/src/install/ur_description:/opt/ros/jazzy/opt/gz_sim_vendor:/opt/ros/jazzy/opt/gz_sensors_vendor:/opt/ros/jazzy/opt/gz_physics_vendor:/opt/ros/jazzy/opt/sdformat_vendor:/opt/ros/jazzy/opt/gz_gui_vendor:/opt/ros/jazzy/opt/gz_transport_vendor:/opt/ros/jazzy/opt/gz_rendering_vendor:/opt/ros/jazzy/opt/gz_plugin_vendor:/opt/ros/jazzy/opt/gz_fuel_tools_vendor:/opt/ros/jazzy/opt/gz_msgs_vendor:/opt/ros/jazzy/opt/gz_common_vendor:/opt/ros/jazzy/opt/gz_math_vendor:/opt/ros/jazzy/opt/gz_utils_vendor:/opt/ros/jazzy/opt/gz_tools_vendor:/opt/ros/jazzy/opt/gz_ogre_next_vendor:/opt/ros/jazzy/opt/gz_dartsim_vendor:/opt/ros/jazzy/opt/gz_cmake_vendor:/opt/ros/jazzy DEBUGINFOD_URLS=https://debuginfod.ubuntu.com /usr/bin/cmake --install /home/hasan-fashtouk/ur_ws/src/build/ur_moveit_config
[1.766s] INFO:colcon.colcon_core.shell:Creating environment hook '/home/hasan-fashtouk/ur_ws/src/install/ur_moveit_config/share/ur_moveit_config/hook/cmake_prefix_path.sh'
[1.767s] Level 1:colcon.colcon_core.environment:checking '/home/hasan-fashtouk/ur_ws/src/install/ur_moveit_config/bin'
[1.767s] Level 1:colcon.colcon_core.environment:checking '/home/hasan-fashtouk/ur_ws/src/install/ur_moveit_config/lib/pkgconfig/ur_moveit_config.pc'
[1.767s] Level 1:colcon.colcon_core.environment:checking '/home/hasan-fashtouk/ur_ws/src/install/ur_moveit_config/lib/python3.12/site-packages'
[1.768s] Level 1:colcon.colcon_core.environment:checking '/home/hasan-fashtouk/ur_ws/src/install/ur_moveit_config/bin'
[1.768s] INFO:colcon.colcon_core.shell:Creating package script '/home/hasan-fashtouk/ur_ws/src/install/ur_moveit_config/share/ur_moveit_config/package.ps1'
[1.769s] INFO:colcon.colcon_core.shell:Creating package descriptor '/home/hasan-fashtouk/ur_ws/src/install/ur_moveit_config/share/ur_moveit_config/package.dsv'
[1.770s] INFO:colcon.colcon_core.shell:Creating package script '/home/hasan-fashtouk/ur_ws/src/install/ur_moveit_config/share/ur_moveit_config/package.sh'
[1.770s] INFO:colcon.colcon_core.shell:Creating package script '/home/hasan-fashtouk/ur_ws/src/install/ur_moveit_config/share/ur_moveit_config/package.bash'
[1.771s] INFO:colcon.colcon_core.shell:Creating package script '/home/hasan-fashtouk/ur_ws/src/install/ur_moveit_config/share/ur_moveit_config/package.zsh'
[1.771s] Level 1:colcon.colcon_core.environment:create_file_with_runtime_dependencies(/home/hasan-fashtouk/ur_ws/src/install/ur_moveit_config/share/colcon-core/packages/ur_moveit_config)
[1.772s] Level 1:colcon.colcon_core.environment:create_environment_scripts_only(ur_moveit_config)
[1.772s] Level 1:colcon.colcon_core.environment:checking '/home/hasan-fashtouk/ur_ws/src/install/ur_moveit_config' for CMake module files
[1.773s] Level 1:colcon.colcon_core.environment:checking '/home/hasan-fashtouk/ur_ws/src/install/ur_moveit_config' for CMake config files
[1.774s] Level 1:colcon.colcon_core.shell:create_environment_hook('ur_moveit_config', 'cmake_prefix_path')
[1.774s] INFO:colcon.colcon_core.shell:Creating environment hook '/home/hasan-fashtouk/ur_ws/src/install/ur_moveit_config/share/ur_moveit_config/hook/cmake_prefix_path.ps1'
[1.775s] INFO:colcon.colcon_core.shell:Creating environment descriptor '/home/hasan-fashtouk/ur_ws/src/install/ur_moveit_config/share/ur_moveit_config/hook/cmake_prefix_path.dsv'
[1.776s] INFO:colcon.colcon_core.shell:Creating environment hook '/home/hasan-fashtouk/ur_ws/src/install/ur_moveit_config/share/ur_moveit_config/hook/cmake_prefix_path.sh'
[1.777s] Level 1:colcon.colcon_core.environment:checking '/home/hasan-fashtouk/ur_ws/src/install/ur_moveit_config/bin'
[1.777s] Level 1:colcon.colcon_core.environment:checking '/home/hasan-fashtouk/ur_ws/src/install/ur_moveit_config/lib/pkgconfig/ur_moveit_config.pc'
[1.778s] Level 1:colcon.colcon_core.environment:checking '/home/hasan-fashtouk/ur_ws/src/install/ur_moveit_config/lib/python3.12/site-packages'
[1.778s] Level 1:colcon.colcon_core.environment:checking '/home/hasan-fashtouk/ur_ws/src/install/ur_moveit_config/bin'
[1.779s] INFO:colcon.colcon_core.shell:Creating package script '/home/hasan-fashtouk/ur_ws/src/install/ur_moveit_config/share/ur_moveit_config/package.ps1'
[1.780s] INFO:colcon.colcon_core.shell:Creating package descriptor '/home/hasan-fashtouk/ur_ws/src/install/ur_moveit_config/share/ur_moveit_config/package.dsv'
[1.780s] INFO:colcon.colcon_core.shell:Creating package script '/home/hasan-fashtouk/ur_ws/src/install/ur_moveit_config/share/ur_moveit_config/package.sh'
[1.781s] INFO:colcon.colcon_core.shell:Creating package script '/home/hasan-fashtouk/ur_ws/src/install/ur_moveit_config/share/ur_moveit_config/package.bash'
[1.782s] INFO:colcon.colcon_core.shell:Creating package script '/home/hasan-fashtouk/ur_ws/src/install/ur_moveit_config/share/ur_moveit_config/package.zsh'
[1.782s] Level 1:colcon.colcon_core.environment:create_file_with_runtime_dependencies(/home/hasan-fashtouk/ur_ws/src/install/ur_moveit_config/share/colcon-core/packages/ur_moveit_config)
[1.783s] INFO:colcon.colcon_ros.task.ament_cmake.build:Building ROS package in '/home/hasan-fashtouk/ur_ws/src/Universal_Robots_ROS2_GZ_Simulation/ur_simulation_gz' with build type 'ament_cmake'
[1.783s] INFO:colcon.colcon_cmake.task.cmake.build:Building CMake package in '/home/hasan-fashtouk/ur_ws/src/Universal_Robots_ROS2_GZ_Simulation/ur_simulation_gz'
[1.783s] INFO:colcon.colcon_core.shell:Skip shell extension 'powershell' for command environment: Not usable outside of PowerShell
[1.783s] DEBUG:colcon.colcon_core.shell:Skip shell extension 'dsv' for command environment
[1.806s] DEBUG:colcon.colcon_core.event_handler.log_command:Invoking command in '/home/hasan-fashtouk/ur_ws/src/build/ur_simulation_gz': AMENT_PREFIX_PATH=/home/hasan-fashtouk/ur_ws/src/install/ur_moveit_config:/home/hasan-fashtouk/ur_ws/src/install/ur5e_description:/home/hasan-fashtouk/ur_ws/src/install/ur_description:${AMENT_PREFIX_PATH} CMAKE_PREFIX_PATH=/home/hasan-fashtouk/ur_ws/src/install/ur_moveit_config:/home/hasan-fashtouk/ur_ws/src/install/ur5e_description:/home/hasan-fashtouk/ur_ws/src/install/ur_description:/opt/ros/jazzy/opt/gz_sim_vendor:/opt/ros/jazzy/opt/gz_sensors_vendor:/opt/ros/jazzy/opt/gz_physics_vendor:/opt/ros/jazzy/opt/sdformat_vendor:/opt/ros/jazzy/opt/gz_gui_vendor:/opt/ros/jazzy/opt/gz_transport_vendor:/opt/ros/jazzy/opt/gz_rendering_vendor:/opt/ros/jazzy/opt/gz_plugin_vendor:/opt/ros/jazzy/opt/gz_fuel_tools_vendor:/opt/ros/jazzy/opt/gz_msgs_vendor:/opt/ros/jazzy/opt/gz_common_vendor:/opt/ros/jazzy/opt/gz_math_vendor:/opt/ros/jazzy/opt/gz_utils_vendor:/opt/ros/jazzy/opt/gz_tools_vendor:/opt/ros/jazzy/opt/gz_ogre_next_vendor:/opt/ros/jazzy/opt/gz_dartsim_vendor:/opt/ros/jazzy/opt/gz_cmake_vendor:/opt/ros/jazzy DEBUGINFOD_URLS=https://debuginfod.ubuntu.com /usr/bin/cmake --build /home/hasan-fashtouk/ur_ws/src/build/ur_simulation_gz -- -j4 -l4
[1.874s] DEBUG:colcon.colcon_core.event_handler.log_command:Invoked command in '/home/hasan-fashtouk/ur_ws/src/build/ur_simulation_gz' returned '0': AMENT_PREFIX_PATH=/home/hasan-fashtouk/ur_ws/src/install/ur_moveit_config:/home/hasan-fashtouk/ur_ws/src/install/ur5e_description:/home/hasan-fashtouk/ur_ws/src/install/ur_description:${AMENT_PREFIX_PATH} CMAKE_PREFIX_PATH=/home/hasan-fashtouk/ur_ws/src/install/ur_moveit_config:/home/hasan-fashtouk/ur_ws/src/install/ur5e_description:/home/hasan-fashtouk/ur_ws/src/install/ur_description:/opt/ros/jazzy/opt/gz_sim_vendor:/opt/ros/jazzy/opt/gz_sensors_vendor:/opt/ros/jazzy/opt/gz_physics_vendor:/opt/ros/jazzy/opt/sdformat_vendor:/opt/ros/jazzy/opt/gz_gui_vendor:/opt/ros/jazzy/opt/gz_transport_vendor:/opt/ros/jazzy/opt/gz_rendering_vendor:/opt/ros/jazzy/opt/gz_plugin_vendor:/opt/ros/jazzy/opt/gz_fuel_tools_vendor:/opt/ros/jazzy/opt/gz_msgs_vendor:/opt/ros/jazzy/opt/gz_common_vendor:/opt/ros/jazzy/opt/gz_math_vendor:/opt/ros/jazzy/opt/gz_utils_vendor:/opt/ros/jazzy/opt/gz_tools_vendor:/opt/ros/jazzy/opt/gz_ogre_next_vendor:/opt/ros/jazzy/opt/gz_dartsim_vendor:/opt/ros/jazzy/opt/gz_cmake_vendor:/opt/ros/jazzy DEBUGINFOD_URLS=https://debuginfod.ubuntu.com /usr/bin/cmake --build /home/hasan-fashtouk/ur_ws/src/build/ur_simulation_gz -- -j4 -l4
[1.877s] DEBUG:colcon.colcon_core.event_handler.log_command:Invoking command in '/home/hasan-fashtouk/ur_ws/src/build/ur_simulation_gz': AMENT_PREFIX_PATH=/home/hasan-fashtouk/ur_ws/src/install/ur_moveit_config:/home/hasan-fashtouk/ur_ws/src/install/ur5e_description:/home/hasan-fashtouk/ur_ws/src/install/ur_description:${AMENT_PREFIX_PATH} CMAKE_PREFIX_PATH=/home/hasan-fashtouk/ur_ws/src/install/ur_moveit_config:/home/hasan-fashtouk/ur_ws/src/install/ur5e_description:/home/hasan-fashtouk/ur_ws/src/install/ur_description:/opt/ros/jazzy/opt/gz_sim_vendor:/opt/ros/jazzy/opt/gz_sensors_vendor:/opt/ros/jazzy/opt/gz_physics_vendor:/opt/ros/jazzy/opt/sdformat_vendor:/opt/ros/jazzy/opt/gz_gui_vendor:/opt/ros/jazzy/opt/gz_transport_vendor:/opt/ros/jazzy/opt/gz_rendering_vendor:/opt/ros/jazzy/opt/gz_plugin_vendor:/opt/ros/jazzy/opt/gz_fuel_tools_vendor:/opt/ros/jazzy/opt/gz_msgs_vendor:/opt/ros/jazzy/opt/gz_common_vendor:/opt/ros/jazzy/opt/gz_math_vendor:/opt/ros/jazzy/opt/gz_utils_vendor:/opt/ros/jazzy/opt/gz_tools_vendor:/opt/ros/jazzy/opt/gz_ogre_next_vendor:/opt/ros/jazzy/opt/gz_dartsim_vendor:/opt/ros/jazzy/opt/gz_cmake_vendor:/opt/ros/jazzy DEBUGINFOD_URLS=https://debuginfod.ubuntu.com /usr/bin/cmake --install /home/hasan-fashtouk/ur_ws/src/build/ur_simulation_gz
[1.892s] Level 1:colcon.colcon_core.environment:create_environment_scripts_only(ur_simulation_gz)
[1.893s] Level 1:colcon.colcon_core.environment:checking '/home/hasan-fashtouk/ur_ws/src/install/ur_simulation_gz' for CMake module files
[1.894s] Level 1:colcon.colcon_core.environment:checking '/home/hasan-fashtouk/ur_ws/src/install/ur_simulation_gz' for CMake config files
[1.896s] Level 1:colcon.colcon_core.shell:create_environment_hook('ur_simulation_gz', 'cmake_prefix_path')
[1.896s] INFO:colcon.colcon_core.shell:Creating environment hook '/home/hasan-fashtouk/ur_ws/src/install/ur_simulation_gz/share/ur_simulation_gz/hook/cmake_prefix_path.ps1'
[1.898s] INFO:colcon.colcon_core.shell:Creating environment descriptor '/home/hasan-fashtouk/ur_ws/src/install/ur_simulation_gz/share/ur_simulation_gz/hook/cmake_prefix_path.dsv'
[1.899s] DEBUG:colcon.colcon_core.event_handler.log_command:Invoked command in '/home/hasan-fashtouk/ur_ws/src/build/ur_simulation_gz' returned '0': AMENT_PREFIX_PATH=/home/hasan-fashtouk/ur_ws/src/install/ur_moveit_config:/home/hasan-fashtouk/ur_ws/src/install/ur5e_description:/home/hasan-fashtouk/ur_ws/src/install/ur_description:${AMENT_PREFIX_PATH} CMAKE_PREFIX_PATH=/home/hasan-fashtouk/ur_ws/src/install/ur_moveit_config:/home/hasan-fashtouk/ur_ws/src/install/ur5e_description:/home/hasan-fashtouk/ur_ws/src/install/ur_description:/opt/ros/jazzy/opt/gz_sim_vendor:/opt/ros/jazzy/opt/gz_sensors_vendor:/opt/ros/jazzy/opt/gz_physics_vendor:/opt/ros/jazzy/opt/sdformat_vendor:/opt/ros/jazzy/opt/gz_gui_vendor:/opt/ros/jazzy/opt/gz_transport_vendor:/opt/ros/jazzy/opt/gz_rendering_vendor:/opt/ros/jazzy/opt/gz_plugin_vendor:/opt/ros/jazzy/opt/gz_fuel_tools_vendor:/opt/ros/jazzy/opt/gz_msgs_vendor:/opt/ros/jazzy/opt/gz_common_vendor:/opt/ros/jazzy/opt/gz_math_vendor:/opt/ros/jazzy/opt/gz_utils_vendor:/opt/ros/jazzy/opt/gz_tools_vendor:/opt/ros/jazzy/opt/gz_ogre_next_vendor:/opt/ros/jazzy/opt/gz_dartsim_vendor:/opt/ros/jazzy/opt/gz_cmake_vendor:/opt/ros/jazzy DEBUGINFOD_URLS=https://debuginfod.ubuntu.com /usr/bin/cmake --install /home/hasan-fashtouk/ur_ws/src/build/ur_simulation_gz
[1.900s] INFO:colcon.colcon_core.shell:Creating environment hook '/home/hasan-fashtouk/ur_ws/src/install/ur_simulation_gz/share/ur_simulation_gz/hook/cmake_prefix_path.sh'
[1.901s] Level 1:colcon.colcon_core.environment:checking '/home/hasan-fashtouk/ur_ws/src/install/ur_simulation_gz/bin'
[1.901s] Level 1:colcon.colcon_core.environment:checking '/home/hasan-fashtouk/ur_ws/src/install/ur_simulation_gz/lib/pkgconfig/ur_simulation_gz.pc'
[1.901s] Level 1:colcon.colcon_core.environment:checking '/home/hasan-fashtouk/ur_ws/src/install/ur_simulation_gz/lib/python3.12/site-packages'
[1.902s] Level 1:colcon.colcon_core.environment:checking '/home/hasan-fashtouk/ur_ws/src/install/ur_simulation_gz/bin'
[1.902s] INFO:colcon.colcon_core.shell:Creating package script '/home/hasan-fashtouk/ur_ws/src/install/ur_simulation_gz/share/ur_simulation_gz/package.ps1'
[1.903s] INFO:colcon.colcon_core.shell:Creating package descriptor '/home/hasan-fashtouk/ur_ws/src/install/ur_simulation_gz/share/ur_simulation_gz/package.dsv'
[1.904s] INFO:colcon.colcon_core.shell:Creating package script '/home/hasan-fashtouk/ur_ws/src/install/ur_simulation_gz/share/ur_simulation_gz/package.sh'
[1.905s] INFO:colcon.colcon_core.shell:Creating package script '/home/hasan-fashtouk/ur_ws/src/install/ur_simulation_gz/share/ur_simulation_gz/package.bash'
[1.905s] INFO:colcon.colcon_core.shell:Creating package script '/home/hasan-fashtouk/ur_ws/src/install/ur_simulation_gz/share/ur_simulation_gz/package.zsh'
[1.906s] Level 1:colcon.colcon_core.environment:create_file_with_runtime_dependencies(/home/hasan-fashtouk/ur_ws/src/install/ur_simulation_gz/share/colcon-core/packages/ur_simulation_gz)
[1.907s] Level 1:colcon.colcon_core.environment:create_environment_scripts_only(ur_simulation_gz)
[1.907s] Level 1:colcon.colcon_core.environment:checking '/home/hasan-fashtouk/ur_ws/src/install/ur_simulation_gz' for CMake module files
[1.908s] Level 1:colcon.colcon_core.environment:checking '/home/hasan-fashtouk/ur_ws/src/install/ur_simulation_gz' for CMake config files
[1.908s] Level 1:colcon.colcon_core.shell:create_environment_hook('ur_simulation_gz', 'cmake_prefix_path')
[1.909s] INFO:colcon.colcon_core.shell:Creating environment hook '/home/hasan-fashtouk/ur_ws/src/install/ur_simulation_gz/share/ur_simulation_gz/hook/cmake_prefix_path.ps1'
[1.909s] INFO:colcon.colcon_core.shell:Creating environment descriptor '/home/hasan-fashtouk/ur_ws/src/install/ur_simulation_gz/share/ur_simulation_gz/hook/cmake_prefix_path.dsv'
[1.928s] INFO:colcon.colcon_core.shell:Creating environment hook '/home/hasan-fashtouk/ur_ws/src/install/ur_simulation_gz/share/ur_simulation_gz/hook/cmake_prefix_path.sh'
[1.929s] Level 1:colcon.colcon_core.environment:checking '/home/hasan-fashtouk/ur_ws/src/install/ur_simulation_gz/bin'
[1.930s] Level 1:colcon.colcon_core.environment:checking '/home/hasan-fashtouk/ur_ws/src/install/ur_simulation_gz/lib/pkgconfig/ur_simulation_gz.pc'
[1.930s] Level 1:colcon.colcon_core.environment:checking '/home/hasan-fashtouk/ur_ws/src/install/ur_simulation_gz/lib/python3.12/site-packages'
[1.931s] Level 1:colcon.colcon_core.environment:checking '/home/hasan-fashtouk/ur_ws/src/install/ur_simulation_gz/bin'
[1.932s] INFO:colcon.colcon_core.shell:Creating package script '/home/hasan-fashtouk/ur_ws/src/install/ur_simulation_gz/share/ur_simulation_gz/package.ps1'
[1.933s] INFO:colcon.colcon_core.shell:Creating package descriptor '/home/hasan-fashtouk/ur_ws/src/install/ur_simulation_gz/share/ur_simulation_gz/package.dsv'
[1.934s] INFO:colcon.colcon_core.shell:Creating package script '/home/hasan-fashtouk/ur_ws/src/install/ur_simulation_gz/share/ur_simulation_gz/package.sh'
[1.935s] INFO:colcon.colcon_core.shell:Creating package script '/home/hasan-fashtouk/ur_ws/src/install/ur_simulation_gz/share/ur_simulation_gz/package.bash'
[1.936s] INFO:colcon.colcon_core.shell:Creating package script '/home/hasan-fashtouk/ur_ws/src/install/ur_simulation_gz/share/ur_simulation_gz/package.zsh'
[1.937s] Level 1:colcon.colcon_core.environment:create_file_with_runtime_dependencies(/home/hasan-fashtouk/ur_ws/src/install/ur_simulation_gz/share/colcon-core/packages/ur_simulation_gz)
[1.937s] DEBUG:colcon.colcon_parallel_executor.executor.parallel:closing loop
[1.937s] DEBUG:colcon.colcon_parallel_executor.executor.parallel:loop closed
[1.938s] DEBUG:colcon.colcon_parallel_executor.executor.parallel:run_until_complete finished with '0'
[1.938s] DEBUG:colcon.colcon_core.event_reactor:joining thread
[1.996s] INFO:colcon.colcon_core.plugin_system:Skipping extension 'colcon_notification.desktop_notification.terminal_notifier': Not used on non-Darwin systems
[1.996s] INFO:colcon.colcon_core.plugin_system:Skipping extension 'colcon_notification.desktop_notification.win32': Not used on non-Windows systems
[1.996s] INFO:colcon.colcon_notification.desktop_notification:Sending desktop notification using 'notify2'
[2.072s] DEBUG:colcon.colcon_core.event_reactor:joined thread
[2.072s] INFO:colcon.colcon_core.shell:Creating prefix script '/home/hasan-fashtouk/ur_ws/src/install/local_setup.ps1'
[2.103s] INFO:colcon.colcon_core.shell:Creating prefix util module '/home/hasan-fashtouk/ur_ws/src/install/_local_setup_util_ps1.py'
[2.120s] INFO:colcon.colcon_core.shell:Creating prefix chain script '/home/hasan-fashtouk/ur_ws/src/install/setup.ps1'
[2.122s] INFO:colcon.colcon_core.shell:Creating prefix script '/home/hasan-fashtouk/ur_ws/src/install/local_setup.sh'
[2.131s] INFO:colcon.colcon_core.shell:Creating prefix util module '/home/hasan-fashtouk/ur_ws/src/install/_local_setup_util_sh.py'
[2.131s] INFO:colcon.colcon_core.shell:Creating prefix chain script '/home/hasan-fashtouk/ur_ws/src/install/setup.sh'
[2.133s] INFO:colcon.colcon_core.shell:Creating prefix script '/home/hasan-fashtouk/ur_ws/src/install/local_setup.bash'
[2.138s] INFO:colcon.colcon_core.shell:Creating prefix chain script '/home/hasan-fashtouk/ur_ws/src/install/setup.bash'
[2.140s] INFO:colcon.colcon_core.shell:Creating prefix script '/home/hasan-fashtouk/ur_ws/src/install/local_setup.zsh'
[2.151s] INFO:colcon.colcon_core.shell:Creating prefix chain script '/home/hasan-fashtouk/ur_ws/src/install/setup.zsh'
