[0.033s] Invoking command in '/home/hasan-fashtouk/ur_ws/src/build/robotiq_description': CMAKE_PREFIX_PATH=${CMAKE_PREFIX_PATH}:/opt/ros/jazzy DEBUGINFOD_URLS=https://debuginfod.ubuntu.com /usr/bin/cmake --build /home/hasan-fashtouk/ur_ws/src/build/robotiq_description -- -j4 -l4
[0.137s] Invoked command in '/home/hasan-fashtouk/ur_ws/src/build/robotiq_description' returned '0': CMAKE_PREFIX_PATH=${CMAKE_PREFIX_PATH}:/opt/ros/jazzy DEBUGINFOD_URLS=https://debuginfod.ubuntu.com /usr/bin/cmake --build /home/hasan-fashtouk/ur_ws/src/build/robotiq_description -- -j4 -l4
[0.140s] Invoking command in '/home/hasan-fashtouk/ur_ws/src/build/robotiq_description': CMAKE_PREFIX_PATH=${CMAKE_PREFIX_PATH}:/opt/ros/jazzy DEBUGINFOD_URLS=https://debuginfod.ubuntu.com /usr/bin/cmake --install /home/hasan-fashtouk/ur_ws/src/build/robotiq_description
[0.246s] -- Install configuration: ""
[0.246s] -- Up-to-date: /home/hasan-fashtouk/ur_ws/src/install/robotiq_description/share/robotiq_description/config
[0.248s] -- Up-to-date: /home/hasan-fashtouk/ur_ws/src/install/robotiq_description/share/robotiq_description/config/robotiq_controllers.yaml
[0.248s] -- Up-to-date: /home/hasan-fashtouk/ur_ws/src/install/robotiq_description/share/robotiq_description/launch
[0.248s] -- Up-to-date: /home/hasan-fashtouk/ur_ws/src/install/robotiq_description/share/robotiq_description/launch/view_gripper.launch.py
[0.249s] -- Up-to-date: /home/hasan-fashtouk/ur_ws/src/install/robotiq_description/share/robotiq_description/launch/robotiq_control.launch.py
[0.249s] -- Up-to-date: /home/hasan-fashtouk/ur_ws/src/install/robotiq_description/share/robotiq_description/meshes
[0.249s] -- Up-to-date: /home/hasan-fashtouk/ur_ws/src/install/robotiq_description/share/robotiq_description/meshes/collision
[0.249s] -- Up-to-date: /home/hasan-fashtouk/ur_ws/src/install/robotiq_description/share/robotiq_description/meshes/collision/2f_140
[0.250s] -- Up-to-date: /home/hasan-fashtouk/ur_ws/src/install/robotiq_description/share/robotiq_description/meshes/collision/2f_140/robotiq_2f_140_base_link.stl
[0.250s] -- Up-to-date: /home/hasan-fashtouk/ur_ws/src/install/robotiq_description/share/robotiq_description/meshes/collision/2f_140/robotiq_2f_140_inner_knuckle.stl
[0.250s] -- Up-to-date: /home/hasan-fashtouk/ur_ws/src/install/robotiq_description/share/robotiq_description/meshes/collision/2f_140/robotiq_2f_140_coupling.stl
[0.251s] -- Up-to-date: /home/hasan-fashtouk/ur_ws/src/install/robotiq_description/share/robotiq_description/meshes/collision/2f_140/robotiq_2f_140_outer_finger.stl
[0.251s] -- Up-to-date: /home/hasan-fashtouk/ur_ws/src/install/robotiq_description/share/robotiq_description/meshes/collision/2f_140/robotiq_2f_140_inner_finger.stl
[0.252s] -- Up-to-date: /home/hasan-fashtouk/ur_ws/src/install/robotiq_description/share/robotiq_description/meshes/collision/2f_140/robotiq_2f_140_outer_knuckle.stl
[0.253s] -- Up-to-date: /home/hasan-fashtouk/ur_ws/src/install/robotiq_description/share/robotiq_description/meshes/collision/2f_85
[0.281s] -- Up-to-date: /home/hasan-fashtouk/ur_ws/src/install/robotiq_description/share/robotiq_description/meshes/collision/2f_85/left_finger_tip.stl
[0.282s] -- Up-to-date: /home/hasan-fashtouk/ur_ws/src/install/robotiq_description/share/robotiq_description/meshes/collision/2f_85/right_inner_knuckle.stl
[0.284s] -- Up-to-date: /home/hasan-fashtouk/ur_ws/src/install/robotiq_description/share/robotiq_description/meshes/collision/2f_85/left_knuckle.stl
[0.284s] -- Up-to-date: /home/hasan-fashtouk/ur_ws/src/install/robotiq_description/share/robotiq_description/meshes/collision/2f_85/left_inner_knuckle.stl
[0.285s] -- Up-to-date: /home/hasan-fashtouk/ur_ws/src/install/robotiq_description/share/robotiq_description/meshes/collision/2f_85/left_finger.stl
[0.285s] -- Up-to-date: /home/hasan-fashtouk/ur_ws/src/install/robotiq_description/share/robotiq_description/meshes/collision/2f_85/robotiq_base.stl
[0.285s] -- Up-to-date: /home/hasan-fashtouk/ur_ws/src/install/robotiq_description/share/robotiq_description/meshes/collision/2f_85/right_finger.stl
[0.287s] -- Up-to-date: /home/hasan-fashtouk/ur_ws/src/install/robotiq_description/share/robotiq_description/meshes/collision/2f_85/right_finger_tip.stl
[0.287s] -- Up-to-date: /home/hasan-fashtouk/ur_ws/src/install/robotiq_description/share/robotiq_description/meshes/collision/2f_85/right_knuckle.stl
[0.288s] -- Up-to-date: /home/hasan-fashtouk/ur_ws/src/install/robotiq_description/share/robotiq_description/meshes/collision/2f_85/ur_to_robotiq_adapter.stl
[0.289s] -- Up-to-date: /home/hasan-fashtouk/ur_ws/src/install/robotiq_description/share/robotiq_description/meshes/visual
[0.289s] -- Up-to-date: /home/hasan-fashtouk/ur_ws/src/install/robotiq_description/share/robotiq_description/meshes/visual/2f_140
[0.289s] -- Up-to-date: /home/hasan-fashtouk/ur_ws/src/install/robotiq_description/share/robotiq_description/meshes/visual/2f_140/robotiq_2f_140_base_link.stl
[0.290s] -- Up-to-date: /home/hasan-fashtouk/ur_ws/src/install/robotiq_description/share/robotiq_description/meshes/visual/2f_140/robotiq_2f_140_inner_knuckle.stl
[0.290s] -- Up-to-date: /home/hasan-fashtouk/ur_ws/src/install/robotiq_description/share/robotiq_description/meshes/visual/2f_140/robotiq_2f_140_coupling.stl
[0.290s] -- Up-to-date: /home/hasan-fashtouk/ur_ws/src/install/robotiq_description/share/robotiq_description/meshes/visual/2f_140/robotiq_2f_140_outer_finger.stl
[0.291s] -- Up-to-date: /home/hasan-fashtouk/ur_ws/src/install/robotiq_description/share/robotiq_description/meshes/visual/2f_140/robotiq_2f_140_inner_finger.stl
[0.352s] -- Up-to-date: /home/hasan-fashtouk/ur_ws/src/install/robotiq_description/share/robotiq_description/meshes/visual/2f_140/robotiq_2f_140_outer_knuckle.stl
[0.352s] -- Up-to-date: /home/hasan-fashtouk/ur_ws/src/install/robotiq_description/share/robotiq_description/meshes/visual/2f_85
[0.352s] -- Up-to-date: /home/hasan-fashtouk/ur_ws/src/install/robotiq_description/share/robotiq_description/meshes/visual/2f_85/right_inner_knuckle.dae
[0.352s] -- Up-to-date: /home/hasan-fashtouk/ur_ws/src/install/robotiq_description/share/robotiq_description/meshes/visual/2f_85/left_finger.dae
[0.352s] -- Up-to-date: /home/hasan-fashtouk/ur_ws/src/install/robotiq_description/share/robotiq_description/meshes/visual/2f_85/left_finger_tip.dae
[0.355s] -- Up-to-date: /home/hasan-fashtouk/ur_ws/src/install/robotiq_description/share/robotiq_description/meshes/visual/2f_85/right_knuckle.dae
[0.357s] -- Up-to-date: /home/hasan-fashtouk/ur_ws/src/install/robotiq_description/share/robotiq_description/meshes/visual/2f_85/right_finger.dae
[0.360s] -- Up-to-date: /home/hasan-fashtouk/ur_ws/src/install/robotiq_description/share/robotiq_description/meshes/visual/2f_85/robotiq_base.dae
[0.361s] -- Up-to-date: /home/hasan-fashtouk/ur_ws/src/install/robotiq_description/share/robotiq_description/meshes/visual/2f_85/right_finger_tip.dae
[0.361s] -- Up-to-date: /home/hasan-fashtouk/ur_ws/src/install/robotiq_description/share/robotiq_description/meshes/visual/2f_85/ur_to_robotiq_adapter.dae
[0.361s] -- Up-to-date: /home/hasan-fashtouk/ur_ws/src/install/robotiq_description/share/robotiq_description/meshes/visual/2f_85/left_knuckle.dae
[0.361s] -- Up-to-date: /home/hasan-fashtouk/ur_ws/src/install/robotiq_description/share/robotiq_description/meshes/visual/2f_85/left_inner_knuckle.dae
[0.362s] -- Up-to-date: /home/hasan-fashtouk/ur_ws/src/install/robotiq_description/share/robotiq_description/rviz
[0.363s] -- Up-to-date: /home/hasan-fashtouk/ur_ws/src/install/robotiq_description/share/robotiq_description/rviz/view_urdf.rviz
[0.363s] -- Up-to-date: /home/hasan-fashtouk/ur_ws/src/install/robotiq_description/share/robotiq_description/urdf
[0.363s] -- Up-to-date: /home/hasan-fashtouk/ur_ws/src/install/robotiq_description/share/robotiq_description/urdf/robotiq_2f_140_gripper.urdf.xacro
[0.364s] -- Up-to-date: /home/hasan-fashtouk/ur_ws/src/install/robotiq_description/share/robotiq_description/urdf/2f_140.ros2_control.xacro
[0.364s] -- Up-to-date: /home/hasan-fashtouk/ur_ws/src/install/robotiq_description/share/robotiq_description/urdf/robotiq_2f_85_gripper.urdf.xacro
[0.364s] -- Up-to-date: /home/hasan-fashtouk/ur_ws/src/install/robotiq_description/share/robotiq_description/urdf/2f_85.ros2_control.xacro
[0.364s] -- Up-to-date: /home/hasan-fashtouk/ur_ws/src/install/robotiq_description/share/robotiq_description/urdf/ur_to_robotiq_adapter.urdf.xacro
[0.365s] -- Up-to-date: /home/hasan-fashtouk/ur_ws/src/install/robotiq_description/share/robotiq_description/urdf/robotiq_2f_85_macro.urdf.xacro
[0.365s] -- Up-to-date: /home/hasan-fashtouk/ur_ws/src/install/robotiq_description/share/robotiq_description/urdf/robotiq_2f_140_macro.urdf.xacro
[0.365s] -- Up-to-date: /home/hasan-fashtouk/ur_ws/src/install/robotiq_description/share/robotiq_description/urdf/robotiq_2f_140.xacro
[0.365s] -- Up-to-date: /home/hasan-fashtouk/ur_ws/src/install/robotiq_description/share/ament_index/resource_index/package_run_dependencies/robotiq_description
[0.369s] -- Up-to-date: /home/hasan-fashtouk/ur_ws/src/install/robotiq_description/share/ament_index/resource_index/parent_prefix_path/robotiq_description
[0.369s] -- Up-to-date: /home/hasan-fashtouk/ur_ws/src/install/robotiq_description/share/robotiq_description/environment/ament_prefix_path.sh
[0.369s] -- Up-to-date: /home/hasan-fashtouk/ur_ws/src/install/robotiq_description/share/robotiq_description/environment/ament_prefix_path.dsv
[0.370s] -- Up-to-date: /home/hasan-fashtouk/ur_ws/src/install/robotiq_description/share/robotiq_description/environment/path.sh
[0.370s] -- Up-to-date: /home/hasan-fashtouk/ur_ws/src/install/robotiq_description/share/robotiq_description/environment/path.dsv
[0.370s] -- Up-to-date: /home/hasan-fashtouk/ur_ws/src/install/robotiq_description/share/robotiq_description/local_setup.bash
[0.370s] -- Up-to-date: /home/hasan-fashtouk/ur_ws/src/install/robotiq_description/share/robotiq_description/local_setup.sh
[0.370s] -- Up-to-date: /home/hasan-fashtouk/ur_ws/src/install/robotiq_description/share/robotiq_description/local_setup.zsh
[0.370s] -- Up-to-date: /home/hasan-fashtouk/ur_ws/src/install/robotiq_description/share/robotiq_description/local_setup.dsv
[0.371s] -- Installing: /home/hasan-fashtouk/ur_ws/src/install/robotiq_description/share/robotiq_description/package.dsv
[0.371s] -- Up-to-date: /home/hasan-fashtouk/ur_ws/src/install/robotiq_description/share/ament_index/resource_index/packages/robotiq_description
[0.374s] -- Up-to-date: /home/hasan-fashtouk/ur_ws/src/install/robotiq_description/share/robotiq_description/cmake/robotiq_descriptionConfig.cmake
[0.374s] -- Up-to-date: /home/hasan-fashtouk/ur_ws/src/install/robotiq_description/share/robotiq_description/cmake/robotiq_descriptionConfig-version.cmake
[0.374s] -- Up-to-date: /home/hasan-fashtouk/ur_ws/src/install/robotiq_description/share/robotiq_description/package.xml
[0.394s] Invoked command in '/home/hasan-fashtouk/ur_ws/src/build/robotiq_description' returned '0': CMAKE_PREFIX_PATH=${CMAKE_PREFIX_PATH}:/opt/ros/jazzy DEBUGINFOD_URLS=https://debuginfod.ubuntu.com /usr/bin/cmake --install /home/hasan-fashtouk/ur_ws/src/build/robotiq_description
