[0.016s] Invoking command in '/home/hasan-fashtouk/ur_ws/src/build/ur5e_description': AMENT_PREFIX_PATH=/home/hasan-fashtouk/ur_ws/src/install/ur_description:${AMENT_PREFIX_PATH} CMAKE_PREFIX_PATH=/home/hasan-fashtouk/ur_ws/src/install/ur_description:/opt/ros/jazzy/opt/gz_sim_vendor:/opt/ros/jazzy/opt/gz_sensors_vendor:/opt/ros/jazzy/opt/gz_physics_vendor:/opt/ros/jazzy/opt/sdformat_vendor:/opt/ros/jazzy/opt/gz_gui_vendor:/opt/ros/jazzy/opt/gz_transport_vendor:/opt/ros/jazzy/opt/gz_rendering_vendor:/opt/ros/jazzy/opt/gz_plugin_vendor:/opt/ros/jazzy/opt/gz_fuel_tools_vendor:/opt/ros/jazzy/opt/gz_msgs_vendor:/opt/ros/jazzy/opt/gz_common_vendor:/opt/ros/jazzy/opt/gz_math_vendor:/opt/ros/jazzy/opt/gz_utils_vendor:/opt/ros/jazzy/opt/gz_tools_vendor:/opt/ros/jazzy/opt/gz_ogre_next_vendor:/opt/ros/jazzy/opt/gz_dartsim_vendor:/opt/ros/jazzy/opt/gz_cmake_vendor:/opt/ros/jazzy DEBUGINFOD_URLS=https://debuginfod.ubuntu.com /usr/bin/cmake /home/hasan-fashtouk/ur_ws/src/ur5e_description -DCMAKE_INSTALL_PREFIX=/home/hasan-fashtouk/ur_ws/src/install/ur5e_description
[0.105s] -- The C compiler identification is GNU 13.3.0
[0.224s] -- The CXX compiler identification is GNU 13.3.0
[0.255s] -- Detecting C compiler ABI info
[0.505s] -- Detecting C compiler ABI info - done
[0.527s] -- Check for working C compiler: /usr/bin/cc - skipped
[0.527s] -- Detecting C compile features
[0.528s] -- Detecting C compile features - done
[0.543s] -- Detecting CXX compiler ABI info
[0.703s] -- Detecting CXX compiler ABI info - done
[0.722s] -- Check for working CXX compiler: /usr/bin/c++ - skipped
[0.722s] -- Detecting CXX compile features
[0.723s] -- Detecting CXX compile features - done
[0.731s] -- Found ament_cmake: 2.5.4 (/opt/ros/jazzy/share/ament_cmake/cmake)
[1.121s] -- Found Python3: /usr/bin/python3 (found version "3.12.3") found components: Interpreter 
[1.359s] -- Found ament_lint_auto: 0.17.3 (/opt/ros/jazzy/share/ament_lint_auto/cmake)
[1.777s] -- Added test 'flake8' to check Python code syntax and style conventions
[1.777s] -- Configured 'flake8' exclude dirs and/or files: 
[1.780s] -- Added test 'lint_cmake' to check CMake code style
[1.782s] -- Added test 'pep257' to check Python code against some of the docstring style conventions in PEP 257
[1.788s] -- Added test 'xmllint' to check XML markup files
[1.792s] -- Configuring done (1.8s)
[1.799s] -- Generating done (0.0s)
[1.803s] -- Build files have been written to: /home/hasan-fashtouk/ur_ws/src/build/ur5e_description
[1.811s] Invoked command in '/home/hasan-fashtouk/ur_ws/src/build/ur5e_description' returned '0': AMENT_PREFIX_PATH=/home/hasan-fashtouk/ur_ws/src/install/ur_description:${AMENT_PREFIX_PATH} CMAKE_PREFIX_PATH=/home/hasan-fashtouk/ur_ws/src/install/ur_description:/opt/ros/jazzy/opt/gz_sim_vendor:/opt/ros/jazzy/opt/gz_sensors_vendor:/opt/ros/jazzy/opt/gz_physics_vendor:/opt/ros/jazzy/opt/sdformat_vendor:/opt/ros/jazzy/opt/gz_gui_vendor:/opt/ros/jazzy/opt/gz_transport_vendor:/opt/ros/jazzy/opt/gz_rendering_vendor:/opt/ros/jazzy/opt/gz_plugin_vendor:/opt/ros/jazzy/opt/gz_fuel_tools_vendor:/opt/ros/jazzy/opt/gz_msgs_vendor:/opt/ros/jazzy/opt/gz_common_vendor:/opt/ros/jazzy/opt/gz_math_vendor:/opt/ros/jazzy/opt/gz_utils_vendor:/opt/ros/jazzy/opt/gz_tools_vendor:/opt/ros/jazzy/opt/gz_ogre_next_vendor:/opt/ros/jazzy/opt/gz_dartsim_vendor:/opt/ros/jazzy/opt/gz_cmake_vendor:/opt/ros/jazzy DEBUGINFOD_URLS=https://debuginfod.ubuntu.com /usr/bin/cmake /home/hasan-fashtouk/ur_ws/src/ur5e_description -DCMAKE_INSTALL_PREFIX=/home/hasan-fashtouk/ur_ws/src/install/ur5e_description
[1.812s] Invoking command in '/home/hasan-fashtouk/ur_ws/src/build/ur5e_description': AMENT_PREFIX_PATH=/home/hasan-fashtouk/ur_ws/src/install/ur_description:${AMENT_PREFIX_PATH} CMAKE_PREFIX_PATH=/home/hasan-fashtouk/ur_ws/src/install/ur_description:/opt/ros/jazzy/opt/gz_sim_vendor:/opt/ros/jazzy/opt/gz_sensors_vendor:/opt/ros/jazzy/opt/gz_physics_vendor:/opt/ros/jazzy/opt/sdformat_vendor:/opt/ros/jazzy/opt/gz_gui_vendor:/opt/ros/jazzy/opt/gz_transport_vendor:/opt/ros/jazzy/opt/gz_rendering_vendor:/opt/ros/jazzy/opt/gz_plugin_vendor:/opt/ros/jazzy/opt/gz_fuel_tools_vendor:/opt/ros/jazzy/opt/gz_msgs_vendor:/opt/ros/jazzy/opt/gz_common_vendor:/opt/ros/jazzy/opt/gz_math_vendor:/opt/ros/jazzy/opt/gz_utils_vendor:/opt/ros/jazzy/opt/gz_tools_vendor:/opt/ros/jazzy/opt/gz_ogre_next_vendor:/opt/ros/jazzy/opt/gz_dartsim_vendor:/opt/ros/jazzy/opt/gz_cmake_vendor:/opt/ros/jazzy DEBUGINFOD_URLS=https://debuginfod.ubuntu.com /usr/bin/cmake --build /home/hasan-fashtouk/ur_ws/src/build/ur5e_description -- -j4 -l4
[1.873s] Invoked command in '/home/hasan-fashtouk/ur_ws/src/build/ur5e_description' returned '0': AMENT_PREFIX_PATH=/home/hasan-fashtouk/ur_ws/src/install/ur_description:${AMENT_PREFIX_PATH} CMAKE_PREFIX_PATH=/home/hasan-fashtouk/ur_ws/src/install/ur_description:/opt/ros/jazzy/opt/gz_sim_vendor:/opt/ros/jazzy/opt/gz_sensors_vendor:/opt/ros/jazzy/opt/gz_physics_vendor:/opt/ros/jazzy/opt/sdformat_vendor:/opt/ros/jazzy/opt/gz_gui_vendor:/opt/ros/jazzy/opt/gz_transport_vendor:/opt/ros/jazzy/opt/gz_rendering_vendor:/opt/ros/jazzy/opt/gz_plugin_vendor:/opt/ros/jazzy/opt/gz_fuel_tools_vendor:/opt/ros/jazzy/opt/gz_msgs_vendor:/opt/ros/jazzy/opt/gz_common_vendor:/opt/ros/jazzy/opt/gz_math_vendor:/opt/ros/jazzy/opt/gz_utils_vendor:/opt/ros/jazzy/opt/gz_tools_vendor:/opt/ros/jazzy/opt/gz_ogre_next_vendor:/opt/ros/jazzy/opt/gz_dartsim_vendor:/opt/ros/jazzy/opt/gz_cmake_vendor:/opt/ros/jazzy DEBUGINFOD_URLS=https://debuginfod.ubuntu.com /usr/bin/cmake --build /home/hasan-fashtouk/ur_ws/src/build/ur5e_description -- -j4 -l4
[1.875s] Invoking command in '/home/hasan-fashtouk/ur_ws/src/build/ur5e_description': AMENT_PREFIX_PATH=/home/hasan-fashtouk/ur_ws/src/install/ur_description:${AMENT_PREFIX_PATH} CMAKE_PREFIX_PATH=/home/hasan-fashtouk/ur_ws/src/install/ur_description:/opt/ros/jazzy/opt/gz_sim_vendor:/opt/ros/jazzy/opt/gz_sensors_vendor:/opt/ros/jazzy/opt/gz_physics_vendor:/opt/ros/jazzy/opt/sdformat_vendor:/opt/ros/jazzy/opt/gz_gui_vendor:/opt/ros/jazzy/opt/gz_transport_vendor:/opt/ros/jazzy/opt/gz_rendering_vendor:/opt/ros/jazzy/opt/gz_plugin_vendor:/opt/ros/jazzy/opt/gz_fuel_tools_vendor:/opt/ros/jazzy/opt/gz_msgs_vendor:/opt/ros/jazzy/opt/gz_common_vendor:/opt/ros/jazzy/opt/gz_math_vendor:/opt/ros/jazzy/opt/gz_utils_vendor:/opt/ros/jazzy/opt/gz_tools_vendor:/opt/ros/jazzy/opt/gz_ogre_next_vendor:/opt/ros/jazzy/opt/gz_dartsim_vendor:/opt/ros/jazzy/opt/gz_cmake_vendor:/opt/ros/jazzy DEBUGINFOD_URLS=https://debuginfod.ubuntu.com /usr/bin/cmake --install /home/hasan-fashtouk/ur_ws/src/build/ur5e_description
[1.886s] -- Install configuration: ""
[1.887s] -- Installing: /home/hasan-fashtouk/ur_ws/src/install/ur5e_description/share/ur5e_description/launch
[1.887s] -- Installing: /home/hasan-fashtouk/ur_ws/src/install/ur5e_description/share/ur5e_description/launch/display_ur_camera.launch.py
[1.887s] -- Installing: /home/hasan-fashtouk/ur_ws/src/install/ur5e_description/share/ur5e_description/launch/ur_sim_control.launch.py
[1.888s] -- Installing: /home/hasan-fashtouk/ur_ws/src/install/ur5e_description/share/ur5e_description/launch/ur_sim_moveit.launch.py
[1.888s] -- Installing: /home/hasan-fashtouk/ur_ws/src/install/ur5e_description/share/ur5e_description/config
[1.889s] -- Installing: /home/hasan-fashtouk/ur_ws/src/install/ur5e_description/share/ur5e_description/config/initial_positions.yaml
[1.889s] -- Installing: /home/hasan-fashtouk/ur_ws/src/install/ur5e_description/share/ur5e_description/config/ur_controllers.yaml
[1.889s] -- Installing: /home/hasan-fashtouk/ur_ws/src/install/ur5e_description/share/ur5e_description/urdf
[1.889s] -- Installing: /home/hasan-fashtouk/ur_ws/src/install/ur5e_description/share/ur5e_description/urdf/ur.ros2_control.xacro
[1.890s] -- Installing: /home/hasan-fashtouk/ur_ws/src/install/ur5e_description/share/ur5e_description/urdf/camera.xacro
[1.891s] -- Installing: /home/hasan-fashtouk/ur_ws/src/install/ur5e_description/share/ur5e_description/urdf/2f_85.ros2_control.xacro
[1.891s] -- Installing: /home/hasan-fashtouk/ur_ws/src/install/ur5e_description/share/ur5e_description/urdf/ur.urdf.xacro
[1.891s] -- Installing: /home/hasan-fashtouk/ur_ws/src/install/ur5e_description/share/ur5e_description/urdf/robotiq_2f_85_macro.urdf.xacro
[1.891s] -- Installing: /home/hasan-fashtouk/ur_ws/src/install/ur5e_description/share/ur5e_description/rviz
[1.892s] -- Installing: /home/hasan-fashtouk/ur_ws/src/install/ur5e_description/share/ur5e_description/rviz/display_camera.rviz
[1.892s] -- Installing: /home/hasan-fashtouk/ur_ws/src/install/ur5e_description/share/ur5e_description/rviz/display.rviz
[1.893s] -- Installing: /home/hasan-fashtouk/ur_ws/src/install/ur5e_description/share/ur5e_description/meshes
[1.893s] -- Installing: /home/hasan-fashtouk/ur_ws/src/install/ur5e_description/share/ur5e_description/meshes/sensors
[1.894s] -- Installing: /home/hasan-fashtouk/ur_ws/src/install/ur5e_description/share/ur5e_description/meshes/sensors/camera
[1.894s] -- Installing: /home/hasan-fashtouk/ur_ws/src/install/ur5e_description/share/ur5e_description/meshes/sensors/camera/kinetic.png
[1.895s] -- Installing: /home/hasan-fashtouk/ur_ws/src/install/ur5e_description/share/ur5e_description/meshes/sensors/camera/kinetic.stl
[1.896s] -- Installing: /home/hasan-fashtouk/ur_ws/src/install/ur5e_description/share/ur5e_description/meshes/sensors/camera/kinetic.dae
[1.896s] -- Installing: /home/hasan-fashtouk/ur_ws/src/install/ur5e_description/share/ament_index/resource_index/package_run_dependencies/ur5e_description
[1.896s] -- Installing: /home/hasan-fashtouk/ur_ws/src/install/ur5e_description/share/ament_index/resource_index/parent_prefix_path/ur5e_description
[1.896s] -- Installing: /home/hasan-fashtouk/ur_ws/src/install/ur5e_description/share/ur5e_description/environment/ament_prefix_path.sh
[1.897s] -- Installing: /home/hasan-fashtouk/ur_ws/src/install/ur5e_description/share/ur5e_description/environment/ament_prefix_path.dsv
[1.897s] -- Installing: /home/hasan-fashtouk/ur_ws/src/install/ur5e_description/share/ur5e_description/environment/path.sh
[1.897s] -- Installing: /home/hasan-fashtouk/ur_ws/src/install/ur5e_description/share/ur5e_description/environment/path.dsv
[1.897s] -- Installing: /home/hasan-fashtouk/ur_ws/src/install/ur5e_description/share/ur5e_description/local_setup.bash
[1.897s] -- Installing: /home/hasan-fashtouk/ur_ws/src/install/ur5e_description/share/ur5e_description/local_setup.sh
[1.898s] -- Installing: /home/hasan-fashtouk/ur_ws/src/install/ur5e_description/share/ur5e_description/local_setup.zsh
[1.898s] -- Installing: /home/hasan-fashtouk/ur_ws/src/install/ur5e_description/share/ur5e_description/local_setup.dsv
[1.898s] -- Installing: /home/hasan-fashtouk/ur_ws/src/install/ur5e_description/share/ur5e_description/package.dsv
[1.898s] -- Installing: /home/hasan-fashtouk/ur_ws/src/install/ur5e_description/share/ament_index/resource_index/packages/ur5e_description
[1.899s] -- Installing: /home/hasan-fashtouk/ur_ws/src/install/ur5e_description/share/ur5e_description/cmake/ur5e_descriptionConfig.cmake
[1.900s] -- Installing: /home/hasan-fashtouk/ur_ws/src/install/ur5e_description/share/ur5e_description/cmake/ur5e_descriptionConfig-version.cmake
[1.901s] -- Installing: /home/hasan-fashtouk/ur_ws/src/install/ur5e_description/share/ur5e_description/package.xml
[1.902s] Invoked command in '/home/hasan-fashtouk/ur_ws/src/build/ur5e_description' returned '0': AMENT_PREFIX_PATH=/home/hasan-fashtouk/ur_ws/src/install/ur_description:${AMENT_PREFIX_PATH} CMAKE_PREFIX_PATH=/home/hasan-fashtouk/ur_ws/src/install/ur_description:/opt/ros/jazzy/opt/gz_sim_vendor:/opt/ros/jazzy/opt/gz_sensors_vendor:/opt/ros/jazzy/opt/gz_physics_vendor:/opt/ros/jazzy/opt/sdformat_vendor:/opt/ros/jazzy/opt/gz_gui_vendor:/opt/ros/jazzy/opt/gz_transport_vendor:/opt/ros/jazzy/opt/gz_rendering_vendor:/opt/ros/jazzy/opt/gz_plugin_vendor:/opt/ros/jazzy/opt/gz_fuel_tools_vendor:/opt/ros/jazzy/opt/gz_msgs_vendor:/opt/ros/jazzy/opt/gz_common_vendor:/opt/ros/jazzy/opt/gz_math_vendor:/opt/ros/jazzy/opt/gz_utils_vendor:/opt/ros/jazzy/opt/gz_tools_vendor:/opt/ros/jazzy/opt/gz_ogre_next_vendor:/opt/ros/jazzy/opt/gz_dartsim_vendor:/opt/ros/jazzy/opt/gz_cmake_vendor:/opt/ros/jazzy DEBUGINFOD_URLS=https://debuginfod.ubuntu.com /usr/bin/cmake --install /home/hasan-fashtouk/ur_ws/src/build/ur5e_description
